INFO: [VRFC 10-2263] Analyzing Verilog file "/ihp/departments/D-SYA/work/miglioranza/Transmitter_repo/Transmitter/Transmitter.sim/sim_1/impl/func/xsim/glbl.v" into library xil_defaultlib
INFO: [VRFC 10-311] analyzing module glbl
INFO: [VRFC 10-163] Analyzing VHDL file "/ihp/departments/D-SYA/work/miglioranza/Transmitter_repo/Transmitter/Transmitter.sim/sim_1/impl/func/xsim/tb_Design_2_wrapper_func_impl.vhd" into library xil_defaultlib
INFO: [VRFC 10-3107] analyzing entity 'Design_2_CU_top_0_1_xpm_cdc_sync_rst'
INFO: [VRFC 10-3107] analyzing entity '\Design_2_CU_top_0_1_xpm_counter_updn__parameterized1\'
INFO: [VRFC 10-3107] analyzing entity '\Design_2_CU_top_0_1_xpm_counter_updn__parameterized1_0\'
INFO: [VRFC 10-3107] analyzing entity '\Design_2_CU_top_0_1_xpm_counter_updn__parameterized2\'
INFO: [VRFC 10-3107] analyzing entity '\Design_2_CU_top_0_1_xpm_counter_updn__parameterized2_1\'
INFO: [VRFC 10-3107] analyzing entity '\Design_2_CU_top_0_1_xpm_counter_updn__parameterized3\'
INFO: [VRFC 10-3107] analyzing entity 'Design_2_CU_top_0_1_xpm_fifo_reg_bit'
INFO: [VRFC 10-3107] analyzing entity 'Design_2_CU_top_0_1_xpm_fifo_rst'
INFO: [VRFC 10-3107] analyzing entity 'Design_2_CU_top_0_1_xpm_memory_base'
INFO: [VRFC 10-3107] analyzing entity 'Design_2_LDPC_encoder_0_2_Input_controller'
INFO: [VRFC 10-3107] analyzing entity '\Design_2_LDPC_encoder_0_2_xpm_cdc_sync_rst__parameterized0\'
INFO: [VRFC 10-3107] analyzing entity '\Design_2_LDPC_encoder_0_2_xpm_cdc_sync_rst__parameterized0__10\'
INFO: [VRFC 10-3107] analyzing entity '\Design_2_LDPC_encoder_0_2_xpm_cdc_sync_rst__parameterized0__11\'
INFO: [VRFC 10-3107] analyzing entity '\Design_2_LDPC_encoder_0_2_xpm_cdc_sync_rst__parameterized0__12\'
INFO: [VRFC 10-3107] analyzing entity '\Design_2_LDPC_encoder_0_2_xpm_cdc_sync_rst__parameterized0__13\'
INFO: [VRFC 10-3107] analyzing entity '\Design_2_LDPC_encoder_0_2_xpm_cdc_sync_rst__parameterized0__14\'
INFO: [VRFC 10-3107] analyzing entity '\Design_2_LDPC_encoder_0_2_xpm_cdc_sync_rst__parameterized0__8\'
INFO: [VRFC 10-3107] analyzing entity '\Design_2_LDPC_encoder_0_2_xpm_cdc_sync_rst__parameterized0__9\'
INFO: [VRFC 10-3107] analyzing entity '\Design_2_LDPC_encoder_0_2_xpm_counter_updn__parameterized4\'
INFO: [VRFC 10-3107] analyzing entity '\Design_2_LDPC_encoder_0_2_xpm_counter_updn__parameterized4_0\'
INFO: [VRFC 10-3107] analyzing entity '\Design_2_LDPC_encoder_0_2_xpm_counter_updn__parameterized4_11\'
INFO: [VRFC 10-3107] analyzing entity '\Design_2_LDPC_encoder_0_2_xpm_counter_updn__parameterized4_14\'
INFO: [VRFC 10-3107] analyzing entity '\Design_2_LDPC_encoder_0_2_xpm_counter_updn__parameterized4_17\'
INFO: [VRFC 10-3107] analyzing entity '\Design_2_LDPC_encoder_0_2_xpm_counter_updn__parameterized4_2\'
INFO: [VRFC 10-3107] analyzing entity '\Design_2_LDPC_encoder_0_2_xpm_counter_updn__parameterized4_20\'
INFO: [VRFC 10-3107] analyzing entity '\Design_2_LDPC_encoder_0_2_xpm_counter_updn__parameterized4_23\'
INFO: [VRFC 10-3107] analyzing entity '\Design_2_LDPC_encoder_0_2_xpm_counter_updn__parameterized4_27\'
INFO: [VRFC 10-3107] analyzing entity '\Design_2_LDPC_encoder_0_2_xpm_counter_updn__parameterized4_30\'
INFO: [VRFC 10-3107] analyzing entity '\Design_2_LDPC_encoder_0_2_xpm_counter_updn__parameterized4_35\'
INFO: [VRFC 10-3107] analyzing entity '\Design_2_LDPC_encoder_0_2_xpm_counter_updn__parameterized4_38\'
INFO: [VRFC 10-3107] analyzing entity '\Design_2_LDPC_encoder_0_2_xpm_counter_updn__parameterized4_43\'
INFO: [VRFC 10-3107] analyzing entity '\Design_2_LDPC_encoder_0_2_xpm_counter_updn__parameterized4_46\'
INFO: [VRFC 10-3107] analyzing entity '\Design_2_LDPC_encoder_0_2_xpm_counter_updn__parameterized4_5\'
INFO: [VRFC 10-3107] analyzing entity '\Design_2_LDPC_encoder_0_2_xpm_counter_updn__parameterized4_8\'
INFO: [VRFC 10-3107] analyzing entity '\Design_2_LDPC_encoder_0_2_xpm_counter_updn__parameterized5\'
INFO: [VRFC 10-3107] analyzing entity '\Design_2_LDPC_encoder_0_2_xpm_counter_updn__parameterized5_1\'
INFO: [VRFC 10-3107] analyzing entity '\Design_2_LDPC_encoder_0_2_xpm_counter_updn__parameterized5_12\'
INFO: [VRFC 10-3107] analyzing entity '\Design_2_LDPC_encoder_0_2_xpm_counter_updn__parameterized5_15\'
INFO: [VRFC 10-3107] analyzing entity '\Design_2_LDPC_encoder_0_2_xpm_counter_updn__parameterized5_18\'
INFO: [VRFC 10-3107] analyzing entity '\Design_2_LDPC_encoder_0_2_xpm_counter_updn__parameterized5_21\'
INFO: [VRFC 10-3107] analyzing entity '\Design_2_LDPC_encoder_0_2_xpm_counter_updn__parameterized5_24\'
INFO: [VRFC 10-3107] analyzing entity '\Design_2_LDPC_encoder_0_2_xpm_counter_updn__parameterized5_28\'
INFO: [VRFC 10-3107] analyzing entity '\Design_2_LDPC_encoder_0_2_xpm_counter_updn__parameterized5_3\'
INFO: [VRFC 10-3107] analyzing entity '\Design_2_LDPC_encoder_0_2_xpm_counter_updn__parameterized5_31\'
INFO: [VRFC 10-3107] analyzing entity '\Design_2_LDPC_encoder_0_2_xpm_counter_updn__parameterized5_36\'
INFO: [VRFC 10-3107] analyzing entity '\Design_2_LDPC_encoder_0_2_xpm_counter_updn__parameterized5_39\'
INFO: [VRFC 10-3107] analyzing entity '\Design_2_LDPC_encoder_0_2_xpm_counter_updn__parameterized5_44\'
INFO: [VRFC 10-3107] analyzing entity '\Design_2_LDPC_encoder_0_2_xpm_counter_updn__parameterized5_47\'
INFO: [VRFC 10-3107] analyzing entity '\Design_2_LDPC_encoder_0_2_xpm_counter_updn__parameterized5_6\'
INFO: [VRFC 10-3107] analyzing entity '\Design_2_LDPC_encoder_0_2_xpm_counter_updn__parameterized5_9\'
INFO: [VRFC 10-3107] analyzing entity 'Design_2_LDPC_encoder_0_2_xpm_fifo_reg_bit'
INFO: [VRFC 10-3107] analyzing entity 'Design_2_LDPC_encoder_0_2_xpm_fifo_reg_bit_10'
INFO: [VRFC 10-3107] analyzing entity 'Design_2_LDPC_encoder_0_2_xpm_fifo_reg_bit_16'
INFO: [VRFC 10-3107] analyzing entity 'Design_2_LDPC_encoder_0_2_xpm_fifo_reg_bit_22'
INFO: [VRFC 10-3107] analyzing entity 'Design_2_LDPC_encoder_0_2_xpm_fifo_reg_bit_29'
INFO: [VRFC 10-3107] analyzing entity 'Design_2_LDPC_encoder_0_2_xpm_fifo_reg_bit_37'
INFO: [VRFC 10-3107] analyzing entity 'Design_2_LDPC_encoder_0_2_xpm_fifo_reg_bit_4'
INFO: [VRFC 10-3107] analyzing entity 'Design_2_LDPC_encoder_0_2_xpm_fifo_reg_bit_45'
INFO: [VRFC 10-3107] analyzing entity '\Design_2_LDPC_encoder_0_2_xpm_fifo_rst__parameterized0\'
INFO: [VRFC 10-3107] analyzing entity '\Design_2_LDPC_encoder_0_2_xpm_fifo_rst__parameterized0_13\'
INFO: [VRFC 10-3107] analyzing entity '\Design_2_LDPC_encoder_0_2_xpm_fifo_rst__parameterized0_19\'
INFO: [VRFC 10-3107] analyzing entity '\Design_2_LDPC_encoder_0_2_xpm_fifo_rst__parameterized0_25\'
INFO: [VRFC 10-3107] analyzing entity '\Design_2_LDPC_encoder_0_2_xpm_fifo_rst__parameterized0_33\'
INFO: [VRFC 10-3107] analyzing entity '\Design_2_LDPC_encoder_0_2_xpm_fifo_rst__parameterized0_41\'
INFO: [VRFC 10-3107] analyzing entity '\Design_2_LDPC_encoder_0_2_xpm_fifo_rst__parameterized0_49\'
INFO: [VRFC 10-3107] analyzing entity '\Design_2_LDPC_encoder_0_2_xpm_fifo_rst__parameterized0_7\'
INFO: [VRFC 10-3107] analyzing entity '\Design_2_LDPC_encoder_0_2_xpm_memory_base__parameterized1\'
INFO: [VRFC 10-3107] analyzing entity '\Design_2_LDPC_encoder_0_2_xpm_memory_base__parameterized1__4\'
INFO: [VRFC 10-3107] analyzing entity '\Design_2_LDPC_encoder_0_2_xpm_memory_base__parameterized1__5\'
INFO: [VRFC 10-3107] analyzing entity '\Design_2_LDPC_encoder_0_2_xpm_memory_base__parameterized1__6\'
INFO: [VRFC 10-3107] analyzing entity '\Design_2_LDPC_encoder_0_2_xpm_memory_base__parameterized2\'
INFO: [VRFC 10-3107] analyzing entity '\Design_2_LDPC_encoder_0_2_xpm_memory_base__parameterized2__4\'
INFO: [VRFC 10-3107] analyzing entity '\Design_2_LDPC_encoder_0_2_xpm_memory_base__parameterized2__5\'
INFO: [VRFC 10-3107] analyzing entity '\Design_2_LDPC_encoder_0_2_xpm_memory_base__parameterized2__6\'
INFO: [VRFC 10-3107] analyzing entity 'Design_2_MUX_0_2_MUX'
INFO: [VRFC 10-3107] analyzing entity 'Design_2_Polyphase_filter_0_0_xpm_cdc_sync_rst'
INFO: [VRFC 10-3107] analyzing entity '\Design_2_Polyphase_filter_0_0_xpm_cdc_sync_rst__2\'
INFO: [VRFC 10-3107] analyzing entity '\Design_2_Polyphase_filter_0_0_xpm_counter_updn__parameterized2\'
INFO: [VRFC 10-3107] analyzing entity '\Design_2_Polyphase_filter_0_0_xpm_counter_updn__parameterized2_0\'
INFO: [VRFC 10-3107] analyzing entity '\Design_2_Polyphase_filter_0_0_xpm_counter_updn__parameterized2_2\'
INFO: [VRFC 10-3107] analyzing entity '\Design_2_Polyphase_filter_0_0_xpm_counter_updn__parameterized2_5\'
INFO: [VRFC 10-3107] analyzing entity '\Design_2_Polyphase_filter_0_0_xpm_counter_updn__parameterized3\'
INFO: [VRFC 10-3107] analyzing entity '\Design_2_Polyphase_filter_0_0_xpm_counter_updn__parameterized3_1\'
INFO: [VRFC 10-3107] analyzing entity '\Design_2_Polyphase_filter_0_0_xpm_counter_updn__parameterized3_3\'
INFO: [VRFC 10-3107] analyzing entity '\Design_2_Polyphase_filter_0_0_xpm_counter_updn__parameterized3_6\'
INFO: [VRFC 10-3107] analyzing entity 'Design_2_Polyphase_filter_0_0_xpm_fifo_reg_bit'
INFO: [VRFC 10-3107] analyzing entity 'Design_2_Polyphase_filter_0_0_xpm_fifo_reg_bit_4'
INFO: [VRFC 10-3107] analyzing entity 'Design_2_Polyphase_filter_0_0_xpm_fifo_rst'
INFO: [VRFC 10-3107] analyzing entity 'Design_2_Polyphase_filter_0_0_xpm_fifo_rst_8'
INFO: [VRFC 10-3107] analyzing entity 'Design_2_Polyphase_filter_0_0_xpm_memory_base'
INFO: [VRFC 10-3107] analyzing entity '\Design_2_Polyphase_filter_0_0_xpm_memory_base__2\'
INFO: [VRFC 10-3107] analyzing entity 'Design_2_Pre_Distortion_Filter_0_0_Parallel_FIR_filter'
INFO: [VRFC 10-3107] analyzing entity 'Design_2_Scrambler_32bits_0_1_Scrambler_32bits'
INFO: [VRFC 10-3107] analyzing entity 'Design_2_Symbol_mapper_0_0_Symbol_mapper'
INFO: [VRFC 10-3107] analyzing entity 'Design_2_block_interleaver_0_0_block_interleaver'
INFO: [VRFC 10-3107] analyzing entity 'Design_2_LDPC_encoder_0_2_xpm_cdc_sync_rst'
INFO: [VRFC 10-3107] analyzing entity '\Design_2_LDPC_encoder_0_2_xpm_cdc_sync_rst__4\'
INFO: [VRFC 10-3107] analyzing entity '\Design_2_LDPC_encoder_0_2_xpm_cdc_sync_rst__5\'
INFO: [VRFC 10-3107] analyzing entity '\Design_2_LDPC_encoder_0_2_xpm_cdc_sync_rst__6\'
INFO: [VRFC 10-3107] analyzing entity '\Design_2_LDPC_encoder_0_2_xpm_counter_updn__parameterized0\'
INFO: [VRFC 10-3107] analyzing entity '\Design_2_LDPC_encoder_0_2_xpm_counter_updn__parameterized0_100\'
INFO: [VRFC 10-3107] analyzing entity '\Design_2_LDPC_encoder_0_2_xpm_counter_updn__parameterized0_103\'
INFO: [VRFC 10-3107] analyzing entity '\Design_2_LDPC_encoder_0_2_xpm_counter_updn__parameterized0_106\'
INFO: [VRFC 10-3107] analyzing entity '\Design_2_LDPC_encoder_0_2_xpm_counter_updn__parameterized0_109\'
INFO: [VRFC 10-3107] analyzing entity '\Design_2_LDPC_encoder_0_2_xpm_counter_updn__parameterized0_126\'
INFO: [VRFC 10-3107] analyzing entity '\Design_2_LDPC_encoder_0_2_xpm_counter_updn__parameterized0_129\'
INFO: [VRFC 10-3107] analyzing entity '\Design_2_LDPC_encoder_0_2_xpm_counter_updn__parameterized0_132\'
INFO: [VRFC 10-3107] analyzing entity '\Design_2_LDPC_encoder_0_2_xpm_counter_updn__parameterized0_135\'
INFO: [VRFC 10-3107] analyzing entity '\Design_2_LDPC_encoder_0_2_xpm_counter_updn__parameterized0_52\'
INFO: [VRFC 10-3107] analyzing entity '\Design_2_LDPC_encoder_0_2_xpm_counter_updn__parameterized0_54\'
INFO: [VRFC 10-3107] analyzing entity '\Design_2_LDPC_encoder_0_2_xpm_counter_updn__parameterized0_57\'
INFO: [VRFC 10-3107] analyzing entity '\Design_2_LDPC_encoder_0_2_xpm_counter_updn__parameterized0_74\'
INFO: [VRFC 10-3107] analyzing entity '\Design_2_LDPC_encoder_0_2_xpm_counter_updn__parameterized0_77\'
INFO: [VRFC 10-3107] analyzing entity '\Design_2_LDPC_encoder_0_2_xpm_counter_updn__parameterized0_80\'
INFO: [VRFC 10-3107] analyzing entity '\Design_2_LDPC_encoder_0_2_xpm_counter_updn__parameterized0_83\'
INFO: [VRFC 10-3107] analyzing entity '\Design_2_LDPC_encoder_0_2_xpm_counter_updn__parameterized1\'
INFO: [VRFC 10-3107] analyzing entity '\Design_2_LDPC_encoder_0_2_xpm_counter_updn__parameterized1_101\'
INFO: [VRFC 10-3107] analyzing entity '\Design_2_LDPC_encoder_0_2_xpm_counter_updn__parameterized1_104\'
INFO: [VRFC 10-3107] analyzing entity '\Design_2_LDPC_encoder_0_2_xpm_counter_updn__parameterized1_107\'
INFO: [VRFC 10-3107] analyzing entity '\Design_2_LDPC_encoder_0_2_xpm_counter_updn__parameterized1_110\'
INFO: [VRFC 10-3107] analyzing entity '\Design_2_LDPC_encoder_0_2_xpm_counter_updn__parameterized1_127\'
INFO: [VRFC 10-3107] analyzing entity '\Design_2_LDPC_encoder_0_2_xpm_counter_updn__parameterized1_130\'
INFO: [VRFC 10-3107] analyzing entity '\Design_2_LDPC_encoder_0_2_xpm_counter_updn__parameterized1_133\'
INFO: [VRFC 10-3107] analyzing entity '\Design_2_LDPC_encoder_0_2_xpm_counter_updn__parameterized1_136\'
INFO: [VRFC 10-3107] analyzing entity '\Design_2_LDPC_encoder_0_2_xpm_counter_updn__parameterized1_53\'
INFO: [VRFC 10-3107] analyzing entity '\Design_2_LDPC_encoder_0_2_xpm_counter_updn__parameterized1_55\'
INFO: [VRFC 10-3107] analyzing entity '\Design_2_LDPC_encoder_0_2_xpm_counter_updn__parameterized1_58\'
INFO: [VRFC 10-3107] analyzing entity '\Design_2_LDPC_encoder_0_2_xpm_counter_updn__parameterized1_75\'
INFO: [VRFC 10-3107] analyzing entity '\Design_2_LDPC_encoder_0_2_xpm_counter_updn__parameterized1_78\'
INFO: [VRFC 10-3107] analyzing entity '\Design_2_LDPC_encoder_0_2_xpm_counter_updn__parameterized1_81\'
INFO: [VRFC 10-3107] analyzing entity '\Design_2_LDPC_encoder_0_2_xpm_counter_updn__parameterized1_84\'
INFO: [VRFC 10-3107] analyzing entity 'Design_2_LDPC_encoder_0_2_xpm_fifo_reg_bit_102'
INFO: [VRFC 10-3107] analyzing entity 'Design_2_LDPC_encoder_0_2_xpm_fifo_reg_bit_108'
INFO: [VRFC 10-3107] analyzing entity 'Design_2_LDPC_encoder_0_2_xpm_fifo_reg_bit_128'
INFO: [VRFC 10-3107] analyzing entity 'Design_2_LDPC_encoder_0_2_xpm_fifo_reg_bit_134'
INFO: [VRFC 10-3107] analyzing entity 'Design_2_LDPC_encoder_0_2_xpm_fifo_reg_bit_51'
INFO: [VRFC 10-3107] analyzing entity 'Design_2_LDPC_encoder_0_2_xpm_fifo_reg_bit_56'
INFO: [VRFC 10-3107] analyzing entity 'Design_2_LDPC_encoder_0_2_xpm_fifo_reg_bit_76'
INFO: [VRFC 10-3107] analyzing entity 'Design_2_LDPC_encoder_0_2_xpm_fifo_reg_bit_82'
INFO: [VRFC 10-3107] analyzing entity 'Design_2_LDPC_encoder_0_2_xpm_fifo_rst'
INFO: [VRFC 10-3107] analyzing entity 'Design_2_LDPC_encoder_0_2_xpm_fifo_rst_105'
INFO: [VRFC 10-3107] analyzing entity 'Design_2_LDPC_encoder_0_2_xpm_fifo_rst_111'
INFO: [VRFC 10-3107] analyzing entity 'Design_2_LDPC_encoder_0_2_xpm_fifo_rst_131'
INFO: [VRFC 10-3107] analyzing entity 'Design_2_LDPC_encoder_0_2_xpm_fifo_rst_137'
INFO: [VRFC 10-3107] analyzing entity 'Design_2_LDPC_encoder_0_2_xpm_fifo_rst_59'
INFO: [VRFC 10-3107] analyzing entity 'Design_2_LDPC_encoder_0_2_xpm_fifo_rst_79'
INFO: [VRFC 10-3107] analyzing entity 'Design_2_LDPC_encoder_0_2_xpm_fifo_rst_85'
INFO: [VRFC 10-3107] analyzing entity 'Design_2_LDPC_encoder_0_2_xpm_memory_base'
INFO: [VRFC 10-3107] analyzing entity '\Design_2_LDPC_encoder_0_2_xpm_memory_base__4\'
INFO: [VRFC 10-3107] analyzing entity '\Design_2_LDPC_encoder_0_2_xpm_memory_base__5\'
INFO: [VRFC 10-3107] analyzing entity '\Design_2_LDPC_encoder_0_2_xpm_memory_base__6\'
INFO: [VRFC 10-3107] analyzing entity '\Design_2_LDPC_encoder_0_2_xpm_memory_base__parameterized0\'
INFO: [VRFC 10-3107] analyzing entity '\Design_2_LDPC_encoder_0_2_xpm_memory_base__parameterized0__4\'
INFO: [VRFC 10-3107] analyzing entity '\Design_2_LDPC_encoder_0_2_xpm_memory_base__parameterized0__5\'
INFO: [VRFC 10-3107] analyzing entity '\Design_2_LDPC_encoder_0_2_xpm_memory_base__parameterized0__6\'
INFO: [VRFC 10-3107] analyzing entity '\Design_2_LDPC_encoder_0_2_ecc_v2_0_13_reg_stage__parameterized0\'
INFO: [VRFC 10-3107] analyzing entity '\Design_2_LDPC_encoder_0_2_ecc_v2_0_13_reg_stage__parameterized0_124\'
INFO: [VRFC 10-3107] analyzing entity '\Design_2_LDPC_encoder_0_2_ecc_v2_0_13_reg_stage__parameterized0_72\'
INFO: [VRFC 10-3107] analyzing entity '\Design_2_LDPC_encoder_0_2_ecc_v2_0_13_reg_stage__parameterized0_98\'
INFO: [VRFC 10-3107] analyzing entity 'Design_2_LDPC_encoder_0_2_fec_5g_common_v1_1_1_pipe_reg'
INFO: [VRFC 10-3107] analyzing entity 'Design_2_LDPC_encoder_0_2_fec_5g_common_v1_1_1_pipe_reg_121'
INFO: [VRFC 10-3107] analyzing entity 'Design_2_LDPC_encoder_0_2_fec_5g_common_v1_1_1_pipe_reg_122'
INFO: [VRFC 10-3107] analyzing entity 'Design_2_LDPC_encoder_0_2_fec_5g_common_v1_1_1_pipe_reg_50'
INFO: [VRFC 10-3107] analyzing entity 'Design_2_LDPC_encoder_0_2_fec_5g_common_v1_1_1_pipe_reg_69'
INFO: [VRFC 10-3107] analyzing entity 'Design_2_LDPC_encoder_0_2_fec_5g_common_v1_1_1_pipe_reg_70'
INFO: [VRFC 10-3107] analyzing entity 'Design_2_LDPC_encoder_0_2_fec_5g_common_v1_1_1_pipe_reg_95'
INFO: [VRFC 10-3107] analyzing entity 'Design_2_LDPC_encoder_0_2_fec_5g_common_v1_1_1_pipe_reg_96'
INFO: [VRFC 10-3107] analyzing entity 'Design_2_LDPC_encoder_0_2_fec_5g_common_v1_1_1_srl_array'
INFO: [VRFC 10-3107] analyzing entity 'Design_2_LDPC_encoder_0_2_fec_5g_common_v1_1_1_srl_array_125'
INFO: [VRFC 10-3107] analyzing entity 'Design_2_LDPC_encoder_0_2_fec_5g_common_v1_1_1_srl_array_73'
INFO: [VRFC 10-3107] analyzing entity 'Design_2_LDPC_encoder_0_2_fec_5g_common_v1_1_1_srl_array_99'
INFO: [VRFC 10-3107] analyzing entity 'Design_2_LDPC_encoder_0_2_sd_fec_v1_1_8_arbiter'
INFO: [VRFC 10-3107] analyzing entity 'Design_2_LDPC_encoder_0_2_sd_fec_v1_1_8_arbiter_113'
INFO: [VRFC 10-3107] analyzing entity 'Design_2_LDPC_encoder_0_2_sd_fec_v1_1_8_arbiter_61'
INFO: [VRFC 10-3107] analyzing entity 'Design_2_LDPC_encoder_0_2_sd_fec_v1_1_8_arbiter_87'
INFO: [VRFC 10-3107] analyzing entity 'Design_2_LDPC_encoder_0_2_sd_fec_v1_1_8_non_5g_code_manager'
INFO: [VRFC 10-3107] analyzing entity 'Design_2_LDPC_encoder_0_2_sd_fec_v1_1_8_non_5g_code_manager_112'
INFO: [VRFC 10-3107] analyzing entity 'Design_2_LDPC_encoder_0_2_sd_fec_v1_1_8_non_5g_code_manager_60'
INFO: [VRFC 10-3107] analyzing entity 'Design_2_LDPC_encoder_0_2_sd_fec_v1_1_8_non_5g_code_manager_86'
INFO: [VRFC 10-3107] analyzing entity 'Design_2_CU_top_0_1_xpm_fifo_base'
INFO: [VRFC 10-3107] analyzing entity '\Design_2_LDPC_encoder_0_2_xpm_fifo_base__parameterized1\'
INFO: [VRFC 10-3107] analyzing entity '\Design_2_LDPC_encoder_0_2_xpm_fifo_base__parameterized1__4\'
INFO: [VRFC 10-3107] analyzing entity '\Design_2_LDPC_encoder_0_2_xpm_fifo_base__parameterized1__5\'
INFO: [VRFC 10-3107] analyzing entity '\Design_2_LDPC_encoder_0_2_xpm_fifo_base__parameterized1__6\'
INFO: [VRFC 10-3107] analyzing entity '\Design_2_LDPC_encoder_0_2_xpm_fifo_base__parameterized2\'
INFO: [VRFC 10-3107] analyzing entity '\Design_2_LDPC_encoder_0_2_xpm_fifo_base__parameterized2__4\'
INFO: [VRFC 10-3107] analyzing entity '\Design_2_LDPC_encoder_0_2_xpm_fifo_base__parameterized2__5\'
INFO: [VRFC 10-3107] analyzing entity '\Design_2_LDPC_encoder_0_2_xpm_fifo_base__parameterized2__6\'
INFO: [VRFC 10-3107] analyzing entity 'Design_2_MUX_0_2'
INFO: [VRFC 10-3107] analyzing entity 'Design_2_Polyphase_filter_0_0_xpm_fifo_base'
INFO: [VRFC 10-3107] analyzing entity '\Design_2_Polyphase_filter_0_0_xpm_fifo_base__2\'
INFO: [VRFC 10-3107] analyzing entity 'Design_2_Pre_Distortion_Filter_0_0'
INFO: [VRFC 10-3107] analyzing entity 'Design_2_Scrambler_32bits_0_1'
INFO: [VRFC 10-3107] analyzing entity 'Design_2_Symbol_mapper_0_0'
INFO: [VRFC 10-3107] analyzing entity 'Design_2_block_interleaver_0_0'
INFO: [VRFC 10-3107] analyzing entity 'Design_2_LDPC_encoder_0_2_xpm_fifo_base'
INFO: [VRFC 10-3107] analyzing entity '\Design_2_LDPC_encoder_0_2_xpm_fifo_base__4\'
INFO: [VRFC 10-3107] analyzing entity '\Design_2_LDPC_encoder_0_2_xpm_fifo_base__5\'
INFO: [VRFC 10-3107] analyzing entity '\Design_2_LDPC_encoder_0_2_xpm_fifo_base__6\'
INFO: [VRFC 10-3107] analyzing entity '\Design_2_LDPC_encoder_0_2_xpm_fifo_base__parameterized0\'
INFO: [VRFC 10-3107] analyzing entity '\Design_2_LDPC_encoder_0_2_xpm_fifo_base__parameterized0__4\'
INFO: [VRFC 10-3107] analyzing entity '\Design_2_LDPC_encoder_0_2_xpm_fifo_base__parameterized0__5\'
INFO: [VRFC 10-3107] analyzing entity '\Design_2_LDPC_encoder_0_2_xpm_fifo_base__parameterized0__6\'
INFO: [VRFC 10-3107] analyzing entity 'Design_2_LDPC_encoder_0_2_ecc_v2_0_13_hsiao_dec'
INFO: [VRFC 10-3107] analyzing entity 'Design_2_LDPC_encoder_0_2_ecc_v2_0_13_hsiao_dec_123'
INFO: [VRFC 10-3107] analyzing entity 'Design_2_LDPC_encoder_0_2_ecc_v2_0_13_hsiao_dec_71'
INFO: [VRFC 10-3107] analyzing entity 'Design_2_LDPC_encoder_0_2_ecc_v2_0_13_hsiao_dec_97'
INFO: [VRFC 10-3107] analyzing entity 'Design_2_LDPC_encoder_0_2_fec_5g_common_v1_1_1_srl_fifo'
INFO: [VRFC 10-3107] analyzing entity 'Design_2_LDPC_encoder_0_2_fec_5g_common_v1_1_1_srl_fifo_117'
INFO: [VRFC 10-3107] analyzing entity 'Design_2_LDPC_encoder_0_2_fec_5g_common_v1_1_1_srl_fifo_65'
INFO: [VRFC 10-3107] analyzing entity 'Design_2_LDPC_encoder_0_2_fec_5g_common_v1_1_1_srl_fifo_91'
INFO: [VRFC 10-3107] analyzing entity 'Design_2_CU_top_0_1_xpm_fifo_axis'
INFO: [VRFC 10-3107] analyzing entity 'Design_2_LDPC_encoder_0_2_xpm_fifo_axis'
INFO: [VRFC 10-3107] analyzing entity '\Design_2_LDPC_encoder_0_2_xpm_fifo_axis__parameterized0\'
INFO: [VRFC 10-3107] analyzing entity '\Design_2_LDPC_encoder_0_2_xpm_fifo_axis__parameterized0__xdcDup__1\'
INFO: [VRFC 10-3107] analyzing entity '\Design_2_LDPC_encoder_0_2_xpm_fifo_axis__parameterized0__xdcDup__2\'
INFO: [VRFC 10-3107] analyzing entity '\Design_2_LDPC_encoder_0_2_xpm_fifo_axis__parameterized0__xdcDup__3\'
INFO: [VRFC 10-3107] analyzing entity '\Design_2_LDPC_encoder_0_2_xpm_fifo_axis__xdcDup__1\'
INFO: [VRFC 10-3107] analyzing entity '\Design_2_LDPC_encoder_0_2_xpm_fifo_axis__xdcDup__2\'
INFO: [VRFC 10-3107] analyzing entity '\Design_2_LDPC_encoder_0_2_xpm_fifo_axis__xdcDup__3\'
INFO: [VRFC 10-3107] analyzing entity 'Design_2_Polyphase_filter_0_0_xpm_fifo_axis'
INFO: [VRFC 10-3107] analyzing entity '\Design_2_Polyphase_filter_0_0_xpm_fifo_axis__xdcDup__1\'
INFO: [VRFC 10-3107] analyzing entity 'Design_2_LDPC_encoder_0_2_xpm_fifo_sync'
INFO: [VRFC 10-3107] analyzing entity '\Design_2_LDPC_encoder_0_2_xpm_fifo_sync__4\'
INFO: [VRFC 10-3107] analyzing entity '\Design_2_LDPC_encoder_0_2_xpm_fifo_sync__5\'
INFO: [VRFC 10-3107] analyzing entity '\Design_2_LDPC_encoder_0_2_xpm_fifo_sync__6\'
INFO: [VRFC 10-3107] analyzing entity '\Design_2_LDPC_encoder_0_2_xpm_fifo_sync__parameterized0\'
INFO: [VRFC 10-3107] analyzing entity '\Design_2_LDPC_encoder_0_2_xpm_fifo_sync__parameterized0__4\'
INFO: [VRFC 10-3107] analyzing entity '\Design_2_LDPC_encoder_0_2_xpm_fifo_sync__parameterized0__5\'
INFO: [VRFC 10-3107] analyzing entity '\Design_2_LDPC_encoder_0_2_xpm_fifo_sync__parameterized0__6\'
INFO: [VRFC 10-3107] analyzing entity 'Design_2_LDPC_encoder_0_2_ecc_v2_0_13'
INFO: [VRFC 10-3107] analyzing entity 'Design_2_LDPC_encoder_0_2_ecc_v2_0_13_120'
INFO: [VRFC 10-3107] analyzing entity 'Design_2_LDPC_encoder_0_2_ecc_v2_0_13_68'
INFO: [VRFC 10-3107] analyzing entity 'Design_2_LDPC_encoder_0_2_ecc_v2_0_13_94'
INFO: [VRFC 10-3107] analyzing entity 'Design_2_CU_top_0_1_axis_data_fifo_v2_0_7_top'
INFO: [VRFC 10-3107] analyzing entity 'Design_2_LDPC_encoder_0_2_axis_data_fifo_v2_0_7_top'
INFO: [VRFC 10-3107] analyzing entity '\Design_2_LDPC_encoder_0_2_axis_data_fifo_v2_0_7_top__parameterized0\'
INFO: [VRFC 10-3107] analyzing entity '\Design_2_LDPC_encoder_0_2_axis_data_fifo_v2_0_7_top__parameterized0__xdcDup__1\'
INFO: [VRFC 10-3107] analyzing entity '\Design_2_LDPC_encoder_0_2_axis_data_fifo_v2_0_7_top__parameterized0__xdcDup__2\'
INFO: [VRFC 10-3107] analyzing entity '\Design_2_LDPC_encoder_0_2_axis_data_fifo_v2_0_7_top__parameterized0__xdcDup__3\'
INFO: [VRFC 10-3107] analyzing entity '\Design_2_LDPC_encoder_0_2_axis_data_fifo_v2_0_7_top__xdcDup__1\'
INFO: [VRFC 10-3107] analyzing entity '\Design_2_LDPC_encoder_0_2_axis_data_fifo_v2_0_7_top__xdcDup__2\'
INFO: [VRFC 10-3107] analyzing entity '\Design_2_LDPC_encoder_0_2_axis_data_fifo_v2_0_7_top__xdcDup__3\'
INFO: [VRFC 10-3107] analyzing entity 'Design_2_Polyphase_filter_0_0_axis_data_fifo_v2_0_7_top'
INFO: [VRFC 10-3107] analyzing entity '\Design_2_Polyphase_filter_0_0_axis_data_fifo_v2_0_7_top__xdcDup__1\'
INFO: [VRFC 10-3107] analyzing entity 'Design_2_LDPC_encoder_0_2_sd_fec_v1_1_8_sdp_ram'
INFO: [VRFC 10-3107] analyzing entity 'Design_2_LDPC_encoder_0_2_sd_fec_v1_1_8_sdp_ram_119'
INFO: [VRFC 10-3107] analyzing entity 'Design_2_LDPC_encoder_0_2_sd_fec_v1_1_8_sdp_ram_67'
INFO: [VRFC 10-3107] analyzing entity 'Design_2_LDPC_encoder_0_2_sd_fec_v1_1_8_sdp_ram_93'
INFO: [VRFC 10-3107] analyzing entity 'Design_2_CU_top_0_1_tx_data_fifo'
INFO: [VRFC 10-3107] analyzing entity 'Design_2_LDPC_encoder_0_2_axis_data_fifo_0'
INFO: [VRFC 10-3107] analyzing entity '\Design_2_LDPC_encoder_0_2_axis_data_fifo_0__xdcDup__1\'
INFO: [VRFC 10-3107] analyzing entity '\Design_2_LDPC_encoder_0_2_axis_data_fifo_0__xdcDup__2\'
INFO: [VRFC 10-3107] analyzing entity '\Design_2_LDPC_encoder_0_2_axis_data_fifo_0__xdcDup__3\'
INFO: [VRFC 10-3107] analyzing entity 'Design_2_LDPC_encoder_0_2_axis_data_fifo_1'
INFO: [VRFC 10-3107] analyzing entity '\Design_2_LDPC_encoder_0_2_axis_data_fifo_1__xdcDup__1\'
INFO: [VRFC 10-3107] analyzing entity '\Design_2_LDPC_encoder_0_2_axis_data_fifo_1__xdcDup__2\'
INFO: [VRFC 10-3107] analyzing entity '\Design_2_LDPC_encoder_0_2_axis_data_fifo_1__xdcDup__3\'
INFO: [VRFC 10-3107] analyzing entity 'Design_2_Polyphase_filter_0_0_axis_data_fifo_poly_filter'
INFO: [VRFC 10-3107] analyzing entity '\Design_2_Polyphase_filter_0_0_axis_data_fifo_poly_filter__xdcDup__1\'
INFO: [VRFC 10-3107] analyzing entity 'Design_2_LDPC_encoder_0_2_sd_fec_v1_1_8_non_5g_ref_code_table_if'
INFO: [VRFC 10-3107] analyzing entity 'Design_2_LDPC_encoder_0_2_sd_fec_v1_1_8_non_5g_ref_code_table_if_118'
INFO: [VRFC 10-3107] analyzing entity 'Design_2_LDPC_encoder_0_2_sd_fec_v1_1_8_non_5g_ref_code_table_if_66'
INFO: [VRFC 10-3107] analyzing entity 'Design_2_LDPC_encoder_0_2_sd_fec_v1_1_8_non_5g_ref_code_table_if_92'
INFO: [VRFC 10-3107] analyzing entity 'Design_2_CU_top_0_1_CU_top'
INFO: [VRFC 10-3107] analyzing entity 'Design_2_Polyphase_filter_0_0_Polyphase_filter'
INFO: [VRFC 10-3107] analyzing entity 'Design_2_LDPC_encoder_0_2_sd_fec_v1_1_8_non_5g_code_generator'
INFO: [VRFC 10-3107] analyzing entity '\Design_2_LDPC_encoder_0_2_sd_fec_v1_1_8_non_5g_code_generator__xdcDup__1\'
INFO: [VRFC 10-3107] analyzing entity '\Design_2_LDPC_encoder_0_2_sd_fec_v1_1_8_non_5g_code_generator__xdcDup__2\'
INFO: [VRFC 10-3107] analyzing entity '\Design_2_LDPC_encoder_0_2_sd_fec_v1_1_8_non_5g_code_generator__xdcDup__3\'
INFO: [VRFC 10-3107] analyzing entity 'Design_2_CU_top_0_1'
INFO: [VRFC 10-3107] analyzing entity 'Design_2_Polyphase_filter_0_0'
INFO: [VRFC 10-3107] analyzing entity 'Design_2_LDPC_encoder_0_2_sd_fec_v1_1_8_non_5g'
INFO: [VRFC 10-3107] analyzing entity '\Design_2_LDPC_encoder_0_2_sd_fec_v1_1_8_non_5g__xdcDup__1\'
INFO: [VRFC 10-3107] analyzing entity '\Design_2_LDPC_encoder_0_2_sd_fec_v1_1_8_non_5g__xdcDup__2\'
INFO: [VRFC 10-3107] analyzing entity '\Design_2_LDPC_encoder_0_2_sd_fec_v1_1_8_non_5g__xdcDup__3\'
INFO: [VRFC 10-3107] analyzing entity 'Design_2_LDPC_encoder_0_2_sd_fec_v1_1_8'
INFO: [VRFC 10-3107] analyzing entity '\Design_2_LDPC_encoder_0_2_sd_fec_v1_1_8__xdcDup__1\'
INFO: [VRFC 10-3107] analyzing entity '\Design_2_LDPC_encoder_0_2_sd_fec_v1_1_8__xdcDup__2\'
INFO: [VRFC 10-3107] analyzing entity '\Design_2_LDPC_encoder_0_2_sd_fec_v1_1_8__xdcDup__3\'
INFO: [VRFC 10-3107] analyzing entity 'Design_2_LDPC_encoder_0_2_sd_fec_0'
INFO: [VRFC 10-3107] analyzing entity '\Design_2_LDPC_encoder_0_2_sd_fec_0__xdcDup__1\'
INFO: [VRFC 10-3107] analyzing entity '\Design_2_LDPC_encoder_0_2_sd_fec_0__xdcDup__2\'
INFO: [VRFC 10-3107] analyzing entity '\Design_2_LDPC_encoder_0_2_sd_fec_0__xdcDup__3\'
INFO: [VRFC 10-3107] analyzing entity 'Design_2_LDPC_encoder_0_2_LDPC_encoder'
INFO: [VRFC 10-3107] analyzing entity 'Design_2_LDPC_encoder_0_2'
INFO: [VRFC 10-3107] analyzing entity 'Design_2'
INFO: [VRFC 10-3107] analyzing entity 'Design_2_wrapper'
INFO: [VRFC 10-163] Analyzing VHDL file "/ihp/departments/D-SYA/work/miglioranza/tb_design_1_wrapper.vhd" into library xil_defaultlib
INFO: [VRFC 10-3107] analyzing entity 'tb_Design_2_wrapper'
