xmvhdl(64): 20.09-s007: (c) Copyright 1995-2020 Cadence Design Systems, Inc.
DEFINE tsn_temac_v1_0_6  /home/miglioranza/project_1.xpr/project_1/project_1.cache/compile_simlib/xcelium/tsn_temac_v1_0_6
|
xmvhdl: *W,DLCPTH (./cds.lib,2): cds.lib Invalid path '/home/miglioranza/project_1.xpr/project_1/project_1.cache/compile_simlib/xcelium/tsn_temac_v1_0_6' (cds.lib command ignored).
DEFINE fc32_rs_fec_v1_0_20  /home/miglioranza/project_1.xpr/project_1/project_1.cache/compile_simlib/xcelium/fc32_rs_fec_v1_0_20
|
xmvhdl: *W,DLCPTH (./cds.lib,3): cds.lib Invalid path '/home/miglioranza/project_1.xpr/project_1/project_1.cache/compile_simlib/xcelium/fc32_rs_fec_v1_0_20' (cds.lib command ignored).
DEFINE ieee802d3_400g_rs_fec_v2_0_6  /home/miglioranza/project_1.xpr/project_1/project_1.cache/compile_simlib/xcelium/ieee802d3_400g_rs_fec_v2_0_6
|
xmvhdl: *W,DLCPTH (./cds.lib,4): cds.lib Invalid path '/home/miglioranza/project_1.xpr/project_1/project_1.cache/compile_simlib/xcelium/ieee802d3_400g_rs_fec_v2_0_6' (cds.lib command ignored).
DEFINE displayport_v8_1_4  /home/miglioranza/project_1.xpr/project_1/project_1.cache/compile_simlib/xcelium/displayport_v8_1_4
|
xmvhdl: *W,DLCPTH (./cds.lib,5): cds.lib Invalid path '/home/miglioranza/project_1.xpr/project_1/project_1.cache/compile_simlib/xcelium/displayport_v8_1_4' (cds.lib command ignored).
DEFINE displayport_v9_0_4  /home/miglioranza/project_1.xpr/project_1/project_1.cache/compile_simlib/xcelium/displayport_v9_0_4
|
xmvhdl: *W,DLCPTH (./cds.lib,6): cds.lib Invalid path '/home/miglioranza/project_1.xpr/project_1/project_1.cache/compile_simlib/xcelium/displayport_v9_0_4' (cds.lib command ignored).
DEFINE quadsgmii_v3_5_5  /home/miglioranza/project_1.xpr/project_1/project_1.cache/compile_simlib/xcelium/quadsgmii_v3_5_5
|
xmvhdl: *W,DLCPTH (./cds.lib,7): cds.lib Invalid path '/home/miglioranza/project_1.xpr/project_1/project_1.cache/compile_simlib/xcelium/quadsgmii_v3_5_5' (cds.lib command ignored).
DEFINE displayport_v7_0_0  /home/miglioranza/project_1.xpr/project_1/project_1.cache/compile_simlib/xcelium/displayport_v7_0_0
|
xmvhdl: *W,DLCPTH (./cds.lib,8): cds.lib Invalid path '/home/miglioranza/project_1.xpr/project_1/project_1.cache/compile_simlib/xcelium/displayport_v7_0_0' (cds.lib command ignored).
DEFINE ieee802d3_25g_rs_fec_v1_0_22  /home/miglioranza/project_1.xpr/project_1/project_1.cache/compile_simlib/xcelium/ieee802d3_25g_rs_fec_v1_0_22
|
xmvhdl: *W,DLCPTH (./cds.lib,9): cds.lib Invalid path '/home/miglioranza/project_1.xpr/project_1/project_1.cache/compile_simlib/xcelium/ieee802d3_25g_rs_fec_v1_0_22' (cds.lib command ignored).
DEFINE axi_epc_v2_0_28  /home/miglioranza/project_1.xpr/project_1/project_1.cache/compile_simlib/xcelium/axi_epc_v2_0_28
|
xmvhdl: *W,DLCPTH (./cds.lib,10): cds.lib Invalid path '/home/miglioranza/project_1.xpr/project_1/project_1.cache/compile_simlib/xcelium/axi_epc_v2_0_28' (cds.lib command ignored).
DEFINE switch_core_top_v1_0_10  /home/miglioranza/project_1.xpr/project_1/project_1.cache/compile_simlib/xcelium/switch_core_top_v1_0_10
|
xmvhdl: *W,DLCPTH (./cds.lib,11): cds.lib Invalid path '/home/miglioranza/project_1.xpr/project_1/project_1.cache/compile_simlib/xcelium/switch_core_top_v1_0_10' (cds.lib command ignored).
DEFINE soft_ecc_proxy_v1_0_1  /home/miglioranza/project_1.xpr/project_1/project_1.cache/compile_simlib/xcelium/soft_ecc_proxy_v1_0_1
|
xmvhdl: *W,DLCPTH (./cds.lib,12): cds.lib Invalid path '/home/miglioranza/project_1.xpr/project_1/project_1.cache/compile_simlib/xcelium/soft_ecc_proxy_v1_0_1' (cds.lib command ignored).
DEFINE axi_timebase_wdt_v3_0_17  /home/miglioranza/project_1.xpr/project_1/project_1.cache/compile_simlib/xcelium/axi_timebase_wdt_v3_0_17
|
xmvhdl: *W,DLCPTH (./cds.lib,13): cds.lib Invalid path '/home/miglioranza/project_1.xpr/project_1/project_1.cache/compile_simlib/xcelium/axi_timebase_wdt_v3_0_17' (cds.lib command ignored).
DEFINE tri_mode_ethernet_mac_v9_0_20  /home/miglioranza/project_1.xpr/project_1/project_1.cache/compile_simlib/xcelium/tri_mode_ethernet_mac_v9_0_20
|
xmvhdl: *W,DLCPTH (./cds.lib,14): cds.lib Invalid path '/home/miglioranza/project_1.xpr/project_1/project_1.cache/compile_simlib/xcelium/tri_mode_ethernet_mac_v9_0_20' (cds.lib command ignored).
DEFINE axi_cdma_v4_1_25  /home/miglioranza/project_1.xpr/project_1/project_1.cache/compile_simlib/xcelium/axi_cdma_v4_1_25
|
xmvhdl: *W,DLCPTH (./cds.lib,15): cds.lib Invalid path '/home/miglioranza/project_1.xpr/project_1/project_1.cache/compile_simlib/xcelium/axi_cdma_v4_1_25' (cds.lib command ignored).
DEFINE v_vid_gt_bridge_v1_0_4  /home/miglioranza/project_1.xpr/project_1/project_1.cache/compile_simlib/xcelium/v_vid_gt_bridge_v1_0_4
|
xmvhdl: *W,DLCPTH (./cds.lib,16): cds.lib Invalid path '/home/miglioranza/project_1.xpr/project_1/project_1.cache/compile_simlib/xcelium/v_vid_gt_bridge_v1_0_4' (cds.lib command ignored).
DEFINE axi_ethernetlite_v3_0_24  /home/miglioranza/project_1.xpr/project_1/project_1.cache/compile_simlib/xcelium/axi_ethernetlite_v3_0_24
|
xmvhdl: *W,DLCPTH (./cds.lib,17): cds.lib Invalid path '/home/miglioranza/project_1.xpr/project_1/project_1.cache/compile_simlib/xcelium/axi_ethernetlite_v3_0_24' (cds.lib command ignored).
DEFINE axi_dwidth_converter_v2_1_25  /home/miglioranza/project_1.xpr/project_1/project_1.cache/compile_simlib/xcelium/axi_dwidth_converter_v2_1_25
|
xmvhdl: *W,DLCPTH (./cds.lib,18): cds.lib Invalid path '/home/miglioranza/project_1.xpr/project_1/project_1.cache/compile_simlib/xcelium/axi_dwidth_converter_v2_1_25' (cds.lib command ignored).
DEFINE axi_mmu_v2_1_23  /home/miglioranza/project_1.xpr/project_1/project_1.cache/compile_simlib/xcelium/axi_mmu_v2_1_23
|
xmvhdl: *W,DLCPTH (./cds.lib,19): cds.lib Invalid path '/home/miglioranza/project_1.xpr/project_1/project_1.cache/compile_simlib/xcelium/axi_mmu_v2_1_23' (cds.lib command ignored).
DEFINE xfft_v9_1_7  /home/miglioranza/project_1.xpr/project_1/project_1.cache/compile_simlib/xcelium/xfft_v9_1_7
|
xmvhdl: *W,DLCPTH (./cds.lib,20): cds.lib Invalid path '/home/miglioranza/project_1.xpr/project_1/project_1.cache/compile_simlib/xcelium/xfft_v9_1_7' (cds.lib command ignored).
DEFINE c_accum_v12_0_14  /home/miglioranza/project_1.xpr/project_1/project_1.cache/compile_simlib/xcelium/c_accum_v12_0_14
|
xmvhdl: *W,DLCPTH (./cds.lib,21): cds.lib Invalid path '/home/miglioranza/project_1.xpr/project_1/project_1.cache/compile_simlib/xcelium/c_accum_v12_0_14' (cds.lib command ignored).
DEFINE tcc_encoder_3gpp_v5_0_17  /home/miglioranza/project_1.xpr/project_1/project_1.cache/compile_simlib/xcelium/tcc_encoder_3gpp_v5_0_17
|
xmvhdl: *W,DLCPTH (./cds.lib,22): cds.lib Invalid path '/home/miglioranza/project_1.xpr/project_1/project_1.cache/compile_simlib/xcelium/tcc_encoder_3gpp_v5_0_17' (cds.lib command ignored).
DEFINE polar_v1_0_9  /home/miglioranza/project_1.xpr/project_1/project_1.cache/compile_simlib/xcelium/polar_v1_0_9
|
xmvhdl: *W,DLCPTH (./cds.lib,23): cds.lib Invalid path '/home/miglioranza/project_1.xpr/project_1/project_1.cache/compile_simlib/xcelium/polar_v1_0_9' (cds.lib command ignored).
DEFINE xdfe_common_v1_0_0  /home/miglioranza/project_1.xpr/project_1/project_1.cache/compile_simlib/xcelium/xdfe_common_v1_0_0
|
xmvhdl: *W,DLCPTH (./cds.lib,24): cds.lib Invalid path '/home/miglioranza/project_1.xpr/project_1/project_1.cache/compile_simlib/xcelium/xdfe_common_v1_0_0' (cds.lib command ignored).
DEFINE xdfe_equalizer_v1_0_1  /home/miglioranza/project_1.xpr/project_1/project_1.cache/compile_simlib/xcelium/xdfe_equalizer_v1_0_1
|
xmvhdl: *W,DLCPTH (./cds.lib,25): cds.lib Invalid path '/home/miglioranza/project_1.xpr/project_1/project_1.cache/compile_simlib/xcelium/xdfe_equalizer_v1_0_1' (cds.lib command ignored).
DEFINE ieee802d3_rs_fec_v2_0_14  /home/miglioranza/project_1.xpr/project_1/project_1.cache/compile_simlib/xcelium/ieee802d3_rs_fec_v2_0_14
|
xmvhdl: *W,DLCPTH (./cds.lib,26): cds.lib Invalid path '/home/miglioranza/project_1.xpr/project_1/project_1.cache/compile_simlib/xcelium/ieee802d3_rs_fec_v2_0_14' (cds.lib command ignored).
DEFINE etrnic_v1_1_4  /home/miglioranza/project_1.xpr/project_1/project_1.cache/compile_simlib/xcelium/etrnic_v1_1_4
|
xmvhdl: *W,DLCPTH (./cds.lib,27): cds.lib Invalid path '/home/miglioranza/project_1.xpr/project_1/project_1.cache/compile_simlib/xcelium/etrnic_v1_1_4' (cds.lib command ignored).
DEFINE rs_encoder_v9_0_16  /home/miglioranza/project_1.xpr/project_1/project_1.cache/compile_simlib/xcelium/rs_encoder_v9_0_16
|
xmvhdl: *W,DLCPTH (./cds.lib,28): cds.lib Invalid path '/home/miglioranza/project_1.xpr/project_1/project_1.cache/compile_simlib/xcelium/rs_encoder_v9_0_16' (cds.lib command ignored).
DEFINE viterbi_v9_1_12  /home/miglioranza/project_1.xpr/project_1/project_1.cache/compile_simlib/xcelium/viterbi_v9_1_12
|
xmvhdl: *W,DLCPTH (./cds.lib,29): cds.lib Invalid path '/home/miglioranza/project_1.xpr/project_1/project_1.cache/compile_simlib/xcelium/viterbi_v9_1_12' (cds.lib command ignored).
DEFINE shell_utils_addr_remap_v1_0_4  /home/miglioranza/project_1.xpr/project_1/project_1.cache/compile_simlib/xcelium/shell_utils_addr_remap_v1_0_4
|
xmvhdl: *W,DLCPTH (./cds.lib,30): cds.lib Invalid path '/home/miglioranza/project_1.xpr/project_1/project_1.cache/compile_simlib/xcelium/shell_utils_addr_remap_v1_0_4' (cds.lib command ignored).
DEFINE xdfe_cc_mixer_v1_0_1  /home/miglioranza/project_1.xpr/project_1/project_1.cache/compile_simlib/xcelium/xdfe_cc_mixer_v1_0_1
|
xmvhdl: *W,DLCPTH (./cds.lib,31): cds.lib Invalid path '/home/miglioranza/project_1.xpr/project_1/project_1.cache/compile_simlib/xcelium/xdfe_cc_mixer_v1_0_1' (cds.lib command ignored).
DEFINE ieee802d3_50g_rs_fec_v1_0_18  /home/miglioranza/project_1.xpr/project_1/project_1.cache/compile_simlib/xcelium/ieee802d3_50g_rs_fec_v1_0_18
|
xmvhdl: *W,DLCPTH (./cds.lib,32): cds.lib Invalid path '/home/miglioranza/project_1.xpr/project_1/project_1.cache/compile_simlib/xcelium/ieee802d3_50g_rs_fec_v1_0_18' (cds.lib command ignored).
DEFINE flexo_100g_rs_fec_v1_0_20  /home/miglioranza/project_1.xpr/project_1/project_1.cache/compile_simlib/xcelium/flexo_100g_rs_fec_v1_0_20
|
xmvhdl: *W,DLCPTH (./cds.lib,33): cds.lib Invalid path '/home/miglioranza/project_1.xpr/project_1/project_1.cache/compile_simlib/xcelium/flexo_100g_rs_fec_v1_0_20' (cds.lib command ignored).
DEFINE vby1hs_v1_0_1  /home/miglioranza/project_1.xpr/project_1/project_1.cache/compile_simlib/xcelium/vby1hs_v1_0_1
|
xmvhdl: *W,DLCPTH (./cds.lib,34): cds.lib Invalid path '/home/miglioranza/project_1.xpr/project_1/project_1.cache/compile_simlib/xcelium/vby1hs_v1_0_1' (cds.lib command ignored).
DEFINE axi_usb2_device_v5_0_26  /home/miglioranza/project_1.xpr/project_1/project_1.cache/compile_simlib/xcelium/axi_usb2_device_v5_0_26
|
xmvhdl: *W,DLCPTH (./cds.lib,35): cds.lib Invalid path '/home/miglioranza/project_1.xpr/project_1/project_1.cache/compile_simlib/xcelium/axi_usb2_device_v5_0_26' (cds.lib command ignored).
DEFINE axis_data_fifo_v2_0_7  /home/miglioranza/project_1.xpr/project_1/project_1.cache/compile_simlib/xcelium/axis_data_fifo_v2_0_7
|
xmvhdl: *W,DLCPTH (./cds.lib,36): cds.lib Invalid path '/home/miglioranza/project_1.xpr/project_1/project_1.cache/compile_simlib/xcelium/axis_data_fifo_v2_0_7' (cds.lib command ignored).
DEFINE axis_combiner_v1_1_23  /home/miglioranza/project_1.xpr/project_1/project_1.cache/compile_simlib/xcelium/axis_combiner_v1_1_23
|
xmvhdl: *W,DLCPTH (./cds.lib,37): cds.lib Invalid path '/home/miglioranza/project_1.xpr/project_1/project_1.cache/compile_simlib/xcelium/axis_combiner_v1_1_23' (cds.lib command ignored).
DEFINE convolution_v9_0_15  /home/miglioranza/project_1.xpr/project_1/project_1.cache/compile_simlib/xcelium/convolution_v9_0_15
|
xmvhdl: *W,DLCPTH (./cds.lib,38): cds.lib Invalid path '/home/miglioranza/project_1.xpr/project_1/project_1.cache/compile_simlib/xcelium/convolution_v9_0_15' (cds.lib command ignored).
DEFINE lte_fft_v2_1_5  /home/miglioranza/project_1.xpr/project_1/project_1.cache/compile_simlib/xcelium/lte_fft_v2_1_5
|
xmvhdl: *W,DLCPTH (./cds.lib,39): cds.lib Invalid path '/home/miglioranza/project_1.xpr/project_1/project_1.cache/compile_simlib/xcelium/lte_fft_v2_1_5' (cds.lib command ignored).
DEFINE v_frmbuf_rd_v2_3_0  /home/miglioranza/project_1.xpr/project_1/project_1.cache/compile_simlib/xcelium/v_frmbuf_rd_v2_3_0
|
xmvhdl: *W,DLCPTH (./cds.lib,40): cds.lib Invalid path '/home/miglioranza/project_1.xpr/project_1/project_1.cache/compile_simlib/xcelium/v_frmbuf_rd_v2_3_0' (cds.lib command ignored).
DEFINE axi_uart16550_v2_0_27  /home/miglioranza/project_1.xpr/project_1/project_1.cache/compile_simlib/xcelium/axi_uart16550_v2_0_27
|
xmvhdl: *W,DLCPTH (./cds.lib,41): cds.lib Invalid path '/home/miglioranza/project_1.xpr/project_1/project_1.cache/compile_simlib/xcelium/axi_uart16550_v2_0_27' (cds.lib command ignored).
DEFINE dsp_macro_v1_0_2  /home/miglioranza/project_1.xpr/project_1/project_1.cache/compile_simlib/xcelium/dsp_macro_v1_0_2
|
xmvhdl: *W,DLCPTH (./cds.lib,42): cds.lib Invalid path '/home/miglioranza/project_1.xpr/project_1/project_1.cache/compile_simlib/xcelium/dsp_macro_v1_0_2' (cds.lib command ignored).
DEFINE tmr_comparator_v1_0_4  /home/miglioranza/project_1.xpr/project_1/project_1.cache/compile_simlib/xcelium/tmr_comparator_v1_0_4
|
xmvhdl: *W,DLCPTH (./cds.lib,43): cds.lib Invalid path '/home/miglioranza/project_1.xpr/project_1/project_1.cache/compile_simlib/xcelium/tmr_comparator_v1_0_4' (cds.lib command ignored).
DEFINE axi_bram_ctrl_v4_0_14  /home/miglioranza/project_1.xpr/project_1/project_1.cache/compile_simlib/xcelium/axi_bram_ctrl_v4_0_14
|
xmvhdl: *W,DLCPTH (./cds.lib,44): cds.lib Invalid path '/home/miglioranza/project_1.xpr/project_1/project_1.cache/compile_simlib/xcelium/axi_bram_ctrl_v4_0_14' (cds.lib command ignored).
DEFINE dfx_axi_shutdown_manager_v1_0_0  /home/miglioranza/project_1.xpr/project_1/project_1.cache/compile_simlib/xcelium/dfx_axi_shutdown_manager_v1_0_0
|
xmvhdl: *W,DLCPTH (./cds.lib,45): cds.lib Invalid path '/home/miglioranza/project_1.xpr/project_1/project_1.cache/compile_simlib/xcelium/dfx_axi_shutdown_manager_v1_0_0' (cds.lib command ignored).
DEFINE axis_clock_converter_v1_1_26  /home/miglioranza/project_1.xpr/project_1/project_1.cache/compile_simlib/xcelium/axis_clock_converter_v1_1_26
|
xmvhdl: *W,DLCPTH (./cds.lib,46): cds.lib Invalid path '/home/miglioranza/project_1.xpr/project_1/project_1.cache/compile_simlib/xcelium/axis_clock_converter_v1_1_26' (cds.lib command ignored).
DEFINE axi_sideband_util_v1_0_9  /home/miglioranza/project_1.xpr/project_1/project_1.cache/compile_simlib/xcelium/axi_sideband_util_v1_0_9
|
xmvhdl: *W,DLCPTH (./cds.lib,47): cds.lib Invalid path '/home/miglioranza/project_1.xpr/project_1/project_1.cache/compile_simlib/xcelium/axi_sideband_util_v1_0_9' (cds.lib command ignored).
DEFINE axi_firewall_v1_2_0  /home/miglioranza/project_1.xpr/project_1/project_1.cache/compile_simlib/xcelium/axi_firewall_v1_2_0
|
xmvhdl: *W,DLCPTH (./cds.lib,48): cds.lib Invalid path '/home/miglioranza/project_1.xpr/project_1/project_1.cache/compile_simlib/xcelium/axi_firewall_v1_2_0' (cds.lib command ignored).
DEFINE axi_master_burst_v2_0_7  /home/miglioranza/project_1.xpr/project_1/project_1.cache/compile_simlib/xcelium/axi_master_burst_v2_0_7
|
xmvhdl: *W,DLCPTH (./cds.lib,49): cds.lib Invalid path '/home/miglioranza/project_1.xpr/project_1/project_1.cache/compile_simlib/xcelium/axi_master_burst_v2_0_7' (cds.lib command ignored).
DEFINE axi_tft_v2_0_24  /home/miglioranza/project_1.xpr/project_1/project_1.cache/compile_simlib/xcelium/axi_tft_v2_0_24
|
xmvhdl: *W,DLCPTH (./cds.lib,50): cds.lib Invalid path '/home/miglioranza/project_1.xpr/project_1/project_1.cache/compile_simlib/xcelium/axi_tft_v2_0_24' (cds.lib command ignored).
DEFINE ernic_v3_1_1  /home/miglioranza/project_1.xpr/project_1/project_1.cache/compile_simlib/xcelium/ernic_v3_1_1
|
xmvhdl: *W,DLCPTH (./cds.lib,51): cds.lib Invalid path '/home/miglioranza/project_1.xpr/project_1/project_1.cache/compile_simlib/xcelium/ernic_v3_1_1' (cds.lib command ignored).
DEFINE axi_gpio_v2_0_27  /home/miglioranza/project_1.xpr/project_1/project_1.cache/compile_simlib/xcelium/axi_gpio_v2_0_27
|
xmvhdl: *W,DLCPTH (./cds.lib,52): cds.lib Invalid path '/home/miglioranza/project_1.xpr/project_1/project_1.cache/compile_simlib/xcelium/axi_gpio_v2_0_27' (cds.lib command ignored).
DEFINE xsdbs_v1_0_2  /home/miglioranza/project_1.xpr/project_1/project_1.cache/compile_simlib/xcelium/xsdbs_v1_0_2
|
xmvhdl: *W,DLCPTH (./cds.lib,53): cds.lib Invalid path '/home/miglioranza/project_1.xpr/project_1/project_1.cache/compile_simlib/xcelium/xsdbs_v1_0_2' (cds.lib command ignored).
DEFINE tcc_encoder_3gpplte_v4_0_16  /home/miglioranza/project_1.xpr/project_1/project_1.cache/compile_simlib/xcelium/tcc_encoder_3gpplte_v4_0_16
|
xmvhdl: *W,DLCPTH (./cds.lib,54): cds.lib Invalid path '/home/miglioranza/project_1.xpr/project_1/project_1.cache/compile_simlib/xcelium/tcc_encoder_3gpplte_v4_0_16' (cds.lib command ignored).
DEFINE mailbox_v2_1_15  /home/miglioranza/project_1.xpr/project_1/project_1.cache/compile_simlib/xcelium/mailbox_v2_1_15
|
xmvhdl: *W,DLCPTH (./cds.lib,55): cds.lib Invalid path '/home/miglioranza/project_1.xpr/project_1/project_1.cache/compile_simlib/xcelium/mailbox_v2_1_15' (cds.lib command ignored).
DEFINE ats_switch_v1_0_4  /home/miglioranza/project_1.xpr/project_1/project_1.cache/compile_simlib/xcelium/ats_switch_v1_0_4
|
xmvhdl: *W,DLCPTH (./cds.lib,56): cds.lib Invalid path '/home/miglioranza/project_1.xpr/project_1/project_1.cache/compile_simlib/xcelium/ats_switch_v1_0_4' (cds.lib command ignored).
DEFINE lte_3gpp_mimo_encoder_v4_0_16  /home/miglioranza/project_1.xpr/project_1/project_1.cache/compile_simlib/xcelium/lte_3gpp_mimo_encoder_v4_0_16
|
xmvhdl: *W,DLCPTH (./cds.lib,57): cds.lib Invalid path '/home/miglioranza/project_1.xpr/project_1/project_1.cache/compile_simlib/xcelium/lte_3gpp_mimo_encoder_v4_0_16' (cds.lib command ignored).
DEFINE axi_memory_init_v1_0_6  /home/miglioranza/project_1.xpr/project_1/project_1.cache/compile_simlib/xcelium/axi_memory_init_v1_0_6
|
xmvhdl: *W,DLCPTH (./cds.lib,58): cds.lib Invalid path '/home/miglioranza/project_1.xpr/project_1/project_1.cache/compile_simlib/xcelium/axi_memory_init_v1_0_6' (cds.lib command ignored).
DEFINE xdfe_cc_filter_v1_0_1  /home/miglioranza/project_1.xpr/project_1/project_1.cache/compile_simlib/xcelium/xdfe_cc_filter_v1_0_1
|
xmvhdl: *W,DLCPTH (./cds.lib,59): cds.lib Invalid path '/home/miglioranza/project_1.xpr/project_1/project_1.cache/compile_simlib/xcelium/xdfe_cc_filter_v1_0_1' (cds.lib command ignored).
DEFINE axi_uartlite_v2_0_29  /home/miglioranza/project_1.xpr/project_1/project_1.cache/compile_simlib/xcelium/axi_uartlite_v2_0_29
|
xmvhdl: *W,DLCPTH (./cds.lib,60): cds.lib Invalid path '/home/miglioranza/project_1.xpr/project_1/project_1.cache/compile_simlib/xcelium/axi_uartlite_v2_0_29' (cds.lib command ignored).
DEFINE v_vid_sdi_tx_bridge_v2_0_0  /home/miglioranza/project_1.xpr/project_1/project_1.cache/compile_simlib/xcelium/v_vid_sdi_tx_bridge_v2_0_0
|
xmvhdl: *W,DLCPTH (./cds.lib,61): cds.lib Invalid path '/home/miglioranza/project_1.xpr/project_1/project_1.cache/compile_simlib/xcelium/v_vid_sdi_tx_bridge_v2_0_0' (cds.lib command ignored).
DEFINE canfd_v3_0_4  /home/miglioranza/project_1.xpr/project_1/project_1.cache/compile_simlib/xcelium/canfd_v3_0_4
|
xmvhdl: *W,DLCPTH (./cds.lib,62): cds.lib Invalid path '/home/miglioranza/project_1.xpr/project_1/project_1.cache/compile_simlib/xcelium/canfd_v3_0_4' (cds.lib command ignored).
DEFINE ieee802d3_200g_rs_fec_v2_0_4  /home/miglioranza/project_1.xpr/project_1/project_1.cache/compile_simlib/xcelium/ieee802d3_200g_rs_fec_v2_0_4
|
xmvhdl: *W,DLCPTH (./cds.lib,63): cds.lib Invalid path '/home/miglioranza/project_1.xpr/project_1/project_1.cache/compile_simlib/xcelium/ieee802d3_200g_rs_fec_v2_0_4' (cds.lib command ignored).
DEFINE pr_decoupler_v1_0_10  /home/miglioranza/project_1.xpr/project_1/project_1.cache/compile_simlib/xcelium/pr_decoupler_v1_0_10
|
xmvhdl: *W,DLCPTH (./cds.lib,64): cds.lib Invalid path '/home/miglioranza/project_1.xpr/project_1/project_1.cache/compile_simlib/xcelium/pr_decoupler_v1_0_10' (cds.lib command ignored).
DEFINE axi_interconnect_v1_7_19  /home/miglioranza/project_1.xpr/project_1/project_1.cache/compile_simlib/xcelium/axi_interconnect_v1_7_19
|
xmvhdl: *W,DLCPTH (./cds.lib,65): cds.lib Invalid path '/home/miglioranza/project_1.xpr/project_1/project_1.cache/compile_simlib/xcelium/axi_interconnect_v1_7_19' (cds.lib command ignored).
DEFINE v_hdmi_tx1_v1_0_2  /home/miglioranza/project_1.xpr/project_1/project_1.cache/compile_simlib/xcelium/v_hdmi_tx1_v1_0_2
|
xmvhdl: *W,DLCPTH (./cds.lib,66): cds.lib Invalid path '/home/miglioranza/project_1.xpr/project_1/project_1.cache/compile_simlib/xcelium/v_hdmi_tx1_v1_0_2' (cds.lib command ignored).
DEFINE dfx_bitstream_monitor_v1_0_1  /home/miglioranza/project_1.xpr/project_1/project_1.cache/compile_simlib/xcelium/dfx_bitstream_monitor_v1_0_1
|
xmvhdl: *W,DLCPTH (./cds.lib,67): cds.lib Invalid path '/home/miglioranza/project_1.xpr/project_1/project_1.cache/compile_simlib/xcelium/dfx_bitstream_monitor_v1_0_1' (cds.lib command ignored).
DEFINE cic_compiler_v4_0_15  /home/miglioranza/project_1.xpr/project_1/project_1.cache/compile_simlib/xcelium/cic_compiler_v4_0_15
|
xmvhdl: *W,DLCPTH (./cds.lib,68): cds.lib Invalid path '/home/miglioranza/project_1.xpr/project_1/project_1.cache/compile_simlib/xcelium/cic_compiler_v4_0_15' (cds.lib command ignored).
DEFINE lte_3gpp_mimo_decoder_v3_0_17  /home/miglioranza/project_1.xpr/project_1/project_1.cache/compile_simlib/xcelium/lte_3gpp_mimo_decoder_v3_0_17
|
xmvhdl: *W,DLCPTH (./cds.lib,69): cds.lib Invalid path '/home/miglioranza/project_1.xpr/project_1/project_1.cache/compile_simlib/xcelium/lte_3gpp_mimo_decoder_v3_0_17' (cds.lib command ignored).
DEFINE v_dual_splitter_v1_0_9  /home/miglioranza/project_1.xpr/project_1/project_1.cache/compile_simlib/xcelium/v_dual_splitter_v1_0_9
|
xmvhdl: *W,DLCPTH (./cds.lib,70): cds.lib Invalid path '/home/miglioranza/project_1.xpr/project_1/project_1.cache/compile_simlib/xcelium/v_dual_splitter_v1_0_9' (cds.lib command ignored).
DEFINE lte_dl_channel_encoder_v4_0_3  /home/miglioranza/project_1.xpr/project_1/project_1.cache/compile_simlib/xcelium/lte_dl_channel_encoder_v4_0_3
|
xmvhdl: *W,DLCPTH (./cds.lib,71): cds.lib Invalid path '/home/miglioranza/project_1.xpr/project_1/project_1.cache/compile_simlib/xcelium/lte_dl_channel_encoder_v4_0_3' (cds.lib command ignored).
DEFINE dft_v4_2_2  /home/miglioranza/project_1.xpr/project_1/project_1.cache/compile_simlib/xcelium/dft_v4_2_2
|
xmvhdl: *W,DLCPTH (./cds.lib,72): cds.lib Invalid path '/home/miglioranza/project_1.xpr/project_1/project_1.cache/compile_simlib/xcelium/dft_v4_2_2' (cds.lib command ignored).
DEFINE mdm_v3_2_22  /home/miglioranza/project_1.xpr/project_1/project_1.cache/compile_simlib/xcelium/mdm_v3_2_22
|
xmvhdl: *W,DLCPTH (./cds.lib,73): cds.lib Invalid path '/home/miglioranza/project_1.xpr/project_1/project_1.cache/compile_simlib/xcelium/mdm_v3_2_22' (cds.lib command ignored).
DEFINE bs_switch_v1_0_0  /home/miglioranza/project_1.xpr/project_1/project_1.cache/compile_simlib/xcelium/bs_switch_v1_0_0
|
xmvhdl: *W,DLCPTH (./cds.lib,74): cds.lib Invalid path '/home/miglioranza/project_1.xpr/project_1/project_1.cache/compile_simlib/xcelium/bs_switch_v1_0_0' (cds.lib command ignored).
DEFINE axi4svideo_bridge_v1_0_13  /home/miglioranza/project_1.xpr/project_1/project_1.cache/compile_simlib/xcelium/axi4svideo_bridge_v1_0_13
|
xmvhdl: *W,DLCPTH (./cds.lib,75): cds.lib Invalid path '/home/miglioranza/project_1.xpr/project_1/project_1.cache/compile_simlib/xcelium/axi4svideo_bridge_v1_0_13' (cds.lib command ignored).
DEFINE axis_interconnect_v1_1_19  /home/miglioranza/project_1.xpr/project_1/project_1.cache/compile_simlib/xcelium/axis_interconnect_v1_1_19
|
xmvhdl: *W,DLCPTH (./cds.lib,76): cds.lib Invalid path '/home/miglioranza/project_1.xpr/project_1/project_1.cache/compile_simlib/xcelium/axis_interconnect_v1_1_19' (cds.lib command ignored).
DEFINE xdfe_fft_v1_0_1  /home/miglioranza/project_1.xpr/project_1/project_1.cache/compile_simlib/xcelium/xdfe_fft_v1_0_1
|
xmvhdl: *W,DLCPTH (./cds.lib,77): cds.lib Invalid path '/home/miglioranza/project_1.xpr/project_1/project_1.cache/compile_simlib/xcelium/xdfe_fft_v1_0_1' (cds.lib command ignored).
DEFINE xdfe_nr_prach_v1_0_1  /home/miglioranza/project_1.xpr/project_1/project_1.cache/compile_simlib/xcelium/xdfe_nr_prach_v1_0_1
|
xmvhdl: *W,DLCPTH (./cds.lib,78): cds.lib Invalid path '/home/miglioranza/project_1.xpr/project_1/project_1.cache/compile_simlib/xcelium/xdfe_nr_prach_v1_0_1' (cds.lib command ignored).
DEFINE axis_data_fifo_v1_1_26  /home/miglioranza/project_1.xpr/project_1/project_1.cache/compile_simlib/xcelium/axis_data_fifo_v1_1_26
|
xmvhdl: *W,DLCPTH (./cds.lib,79): cds.lib Invalid path '/home/miglioranza/project_1.xpr/project_1/project_1.cache/compile_simlib/xcelium/axis_data_fifo_v1_1_26' (cds.lib command ignored).
DEFINE axis_ila_intf_v1_0_0  /home/miglioranza/project_1.xpr/project_1/project_1.cache/compile_simlib/xcelium/axis_ila_intf_v1_0_0
|
xmvhdl: *W,DLCPTH (./cds.lib,80): cds.lib Invalid path '/home/miglioranza/project_1.xpr/project_1/project_1.cache/compile_simlib/xcelium/axis_ila_intf_v1_0_0' (cds.lib command ignored).
DEFINE tmr_sem_v1_0_20  /home/miglioranza/project_1.xpr/project_1/project_1.cache/compile_simlib/xcelium/tmr_sem_v1_0_20
|
xmvhdl: *W,DLCPTH (./cds.lib,81): cds.lib Invalid path '/home/miglioranza/project_1.xpr/project_1/project_1.cache/compile_simlib/xcelium/tmr_sem_v1_0_20' (cds.lib command ignored).
DEFINE videoaxi4s_bridge_v1_0_5  /home/miglioranza/project_1.xpr/project_1/project_1.cache/compile_simlib/xcelium/videoaxi4s_bridge_v1_0_5
|
xmvhdl: *W,DLCPTH (./cds.lib,82): cds.lib Invalid path '/home/miglioranza/project_1.xpr/project_1/project_1.cache/compile_simlib/xcelium/videoaxi4s_bridge_v1_0_5' (cds.lib command ignored).
DEFINE v_hdmi_rx1_v1_0_2  /home/miglioranza/project_1.xpr/project_1/project_1.cache/compile_simlib/xcelium/v_hdmi_rx1_v1_0_2
|
xmvhdl: *W,DLCPTH (./cds.lib,83): cds.lib Invalid path '/home/miglioranza/project_1.xpr/project_1/project_1.cache/compile_simlib/xcelium/v_hdmi_rx1_v1_0_2' (cds.lib command ignored).
DEFINE dbg_intf  /home/miglioranza/project_1.xpr/project_1/project_1.cache/compile_simlib/xcelium/dbg_intf
|
xmvhdl: *W,DLCPTH (./cds.lib,84): cds.lib Invalid path '/home/miglioranza/project_1.xpr/project_1/project_1.cache/compile_simlib/xcelium/dbg_intf' (cds.lib command ignored).
DEFINE tsn_temac_v1_0_6  /home/miglioranza/project_1.xpr/project_1/project_1.cache/compile_simlib/xcelium/tsn_temac_v1_0_6
|
xmvhdl_p: *W,DLCPTH (./cds.lib,2): cds.lib Invalid path '/home/miglioranza/project_1.xpr/project_1/project_1.cache/compile_simlib/xcelium/tsn_temac_v1_0_6' (cds.lib command ignored).
DEFINE fc32_rs_fec_v1_0_20  /home/miglioranza/project_1.xpr/project_1/project_1.cache/compile_simlib/xcelium/fc32_rs_fec_v1_0_20
|
xmvhdl_p: *W,DLCPTH (./cds.lib,3): cds.lib Invalid path '/home/miglioranza/project_1.xpr/project_1/project_1.cache/compile_simlib/xcelium/fc32_rs_fec_v1_0_20' (cds.lib command ignored).
DEFINE ieee802d3_400g_rs_fec_v2_0_6  /home/miglioranza/project_1.xpr/project_1/project_1.cache/compile_simlib/xcelium/ieee802d3_400g_rs_fec_v2_0_6
|
xmvhdl_p: *W,DLCPTH (./cds.lib,4): cds.lib Invalid path '/home/miglioranza/project_1.xpr/project_1/project_1.cache/compile_simlib/xcelium/ieee802d3_400g_rs_fec_v2_0_6' (cds.lib command ignored).
DEFINE displayport_v8_1_4  /home/miglioranza/project_1.xpr/project_1/project_1.cache/compile_simlib/xcelium/displayport_v8_1_4
|
xmvhdl_p: *W,DLCPTH (./cds.lib,5): cds.lib Invalid path '/home/miglioranza/project_1.xpr/project_1/project_1.cache/compile_simlib/xcelium/displayport_v8_1_4' (cds.lib command ignored).
DEFINE displayport_v9_0_4  /home/miglioranza/project_1.xpr/project_1/project_1.cache/compile_simlib/xcelium/displayport_v9_0_4
|
xmvhdl_p: *W,DLCPTH (./cds.lib,6): cds.lib Invalid path '/home/miglioranza/project_1.xpr/project_1/project_1.cache/compile_simlib/xcelium/displayport_v9_0_4' (cds.lib command ignored).
DEFINE quadsgmii_v3_5_5  /home/miglioranza/project_1.xpr/project_1/project_1.cache/compile_simlib/xcelium/quadsgmii_v3_5_5
|
xmvhdl_p: *W,DLCPTH (./cds.lib,7): cds.lib Invalid path '/home/miglioranza/project_1.xpr/project_1/project_1.cache/compile_simlib/xcelium/quadsgmii_v3_5_5' (cds.lib command ignored).
DEFINE displayport_v7_0_0  /home/miglioranza/project_1.xpr/project_1/project_1.cache/compile_simlib/xcelium/displayport_v7_0_0
|
xmvhdl_p: *W,DLCPTH (./cds.lib,8): cds.lib Invalid path '/home/miglioranza/project_1.xpr/project_1/project_1.cache/compile_simlib/xcelium/displayport_v7_0_0' (cds.lib command ignored).
DEFINE ieee802d3_25g_rs_fec_v1_0_22  /home/miglioranza/project_1.xpr/project_1/project_1.cache/compile_simlib/xcelium/ieee802d3_25g_rs_fec_v1_0_22
|
xmvhdl_p: *W,DLCPTH (./cds.lib,9): cds.lib Invalid path '/home/miglioranza/project_1.xpr/project_1/project_1.cache/compile_simlib/xcelium/ieee802d3_25g_rs_fec_v1_0_22' (cds.lib command ignored).
DEFINE axi_epc_v2_0_28  /home/miglioranza/project_1.xpr/project_1/project_1.cache/compile_simlib/xcelium/axi_epc_v2_0_28
|
xmvhdl_p: *W,DLCPTH (./cds.lib,10): cds.lib Invalid path '/home/miglioranza/project_1.xpr/project_1/project_1.cache/compile_simlib/xcelium/axi_epc_v2_0_28' (cds.lib command ignored).
DEFINE switch_core_top_v1_0_10  /home/miglioranza/project_1.xpr/project_1/project_1.cache/compile_simlib/xcelium/switch_core_top_v1_0_10
|
xmvhdl_p: *W,DLCPTH (./cds.lib,11): cds.lib Invalid path '/home/miglioranza/project_1.xpr/project_1/project_1.cache/compile_simlib/xcelium/switch_core_top_v1_0_10' (cds.lib command ignored).
DEFINE soft_ecc_proxy_v1_0_1  /home/miglioranza/project_1.xpr/project_1/project_1.cache/compile_simlib/xcelium/soft_ecc_proxy_v1_0_1
|
xmvhdl_p: *W,DLCPTH (./cds.lib,12): cds.lib Invalid path '/home/miglioranza/project_1.xpr/project_1/project_1.cache/compile_simlib/xcelium/soft_ecc_proxy_v1_0_1' (cds.lib command ignored).
DEFINE axi_timebase_wdt_v3_0_17  /home/miglioranza/project_1.xpr/project_1/project_1.cache/compile_simlib/xcelium/axi_timebase_wdt_v3_0_17
|
xmvhdl_p: *W,DLCPTH (./cds.lib,13): cds.lib Invalid path '/home/miglioranza/project_1.xpr/project_1/project_1.cache/compile_simlib/xcelium/axi_timebase_wdt_v3_0_17' (cds.lib command ignored).
DEFINE tri_mode_ethernet_mac_v9_0_20  /home/miglioranza/project_1.xpr/project_1/project_1.cache/compile_simlib/xcelium/tri_mode_ethernet_mac_v9_0_20
|
xmvhdl_p: *W,DLCPTH (./cds.lib,14): cds.lib Invalid path '/home/miglioranza/project_1.xpr/project_1/project_1.cache/compile_simlib/xcelium/tri_mode_ethernet_mac_v9_0_20' (cds.lib command ignored).
DEFINE axi_cdma_v4_1_25  /home/miglioranza/project_1.xpr/project_1/project_1.cache/compile_simlib/xcelium/axi_cdma_v4_1_25
|
xmvhdl_p: *W,DLCPTH (./cds.lib,15): cds.lib Invalid path '/home/miglioranza/project_1.xpr/project_1/project_1.cache/compile_simlib/xcelium/axi_cdma_v4_1_25' (cds.lib command ignored).
DEFINE v_vid_gt_bridge_v1_0_4  /home/miglioranza/project_1.xpr/project_1/project_1.cache/compile_simlib/xcelium/v_vid_gt_bridge_v1_0_4
|
xmvhdl_p: *W,DLCPTH (./cds.lib,16): cds.lib Invalid path '/home/miglioranza/project_1.xpr/project_1/project_1.cache/compile_simlib/xcelium/v_vid_gt_bridge_v1_0_4' (cds.lib command ignored).
DEFINE axi_ethernetlite_v3_0_24  /home/miglioranza/project_1.xpr/project_1/project_1.cache/compile_simlib/xcelium/axi_ethernetlite_v3_0_24
|
xmvhdl_p: *W,DLCPTH (./cds.lib,17): cds.lib Invalid path '/home/miglioranza/project_1.xpr/project_1/project_1.cache/compile_simlib/xcelium/axi_ethernetlite_v3_0_24' (cds.lib command ignored).
DEFINE axi_dwidth_converter_v2_1_25  /home/miglioranza/project_1.xpr/project_1/project_1.cache/compile_simlib/xcelium/axi_dwidth_converter_v2_1_25
|
xmvhdl_p: *W,DLCPTH (./cds.lib,18): cds.lib Invalid path '/home/miglioranza/project_1.xpr/project_1/project_1.cache/compile_simlib/xcelium/axi_dwidth_converter_v2_1_25' (cds.lib command ignored).
DEFINE axi_mmu_v2_1_23  /home/miglioranza/project_1.xpr/project_1/project_1.cache/compile_simlib/xcelium/axi_mmu_v2_1_23
|
xmvhdl_p: *W,DLCPTH (./cds.lib,19): cds.lib Invalid path '/home/miglioranza/project_1.xpr/project_1/project_1.cache/compile_simlib/xcelium/axi_mmu_v2_1_23' (cds.lib command ignored).
DEFINE xfft_v9_1_7  /home/miglioranza/project_1.xpr/project_1/project_1.cache/compile_simlib/xcelium/xfft_v9_1_7
|
xmvhdl_p: *W,DLCPTH (./cds.lib,20): cds.lib Invalid path '/home/miglioranza/project_1.xpr/project_1/project_1.cache/compile_simlib/xcelium/xfft_v9_1_7' (cds.lib command ignored).
DEFINE c_accum_v12_0_14  /home/miglioranza/project_1.xpr/project_1/project_1.cache/compile_simlib/xcelium/c_accum_v12_0_14
|
xmvhdl_p: *W,DLCPTH (./cds.lib,21): cds.lib Invalid path '/home/miglioranza/project_1.xpr/project_1/project_1.cache/compile_simlib/xcelium/c_accum_v12_0_14' (cds.lib command ignored).
DEFINE tcc_encoder_3gpp_v5_0_17  /home/miglioranza/project_1.xpr/project_1/project_1.cache/compile_simlib/xcelium/tcc_encoder_3gpp_v5_0_17
|
xmvhdl_p: *W,DLCPTH (./cds.lib,22): cds.lib Invalid path '/home/miglioranza/project_1.xpr/project_1/project_1.cache/compile_simlib/xcelium/tcc_encoder_3gpp_v5_0_17' (cds.lib command ignored).
DEFINE polar_v1_0_9  /home/miglioranza/project_1.xpr/project_1/project_1.cache/compile_simlib/xcelium/polar_v1_0_9
|
xmvhdl_p: *W,DLCPTH (./cds.lib,23): cds.lib Invalid path '/home/miglioranza/project_1.xpr/project_1/project_1.cache/compile_simlib/xcelium/polar_v1_0_9' (cds.lib command ignored).
DEFINE xdfe_common_v1_0_0  /home/miglioranza/project_1.xpr/project_1/project_1.cache/compile_simlib/xcelium/xdfe_common_v1_0_0
|
xmvhdl_p: *W,DLCPTH (./cds.lib,24): cds.lib Invalid path '/home/miglioranza/project_1.xpr/project_1/project_1.cache/compile_simlib/xcelium/xdfe_common_v1_0_0' (cds.lib command ignored).
DEFINE xdfe_equalizer_v1_0_1  /home/miglioranza/project_1.xpr/project_1/project_1.cache/compile_simlib/xcelium/xdfe_equalizer_v1_0_1
|
xmvhdl_p: *W,DLCPTH (./cds.lib,25): cds.lib Invalid path '/home/miglioranza/project_1.xpr/project_1/project_1.cache/compile_simlib/xcelium/xdfe_equalizer_v1_0_1' (cds.lib command ignored).
DEFINE ieee802d3_rs_fec_v2_0_14  /home/miglioranza/project_1.xpr/project_1/project_1.cache/compile_simlib/xcelium/ieee802d3_rs_fec_v2_0_14
|
xmvhdl_p: *W,DLCPTH (./cds.lib,26): cds.lib Invalid path '/home/miglioranza/project_1.xpr/project_1/project_1.cache/compile_simlib/xcelium/ieee802d3_rs_fec_v2_0_14' (cds.lib command ignored).
DEFINE etrnic_v1_1_4  /home/miglioranza/project_1.xpr/project_1/project_1.cache/compile_simlib/xcelium/etrnic_v1_1_4
|
xmvhdl_p: *W,DLCPTH (./cds.lib,27): cds.lib Invalid path '/home/miglioranza/project_1.xpr/project_1/project_1.cache/compile_simlib/xcelium/etrnic_v1_1_4' (cds.lib command ignored).
DEFINE rs_encoder_v9_0_16  /home/miglioranza/project_1.xpr/project_1/project_1.cache/compile_simlib/xcelium/rs_encoder_v9_0_16
|
xmvhdl_p: *W,DLCPTH (./cds.lib,28): cds.lib Invalid path '/home/miglioranza/project_1.xpr/project_1/project_1.cache/compile_simlib/xcelium/rs_encoder_v9_0_16' (cds.lib command ignored).
DEFINE viterbi_v9_1_12  /home/miglioranza/project_1.xpr/project_1/project_1.cache/compile_simlib/xcelium/viterbi_v9_1_12
|
xmvhdl_p: *W,DLCPTH (./cds.lib,29): cds.lib Invalid path '/home/miglioranza/project_1.xpr/project_1/project_1.cache/compile_simlib/xcelium/viterbi_v9_1_12' (cds.lib command ignored).
DEFINE shell_utils_addr_remap_v1_0_4  /home/miglioranza/project_1.xpr/project_1/project_1.cache/compile_simlib/xcelium/shell_utils_addr_remap_v1_0_4
|
xmvhdl_p: *W,DLCPTH (./cds.lib,30): cds.lib Invalid path '/home/miglioranza/project_1.xpr/project_1/project_1.cache/compile_simlib/xcelium/shell_utils_addr_remap_v1_0_4' (cds.lib command ignored).
DEFINE xdfe_cc_mixer_v1_0_1  /home/miglioranza/project_1.xpr/project_1/project_1.cache/compile_simlib/xcelium/xdfe_cc_mixer_v1_0_1
|
xmvhdl_p: *W,DLCPTH (./cds.lib,31): cds.lib Invalid path '/home/miglioranza/project_1.xpr/project_1/project_1.cache/compile_simlib/xcelium/xdfe_cc_mixer_v1_0_1' (cds.lib command ignored).
DEFINE ieee802d3_50g_rs_fec_v1_0_18  /home/miglioranza/project_1.xpr/project_1/project_1.cache/compile_simlib/xcelium/ieee802d3_50g_rs_fec_v1_0_18
|
xmvhdl_p: *W,DLCPTH (./cds.lib,32): cds.lib Invalid path '/home/miglioranza/project_1.xpr/project_1/project_1.cache/compile_simlib/xcelium/ieee802d3_50g_rs_fec_v1_0_18' (cds.lib command ignored).
DEFINE flexo_100g_rs_fec_v1_0_20  /home/miglioranza/project_1.xpr/project_1/project_1.cache/compile_simlib/xcelium/flexo_100g_rs_fec_v1_0_20
|
xmvhdl_p: *W,DLCPTH (./cds.lib,33): cds.lib Invalid path '/home/miglioranza/project_1.xpr/project_1/project_1.cache/compile_simlib/xcelium/flexo_100g_rs_fec_v1_0_20' (cds.lib command ignored).
DEFINE vby1hs_v1_0_1  /home/miglioranza/project_1.xpr/project_1/project_1.cache/compile_simlib/xcelium/vby1hs_v1_0_1
|
xmvhdl_p: *W,DLCPTH (./cds.lib,34): cds.lib Invalid path '/home/miglioranza/project_1.xpr/project_1/project_1.cache/compile_simlib/xcelium/vby1hs_v1_0_1' (cds.lib command ignored).
DEFINE axi_usb2_device_v5_0_26  /home/miglioranza/project_1.xpr/project_1/project_1.cache/compile_simlib/xcelium/axi_usb2_device_v5_0_26
|
xmvhdl_p: *W,DLCPTH (./cds.lib,35): cds.lib Invalid path '/home/miglioranza/project_1.xpr/project_1/project_1.cache/compile_simlib/xcelium/axi_usb2_device_v5_0_26' (cds.lib command ignored).
DEFINE axis_data_fifo_v2_0_7  /home/miglioranza/project_1.xpr/project_1/project_1.cache/compile_simlib/xcelium/axis_data_fifo_v2_0_7
|
xmvhdl_p: *W,DLCPTH (./cds.lib,36): cds.lib Invalid path '/home/miglioranza/project_1.xpr/project_1/project_1.cache/compile_simlib/xcelium/axis_data_fifo_v2_0_7' (cds.lib command ignored).
DEFINE axis_combiner_v1_1_23  /home/miglioranza/project_1.xpr/project_1/project_1.cache/compile_simlib/xcelium/axis_combiner_v1_1_23
|
xmvhdl_p: *W,DLCPTH (./cds.lib,37): cds.lib Invalid path '/home/miglioranza/project_1.xpr/project_1/project_1.cache/compile_simlib/xcelium/axis_combiner_v1_1_23' (cds.lib command ignored).
DEFINE convolution_v9_0_15  /home/miglioranza/project_1.xpr/project_1/project_1.cache/compile_simlib/xcelium/convolution_v9_0_15
|
xmvhdl_p: *W,DLCPTH (./cds.lib,38): cds.lib Invalid path '/home/miglioranza/project_1.xpr/project_1/project_1.cache/compile_simlib/xcelium/convolution_v9_0_15' (cds.lib command ignored).
DEFINE lte_fft_v2_1_5  /home/miglioranza/project_1.xpr/project_1/project_1.cache/compile_simlib/xcelium/lte_fft_v2_1_5
|
xmvhdl_p: *W,DLCPTH (./cds.lib,39): cds.lib Invalid path '/home/miglioranza/project_1.xpr/project_1/project_1.cache/compile_simlib/xcelium/lte_fft_v2_1_5' (cds.lib command ignored).
DEFINE v_frmbuf_rd_v2_3_0  /home/miglioranza/project_1.xpr/project_1/project_1.cache/compile_simlib/xcelium/v_frmbuf_rd_v2_3_0
|
xmvhdl_p: *W,DLCPTH (./cds.lib,40): cds.lib Invalid path '/home/miglioranza/project_1.xpr/project_1/project_1.cache/compile_simlib/xcelium/v_frmbuf_rd_v2_3_0' (cds.lib command ignored).
DEFINE axi_uart16550_v2_0_27  /home/miglioranza/project_1.xpr/project_1/project_1.cache/compile_simlib/xcelium/axi_uart16550_v2_0_27
|
xmvhdl_p: *W,DLCPTH (./cds.lib,41): cds.lib Invalid path '/home/miglioranza/project_1.xpr/project_1/project_1.cache/compile_simlib/xcelium/axi_uart16550_v2_0_27' (cds.lib command ignored).
DEFINE dsp_macro_v1_0_2  /home/miglioranza/project_1.xpr/project_1/project_1.cache/compile_simlib/xcelium/dsp_macro_v1_0_2
|
xmvhdl_p: *W,DLCPTH (./cds.lib,42): cds.lib Invalid path '/home/miglioranza/project_1.xpr/project_1/project_1.cache/compile_simlib/xcelium/dsp_macro_v1_0_2' (cds.lib command ignored).
DEFINE tmr_comparator_v1_0_4  /home/miglioranza/project_1.xpr/project_1/project_1.cache/compile_simlib/xcelium/tmr_comparator_v1_0_4
|
xmvhdl_p: *W,DLCPTH (./cds.lib,43): cds.lib Invalid path '/home/miglioranza/project_1.xpr/project_1/project_1.cache/compile_simlib/xcelium/tmr_comparator_v1_0_4' (cds.lib command ignored).
DEFINE axi_bram_ctrl_v4_0_14  /home/miglioranza/project_1.xpr/project_1/project_1.cache/compile_simlib/xcelium/axi_bram_ctrl_v4_0_14
|
xmvhdl_p: *W,DLCPTH (./cds.lib,44): cds.lib Invalid path '/home/miglioranza/project_1.xpr/project_1/project_1.cache/compile_simlib/xcelium/axi_bram_ctrl_v4_0_14' (cds.lib command ignored).
DEFINE dfx_axi_shutdown_manager_v1_0_0  /home/miglioranza/project_1.xpr/project_1/project_1.cache/compile_simlib/xcelium/dfx_axi_shutdown_manager_v1_0_0
|
xmvhdl_p: *W,DLCPTH (./cds.lib,45): cds.lib Invalid path '/home/miglioranza/project_1.xpr/project_1/project_1.cache/compile_simlib/xcelium/dfx_axi_shutdown_manager_v1_0_0' (cds.lib command ignored).
DEFINE axis_clock_converter_v1_1_26  /home/miglioranza/project_1.xpr/project_1/project_1.cache/compile_simlib/xcelium/axis_clock_converter_v1_1_26
|
xmvhdl_p: *W,DLCPTH (./cds.lib,46): cds.lib Invalid path '/home/miglioranza/project_1.xpr/project_1/project_1.cache/compile_simlib/xcelium/axis_clock_converter_v1_1_26' (cds.lib command ignored).
DEFINE axi_sideband_util_v1_0_9  /home/miglioranza/project_1.xpr/project_1/project_1.cache/compile_simlib/xcelium/axi_sideband_util_v1_0_9
|
xmvhdl_p: *W,DLCPTH (./cds.lib,47): cds.lib Invalid path '/home/miglioranza/project_1.xpr/project_1/project_1.cache/compile_simlib/xcelium/axi_sideband_util_v1_0_9' (cds.lib command ignored).
DEFINE axi_firewall_v1_2_0  /home/miglioranza/project_1.xpr/project_1/project_1.cache/compile_simlib/xcelium/axi_firewall_v1_2_0
|
xmvhdl_p: *W,DLCPTH (./cds.lib,48): cds.lib Invalid path '/home/miglioranza/project_1.xpr/project_1/project_1.cache/compile_simlib/xcelium/axi_firewall_v1_2_0' (cds.lib command ignored).
DEFINE axi_master_burst_v2_0_7  /home/miglioranza/project_1.xpr/project_1/project_1.cache/compile_simlib/xcelium/axi_master_burst_v2_0_7
|
xmvhdl_p: *W,DLCPTH (./cds.lib,49): cds.lib Invalid path '/home/miglioranza/project_1.xpr/project_1/project_1.cache/compile_simlib/xcelium/axi_master_burst_v2_0_7' (cds.lib command ignored).
DEFINE axi_tft_v2_0_24  /home/miglioranza/project_1.xpr/project_1/project_1.cache/compile_simlib/xcelium/axi_tft_v2_0_24
|
xmvhdl_p: *W,DLCPTH (./cds.lib,50): cds.lib Invalid path '/home/miglioranza/project_1.xpr/project_1/project_1.cache/compile_simlib/xcelium/axi_tft_v2_0_24' (cds.lib command ignored).
DEFINE ernic_v3_1_1  /home/miglioranza/project_1.xpr/project_1/project_1.cache/compile_simlib/xcelium/ernic_v3_1_1
|
xmvhdl_p: *W,DLCPTH (./cds.lib,51): cds.lib Invalid path '/home/miglioranza/project_1.xpr/project_1/project_1.cache/compile_simlib/xcelium/ernic_v3_1_1' (cds.lib command ignored).
DEFINE axi_gpio_v2_0_27  /home/miglioranza/project_1.xpr/project_1/project_1.cache/compile_simlib/xcelium/axi_gpio_v2_0_27
|
xmvhdl_p: *W,DLCPTH (./cds.lib,52): cds.lib Invalid path '/home/miglioranza/project_1.xpr/project_1/project_1.cache/compile_simlib/xcelium/axi_gpio_v2_0_27' (cds.lib command ignored).
DEFINE xsdbs_v1_0_2  /home/miglioranza/project_1.xpr/project_1/project_1.cache/compile_simlib/xcelium/xsdbs_v1_0_2
|
xmvhdl_p: *W,DLCPTH (./cds.lib,53): cds.lib Invalid path '/home/miglioranza/project_1.xpr/project_1/project_1.cache/compile_simlib/xcelium/xsdbs_v1_0_2' (cds.lib command ignored).
DEFINE tcc_encoder_3gpplte_v4_0_16  /home/miglioranza/project_1.xpr/project_1/project_1.cache/compile_simlib/xcelium/tcc_encoder_3gpplte_v4_0_16
|
xmvhdl_p: *W,DLCPTH (./cds.lib,54): cds.lib Invalid path '/home/miglioranza/project_1.xpr/project_1/project_1.cache/compile_simlib/xcelium/tcc_encoder_3gpplte_v4_0_16' (cds.lib command ignored).
DEFINE mailbox_v2_1_15  /home/miglioranza/project_1.xpr/project_1/project_1.cache/compile_simlib/xcelium/mailbox_v2_1_15
|
xmvhdl_p: *W,DLCPTH (./cds.lib,55): cds.lib Invalid path '/home/miglioranza/project_1.xpr/project_1/project_1.cache/compile_simlib/xcelium/mailbox_v2_1_15' (cds.lib command ignored).
DEFINE ats_switch_v1_0_4  /home/miglioranza/project_1.xpr/project_1/project_1.cache/compile_simlib/xcelium/ats_switch_v1_0_4
|
xmvhdl_p: *W,DLCPTH (./cds.lib,56): cds.lib Invalid path '/home/miglioranza/project_1.xpr/project_1/project_1.cache/compile_simlib/xcelium/ats_switch_v1_0_4' (cds.lib command ignored).
DEFINE lte_3gpp_mimo_encoder_v4_0_16  /home/miglioranza/project_1.xpr/project_1/project_1.cache/compile_simlib/xcelium/lte_3gpp_mimo_encoder_v4_0_16
|
xmvhdl_p: *W,DLCPTH (./cds.lib,57): cds.lib Invalid path '/home/miglioranza/project_1.xpr/project_1/project_1.cache/compile_simlib/xcelium/lte_3gpp_mimo_encoder_v4_0_16' (cds.lib command ignored).
DEFINE axi_memory_init_v1_0_6  /home/miglioranza/project_1.xpr/project_1/project_1.cache/compile_simlib/xcelium/axi_memory_init_v1_0_6
|
xmvhdl_p: *W,DLCPTH (./cds.lib,58): cds.lib Invalid path '/home/miglioranza/project_1.xpr/project_1/project_1.cache/compile_simlib/xcelium/axi_memory_init_v1_0_6' (cds.lib command ignored).
DEFINE xdfe_cc_filter_v1_0_1  /home/miglioranza/project_1.xpr/project_1/project_1.cache/compile_simlib/xcelium/xdfe_cc_filter_v1_0_1
|
xmvhdl_p: *W,DLCPTH (./cds.lib,59): cds.lib Invalid path '/home/miglioranza/project_1.xpr/project_1/project_1.cache/compile_simlib/xcelium/xdfe_cc_filter_v1_0_1' (cds.lib command ignored).
DEFINE axi_uartlite_v2_0_29  /home/miglioranza/project_1.xpr/project_1/project_1.cache/compile_simlib/xcelium/axi_uartlite_v2_0_29
|
xmvhdl_p: *W,DLCPTH (./cds.lib,60): cds.lib Invalid path '/home/miglioranza/project_1.xpr/project_1/project_1.cache/compile_simlib/xcelium/axi_uartlite_v2_0_29' (cds.lib command ignored).
DEFINE v_vid_sdi_tx_bridge_v2_0_0  /home/miglioranza/project_1.xpr/project_1/project_1.cache/compile_simlib/xcelium/v_vid_sdi_tx_bridge_v2_0_0
|
xmvhdl_p: *W,DLCPTH (./cds.lib,61): cds.lib Invalid path '/home/miglioranza/project_1.xpr/project_1/project_1.cache/compile_simlib/xcelium/v_vid_sdi_tx_bridge_v2_0_0' (cds.lib command ignored).
DEFINE canfd_v3_0_4  /home/miglioranza/project_1.xpr/project_1/project_1.cache/compile_simlib/xcelium/canfd_v3_0_4
|
xmvhdl_p: *W,DLCPTH (./cds.lib,62): cds.lib Invalid path '/home/miglioranza/project_1.xpr/project_1/project_1.cache/compile_simlib/xcelium/canfd_v3_0_4' (cds.lib command ignored).
DEFINE ieee802d3_200g_rs_fec_v2_0_4  /home/miglioranza/project_1.xpr/project_1/project_1.cache/compile_simlib/xcelium/ieee802d3_200g_rs_fec_v2_0_4
|
xmvhdl_p: *W,DLCPTH (./cds.lib,63): cds.lib Invalid path '/home/miglioranza/project_1.xpr/project_1/project_1.cache/compile_simlib/xcelium/ieee802d3_200g_rs_fec_v2_0_4' (cds.lib command ignored).
DEFINE pr_decoupler_v1_0_10  /home/miglioranza/project_1.xpr/project_1/project_1.cache/compile_simlib/xcelium/pr_decoupler_v1_0_10
|
xmvhdl_p: *W,DLCPTH (./cds.lib,64): cds.lib Invalid path '/home/miglioranza/project_1.xpr/project_1/project_1.cache/compile_simlib/xcelium/pr_decoupler_v1_0_10' (cds.lib command ignored).
DEFINE axi_interconnect_v1_7_19  /home/miglioranza/project_1.xpr/project_1/project_1.cache/compile_simlib/xcelium/axi_interconnect_v1_7_19
|
xmvhdl_p: *W,DLCPTH (./cds.lib,65): cds.lib Invalid path '/home/miglioranza/project_1.xpr/project_1/project_1.cache/compile_simlib/xcelium/axi_interconnect_v1_7_19' (cds.lib command ignored).
DEFINE v_hdmi_tx1_v1_0_2  /home/miglioranza/project_1.xpr/project_1/project_1.cache/compile_simlib/xcelium/v_hdmi_tx1_v1_0_2
|
xmvhdl_p: *W,DLCPTH (./cds.lib,66): cds.lib Invalid path '/home/miglioranza/project_1.xpr/project_1/project_1.cache/compile_simlib/xcelium/v_hdmi_tx1_v1_0_2' (cds.lib command ignored).
DEFINE dfx_bitstream_monitor_v1_0_1  /home/miglioranza/project_1.xpr/project_1/project_1.cache/compile_simlib/xcelium/dfx_bitstream_monitor_v1_0_1
|
xmvhdl_p: *W,DLCPTH (./cds.lib,67): cds.lib Invalid path '/home/miglioranza/project_1.xpr/project_1/project_1.cache/compile_simlib/xcelium/dfx_bitstream_monitor_v1_0_1' (cds.lib command ignored).
DEFINE cic_compiler_v4_0_15  /home/miglioranza/project_1.xpr/project_1/project_1.cache/compile_simlib/xcelium/cic_compiler_v4_0_15
|
xmvhdl_p: *W,DLCPTH (./cds.lib,68): cds.lib Invalid path '/home/miglioranza/project_1.xpr/project_1/project_1.cache/compile_simlib/xcelium/cic_compiler_v4_0_15' (cds.lib command ignored).
DEFINE lte_3gpp_mimo_decoder_v3_0_17  /home/miglioranza/project_1.xpr/project_1/project_1.cache/compile_simlib/xcelium/lte_3gpp_mimo_decoder_v3_0_17
|
xmvhdl_p: *W,DLCPTH (./cds.lib,69): cds.lib Invalid path '/home/miglioranza/project_1.xpr/project_1/project_1.cache/compile_simlib/xcelium/lte_3gpp_mimo_decoder_v3_0_17' (cds.lib command ignored).
DEFINE v_dual_splitter_v1_0_9  /home/miglioranza/project_1.xpr/project_1/project_1.cache/compile_simlib/xcelium/v_dual_splitter_v1_0_9
|
xmvhdl_p: *W,DLCPTH (./cds.lib,70): cds.lib Invalid path '/home/miglioranza/project_1.xpr/project_1/project_1.cache/compile_simlib/xcelium/v_dual_splitter_v1_0_9' (cds.lib command ignored).
DEFINE lte_dl_channel_encoder_v4_0_3  /home/miglioranza/project_1.xpr/project_1/project_1.cache/compile_simlib/xcelium/lte_dl_channel_encoder_v4_0_3
|
xmvhdl_p: *W,DLCPTH (./cds.lib,71): cds.lib Invalid path '/home/miglioranza/project_1.xpr/project_1/project_1.cache/compile_simlib/xcelium/lte_dl_channel_encoder_v4_0_3' (cds.lib command ignored).
DEFINE dft_v4_2_2  /home/miglioranza/project_1.xpr/project_1/project_1.cache/compile_simlib/xcelium/dft_v4_2_2
|
xmvhdl_p: *W,DLCPTH (./cds.lib,72): cds.lib Invalid path '/home/miglioranza/project_1.xpr/project_1/project_1.cache/compile_simlib/xcelium/dft_v4_2_2' (cds.lib command ignored).
DEFINE mdm_v3_2_22  /home/miglioranza/project_1.xpr/project_1/project_1.cache/compile_simlib/xcelium/mdm_v3_2_22
|
xmvhdl_p: *W,DLCPTH (./cds.lib,73): cds.lib Invalid path '/home/miglioranza/project_1.xpr/project_1/project_1.cache/compile_simlib/xcelium/mdm_v3_2_22' (cds.lib command ignored).
DEFINE bs_switch_v1_0_0  /home/miglioranza/project_1.xpr/project_1/project_1.cache/compile_simlib/xcelium/bs_switch_v1_0_0
|
xmvhdl_p: *W,DLCPTH (./cds.lib,74): cds.lib Invalid path '/home/miglioranza/project_1.xpr/project_1/project_1.cache/compile_simlib/xcelium/bs_switch_v1_0_0' (cds.lib command ignored).
DEFINE axi4svideo_bridge_v1_0_13  /home/miglioranza/project_1.xpr/project_1/project_1.cache/compile_simlib/xcelium/axi4svideo_bridge_v1_0_13
|
xmvhdl_p: *W,DLCPTH (./cds.lib,75): cds.lib Invalid path '/home/miglioranza/project_1.xpr/project_1/project_1.cache/compile_simlib/xcelium/axi4svideo_bridge_v1_0_13' (cds.lib command ignored).
DEFINE axis_interconnect_v1_1_19  /home/miglioranza/project_1.xpr/project_1/project_1.cache/compile_simlib/xcelium/axis_interconnect_v1_1_19
|
xmvhdl_p: *W,DLCPTH (./cds.lib,76): cds.lib Invalid path '/home/miglioranza/project_1.xpr/project_1/project_1.cache/compile_simlib/xcelium/axis_interconnect_v1_1_19' (cds.lib command ignored).
DEFINE xdfe_fft_v1_0_1  /home/miglioranza/project_1.xpr/project_1/project_1.cache/compile_simlib/xcelium/xdfe_fft_v1_0_1
|
xmvhdl_p: *W,DLCPTH (./cds.lib,77): cds.lib Invalid path '/home/miglioranza/project_1.xpr/project_1/project_1.cache/compile_simlib/xcelium/xdfe_fft_v1_0_1' (cds.lib command ignored).
DEFINE xdfe_nr_prach_v1_0_1  /home/miglioranza/project_1.xpr/project_1/project_1.cache/compile_simlib/xcelium/xdfe_nr_prach_v1_0_1
|
xmvhdl_p: *W,DLCPTH (./cds.lib,78): cds.lib Invalid path '/home/miglioranza/project_1.xpr/project_1/project_1.cache/compile_simlib/xcelium/xdfe_nr_prach_v1_0_1' (cds.lib command ignored).
DEFINE axis_data_fifo_v1_1_26  /home/miglioranza/project_1.xpr/project_1/project_1.cache/compile_simlib/xcelium/axis_data_fifo_v1_1_26
|
xmvhdl_p: *W,DLCPTH (./cds.lib,79): cds.lib Invalid path '/home/miglioranza/project_1.xpr/project_1/project_1.cache/compile_simlib/xcelium/axis_data_fifo_v1_1_26' (cds.lib command ignored).
DEFINE axis_ila_intf_v1_0_0  /home/miglioranza/project_1.xpr/project_1/project_1.cache/compile_simlib/xcelium/axis_ila_intf_v1_0_0
|
xmvhdl_p: *W,DLCPTH (./cds.lib,80): cds.lib Invalid path '/home/miglioranza/project_1.xpr/project_1/project_1.cache/compile_simlib/xcelium/axis_ila_intf_v1_0_0' (cds.lib command ignored).
DEFINE tmr_sem_v1_0_20  /home/miglioranza/project_1.xpr/project_1/project_1.cache/compile_simlib/xcelium/tmr_sem_v1_0_20
|
xmvhdl_p: *W,DLCPTH (./cds.lib,81): cds.lib Invalid path '/home/miglioranza/project_1.xpr/project_1/project_1.cache/compile_simlib/xcelium/tmr_sem_v1_0_20' (cds.lib command ignored).
DEFINE videoaxi4s_bridge_v1_0_5  /home/miglioranza/project_1.xpr/project_1/project_1.cache/compile_simlib/xcelium/videoaxi4s_bridge_v1_0_5
|
xmvhdl_p: *W,DLCPTH (./cds.lib,82): cds.lib Invalid path '/home/miglioranza/project_1.xpr/project_1/project_1.cache/compile_simlib/xcelium/videoaxi4s_bridge_v1_0_5' (cds.lib command ignored).
DEFINE v_hdmi_rx1_v1_0_2  /home/miglioranza/project_1.xpr/project_1/project_1.cache/compile_simlib/xcelium/v_hdmi_rx1_v1_0_2
|
xmvhdl_p: *W,DLCPTH (./cds.lib,83): cds.lib Invalid path '/home/miglioranza/project_1.xpr/project_1/project_1.cache/compile_simlib/xcelium/v_hdmi_rx1_v1_0_2' (cds.lib command ignored).
DEFINE dbg_intf  /home/miglioranza/project_1.xpr/project_1/project_1.cache/compile_simlib/xcelium/dbg_intf
|
xmvhdl_p: *W,DLCPTH (./cds.lib,84): cds.lib Invalid path '/home/miglioranza/project_1.xpr/project_1/project_1.cache/compile_simlib/xcelium/dbg_intf' (cds.lib command ignored).
/ihp/ihpusr/xilinx/vivado2021.2/Vivado/2021.2/data/ip/xilinx/axi_dma_v7_1/hdl/axi_dma_v7_1_vh_rfs.vhd:
	errors: 0, warnings: 0
DEFINE tsn_temac_v1_0_6  /home/miglioranza/project_1.xpr/project_1/project_1.cache/compile_simlib/xcelium/tsn_temac_v1_0_6
|
xmvhdl_cg: *W,DLCPTH (./cds.lib,2): cds.lib Invalid path '/home/miglioranza/project_1.xpr/project_1/project_1.cache/compile_simlib/xcelium/tsn_temac_v1_0_6' (cds.lib command ignored).
DEFINE fc32_rs_fec_v1_0_20  /home/miglioranza/project_1.xpr/project_1/project_1.cache/compile_simlib/xcelium/fc32_rs_fec_v1_0_20
|
xmvhdl_cg: *W,DLCPTH (./cds.lib,3): cds.lib Invalid path '/home/miglioranza/project_1.xpr/project_1/project_1.cache/compile_simlib/xcelium/fc32_rs_fec_v1_0_20' (cds.lib command ignored).
DEFINE ieee802d3_400g_rs_fec_v2_0_6  /home/miglioranza/project_1.xpr/project_1/project_1.cache/compile_simlib/xcelium/ieee802d3_400g_rs_fec_v2_0_6
|
xmvhdl_cg: *W,DLCPTH (./cds.lib,4): cds.lib Invalid path '/home/miglioranza/project_1.xpr/project_1/project_1.cache/compile_simlib/xcelium/ieee802d3_400g_rs_fec_v2_0_6' (cds.lib command ignored).
DEFINE displayport_v8_1_4  /home/miglioranza/project_1.xpr/project_1/project_1.cache/compile_simlib/xcelium/displayport_v8_1_4
|
xmvhdl_cg: *W,DLCPTH (./cds.lib,5): cds.lib Invalid path '/home/miglioranza/project_1.xpr/project_1/project_1.cache/compile_simlib/xcelium/displayport_v8_1_4' (cds.lib command ignored).
DEFINE displayport_v9_0_4  /home/miglioranza/project_1.xpr/project_1/project_1.cache/compile_simlib/xcelium/displayport_v9_0_4
|
xmvhdl_cg: *W,DLCPTH (./cds.lib,6): cds.lib Invalid path '/home/miglioranza/project_1.xpr/project_1/project_1.cache/compile_simlib/xcelium/displayport_v9_0_4' (cds.lib command ignored).
DEFINE quadsgmii_v3_5_5  /home/miglioranza/project_1.xpr/project_1/project_1.cache/compile_simlib/xcelium/quadsgmii_v3_5_5
|
xmvhdl_cg: *W,DLCPTH (./cds.lib,7): cds.lib Invalid path '/home/miglioranza/project_1.xpr/project_1/project_1.cache/compile_simlib/xcelium/quadsgmii_v3_5_5' (cds.lib command ignored).
DEFINE displayport_v7_0_0  /home/miglioranza/project_1.xpr/project_1/project_1.cache/compile_simlib/xcelium/displayport_v7_0_0
|
xmvhdl_cg: *W,DLCPTH (./cds.lib,8): cds.lib Invalid path '/home/miglioranza/project_1.xpr/project_1/project_1.cache/compile_simlib/xcelium/displayport_v7_0_0' (cds.lib command ignored).
DEFINE ieee802d3_25g_rs_fec_v1_0_22  /home/miglioranza/project_1.xpr/project_1/project_1.cache/compile_simlib/xcelium/ieee802d3_25g_rs_fec_v1_0_22
|
xmvhdl_cg: *W,DLCPTH (./cds.lib,9): cds.lib Invalid path '/home/miglioranza/project_1.xpr/project_1/project_1.cache/compile_simlib/xcelium/ieee802d3_25g_rs_fec_v1_0_22' (cds.lib command ignored).
DEFINE axi_epc_v2_0_28  /home/miglioranza/project_1.xpr/project_1/project_1.cache/compile_simlib/xcelium/axi_epc_v2_0_28
|
xmvhdl_cg: *W,DLCPTH (./cds.lib,10): cds.lib Invalid path '/home/miglioranza/project_1.xpr/project_1/project_1.cache/compile_simlib/xcelium/axi_epc_v2_0_28' (cds.lib command ignored).
DEFINE switch_core_top_v1_0_10  /home/miglioranza/project_1.xpr/project_1/project_1.cache/compile_simlib/xcelium/switch_core_top_v1_0_10
|
xmvhdl_cg: *W,DLCPTH (./cds.lib,11): cds.lib Invalid path '/home/miglioranza/project_1.xpr/project_1/project_1.cache/compile_simlib/xcelium/switch_core_top_v1_0_10' (cds.lib command ignored).
DEFINE soft_ecc_proxy_v1_0_1  /home/miglioranza/project_1.xpr/project_1/project_1.cache/compile_simlib/xcelium/soft_ecc_proxy_v1_0_1
|
xmvhdl_cg: *W,DLCPTH (./cds.lib,12): cds.lib Invalid path '/home/miglioranza/project_1.xpr/project_1/project_1.cache/compile_simlib/xcelium/soft_ecc_proxy_v1_0_1' (cds.lib command ignored).
DEFINE axi_timebase_wdt_v3_0_17  /home/miglioranza/project_1.xpr/project_1/project_1.cache/compile_simlib/xcelium/axi_timebase_wdt_v3_0_17
|
xmvhdl_cg: *W,DLCPTH (./cds.lib,13): cds.lib Invalid path '/home/miglioranza/project_1.xpr/project_1/project_1.cache/compile_simlib/xcelium/axi_timebase_wdt_v3_0_17' (cds.lib command ignored).
DEFINE tri_mode_ethernet_mac_v9_0_20  /home/miglioranza/project_1.xpr/project_1/project_1.cache/compile_simlib/xcelium/tri_mode_ethernet_mac_v9_0_20
|
xmvhdl_cg: *W,DLCPTH (./cds.lib,14): cds.lib Invalid path '/home/miglioranza/project_1.xpr/project_1/project_1.cache/compile_simlib/xcelium/tri_mode_ethernet_mac_v9_0_20' (cds.lib command ignored).
DEFINE axi_cdma_v4_1_25  /home/miglioranza/project_1.xpr/project_1/project_1.cache/compile_simlib/xcelium/axi_cdma_v4_1_25
|
xmvhdl_cg: *W,DLCPTH (./cds.lib,15): cds.lib Invalid path '/home/miglioranza/project_1.xpr/project_1/project_1.cache/compile_simlib/xcelium/axi_cdma_v4_1_25' (cds.lib command ignored).
DEFINE v_vid_gt_bridge_v1_0_4  /home/miglioranza/project_1.xpr/project_1/project_1.cache/compile_simlib/xcelium/v_vid_gt_bridge_v1_0_4
|
xmvhdl_cg: *W,DLCPTH (./cds.lib,16): cds.lib Invalid path '/home/miglioranza/project_1.xpr/project_1/project_1.cache/compile_simlib/xcelium/v_vid_gt_bridge_v1_0_4' (cds.lib command ignored).
DEFINE axi_ethernetlite_v3_0_24  /home/miglioranza/project_1.xpr/project_1/project_1.cache/compile_simlib/xcelium/axi_ethernetlite_v3_0_24
|
xmvhdl_cg: *W,DLCPTH (./cds.lib,17): cds.lib Invalid path '/home/miglioranza/project_1.xpr/project_1/project_1.cache/compile_simlib/xcelium/axi_ethernetlite_v3_0_24' (cds.lib command ignored).
DEFINE axi_dwidth_converter_v2_1_25  /home/miglioranza/project_1.xpr/project_1/project_1.cache/compile_simlib/xcelium/axi_dwidth_converter_v2_1_25
|
xmvhdl_cg: *W,DLCPTH (./cds.lib,18): cds.lib Invalid path '/home/miglioranza/project_1.xpr/project_1/project_1.cache/compile_simlib/xcelium/axi_dwidth_converter_v2_1_25' (cds.lib command ignored).
DEFINE axi_mmu_v2_1_23  /home/miglioranza/project_1.xpr/project_1/project_1.cache/compile_simlib/xcelium/axi_mmu_v2_1_23
|
xmvhdl_cg: *W,DLCPTH (./cds.lib,19): cds.lib Invalid path '/home/miglioranza/project_1.xpr/project_1/project_1.cache/compile_simlib/xcelium/axi_mmu_v2_1_23' (cds.lib command ignored).
DEFINE xfft_v9_1_7  /home/miglioranza/project_1.xpr/project_1/project_1.cache/compile_simlib/xcelium/xfft_v9_1_7
|
xmvhdl_cg: *W,DLCPTH (./cds.lib,20): cds.lib Invalid path '/home/miglioranza/project_1.xpr/project_1/project_1.cache/compile_simlib/xcelium/xfft_v9_1_7' (cds.lib command ignored).
DEFINE c_accum_v12_0_14  /home/miglioranza/project_1.xpr/project_1/project_1.cache/compile_simlib/xcelium/c_accum_v12_0_14
|
xmvhdl_cg: *W,DLCPTH (./cds.lib,21): cds.lib Invalid path '/home/miglioranza/project_1.xpr/project_1/project_1.cache/compile_simlib/xcelium/c_accum_v12_0_14' (cds.lib command ignored).
DEFINE tcc_encoder_3gpp_v5_0_17  /home/miglioranza/project_1.xpr/project_1/project_1.cache/compile_simlib/xcelium/tcc_encoder_3gpp_v5_0_17
|
xmvhdl_cg: *W,DLCPTH (./cds.lib,22): cds.lib Invalid path '/home/miglioranza/project_1.xpr/project_1/project_1.cache/compile_simlib/xcelium/tcc_encoder_3gpp_v5_0_17' (cds.lib command ignored).
DEFINE polar_v1_0_9  /home/miglioranza/project_1.xpr/project_1/project_1.cache/compile_simlib/xcelium/polar_v1_0_9
|
xmvhdl_cg: *W,DLCPTH (./cds.lib,23): cds.lib Invalid path '/home/miglioranza/project_1.xpr/project_1/project_1.cache/compile_simlib/xcelium/polar_v1_0_9' (cds.lib command ignored).
DEFINE xdfe_common_v1_0_0  /home/miglioranza/project_1.xpr/project_1/project_1.cache/compile_simlib/xcelium/xdfe_common_v1_0_0
|
xmvhdl_cg: *W,DLCPTH (./cds.lib,24): cds.lib Invalid path '/home/miglioranza/project_1.xpr/project_1/project_1.cache/compile_simlib/xcelium/xdfe_common_v1_0_0' (cds.lib command ignored).
DEFINE xdfe_equalizer_v1_0_1  /home/miglioranza/project_1.xpr/project_1/project_1.cache/compile_simlib/xcelium/xdfe_equalizer_v1_0_1
|
xmvhdl_cg: *W,DLCPTH (./cds.lib,25): cds.lib Invalid path '/home/miglioranza/project_1.xpr/project_1/project_1.cache/compile_simlib/xcelium/xdfe_equalizer_v1_0_1' (cds.lib command ignored).
DEFINE ieee802d3_rs_fec_v2_0_14  /home/miglioranza/project_1.xpr/project_1/project_1.cache/compile_simlib/xcelium/ieee802d3_rs_fec_v2_0_14
|
xmvhdl_cg: *W,DLCPTH (./cds.lib,26): cds.lib Invalid path '/home/miglioranza/project_1.xpr/project_1/project_1.cache/compile_simlib/xcelium/ieee802d3_rs_fec_v2_0_14' (cds.lib command ignored).
DEFINE etrnic_v1_1_4  /home/miglioranza/project_1.xpr/project_1/project_1.cache/compile_simlib/xcelium/etrnic_v1_1_4
|
xmvhdl_cg: *W,DLCPTH (./cds.lib,27): cds.lib Invalid path '/home/miglioranza/project_1.xpr/project_1/project_1.cache/compile_simlib/xcelium/etrnic_v1_1_4' (cds.lib command ignored).
DEFINE rs_encoder_v9_0_16  /home/miglioranza/project_1.xpr/project_1/project_1.cache/compile_simlib/xcelium/rs_encoder_v9_0_16
|
xmvhdl_cg: *W,DLCPTH (./cds.lib,28): cds.lib Invalid path '/home/miglioranza/project_1.xpr/project_1/project_1.cache/compile_simlib/xcelium/rs_encoder_v9_0_16' (cds.lib command ignored).
DEFINE viterbi_v9_1_12  /home/miglioranza/project_1.xpr/project_1/project_1.cache/compile_simlib/xcelium/viterbi_v9_1_12
|
xmvhdl_cg: *W,DLCPTH (./cds.lib,29): cds.lib Invalid path '/home/miglioranza/project_1.xpr/project_1/project_1.cache/compile_simlib/xcelium/viterbi_v9_1_12' (cds.lib command ignored).
DEFINE shell_utils_addr_remap_v1_0_4  /home/miglioranza/project_1.xpr/project_1/project_1.cache/compile_simlib/xcelium/shell_utils_addr_remap_v1_0_4
|
xmvhdl_cg: *W,DLCPTH (./cds.lib,30): cds.lib Invalid path '/home/miglioranza/project_1.xpr/project_1/project_1.cache/compile_simlib/xcelium/shell_utils_addr_remap_v1_0_4' (cds.lib command ignored).
DEFINE xdfe_cc_mixer_v1_0_1  /home/miglioranza/project_1.xpr/project_1/project_1.cache/compile_simlib/xcelium/xdfe_cc_mixer_v1_0_1
|
xmvhdl_cg: *W,DLCPTH (./cds.lib,31): cds.lib Invalid path '/home/miglioranza/project_1.xpr/project_1/project_1.cache/compile_simlib/xcelium/xdfe_cc_mixer_v1_0_1' (cds.lib command ignored).
DEFINE ieee802d3_50g_rs_fec_v1_0_18  /home/miglioranza/project_1.xpr/project_1/project_1.cache/compile_simlib/xcelium/ieee802d3_50g_rs_fec_v1_0_18
|
xmvhdl_cg: *W,DLCPTH (./cds.lib,32): cds.lib Invalid path '/home/miglioranza/project_1.xpr/project_1/project_1.cache/compile_simlib/xcelium/ieee802d3_50g_rs_fec_v1_0_18' (cds.lib command ignored).
DEFINE flexo_100g_rs_fec_v1_0_20  /home/miglioranza/project_1.xpr/project_1/project_1.cache/compile_simlib/xcelium/flexo_100g_rs_fec_v1_0_20
|
xmvhdl_cg: *W,DLCPTH (./cds.lib,33): cds.lib Invalid path '/home/miglioranza/project_1.xpr/project_1/project_1.cache/compile_simlib/xcelium/flexo_100g_rs_fec_v1_0_20' (cds.lib command ignored).
DEFINE vby1hs_v1_0_1  /home/miglioranza/project_1.xpr/project_1/project_1.cache/compile_simlib/xcelium/vby1hs_v1_0_1
|
xmvhdl_cg: *W,DLCPTH (./cds.lib,34): cds.lib Invalid path '/home/miglioranza/project_1.xpr/project_1/project_1.cache/compile_simlib/xcelium/vby1hs_v1_0_1' (cds.lib command ignored).
DEFINE axi_usb2_device_v5_0_26  /home/miglioranza/project_1.xpr/project_1/project_1.cache/compile_simlib/xcelium/axi_usb2_device_v5_0_26
|
xmvhdl_cg: *W,DLCPTH (./cds.lib,35): cds.lib Invalid path '/home/miglioranza/project_1.xpr/project_1/project_1.cache/compile_simlib/xcelium/axi_usb2_device_v5_0_26' (cds.lib command ignored).
DEFINE axis_data_fifo_v2_0_7  /home/miglioranza/project_1.xpr/project_1/project_1.cache/compile_simlib/xcelium/axis_data_fifo_v2_0_7
|
xmvhdl_cg: *W,DLCPTH (./cds.lib,36): cds.lib Invalid path '/home/miglioranza/project_1.xpr/project_1/project_1.cache/compile_simlib/xcelium/axis_data_fifo_v2_0_7' (cds.lib command ignored).
DEFINE axis_combiner_v1_1_23  /home/miglioranza/project_1.xpr/project_1/project_1.cache/compile_simlib/xcelium/axis_combiner_v1_1_23
|
xmvhdl_cg: *W,DLCPTH (./cds.lib,37): cds.lib Invalid path '/home/miglioranza/project_1.xpr/project_1/project_1.cache/compile_simlib/xcelium/axis_combiner_v1_1_23' (cds.lib command ignored).
DEFINE convolution_v9_0_15  /home/miglioranza/project_1.xpr/project_1/project_1.cache/compile_simlib/xcelium/convolution_v9_0_15
|
xmvhdl_cg: *W,DLCPTH (./cds.lib,38): cds.lib Invalid path '/home/miglioranza/project_1.xpr/project_1/project_1.cache/compile_simlib/xcelium/convolution_v9_0_15' (cds.lib command ignored).
DEFINE lte_fft_v2_1_5  /home/miglioranza/project_1.xpr/project_1/project_1.cache/compile_simlib/xcelium/lte_fft_v2_1_5
|
xmvhdl_cg: *W,DLCPTH (./cds.lib,39): cds.lib Invalid path '/home/miglioranza/project_1.xpr/project_1/project_1.cache/compile_simlib/xcelium/lte_fft_v2_1_5' (cds.lib command ignored).
DEFINE v_frmbuf_rd_v2_3_0  /home/miglioranza/project_1.xpr/project_1/project_1.cache/compile_simlib/xcelium/v_frmbuf_rd_v2_3_0
|
xmvhdl_cg: *W,DLCPTH (./cds.lib,40): cds.lib Invalid path '/home/miglioranza/project_1.xpr/project_1/project_1.cache/compile_simlib/xcelium/v_frmbuf_rd_v2_3_0' (cds.lib command ignored).
DEFINE axi_uart16550_v2_0_27  /home/miglioranza/project_1.xpr/project_1/project_1.cache/compile_simlib/xcelium/axi_uart16550_v2_0_27
|
xmvhdl_cg: *W,DLCPTH (./cds.lib,41): cds.lib Invalid path '/home/miglioranza/project_1.xpr/project_1/project_1.cache/compile_simlib/xcelium/axi_uart16550_v2_0_27' (cds.lib command ignored).
DEFINE dsp_macro_v1_0_2  /home/miglioranza/project_1.xpr/project_1/project_1.cache/compile_simlib/xcelium/dsp_macro_v1_0_2
|
xmvhdl_cg: *W,DLCPTH (./cds.lib,42): cds.lib Invalid path '/home/miglioranza/project_1.xpr/project_1/project_1.cache/compile_simlib/xcelium/dsp_macro_v1_0_2' (cds.lib command ignored).
DEFINE tmr_comparator_v1_0_4  /home/miglioranza/project_1.xpr/project_1/project_1.cache/compile_simlib/xcelium/tmr_comparator_v1_0_4
|
xmvhdl_cg: *W,DLCPTH (./cds.lib,43): cds.lib Invalid path '/home/miglioranza/project_1.xpr/project_1/project_1.cache/compile_simlib/xcelium/tmr_comparator_v1_0_4' (cds.lib command ignored).
DEFINE axi_bram_ctrl_v4_0_14  /home/miglioranza/project_1.xpr/project_1/project_1.cache/compile_simlib/xcelium/axi_bram_ctrl_v4_0_14
|
xmvhdl_cg: *W,DLCPTH (./cds.lib,44): cds.lib Invalid path '/home/miglioranza/project_1.xpr/project_1/project_1.cache/compile_simlib/xcelium/axi_bram_ctrl_v4_0_14' (cds.lib command ignored).
DEFINE dfx_axi_shutdown_manager_v1_0_0  /home/miglioranza/project_1.xpr/project_1/project_1.cache/compile_simlib/xcelium/dfx_axi_shutdown_manager_v1_0_0
|
xmvhdl_cg: *W,DLCPTH (./cds.lib,45): cds.lib Invalid path '/home/miglioranza/project_1.xpr/project_1/project_1.cache/compile_simlib/xcelium/dfx_axi_shutdown_manager_v1_0_0' (cds.lib command ignored).
DEFINE axis_clock_converter_v1_1_26  /home/miglioranza/project_1.xpr/project_1/project_1.cache/compile_simlib/xcelium/axis_clock_converter_v1_1_26
|
xmvhdl_cg: *W,DLCPTH (./cds.lib,46): cds.lib Invalid path '/home/miglioranza/project_1.xpr/project_1/project_1.cache/compile_simlib/xcelium/axis_clock_converter_v1_1_26' (cds.lib command ignored).
DEFINE axi_sideband_util_v1_0_9  /home/miglioranza/project_1.xpr/project_1/project_1.cache/compile_simlib/xcelium/axi_sideband_util_v1_0_9
|
xmvhdl_cg: *W,DLCPTH (./cds.lib,47): cds.lib Invalid path '/home/miglioranza/project_1.xpr/project_1/project_1.cache/compile_simlib/xcelium/axi_sideband_util_v1_0_9' (cds.lib command ignored).
DEFINE axi_firewall_v1_2_0  /home/miglioranza/project_1.xpr/project_1/project_1.cache/compile_simlib/xcelium/axi_firewall_v1_2_0
|
xmvhdl_cg: *W,DLCPTH (./cds.lib,48): cds.lib Invalid path '/home/miglioranza/project_1.xpr/project_1/project_1.cache/compile_simlib/xcelium/axi_firewall_v1_2_0' (cds.lib command ignored).
DEFINE axi_master_burst_v2_0_7  /home/miglioranza/project_1.xpr/project_1/project_1.cache/compile_simlib/xcelium/axi_master_burst_v2_0_7
|
xmvhdl_cg: *W,DLCPTH (./cds.lib,49): cds.lib Invalid path '/home/miglioranza/project_1.xpr/project_1/project_1.cache/compile_simlib/xcelium/axi_master_burst_v2_0_7' (cds.lib command ignored).
DEFINE axi_tft_v2_0_24  /home/miglioranza/project_1.xpr/project_1/project_1.cache/compile_simlib/xcelium/axi_tft_v2_0_24
|
xmvhdl_cg: *W,DLCPTH (./cds.lib,50): cds.lib Invalid path '/home/miglioranza/project_1.xpr/project_1/project_1.cache/compile_simlib/xcelium/axi_tft_v2_0_24' (cds.lib command ignored).
DEFINE ernic_v3_1_1  /home/miglioranza/project_1.xpr/project_1/project_1.cache/compile_simlib/xcelium/ernic_v3_1_1
|
xmvhdl_cg: *W,DLCPTH (./cds.lib,51): cds.lib Invalid path '/home/miglioranza/project_1.xpr/project_1/project_1.cache/compile_simlib/xcelium/ernic_v3_1_1' (cds.lib command ignored).
DEFINE axi_gpio_v2_0_27  /home/miglioranza/project_1.xpr/project_1/project_1.cache/compile_simlib/xcelium/axi_gpio_v2_0_27
|
xmvhdl_cg: *W,DLCPTH (./cds.lib,52): cds.lib Invalid path '/home/miglioranza/project_1.xpr/project_1/project_1.cache/compile_simlib/xcelium/axi_gpio_v2_0_27' (cds.lib command ignored).
DEFINE xsdbs_v1_0_2  /home/miglioranza/project_1.xpr/project_1/project_1.cache/compile_simlib/xcelium/xsdbs_v1_0_2
|
xmvhdl_cg: *W,DLCPTH (./cds.lib,53): cds.lib Invalid path '/home/miglioranza/project_1.xpr/project_1/project_1.cache/compile_simlib/xcelium/xsdbs_v1_0_2' (cds.lib command ignored).
DEFINE tcc_encoder_3gpplte_v4_0_16  /home/miglioranza/project_1.xpr/project_1/project_1.cache/compile_simlib/xcelium/tcc_encoder_3gpplte_v4_0_16
|
xmvhdl_cg: *W,DLCPTH (./cds.lib,54): cds.lib Invalid path '/home/miglioranza/project_1.xpr/project_1/project_1.cache/compile_simlib/xcelium/tcc_encoder_3gpplte_v4_0_16' (cds.lib command ignored).
DEFINE mailbox_v2_1_15  /home/miglioranza/project_1.xpr/project_1/project_1.cache/compile_simlib/xcelium/mailbox_v2_1_15
|
xmvhdl_cg: *W,DLCPTH (./cds.lib,55): cds.lib Invalid path '/home/miglioranza/project_1.xpr/project_1/project_1.cache/compile_simlib/xcelium/mailbox_v2_1_15' (cds.lib command ignored).
DEFINE ats_switch_v1_0_4  /home/miglioranza/project_1.xpr/project_1/project_1.cache/compile_simlib/xcelium/ats_switch_v1_0_4
|
xmvhdl_cg: *W,DLCPTH (./cds.lib,56): cds.lib Invalid path '/home/miglioranza/project_1.xpr/project_1/project_1.cache/compile_simlib/xcelium/ats_switch_v1_0_4' (cds.lib command ignored).
DEFINE lte_3gpp_mimo_encoder_v4_0_16  /home/miglioranza/project_1.xpr/project_1/project_1.cache/compile_simlib/xcelium/lte_3gpp_mimo_encoder_v4_0_16
|
xmvhdl_cg: *W,DLCPTH (./cds.lib,57): cds.lib Invalid path '/home/miglioranza/project_1.xpr/project_1/project_1.cache/compile_simlib/xcelium/lte_3gpp_mimo_encoder_v4_0_16' (cds.lib command ignored).
DEFINE axi_memory_init_v1_0_6  /home/miglioranza/project_1.xpr/project_1/project_1.cache/compile_simlib/xcelium/axi_memory_init_v1_0_6
|
xmvhdl_cg: *W,DLCPTH (./cds.lib,58): cds.lib Invalid path '/home/miglioranza/project_1.xpr/project_1/project_1.cache/compile_simlib/xcelium/axi_memory_init_v1_0_6' (cds.lib command ignored).
DEFINE xdfe_cc_filter_v1_0_1  /home/miglioranza/project_1.xpr/project_1/project_1.cache/compile_simlib/xcelium/xdfe_cc_filter_v1_0_1
|
xmvhdl_cg: *W,DLCPTH (./cds.lib,59): cds.lib Invalid path '/home/miglioranza/project_1.xpr/project_1/project_1.cache/compile_simlib/xcelium/xdfe_cc_filter_v1_0_1' (cds.lib command ignored).
DEFINE axi_uartlite_v2_0_29  /home/miglioranza/project_1.xpr/project_1/project_1.cache/compile_simlib/xcelium/axi_uartlite_v2_0_29
|
xmvhdl_cg: *W,DLCPTH (./cds.lib,60): cds.lib Invalid path '/home/miglioranza/project_1.xpr/project_1/project_1.cache/compile_simlib/xcelium/axi_uartlite_v2_0_29' (cds.lib command ignored).
DEFINE v_vid_sdi_tx_bridge_v2_0_0  /home/miglioranza/project_1.xpr/project_1/project_1.cache/compile_simlib/xcelium/v_vid_sdi_tx_bridge_v2_0_0
|
xmvhdl_cg: *W,DLCPTH (./cds.lib,61): cds.lib Invalid path '/home/miglioranza/project_1.xpr/project_1/project_1.cache/compile_simlib/xcelium/v_vid_sdi_tx_bridge_v2_0_0' (cds.lib command ignored).
DEFINE canfd_v3_0_4  /home/miglioranza/project_1.xpr/project_1/project_1.cache/compile_simlib/xcelium/canfd_v3_0_4
|
xmvhdl_cg: *W,DLCPTH (./cds.lib,62): cds.lib Invalid path '/home/miglioranza/project_1.xpr/project_1/project_1.cache/compile_simlib/xcelium/canfd_v3_0_4' (cds.lib command ignored).
DEFINE ieee802d3_200g_rs_fec_v2_0_4  /home/miglioranza/project_1.xpr/project_1/project_1.cache/compile_simlib/xcelium/ieee802d3_200g_rs_fec_v2_0_4
|
xmvhdl_cg: *W,DLCPTH (./cds.lib,63): cds.lib Invalid path '/home/miglioranza/project_1.xpr/project_1/project_1.cache/compile_simlib/xcelium/ieee802d3_200g_rs_fec_v2_0_4' (cds.lib command ignored).
DEFINE pr_decoupler_v1_0_10  /home/miglioranza/project_1.xpr/project_1/project_1.cache/compile_simlib/xcelium/pr_decoupler_v1_0_10
|
xmvhdl_cg: *W,DLCPTH (./cds.lib,64): cds.lib Invalid path '/home/miglioranza/project_1.xpr/project_1/project_1.cache/compile_simlib/xcelium/pr_decoupler_v1_0_10' (cds.lib command ignored).
DEFINE axi_interconnect_v1_7_19  /home/miglioranza/project_1.xpr/project_1/project_1.cache/compile_simlib/xcelium/axi_interconnect_v1_7_19
|
xmvhdl_cg: *W,DLCPTH (./cds.lib,65): cds.lib Invalid path '/home/miglioranza/project_1.xpr/project_1/project_1.cache/compile_simlib/xcelium/axi_interconnect_v1_7_19' (cds.lib command ignored).
DEFINE v_hdmi_tx1_v1_0_2  /home/miglioranza/project_1.xpr/project_1/project_1.cache/compile_simlib/xcelium/v_hdmi_tx1_v1_0_2
|
xmvhdl_cg: *W,DLCPTH (./cds.lib,66): cds.lib Invalid path '/home/miglioranza/project_1.xpr/project_1/project_1.cache/compile_simlib/xcelium/v_hdmi_tx1_v1_0_2' (cds.lib command ignored).
DEFINE dfx_bitstream_monitor_v1_0_1  /home/miglioranza/project_1.xpr/project_1/project_1.cache/compile_simlib/xcelium/dfx_bitstream_monitor_v1_0_1
|
xmvhdl_cg: *W,DLCPTH (./cds.lib,67): cds.lib Invalid path '/home/miglioranza/project_1.xpr/project_1/project_1.cache/compile_simlib/xcelium/dfx_bitstream_monitor_v1_0_1' (cds.lib command ignored).
DEFINE cic_compiler_v4_0_15  /home/miglioranza/project_1.xpr/project_1/project_1.cache/compile_simlib/xcelium/cic_compiler_v4_0_15
|
xmvhdl_cg: *W,DLCPTH (./cds.lib,68): cds.lib Invalid path '/home/miglioranza/project_1.xpr/project_1/project_1.cache/compile_simlib/xcelium/cic_compiler_v4_0_15' (cds.lib command ignored).
DEFINE lte_3gpp_mimo_decoder_v3_0_17  /home/miglioranza/project_1.xpr/project_1/project_1.cache/compile_simlib/xcelium/lte_3gpp_mimo_decoder_v3_0_17
|
xmvhdl_cg: *W,DLCPTH (./cds.lib,69): cds.lib Invalid path '/home/miglioranza/project_1.xpr/project_1/project_1.cache/compile_simlib/xcelium/lte_3gpp_mimo_decoder_v3_0_17' (cds.lib command ignored).
DEFINE v_dual_splitter_v1_0_9  /home/miglioranza/project_1.xpr/project_1/project_1.cache/compile_simlib/xcelium/v_dual_splitter_v1_0_9
|
xmvhdl_cg: *W,DLCPTH (./cds.lib,70): cds.lib Invalid path '/home/miglioranza/project_1.xpr/project_1/project_1.cache/compile_simlib/xcelium/v_dual_splitter_v1_0_9' (cds.lib command ignored).
DEFINE lte_dl_channel_encoder_v4_0_3  /home/miglioranza/project_1.xpr/project_1/project_1.cache/compile_simlib/xcelium/lte_dl_channel_encoder_v4_0_3
|
xmvhdl_cg: *W,DLCPTH (./cds.lib,71): cds.lib Invalid path '/home/miglioranza/project_1.xpr/project_1/project_1.cache/compile_simlib/xcelium/lte_dl_channel_encoder_v4_0_3' (cds.lib command ignored).
DEFINE dft_v4_2_2  /home/miglioranza/project_1.xpr/project_1/project_1.cache/compile_simlib/xcelium/dft_v4_2_2
|
xmvhdl_cg: *W,DLCPTH (./cds.lib,72): cds.lib Invalid path '/home/miglioranza/project_1.xpr/project_1/project_1.cache/compile_simlib/xcelium/dft_v4_2_2' (cds.lib command ignored).
DEFINE mdm_v3_2_22  /home/miglioranza/project_1.xpr/project_1/project_1.cache/compile_simlib/xcelium/mdm_v3_2_22
|
xmvhdl_cg: *W,DLCPTH (./cds.lib,73): cds.lib Invalid path '/home/miglioranza/project_1.xpr/project_1/project_1.cache/compile_simlib/xcelium/mdm_v3_2_22' (cds.lib command ignored).
DEFINE bs_switch_v1_0_0  /home/miglioranza/project_1.xpr/project_1/project_1.cache/compile_simlib/xcelium/bs_switch_v1_0_0
|
xmvhdl_cg: *W,DLCPTH (./cds.lib,74): cds.lib Invalid path '/home/miglioranza/project_1.xpr/project_1/project_1.cache/compile_simlib/xcelium/bs_switch_v1_0_0' (cds.lib command ignored).
DEFINE axi4svideo_bridge_v1_0_13  /home/miglioranza/project_1.xpr/project_1/project_1.cache/compile_simlib/xcelium/axi4svideo_bridge_v1_0_13
|
xmvhdl_cg: *W,DLCPTH (./cds.lib,75): cds.lib Invalid path '/home/miglioranza/project_1.xpr/project_1/project_1.cache/compile_simlib/xcelium/axi4svideo_bridge_v1_0_13' (cds.lib command ignored).
DEFINE axis_interconnect_v1_1_19  /home/miglioranza/project_1.xpr/project_1/project_1.cache/compile_simlib/xcelium/axis_interconnect_v1_1_19
|
xmvhdl_cg: *W,DLCPTH (./cds.lib,76): cds.lib Invalid path '/home/miglioranza/project_1.xpr/project_1/project_1.cache/compile_simlib/xcelium/axis_interconnect_v1_1_19' (cds.lib command ignored).
DEFINE xdfe_fft_v1_0_1  /home/miglioranza/project_1.xpr/project_1/project_1.cache/compile_simlib/xcelium/xdfe_fft_v1_0_1
|
xmvhdl_cg: *W,DLCPTH (./cds.lib,77): cds.lib Invalid path '/home/miglioranza/project_1.xpr/project_1/project_1.cache/compile_simlib/xcelium/xdfe_fft_v1_0_1' (cds.lib command ignored).
DEFINE xdfe_nr_prach_v1_0_1  /home/miglioranza/project_1.xpr/project_1/project_1.cache/compile_simlib/xcelium/xdfe_nr_prach_v1_0_1
|
xmvhdl_cg: *W,DLCPTH (./cds.lib,78): cds.lib Invalid path '/home/miglioranza/project_1.xpr/project_1/project_1.cache/compile_simlib/xcelium/xdfe_nr_prach_v1_0_1' (cds.lib command ignored).
DEFINE axis_data_fifo_v1_1_26  /home/miglioranza/project_1.xpr/project_1/project_1.cache/compile_simlib/xcelium/axis_data_fifo_v1_1_26
|
xmvhdl_cg: *W,DLCPTH (./cds.lib,79): cds.lib Invalid path '/home/miglioranza/project_1.xpr/project_1/project_1.cache/compile_simlib/xcelium/axis_data_fifo_v1_1_26' (cds.lib command ignored).
DEFINE axis_ila_intf_v1_0_0  /home/miglioranza/project_1.xpr/project_1/project_1.cache/compile_simlib/xcelium/axis_ila_intf_v1_0_0
|
xmvhdl_cg: *W,DLCPTH (./cds.lib,80): cds.lib Invalid path '/home/miglioranza/project_1.xpr/project_1/project_1.cache/compile_simlib/xcelium/axis_ila_intf_v1_0_0' (cds.lib command ignored).
DEFINE tmr_sem_v1_0_20  /home/miglioranza/project_1.xpr/project_1/project_1.cache/compile_simlib/xcelium/tmr_sem_v1_0_20
|
xmvhdl_cg: *W,DLCPTH (./cds.lib,81): cds.lib Invalid path '/home/miglioranza/project_1.xpr/project_1/project_1.cache/compile_simlib/xcelium/tmr_sem_v1_0_20' (cds.lib command ignored).
DEFINE videoaxi4s_bridge_v1_0_5  /home/miglioranza/project_1.xpr/project_1/project_1.cache/compile_simlib/xcelium/videoaxi4s_bridge_v1_0_5
|
xmvhdl_cg: *W,DLCPTH (./cds.lib,82): cds.lib Invalid path '/home/miglioranza/project_1.xpr/project_1/project_1.cache/compile_simlib/xcelium/videoaxi4s_bridge_v1_0_5' (cds.lib command ignored).
DEFINE v_hdmi_rx1_v1_0_2  /home/miglioranza/project_1.xpr/project_1/project_1.cache/compile_simlib/xcelium/v_hdmi_rx1_v1_0_2
|
xmvhdl_cg: *W,DLCPTH (./cds.lib,83): cds.lib Invalid path '/home/miglioranza/project_1.xpr/project_1/project_1.cache/compile_simlib/xcelium/v_hdmi_rx1_v1_0_2' (cds.lib command ignored).
DEFINE dbg_intf  /home/miglioranza/project_1.xpr/project_1/project_1.cache/compile_simlib/xcelium/dbg_intf
|
xmvhdl_cg: *W,DLCPTH (./cds.lib,84): cds.lib Invalid path '/home/miglioranza/project_1.xpr/project_1/project_1.cache/compile_simlib/xcelium/dbg_intf' (cds.lib command ignored).
AXI_DMA_V7_1_26.AXI_DMA_PKG (package):
	streams: 1, words: 21109
AXI_DMA_V7_1_26.AXI_DMA_PKG:BODY (package body):
	streams: 4, words: 984
AXI_DMA_V7_1_26.AXI_DMA_RESET (entity):
	streams: 25, words: 4005
AXI_DMA_V7_1_26.AXI_DMA_RESET:IMPLEMENTATION (architecture):
	streams: 8, words: 17492
AXI_DMA_V7_1_26.AXI_DMA_RST_MODULE (entity):
	streams: 45, words: 3006
AXI_DMA_V7_1_26.AXI_DMA_RST_MODULE:IMPLEMENTATION (architecture):
	streams: 5, words: 7491
AXI_DMA_V7_1_26.AXI_DMA_LITE_IF (entity):
	streams: 44, words: 9134
AXI_DMA_V7_1_26.AXI_DMA_LITE_IF:IMPLEMENTATION (architecture):
	streams: 14, words: 49766
AXI_DMA_V7_1_26.AXI_DMA_REGISTER (entity):
	streams: 79, words: 15170
AXI_DMA_V7_1_26.AXI_DMA_REGISTER:IMPLEMENTATION (architecture):
	streams: 1, words: 12240
AXI_DMA_V7_1_26.AXI_DMA_REGISTER_S2MM (entity):
	streams: 203, words: 69419
AXI_DMA_V7_1_26.AXI_DMA_REGISTER_S2MM:IMPLEMENTATION (architecture):
	streams: 1, words: 64728
AXI_DMA_V7_1_26.AXI_DMA_REG_MODULE (entity):
	streams: 160, words: 22832
AXI_DMA_V7_1_26.AXI_DMA_REG_MODULE:IMPLEMENTATION (architecture):
	streams: 6, words: 169081
AXI_DMA_V7_1_26.AXI_DMA_SKID_BUF (entity):
	streams: 20, words: 3877
AXI_DMA_V7_1_26.AXI_DMA_SKID_BUF:IMPLEMENTATION (architecture):
	streams: 1, words: 8464
AXI_DMA_V7_1_26.AXI_DMA_AFIFO_AUTORD (entity):
	streams: 32, words: 6060
AXI_DMA_V7_1_26.AXI_DMA_AFIFO_AUTORD:IMP (architecture):
	streams: 4, words: 13546
AXI_DMA_V7_1_26.AXI_DMA_S2MM (entity):
	streams: 30, words: 2297
AXI_DMA_V7_1_26.AXI_DMA_S2MM:IMPLEMENTATION (architecture):
	streams: 2, words: 7572
AXI_DMA_V7_1_26.AXI_DMA_SOFEOF_GEN (entity):
	streams: 12, words: 213
AXI_DMA_V7_1_26.AXI_DMA_SOFEOF_GEN:IMPLEMENTATION (architecture):
	streams: 4, words: 7637
AXI_DMA_V7_1_26.AXI_DMA_SMPLE_SM (entity):
	streams: 27, words: 4098
AXI_DMA_V7_1_26.AXI_DMA_SMPLE_SM:IMPLEMENTATION (architecture):
	streams: 1, words: 3905
AXI_DMA_V7_1_26.AXI_DMA_MM2S_SG_IF (entity):
	streams: 95, words: 15833
AXI_DMA_V7_1_26.AXI_DMA_MM2S_SG_IF:IMPLEMENTATION (architecture):
	streams: 3, words: 35173
AXI_DMA_V7_1_26.AXI_DMA_MM2S_SM (entity):
	streams: 44, words: 5847
AXI_DMA_V7_1_26.AXI_DMA_MM2S_SM:IMPLEMENTATION (architecture):
	streams: 1, words: 5950
AXI_DMA_V7_1_26.AXI_DMA_MM2S_CMDSTS_IF (entity):
	streams: 37, words: 4979
AXI_DMA_V7_1_26.AXI_DMA_MM2S_CMDSTS_IF:IMPLEMENTATION (architecture):
	streams: 1, words: 899
AXI_DMA_V7_1_26.AXI_DMA_MM2S_STS_MNGR (entity):
	streams: 17, words: 256
AXI_DMA_V7_1_26.AXI_DMA_MM2S_STS_MNGR:IMPLEMENTATION (architecture):
	streams: 2, words: 3010
AXI_DMA_V7_1_26.AXI_DMA_MM2S_CNTRL_STRM (entity):
	streams: 24, words: 3030
AXI_DMA_V7_1_26.AXI_DMA_MM2S_CNTRL_STRM:IMPLEMENTATION (architecture):
	streams: 5, words: 21526
AXI_DMA_V7_1_26.AXI_DMA_MM2S_MNGR (entity):
	streams: 117, words: 13347
AXI_DMA_V7_1_26.AXI_DMA_MM2S_MNGR:IMPLEMENTATION (architecture):
	streams: 7, words: 45898
AXI_DMA_V7_1_26.AXI_DMA_S2MM_SG_IF (entity):
	streams: 110, words: 19794
AXI_DMA_V7_1_26.AXI_DMA_S2MM_SG_IF:IMPLEMENTATION (architecture):
	streams: 3, words: 47078
AXI_DMA_V7_1_26.AXI_DMA_S2MM_SM (entity):
	streams: 54, words: 7010
AXI_DMA_V7_1_26.AXI_DMA_S2MM_SM:IMPLEMENTATION (architecture):
	streams: 1, words: 10139
AXI_DMA_V7_1_26.AXI_DMA_S2MM_CMDSTS_IF (entity):
	streams: 52, words: 7688
AXI_DMA_V7_1_26.AXI_DMA_S2MM_CMDSTS_IF:IMPLEMENTATION (architecture):
	streams: 1, words: 2200
AXI_DMA_V7_1_26.AXI_DMA_S2MM_STS_MNGR (entity):
	streams: 17, words: 256
AXI_DMA_V7_1_26.AXI_DMA_S2MM_STS_MNGR:IMPLEMENTATION (architecture):
	streams: 2, words: 3010
AXI_DMA_V7_1_26.AXI_DMA_S2MM_STS_STRM (entity):
	streams: 32, words: 4118
AXI_DMA_V7_1_26.AXI_DMA_S2MM_STS_STRM:IMPLEMENTATION (architecture):
	streams: 10, words: 35720
AXI_DMA_V7_1_26.AXI_DMA_S2MM_MNGR (entity):
	streams: 125, words: 16669
AXI_DMA_V7_1_26.AXI_DMA_S2MM_MNGR:IMPLEMENTATION (architecture):
	streams: 7, words: 54629
AXI_DMA_V7_1_26.AXI_DMA_CMD_SPLIT (entity):
	streams: 29, words: 4490
AXI_DMA_V7_1_26.AXI_DMA_CMD_SPLIT:IMPLEMENTATION (architecture):
	streams: 4, words: 13238
AXI_DMA_V7_1_26.AXI_DMA (entity):
	streams: 240, words: 33541
AXI_DMA_V7_1_26.AXI_DMA:IMPLEMENTATION (architecture):
	streams: 16, words: 161439
