xmelab(64): 20.09-s007: (c) Copyright 1995-2020 Cadence Design Systems, Inc.
TOOL:	xmelab(64)	20.09-s007: Started on Sep 07, 2025 at 11:07:20 CEST
xmelab
    -64bit
    -relax
    -access +rwc
    -namemap_mixgen
    -messages
    -logfile elaborate.log
    -libname xil_defaultlib
    -libname secureip
    xil_defaultlib.Symbol_mapper_tb

xmelab: *W,ARCMRA: Elaborating the XIL_DEFAULTLIB.SYMBOL_MAPPER_TB:BEHAVIORAL, MRA (most recently analyzed) architecture.
	Elaborating the design hierarchy:
xmelab: *W,CUDEFB: default binding occurred for component instance (:Symbol_mapper_tb(Behavioral):uut) with design unit (XIL_DEFAULTLIB.SYMBOL_MAPPER:MAPPER_ARCH).
	Building instance specific data structures.
	Design hierarchy summary:
		            Instances  Unique
		Components:         3       2
		Default bindings:   1       -
		Processes:          3       3
		Signals:           12      12
	Writing initial simulation snapshot: XIL_DEFAULTLIB.SYMBOL_MAPPER_TB:BEHAVIORAL
TOOL:	xmelab(64)	20.09-s007: Exiting on Sep 07, 2025 at 11:07:20 CEST  (total: 00:00:00)
