xmvhdl(64): 20.09-s007: (c) Copyright 1995-2020 Cadence Design Systems, Inc.
/ihp/ihpusr/xilinx/vivado2021.2/Vivado/2021.2/data/ip/xilinx/g709_rs_encoder_v2_2/hdl/g709_rs_encoder_v2_2_vh_rfs.vhd:
xmvhdl_p: *W,WARIPR: warning within protected source code.
	errors: 0, warnings: 1
	streams: 1, words: 1104
	streams: 3, words: 838
	streams: 1, words: 8
	streams: 1, words: 8
	streams: 6, words: 3680
	streams: 33, words: 65374
	streams: 1, words: 8
	streams: 7, words: 3063
	streams: 3, words: 1110
	streams: 21, words: 23410
	streams: 1, words: 8
	streams: 1, words: 8
	streams: 3, words: 16795
	streams: 1, words: 180
	streams: 8, words: 14948
	streams: 1, words: 344
	streams: 15, words: 1569
	streams: 1, words: 2660
	streams: 13, words: 2361
	streams: 3, words: 13525
	streams: 10, words: 2106
	streams: 4, words: 27263
	streams: 20, words: 5779
	streams: 3, words: 33350
	streams: 17, words: 2716
	streams: 3, words: 10793
	streams: 21, words: 5146
	streams: 1, words: 4141
	streams: 40, words: 5179
	streams: 2, words: 64612
	streams: 8, words: 2732
	streams: 1, words: 3411
	streams: 16, words: 3882
	streams: 1, words: 3968
	streams: 15, words: 1425
	streams: 3, words: 6651
	streams: 11, words: 1957
	streams: 1, words: 2380
	streams: 16, words: 2145
	streams: 2, words: 3234
	streams: 14, words: 1526
	streams: 1, words: 3804
	streams: 14, words: 1523
	streams: 1, words: 3897
	streams: 7, words: 1111
	streams: 4, words: 6961
	streams: 12, words: 2089
	streams: 1, words: 3967
	streams: 16, words: 2388
	streams: 1, words: 3501
	streams: 15, words: 2318
	streams: 1, words: 3406
	streams: 8, words: 1986
	streams: 1, words: 2543
	streams: 8, words: 1986
	streams: 1, words: 2543
	streams: 7, words: 1907
	streams: 1, words: 2540
	streams: 14, words: 1533
	streams: 1, words: 2302
	streams: 40, words: 3648
	streams: 2, words: 61323
	streams: 26, words: 3095
	streams: 2, words: 57827
	streams: 55, words: 11180
	streams: 2, words: 77366
	streams: 36, words: 7324
	streams: 4, words: 81938
	streams: 56, words: 11237
	streams: 2, words: 66102
	streams: 31, words: 5758
	streams: 6, words: 40350
	streams: 26, words: 3317
	streams: 1, words: 2429
	streams: 15, words: 889
	streams: 1, words: 2854
	streams: 16, words: 956
	streams: 1, words: 2815
	streams: 20, words: 2962
	streams: 2, words: 6584
	streams: 17, words: 2434
	streams: 3, words: 29629
	streams: 21, words: 3775
	streams: 2, words: 45132
	streams: 20, words: 4750
	streams: 3, words: 35416
	streams: 14, words: 1524
	streams: 2, words: 4888
	streams: 2, words: 1695
	streams: 17, words: 28793
	streams: 11, words: 1010
	streams: 10, words: 193520
	streams: 24, words: 4544
	streams: 3, words: 21427
	streams: 19, words: 4368
	streams: 7, words: 48159
	streams: 20, words: 4228
	streams: 3, words: 15915
	streams: 20, words: 2754
	streams: 6, words: 49337
	streams: 13, words: 3312
	streams: 3, words: 7989
	streams: 13, words: 2189
	streams: 1, words: 19012
	streams: 15, words: 3093
	streams: 2, words: 14840
	streams: 20, words: 5284
	streams: 2, words: 13318
	streams: 20, words: 5563
	streams: 6, words: 28074
	streams: 17, words: 4577
	streams: 8, words: 29222
	streams: 13, words: 1397
	streams: 1, words: 6995
	streams: 15, words: 2334
	streams: 1, words: 4562
	streams: 16, words: 4259
	streams: 4, words: 12869
	streams: 6, words: 1905
	streams: 1, words: 416
	streams: 1, words: 120
	streams: 3, words: 8354
	streams: 1, words: 1009
	streams: 2, words: 680
	streams: 8, words: 1051
	streams: 2, words: 1774
	streams: 27, words: 2973
	streams: 5, words: 14020
	streams: 19, words: 1944
	streams: 6, words: 15788
	streams: 15, words: 1430
	streams: 5, words: 13446
	streams: 16, words: 2299
	streams: 1, words: 13261
	streams: 13, words: 827
	streams: 1, words: 2880
	streams: 41, words: 6003
	streams: 1, words: 4849
	streams: 39, words: 5597
	streams: 35, words: 243610
	streams: 18, words: 2525
	streams: 16, words: 87906
	streams: 38, words: 4013
	streams: 14, words: 133277
	streams: 23, words: 659
	streams: 3, words: 20643
	streams: 25, words: 867
	streams: 3, words: 23559
	streams: 21, words: 2348
	streams: 2, words: 9594
	streams: 16, words: 1570
	streams: 1, words: 4613
	streams: 18, words: 3399
	streams: 9, words: 39240
	streams: 21, words: 3426
	streams: 15, words: 62200
	streams: 21, words: 3426
	streams: 15, words: 61254
	streams: 21, words: 3426
	streams: 9, words: 47733
	streams: 26, words: 4728
	streams: 6, words: 20317
	streams: 24, words: 4765
	streams: 8, words: 24837
	streams: 23, words: 4601
	streams: 1, words: 3071
