xfr(64): 20.09-s007: (c) Copyright 1995-2020 Cadence Design Systems, Inc.
The fault report is written to file './fault_db/xfr_merge.out'


Fault Injection Summary:
    Multiplicity: 1
    Total number of faults: 5515/5515 (total/prime)
    Number of fault runs: 5490
    Number of faults injected: 5490
        SA0(0), SA1(0), SEU(5490), SET(0)
    Expected finish time: 1us
        ON_TIME(5490), DELAYED(0), PREMATURE(0), TIMEOUT(0), STOPPED(0), UNKNOWN(0)


SEU Fault Table
			 Total #	 Prime #
Detected		      0		      0
Potentially_detected	      0		      0
Undetected		      0		      0
Unobserved_detected	      0		      0
Unobserved_undetected	   3784		   3784
Dangerous_detected	   1706		   1706
Dangerous_undetected	      0		      0
Total			   5490		   5490


SEU Fault Summary Table
Untestable		     24		     24
Injected_faults		   5490		   5490
Not_injected		      1		      1
Total			   5515		   5515


