xmvhdl(64): 20.09-s007: (c) Copyright 1995-2020 Cadence Design Systems, Inc.
/ihp/ihpusr/xilinx/vivado2021.2/Vivado/2021.2/data/ip/xilinx/xfft_v7_2/hdl/xfft_v7_2_vh_rfs.vhd:
xmvhdl_p: *W,WARIPR: warning within protected source code.
	errors: 0, warnings: 1
	streams: 1, words: 8
	streams: 1, words: 8
	streams: 6, words: 2737
	streams: 78, words: 177059
	streams: 1, words: 281
	streams: 1, words: 158
	streams: 1, words: 281
	streams: 1, words: 158
	streams: 1, words: 281
	streams: 1, words: 158
	streams: 21, words: 3852
	streams: 2, words: 5100
	streams: 22, words: 3924
	streams: 2, words: 5573
	streams: 11, words: 1684
	streams: 5, words: 23620
	streams: 11, words: 2357
	streams: 4, words: 19178
	streams: 8, words: 593
	streams: 6, words: 14258
	streams: 13, words: 2488
	streams: 4, words: 12404
	streams: 17, words: 4310
	streams: 5, words: 19609
	streams: 20, words: 2991
	streams: 23, words: 128816
	streams: 14, words: 3342
	streams: 3, words: 11570
	streams: 22, words: 6140
	streams: 9, words: 31530
	streams: 28, words: 9548
	streams: 5, words: 20522
	streams: 50, words: 17939
	streams: 4, words: 26019
	streams: 76, words: 31166
	streams: 4, words: 42314
	streams: 18, words: 5446
	streams: 44, words: 143798
	streams: 19, words: 4832
	streams: 43, words: 926366
	streams: 19, words: 4531
	streams: 3, words: 10743
	streams: 6, words: 363
	streams: 1, words: 429
	streams: 17, words: 3537
	streams: 2, words: 4829
	streams: 15, words: 4150
	streams: 2, words: 5156
	streams: 18, words: 3616
	streams: 2, words: 5431
	streams: 7, words: 1202
	streams: 1, words: 986
	streams: 9, words: 2042
	streams: 2, words: 5482
	streams: 11, words: 2508
	streams: 2, words: 10852
	streams: 27, words: 7676
	streams: 1, words: 19101
	streams: 27, words: 7676
	streams: 5, words: 44563
	streams: 27, words: 7666
	streams: 1, words: 19499
	streams: 28, words: 7832
	streams: 5, words: 50205
	streams: 22, words: 7335
	streams: 1, words: 19299
	streams: 23, words: 7501
	streams: 5, words: 47361
	streams: 25, words: 7550
	streams: 3, words: 14006
	streams: 25, words: 7540
	streams: 3, words: 14759
	streams: 22, words: 7335
	streams: 5, words: 21601
	streams: 27, words: 7676
	streams: 1, words: 19676
	streams: 27, words: 7676
	streams: 5, words: 45310
	streams: 27, words: 7666
	streams: 1, words: 20105
	streams: 28, words: 7832
	streams: 5, words: 57175
	streams: 22, words: 7335
	streams: 1, words: 19863
	streams: 23, words: 7501
	streams: 5, words: 47056
	streams: 25, words: 7550
	streams: 3, words: 14623
	streams: 25, words: 7540
	streams: 3, words: 15153
	streams: 22, words: 7335
	streams: 5, words: 21714
	streams: 27, words: 7676
	streams: 1, words: 24451
	streams: 27, words: 7676
	streams: 5, words: 51261
	streams: 27, words: 7666
	streams: 1, words: 25079
	streams: 28, words: 7832
	streams: 5, words: 55168
	streams: 22, words: 7341
	streams: 1, words: 24058
	streams: 23, words: 7507
	streams: 5, words: 51764
	streams: 25, words: 7550
	streams: 3, words: 17233
	streams: 25, words: 7540
	streams: 3, words: 17881
	streams: 22, words: 7341
	streams: 5, words: 24489
	streams: 29, words: 7921
	streams: 10, words: 73076
	streams: 29, words: 7911
	streams: 10, words: 73310
	streams: 23, words: 7507
	streams: 10, words: 72460
	streams: 24, words: 7580
	streams: 5, words: 14867
	streams: 23, words: 7507
	streams: 5, words: 16561
	streams: 29, words: 7921
	streams: 6, words: 22857
	streams: 12, words: 2249
	streams: 1, words: 3750
	streams: 30, words: 6736
	streams: 2, words: 7348
	streams: 38, words: 15120
	streams: 5, words: 37431
	streams: 39, words: 15193
	streams: 6, words: 48575
	streams: 23, words: 3304
	streams: 12, words: 181035
	streams: 67, words: 10696
	streams: 30, words: 80713
	streams: 54, words: 7654
	streams: 40, words: 117221
	streams: 7, words: 906
	streams: 1, words: 416
	streams: 9, words: 1056
	streams: 2, words: 2279
	streams: 24, words: 7956
	streams: 5, words: 25095
	streams: 11, words: 2493
	streams: 3, words: 15531
	streams: 25, words: 8019
	streams: 5, words: 26983
	streams: 20, words: 2611
	streams: 1, words: 436
	streams: 11, words: 2343
	streams: 6, words: 17655
	streams: 69, words: 21667
	streams: 36, words: 200379
	streams: 13, words: 2635
	streams: 18, words: 80504
	streams: 12, words: 1427
	streams: 1, words: 948
	streams: 40, words: 10650
	streams: 14, words: 62305
	streams: 8, words: 832
	streams: 1, words: 1453
	streams: 13, words: 1632
	streams: 8, words: 9352
	streams: 17, words: 3835
	streams: 6, words: 26140
	streams: 12, words: 2553
	streams: 15, words: 253338
	streams: 18, words: 4541
	streams: 2, words: 11840
	streams: 19, words: 4306
	streams: 4, words: 22474
	streams: 19, words: 4409
	streams: 2, words: 10308
	streams: 19, words: 4409
	streams: 5, words: 24260
	streams: 17, words: 3524
	streams: 4, words: 14833
	streams: 80, words: 13517
	streams: 37, words: 113040
	streams: 9, words: 865
	streams: 2, words: 2282
	streams: 76, words: 14365
	streams: 23, words: 124199
	streams: 22, words: 5851
	streams: 38, words: 239321
	streams: 17, words: 4433
	streams: 13, words: 125672
	streams: 17, words: 4433
	streams: 17, words: 141559
	streams: 18, words: 4493
	streams: 3, words: 12110
	streams: 92, words: 16597
	streams: 42, words: 147614
	streams: 7, words: 756
	streams: 1, words: 1590
	streams: 21, words: 2800
	streams: 16, words: 19592
	streams: 89, words: 17792
	streams: 24, words: 208781
	streams: 13, words: 3286
	streams: 2, words: 5040
	streams: 15, words: 3488
	streams: 7, words: 32548
	streams: 12, words: 2334
	streams: 3, words: 10030
	streams: 25, words: 4878
	streams: 5, words: 18118
	streams: 32, words: 8392
	streams: 6, words: 22878
	streams: 27, words: 6297
	streams: 27, words: 109629
	streams: 22, words: 5428
	streams: 39, words: 212541
	streams: 24, words: 4911
	streams: 3, words: 11329
	streams: 53, words: 9421
	streams: 16, words: 61522
	streams: 12, words: 2281
	streams: 1, words: 1964
	streams: 9, words: 640
	streams: 2, words: 3948
	streams: 19, words: 3811
	streams: 5, words: 26265
	streams: 72, words: 16797
	streams: 49, words: 198698
	streams: 15, words: 3386
	streams: 17, words: 271385
	streams: 40, words: 4636
	streams: 6, words: 202412
	streams: 49, words: 8801
	streams: 10, words: 50270
	streams: 19, words: 3850
	streams: 31, words: 482926
	streams: 19, words: 3856
	streams: 16, words: 188984
	streams: 47, words: 6591
	streams: 17, words: 70521
	streams: 66, words: 9561
	streams: 6, words: 33349
	streams: 20, words: 1768
	streams: 1, words: 2647
	streams: 61, words: 9723
	streams: 11, words: 41816
	streams: 24, words: 4766
	streams: 24, words: 143206
	streams: 9, words: 1048
	streams: 3, words: 3229
	streams: 58, words: 11338
	streams: 23, words: 109086
	streams: 9, words: 673
	streams: 2, words: 3368
	streams: 51, words: 7677
	streams: 27, words: 82910
	streams: 16, words: 2312
	streams: 5, words: 23623
	streams: 25, words: 3101
	streams: 15, words: 47740
	streams: 19, words: 2885
	streams: 2, words: 4376
	streams: 253, words: 74841
	streams: 5, words: 67925
	streams: 253, words: 74841
	streams: 5, words: 55562
	streams: 60, words: 10866
	streams: 59, words: 271860
	streams: 253, words: 74841
	streams: 5, words: 46206
	streams: 203, words: 58242
	streams: 22, words: 128135
	streams: 258, words: 80485
	streams: 6, words: 279714
	streams: 258, words: 80485
	streams: 1, words: 70811
