Operating system: Linux
                  0.0.0 Linux 4.18.0-553.16.1.el8_10.x86_64 #1 SMP Thu Aug 1 04:16:12 EDT 2024 x86_64
CPU: amd64
     family 6 model 62 stepping 4
     1 CPU

GPU: UNKNOWN

Crash reason:  DUMP_REQUESTED
Crash address: 0x7fa3a4296b4a
Process uptime: not available

Thread 0 (crashed)
 0  libcbreakpad.so + 0x30b4a
    rax = 0x00000000054e0ad0   rdx = 0x0000000000000000
    rcx = 0x00007fa3a42953ad   rbx = 0x00007fffca5f3f10
    rsi = 0x0000000000000001   rdi = 0x00007fffca5f38c8
    rbp = 0x00007fffca5f3e80   rsp = 0x00007fffca5f3830
     r8 = 0x0000000000000000    r9 = 0x0000000000000000
    r10 = 0x00007fffca5f39f0   r11 = 0x00007fffca5f39e0
    r12 = 0x00007fffca5f41f8   r13 = 0x0000000000000000
    r14 = 0x00007fffca5f3e90   r15 = 0x00007fa38fcfc0c0
    rip = 0x00007fa3a4296b4a
    Found by: given as instruction pointer in context
 1  libcbreakpad.so + 0x2ee7e
    rbp = 0x00007fffca5f3fb0   rsp = 0x00007fffca5f3e90
    rip = 0x00007fa3a4294e7e
    Found by: previous frame's frame pointer
 2  xmsim + 0x138f5fc
    rsp = 0x00007fffca5f3fc0   rip = 0x000000000178f5fc
    Found by: stack scanning
 3  xmsim + 0x678ed0
    rsp = 0x00007fffca5f3fc8   rip = 0x0000000000a78ed0
    Found by: stack scanning
 4  xmsim + 0x678ed0
    rsp = 0x00007fffca5f4028   rip = 0x0000000000a78ed0
    Found by: stack scanning
 5  libc-2.28.so + 0x4ff85
    rsp = 0x00007fffca5f4030   rip = 0x00007fa3a451df85
    Found by: stack scanning
 6  xmsim + 0x678ed0
    rsp = 0x00007fffca5f4038   rip = 0x0000000000a78ed0
    Found by: stack scanning
 7  xmsim + 0x1d121bf
    rsp = 0x00007fffca5f4068   rip = 0x00000000021121bf
    Found by: stack scanning
 8  xmsim + 0x678ed0
    rsp = 0x00007fffca5f4098   rip = 0x0000000000a78ed0
    Found by: stack scanning
 9  libc-2.28.so + 0x4fed2
    rsp = 0x00007fffca5f40a0   rip = 0x00007fa3a451ded2
    Found by: stack scanning
10  xmsim + 0x678ed0
    rsp = 0x00007fffca5f40a8   rip = 0x0000000000a78ed0
    Found by: stack scanning
11  xmsim + 0x678ed0
    rsp = 0x00007fffca5f4108   rip = 0x0000000000a78ed0
    Found by: stack scanning
12  libc-2.28.so + 0x4ff85
    rsp = 0x00007fffca5f4110   rip = 0x00007fa3a451df85
    Found by: stack scanning
13  xmsim + 0x678ed0
    rsp = 0x00007fffca5f4118   rip = 0x0000000000a78ed0
    Found by: stack scanning
14  xmsim + 0x678ed0
    rsp = 0x00007fffca5f4178   rip = 0x0000000000a78ed0
    Found by: stack scanning
15  libc-2.28.so + 0x4ff85
    rsp = 0x00007fffca5f4180   rip = 0x00007fa3a451df85
    Found by: stack scanning
16  xmsim + 0x678ed0
    rsp = 0x00007fffca5f4188   rip = 0x0000000000a78ed0
    Found by: stack scanning
17  libc-2.28.so + 0x50398
    rsp = 0x00007fffca5f41b0   rip = 0x00007fa3a451e398
    Found by: stack scanning
18  waves.dsn (deleted) + 0x10
    rsp = 0x00007fffca5f41e0   rip = 0x00007fa3a57f9010
    Found by: stack scanning
19  xmsim + 0x1390d05
    rsp = 0x00007fffca5f41f0   rip = 0x0000000001790d05
    Found by: stack scanning
20  xmsim + 0x1d122a8
    rsp = 0x00007fffca5f4220   rip = 0x00000000021122a8
    Found by: stack scanning
21  libdwapi.so + 0x310c0
    rsp = 0x00007fffca5f4228   rip = 0x00007fa38fcfc0c0
    Found by: stack scanning
22  waves.dsn (deleted) + 0x10
    rsp = 0x00007fffca5f4230   rip = 0x00007fa3a57f9010
    Found by: stack scanning
23  libdwapi.so + 0x310c0
    rsp = 0x00007fffca5f4268   rip = 0x00007fa38fcfc0c0
    Found by: stack scanning
24  waves.dsn (deleted) + 0x10
    rsp = 0x00007fffca5f4270   rip = 0x00007fa3a57f9010
    Found by: stack scanning
25  libdwapi.so + 0x310c0
    rsp = 0x00007fffca5f4280   rip = 0x00007fa38fcfc0c0
    Found by: stack scanning
26  xmsim + 0x67e97b
    rsp = 0x00007fffca5f4290   rip = 0x0000000000a7e97b
    Found by: stack scanning
27  xmsim + 0x67945d
    rsp = 0x00007fffca5f42a0   rip = 0x0000000000a7945d
    Found by: stack scanning
28  xmsim + 0x6d11d9
    rsp = 0x00007fffca5f42c0   rip = 0x0000000000ad11d9
    Found by: stack scanning
29  xmsim + 0x6d5e73
    rsp = 0x00007fffca5f42d0   rip = 0x0000000000ad5e73
    Found by: stack scanning
30  libdwapi.so + 0x310c0
    rsp = 0x00007fffca5f42f8   rip = 0x00007fa38fcfc0c0
    Found by: stack scanning
31  0x7fa3a57f9000
    rsp = 0x00007fffca5f4398   rip = 0x00007fa3a57f9000
    Found by: stack scanning
32  libpthread-2.28.so + 0x12d20
    rsp = 0x00007fffca5f43c0   rip = 0x00007fa3a53d4d20
    Found by: stack scanning
33  0x7fa3a57f9000
    rsp = 0x00007fffca5f4410   rip = 0x00007fa3a57f9000
    Found by: stack scanning
34  libdwapi.so + 0x310c0
    rsp = 0x00007fffca5f4470   rip = 0x00007fa38fcfc0c0
    Found by: stack scanning
35  waves.dsn (deleted) + 0x10
    rsp = 0x00007fffca5f44a0   rip = 0x00007fa3a57f9010
    Found by: stack scanning
36  ld-2.28.so + 0x148a8
    rsp = 0x00007fffca5f44b0   rip = 0x00007fa3a55f68a8
    Found by: stack scanning
37  libc-2.28.so + 0xbd40
    rsp = 0x00007fffca5f44c8   rip = 0x00007fa3a44d9d40
    Found by: stack scanning
38  libc-2.28.so + 0x38ca0
    rsp = 0x00007fffca5f44d0   rip = 0x00007fa3a4506ca0
    Found by: stack scanning
39  waves.dsn (deleted) + 0x10
    rsp = 0x00007fffca5f4508   rip = 0x00007fa3a57f9010
    Found by: stack scanning
40  xmsim + 0x136d8a2
    rsp = 0x00007fffca5f4590   rip = 0x000000000176d8a2
    Found by: stack scanning

Loaded modules:
0x00400000 - 0x0294bfff  xmsim  ???  (main)  (WARNING: No symbols, xmsim, B7B50667F4675A02FC2514A87F0B8CE70)
0x7fa38fccb000 - 0x7fa38fd3ffff  libdwapi.so  ???  (WARNING: No symbols, libdwapi.so, 094982F4ED0871070B0D0A6D68AD164E0)
0x7fa38ff43000 - 0x7fa38ff5bfff  libz_sh.so  ???
0x7fa39015d000 - 0x7fa390686fff  libucis.so  ???
0x7fa390908000 - 0x7fa390a5efff  libcfault.so  ???
0x7fa394f18000 - 0x7fa394f38fff  libml_uvm.so  ???
0x7fa39593a000 - 0x7fa395aa6fff  libStrapNC.so  ???
0x7fa395ceb000 - 0x7fa395d8cfff  libdcapi.so  ???
0x7fa395f9a000 - 0x7fa395f9efff  libnss_dns-2.28.so  ???
0x7fa3961a1000 - 0x7fa3961b4fff  libresolv-2.28.so  ???
0x7fa3963b9000 - 0x7fa3963bbfff  libnss_mdns4_minimal.so.2  ???
0x7fa3965be000 - 0x7fa396e91fff  passwd  ???
0x7fa396e92000 - 0x7fa396e9bfff  libnss_sss.so.2  ???
0x7fa39709d000 - 0x7fa3970a7fff  libnss_files-2.28.so  ???
0x7fa3972b0000 - 0x7fa3a4265fff  locale-archive  ???
0x7fa3a4266000 - 0x7fa3a42c2fff  libcbreakpad.so  ???  (WARNING: No symbols, libcbreakpad.so, 49C998A3E1AE795CD9B13713D8D628FB0)
0x7fa3a44ce000 - 0x7fa3a469afff  libc-2.28.so  ???  (WARNING: No symbols, libc-2.28.so, 71CBF6A391DE94640DA0A7E395E469E30)
0x7fa3a48a4000 - 0x7fa3a48b9fff  libgcc_s.so.1  ???
0x7fa3a4abb000 - 0x7fa3a4c2cfff  libstdc++.so.6.0.22  ???
0x7fa3a4e3c000 - 0x7fa3a4fbcfff  libm-2.28.so  ???
0x7fa3a51be000 - 0x7fa3a51c0fff  libdl-2.28.so  ???
0x7fa3a53c2000 - 0x7fa3a53dcfff  libpthread-2.28.so  ???  (WARNING: No symbols, libpthread-2.28.so, D492215987A534E9C5216E8D9EF04BB80)
0x7fa3a55e2000 - 0x7fa3a5610fff  ld-2.28.so  ???  (WARNING: No symbols, ld-2.28.so, DDDB58F730D6E847E02C2CB4C7615F460)
0x7fa3a57f9000 - 0x7fa3a5808fff  waves.dsn (deleted)  ???  (WARNING: No symbols, , )
0x7fa3a580f000 - 0x7fa3a5810fff  linux-gate.so  ???

******BACKTRACE*****
vserror [0x178f5fc]
serror [0x1790d05]
sv_bushandler [0xad5e73]
sslu_shm_open_db_real.isra.136 [0xd5f1fe]
ssl_shm_open_db [0xd44135]
dbase_create [0xf92f8a]
dbase_cmd_open [0x6040f9]
database_command [0xf95e94]
cmd_wrapper [0xa14319]
TclInvokeStringCommand [0x10d5a46]
TclNRRunCallbacks [0x10da8c7]
TclEvalEx [0x10dce5a]
Tcl_EvalEx [0x10dd303]
TclNREvalObjEx [0x10dd4c8]
TclEvalObjEx [0x10dd719]
Tcl_RecordAndEvalObj [0x117d680]
Tcl_RecordAndEval [0x117d867]
cmd_tcl_run [0xa18e96]
wrap_cmd_tcl_run [0x5a0812]
xncmain [0x5b02ab]
ncmain [0x5a294f]
main [0x1fc32aa]
_start [0x52fa61]
******BACKTRACE END*****