Operating system: Linux
                  0.0.0 Linux 4.18.0-553.8.1.el8_10.x86_64 #1 SMP Fri Jun 14 03:19:37 EDT 2024 x86_64
CPU: amd64
     family 6 model 44 stepping 2
     16 CPUs

GPU: UNKNOWN

Crash reason:  DUMP_REQUESTED
Crash address: 0x7fe1d769bb4a
Process uptime: not available

Thread 0 (crashed)
 0  libcbreakpad.so + 0x30b4a
    rax = 0x00007fe1d89f449c   rdx = 0x0000000000000000
    rcx = 0x00007fe1d769a3ad   rbx = 0x00007fe1c8d3c470
    rsi = 0x0000000000000001   rdi = 0x00007fe1c8d3be28
    rbp = 0x00007fe1c8d3c3e0   rsp = 0x00007fe1c8d3bd90
     r8 = 0x0000000000000000    r9 = 0x0000000000000000
    r10 = 0x0000000000000580   r11 = 0x00007fe1d76761c8
    r12 = 0x00007fe1c8d3c758   r13 = 0x0000000000000000
    r14 = 0x00007fe1c8d3c3f0   r15 = 0x0000000004fc04b0
    rip = 0x00007fe1d769bb4a
    Found by: given as instruction pointer in context
 1  libcbreakpad.so + 0x2ee7e
    rbp = 0x00007fe1c8d3c510   rsp = 0x00007fe1c8d3c3f0
    rip = 0x00007fe1d7699e7e
    Found by: previous frame's frame pointer
 2  xmsim + 0x138f5fc
    rsp = 0x00007fe1c8d3c520   rip = 0x000000000178f5fc
    Found by: stack scanning
 3  xmsim + 0x8a4a2e
    rsp = 0x00007fe1c8d3c5f0   rip = 0x0000000000ca4a2e
    Found by: stack scanning
 4  xmsim + 0x8a4c0f
    rsp = 0x00007fe1c8d3c600   rip = 0x0000000000ca4c0f
    Found by: stack scanning
 5  xmsim + 0xded2dd
    rsp = 0x00007fe1c8d3c640   rip = 0x00000000011ed2dd
    Found by: stack scanning
 6  libc-2.28.so + 0x503d2
    rsp = 0x00007fe1c8d3c710   rip = 0x00007fe1d79233d2
    Found by: stack scanning
 7  xmsim + 0x1390d05
    rsp = 0x00007fe1c8d3c750   rip = 0x0000000001790d05
    Found by: stack scanning
 8  xmsim + 0x1ff44f0
    rsp = 0x00007fe1c8d3c780   rip = 0x00000000023f44f0
    Found by: stack scanning
 9  xmsim + 0x8a85d8
    rsp = 0x00007fe1c8d3c7b0   rip = 0x0000000000ca85d8
    Found by: stack scanning
10  xmsim + 0x8a85a2
    rsp = 0x00007fe1c8d3c7d0   rip = 0x0000000000ca85a2
    Found by: stack scanning
11  xmsim + 0x64fddf
    rsp = 0x00007fe1c8d3c820   rip = 0x0000000000a4fddf
    Found by: stack scanning
12  xmsim + 0x64f96e
    rsp = 0x00007fe1c8d3c830   rip = 0x0000000000a4f96e
    Found by: stack scanning
13  xmsim + 0xb5c327
    rsp = 0x00007fe1c8d3c860   rip = 0x0000000000f5c327
    Found by: stack scanning
14  xmsim + 0x460080
    rsp = 0x00007fe1c8d3c868   rip = 0x0000000000860080
    Found by: stack scanning
15  xmsim + 0x77ac09
    rsp = 0x00007fe1c8d3c8f0   rip = 0x0000000000b7ac09
    Found by: stack scanning
16  xmsim + 0x1614b1b
    rsp = 0x00007fe1c8d3c910   rip = 0x0000000001a14b1b
    Found by: stack scanning
17  xmsim + 0x1614af1
    rsp = 0x00007fe1c8d3c920   rip = 0x0000000001a14af1
    Found by: stack scanning
18  xmsim + 0x163d03d
    rsp = 0x00007fe1c8d3c980   rip = 0x0000000001a3d03d
    Found by: stack scanning
19  xmsim + 0x8f598c
    rsp = 0x00007fe1c8d3c9d0   rip = 0x0000000000cf598c
    Found by: stack scanning
20  libc-2.28.so + 0x9c096
    rsp = 0x00007fe1c8d3cad0   rip = 0x00007fe1d796f096
    Found by: stack scanning
21  xmsim + 0x163e2a1
    rsp = 0x00007fe1c8d3cb30   rip = 0x0000000001a3e2a1
    Found by: stack scanning
22  xmsim + 0x83943f
    rsp = 0x00007fe1c8d3cb90   rip = 0x0000000000c3943f
    Found by: stack scanning

Thread 1
 0  libc-2.28.so + 0x3941d
    rax = 0xfffffffffffffe00   rdx = 0x0000000000000002
    rcx = 0x00007fe1d790c41d   rbx = 0x0000000000000000
    rsi = 0x0000000000000000   rdi = 0x00007fe1c5d0b6a8
    rbp = 0x00007fe1c5f03d80   rsp = 0x00007fe1c5d0b658
     r8 = 0x0000000000000000    r9 = 0x0000000000000000
    r10 = 0x0000000000000000   r11 = 0x0000000000000246
    r12 = 0x0000000000000001   r13 = 0x00007fe1c5f03d88
    r14 = 0x0000000000000001   r15 = 0x00007fe1c5d0b708
    rip = 0x00007fe1d790c41d
    Found by: given as instruction pointer in context
 1  libtbb.so.2 + 0x10744
    rbp = 0x00007fe1c5f03d80   rsp = 0x00007fe1c5d0b660
    rip = 0x00007fe1c63ca744
    Found by: stack scanning
 2  libtbb.so.2 + 0x106a7
    rbp = 0x00007fe1c5f03d80   rsp = 0x00007fe1c5d0b670
    rip = 0x00007fe1c63ca6a7
    Found by: stack scanning
 3  libtbb.so.2 + 0x16a8
    rbp = 0x00007fe1c5f03d80   rsp = 0x00007fe1c5d0b6c8
    rip = 0x00007fe1c63bb6a8
    Found by: stack scanning
 4  libtbbshm.so + 0x13c71
    rbp = 0x00007fe1c5f03d80   rsp = 0x00007fe1c5d0b700
    rip = 0x00007fe1c6624c71
    Found by: stack scanning
 5  libtbb.so.2 + 0x18e11
    rbp = 0x00007fe1c5f03d80   rsp = 0x00007fe1c5d0b740
    rip = 0x00007fe1c63d2e11
    Found by: stack scanning
 6  libtbb.so.2 + 0x198ee
    rbp = 0x00007fe1c5f03d80   rsp = 0x00007fe1c5d0b750
    rip = 0x00007fe1c63d38ee
    Found by: stack scanning
 7  libtbb.so.2 + 0x16a8
    rbp = 0x00007fe1c5f03d80   rsp = 0x00007fe1c5d0b758
    rip = 0x00007fe1c63bb6a8
    Found by: stack scanning
 8  libtbb.so.2 + 0x18a60
    rbp = 0x00007fe1c5f03d80   rsp = 0x00007fe1c5d0b760
    rip = 0x00007fe1c63d2a60
    Found by: stack scanning
 9  libtbbmalloc.so.2 + 0x127b0
    rbp = 0x00007fe1c5f03d80   rsp = 0x00007fe1c5d0b770
    rip = 0x00007fe1c61787b0
    Found by: stack scanning
10  libtbb.so.2 + 0x287dc
    rbp = 0x00007fe1c5f03d80   rsp = 0x00007fe1c5d0b7c0
    rip = 0x00007fe1c63e27dc
    Found by: stack scanning
11  libtbbmalloc.so.2 + 0x13eb5
    rbp = 0x00007fe1c5f03d80   rsp = 0x00007fe1c5d0b7d0
    rip = 0x00007fe1c6179eb5
    Found by: stack scanning
12  libtbb.so.2 + 0x262aa
    rbp = 0x00007fe1c5f03d80   rsp = 0x00007fe1c5d0b850
    rip = 0x00007fe1c63e02aa
    Found by: stack scanning
13  libtbb.so.2 + 0x261c8
    rbp = 0x00007fe1c5f03d80   rsp = 0x00007fe1c5d0b870
    rip = 0x00007fe1c63e01c8
    Found by: stack scanning
14  libtbb.so.2 + 0x18bd9
    rbp = 0x00007fe1c5f03d80   rsp = 0x00007fe1c5d0b890
    rip = 0x00007fe1c63d2bd9
    Found by: stack scanning
15  libtbb.so.2 + 0x18ac7
    rbp = 0x00007fe1c5f03d80   rsp = 0x00007fe1c5d0b8c0
    rip = 0x00007fe1c63d2ac7
    Found by: stack scanning
16  libtbb.so.2 + 0x188fb
    rbp = 0x00007fe1c5f03d80   rsp = 0x00007fe1c5d0b990
    rip = 0x00007fe1c63d28fb
    Found by: stack scanning
17  libtbb.so.2 + 0x18819
    rbp = 0x00007fe1c5f03d80   rsp = 0x00007fe1c5d0b9c0
    rip = 0x00007fe1c63d2819
    Found by: stack scanning
18  libtbbshm.so + 0x131b0
    rbp = 0x00007fe1c5f03d80   rsp = 0x00007fe1c5d0b9f0
    rip = 0x00007fe1c66241b0
    Found by: stack scanning

Loaded modules:
0x00400000 - 0x0294bfff  xmsim  ???  (main)  (WARNING: No symbols, xmsim, B7B50667F4675A02FC2514A87F0B8CE70)
0x7fe1c52e3000 - 0x7fe1c54e4fff  libdrapi.so  ???
0x7fe1c5f5e000 - 0x7fe1c5f64fff  librt-2.28.so  ???
0x7fe1c6166000 - 0x7fe1c6193fff  libtbbmalloc.so.2  ???  (WARNING: No symbols, libtbbmalloc.so.2, 75ACC95FCD50E68ABB676F15B2CBB7870)
0x7fe1c63ba000 - 0x7fe1c640afff  libtbb.so.2  ???  (WARNING: No symbols, libtbb.so.2, B6B984F8EC95047733825065E49CB11D0)
0x7fe1c6611000 - 0x7fe1c662bfff  libtbbshm.so  ???  (WARNING: No symbols, libtbbshm.so, 8AA4CB93569F1C1336615C819538468E0)
0x7fe1c6caf000 - 0x7fe1c6d23fff  libdwapi.so  ???
0x7fe1c6f27000 - 0x7fe1c6f3ffff  libz_sh.so  ???
0x7fe1c7141000 - 0x7fe1c766afff  libucis.so  ???
0x7fe1c7c31000 - 0x7fe1c7d87fff  libcfault.so  ???
0x7fe1c831d000 - 0x7fe1c833dfff  libml_uvm.so  ???
0x7fe1c8d3f000 - 0x7fe1c8eabfff  libStrapNC.so  ???
0x7fe1c90f0000 - 0x7fe1c9191fff  libdcapi.so  ???
0x7fe1c939f000 - 0x7fe1c93a3fff  libnss_dns-2.28.so  ???
0x7fe1c95a6000 - 0x7fe1c95b9fff  libresolv-2.28.so  ???
0x7fe1c97be000 - 0x7fe1c97c0fff  libnss_mdns4_minimal.so.2  ???
0x7fe1c99c3000 - 0x7fe1ca296fff  passwd  ???
0x7fe1ca297000 - 0x7fe1ca2a0fff  libnss_sss.so.2  ???
0x7fe1ca4a2000 - 0x7fe1ca4acfff  libnss_files-2.28.so  ???
0x7fe1ca6b5000 - 0x7fe1d766afff  locale-archive  ???
0x7fe1d766b000 - 0x7fe1d76c7fff  libcbreakpad.so  ???  (WARNING: No symbols, libcbreakpad.so, 49C998A3E1AE795CD9B13713D8D628FB0)
0x7fe1d78d3000 - 0x7fe1d7a9ffff  libc-2.28.so  ???  (WARNING: No symbols, libc-2.28.so, C11514B88873B50636FB1599D7AF2D150)
0x7fe1d7ca9000 - 0x7fe1d7cbefff  libgcc_s.so.1  ???
0x7fe1d7ec0000 - 0x7fe1d8031fff  libstdc++.so.6.0.22  ???
0x7fe1d8241000 - 0x7fe1d83c1fff  libm-2.28.so  ???
0x7fe1d85c3000 - 0x7fe1d85c5fff  libdl-2.28.so  ???
0x7fe1d87c7000 - 0x7fe1d87e1fff  libpthread-2.28.so  ???
0x7fe1d89e7000 - 0x7fe1d8a15fff  ld-2.28.so  ???
0x7fe1d8c03000 - 0x7fe1d8c03fff  strobe.dsn  ???
0x7fe1d8c04000 - 0x7fe1d8c13fff  waves.dsn  ???
0x7ffe7b131000 - 0x7ffe7b132fff  linux-gate.so  ???

******BACKTRACE*****
vserror [0x178f5fc]
serror [0x1790d05]
value_item [0xa4f96e]
injectFaultModel.isra.45 [0x1a3d03d]
injectFault [0x1a3e2a1]
ssl_minnow_call [0xc3943f]
******BACKTRACE END*****