Operating system: Linux
                  0.0.0 Linux 4.18.0-553.8.1.el8_10.x86_64 #1 SMP Fri Jun 14 03:19:37 EDT 2024 x86_64
CPU: amd64
     family 6 model 44 stepping 2
     16 CPUs

GPU: UNKNOWN

Crash reason:  DUMP_REQUESTED
Crash address: 0x7f9eec965b4a
Process uptime: not available

Thread 0 (crashed)
 0  libcbreakpad.so + 0x30b4a
    rax = 0x00007f9eedcbe49c   rdx = 0x0000000000000000
    rcx = 0x00007f9eec9643ad   rbx = 0x00007f9ede006470
    rsi = 0x0000000000000001   rdi = 0x00007f9ede005e28
    rbp = 0x00007f9ede0063e0   rsp = 0x00007f9ede005d90
     r8 = 0x0000000000000000    r9 = 0x0000000000000000
    r10 = 0x0000000000000580   r11 = 0x00007f9eec9401c8
    r12 = 0x00007f9ede006758   r13 = 0x0000000000000000
    r14 = 0x00007f9ede0063f0   r15 = 0x0000000005f14ef0
    rip = 0x00007f9eec965b4a
    Found by: given as instruction pointer in context
 1  libcbreakpad.so + 0x2ee7e
    rbp = 0x00007f9ede006510   rsp = 0x00007f9ede0063f0
    rip = 0x00007f9eec963e7e
    Found by: previous frame's frame pointer
 2  xmsim + 0x138f5fc
    rsp = 0x00007f9ede006520   rip = 0x000000000178f5fc
    Found by: stack scanning
 3  xmsim + 0x8a4a2e
    rsp = 0x00007f9ede0065f0   rip = 0x0000000000ca4a2e
    Found by: stack scanning
 4  xmsim + 0x8a4c0f
    rsp = 0x00007f9ede006600   rip = 0x0000000000ca4c0f
    Found by: stack scanning
 5  xmsim + 0xded2dd
    rsp = 0x00007f9ede006640   rip = 0x00000000011ed2dd
    Found by: stack scanning
 6  libc-2.28.so + 0x503d2
    rsp = 0x00007f9ede006710   rip = 0x00007f9eecbed3d2
    Found by: stack scanning
 7  xmsim + 0x1390d05
    rsp = 0x00007f9ede006750   rip = 0x0000000001790d05
    Found by: stack scanning
 8  xmsim + 0x1ff44f0
    rsp = 0x00007f9ede006780   rip = 0x00000000023f44f0
    Found by: stack scanning
 9  xmsim + 0x8a85d8
    rsp = 0x00007f9ede0067b0   rip = 0x0000000000ca85d8
    Found by: stack scanning
10  xmsim + 0x8a85a2
    rsp = 0x00007f9ede0067d0   rip = 0x0000000000ca85a2
    Found by: stack scanning
11  xmsim + 0x64fddf
    rsp = 0x00007f9ede006820   rip = 0x0000000000a4fddf
    Found by: stack scanning
12  xmsim + 0x64f96e
    rsp = 0x00007f9ede006830   rip = 0x0000000000a4f96e
    Found by: stack scanning
13  xmsim + 0xb5c327
    rsp = 0x00007f9ede006860   rip = 0x0000000000f5c327
    Found by: stack scanning
14  xmsim + 0x460080
    rsp = 0x00007f9ede006868   rip = 0x0000000000860080
    Found by: stack scanning
15  xmsim + 0x77ac09
    rsp = 0x00007f9ede0068f0   rip = 0x0000000000b7ac09
    Found by: stack scanning
16  xmsim + 0x1614b1b
    rsp = 0x00007f9ede006910   rip = 0x0000000001a14b1b
    Found by: stack scanning
17  xmsim + 0x1614af1
    rsp = 0x00007f9ede006920   rip = 0x0000000001a14af1
    Found by: stack scanning
18  xmsim + 0x163d03d
    rsp = 0x00007f9ede006980   rip = 0x0000000001a3d03d
    Found by: stack scanning
19  xmsim + 0x8f598c
    rsp = 0x00007f9ede0069d0   rip = 0x0000000000cf598c
    Found by: stack scanning
20  libc-2.28.so + 0x9c096
    rsp = 0x00007f9ede006ad0   rip = 0x00007f9eecc39096
    Found by: stack scanning
21  xmsim + 0x163e2a1
    rsp = 0x00007f9ede006b30   rip = 0x0000000001a3e2a1
    Found by: stack scanning
22  xmsim + 0x83943f
    rsp = 0x00007f9ede006b90   rip = 0x0000000000c3943f
    Found by: stack scanning

Thread 1
 0  libc-2.28.so + 0x3941d
    rax = 0xfffffffffffffe00   rdx = 0x0000000000000002
    rcx = 0x00007f9eecbd641d   rbx = 0x0000000000000000
    rsi = 0x0000000000000000   rdi = 0x00007f9edafa66a8
    rbp = 0x00007f9edb19fd80   rsp = 0x00007f9edafa6658
     r8 = 0x0000000000000000    r9 = 0x0000000000000000
    r10 = 0x0000000000000000   r11 = 0x0000000000000246
    r12 = 0x0000000000000001   r13 = 0x00007f9edb19fd88
    r14 = 0x0000000000000001   r15 = 0x00007f9edafa6708
    rip = 0x00007f9eecbd641d
    Found by: given as instruction pointer in context
 1  libtbb.so.2 + 0x10744
    rbp = 0x00007f9edb19fd80   rsp = 0x00007f9edafa6660
    rip = 0x00007f9edb665744
    Found by: stack scanning
 2  libtbb.so.2 + 0x106a7
    rbp = 0x00007f9edb19fd80   rsp = 0x00007f9edafa6670
    rip = 0x00007f9edb6656a7
    Found by: stack scanning
 3  libtbb.so.2 + 0x16a8
    rbp = 0x00007f9edb19fd80   rsp = 0x00007f9edafa66c8
    rip = 0x00007f9edb6566a8
    Found by: stack scanning
 4  libtbbshm.so + 0x13c71
    rbp = 0x00007f9edb19fd80   rsp = 0x00007f9edafa6700
    rip = 0x00007f9edb8bfc71
    Found by: stack scanning
 5  libtbb.so.2 + 0x18e11
    rbp = 0x00007f9edb19fd80   rsp = 0x00007f9edafa6740
    rip = 0x00007f9edb66de11
    Found by: stack scanning
 6  libtbb.so.2 + 0x198ee
    rbp = 0x00007f9edb19fd80   rsp = 0x00007f9edafa6750
    rip = 0x00007f9edb66e8ee
    Found by: stack scanning
 7  libtbb.so.2 + 0x16a8
    rbp = 0x00007f9edb19fd80   rsp = 0x00007f9edafa6758
    rip = 0x00007f9edb6566a8
    Found by: stack scanning
 8  libtbb.so.2 + 0x18a60
    rbp = 0x00007f9edb19fd80   rsp = 0x00007f9edafa6760
    rip = 0x00007f9edb66da60
    Found by: stack scanning
 9  libtbbmalloc.so.2 + 0x127b0
    rbp = 0x00007f9edb19fd80   rsp = 0x00007f9edafa6770
    rip = 0x00007f9edb4137b0
    Found by: stack scanning
10  libtbb.so.2 + 0x287dc
    rbp = 0x00007f9edb19fd80   rsp = 0x00007f9edafa67c0
    rip = 0x00007f9edb67d7dc
    Found by: stack scanning
11  libtbbmalloc.so.2 + 0x13eb5
    rbp = 0x00007f9edb19fd80   rsp = 0x00007f9edafa67d0
    rip = 0x00007f9edb414eb5
    Found by: stack scanning
12  libtbb.so.2 + 0x262aa
    rbp = 0x00007f9edb19fd80   rsp = 0x00007f9edafa6850
    rip = 0x00007f9edb67b2aa
    Found by: stack scanning
13  libtbb.so.2 + 0x261c8
    rbp = 0x00007f9edb19fd80   rsp = 0x00007f9edafa6870
    rip = 0x00007f9edb67b1c8
    Found by: stack scanning
14  libtbb.so.2 + 0x18bd9
    rbp = 0x00007f9edb19fd80   rsp = 0x00007f9edafa6890
    rip = 0x00007f9edb66dbd9
    Found by: stack scanning
15  libtbb.so.2 + 0x18ac7
    rbp = 0x00007f9edb19fd80   rsp = 0x00007f9edafa68c0
    rip = 0x00007f9edb66dac7
    Found by: stack scanning
16  libtbb.so.2 + 0x188fb
    rbp = 0x00007f9edb19fd80   rsp = 0x00007f9edafa6990
    rip = 0x00007f9edb66d8fb
    Found by: stack scanning
17  libtbb.so.2 + 0x18819
    rbp = 0x00007f9edb19fd80   rsp = 0x00007f9edafa69c0
    rip = 0x00007f9edb66d819
    Found by: stack scanning
18  libtbbshm.so + 0x131b0
    rbp = 0x00007f9edb19fd80   rsp = 0x00007f9edafa69f0
    rip = 0x00007f9edb8bf1b0
    Found by: stack scanning

Loaded modules:
0x00400000 - 0x0294bfff  xmsim  ???  (main)  (WARNING: No symbols, xmsim, B7B50667F4675A02FC2514A87F0B8CE70)
0x7f9eda57e000 - 0x7f9eda77ffff  libdrapi.so  ???
0x7f9edb1f9000 - 0x7f9edb1fffff  librt-2.28.so  ???
0x7f9edb401000 - 0x7f9edb42efff  libtbbmalloc.so.2  ???  (WARNING: No symbols, libtbbmalloc.so.2, 75ACC95FCD50E68ABB676F15B2CBB7870)
0x7f9edb655000 - 0x7f9edb6a5fff  libtbb.so.2  ???  (WARNING: No symbols, libtbb.so.2, B6B984F8EC95047733825065E49CB11D0)
0x7f9edb8ac000 - 0x7f9edb8c6fff  libtbbshm.so  ???  (WARNING: No symbols, libtbbshm.so, 8AA4CB93569F1C1336615C819538468E0)
0x7f9edbf4a000 - 0x7f9edbfbefff  libdwapi.so  ???
0x7f9edc1c2000 - 0x7f9edc1dafff  libz_sh.so  ???
0x7f9edc3dc000 - 0x7f9edc905fff  libucis.so  ???
0x7f9edcecc000 - 0x7f9edd022fff  libcfault.so  ???
0x7f9edd5e7000 - 0x7f9edd607fff  libml_uvm.so  ???
0x7f9ede009000 - 0x7f9ede175fff  libStrapNC.so  ???
0x7f9ede3ba000 - 0x7f9ede45bfff  libdcapi.so  ???
0x7f9ede669000 - 0x7f9ede66dfff  libnss_dns-2.28.so  ???
0x7f9ede870000 - 0x7f9ede883fff  libresolv-2.28.so  ???
0x7f9edea88000 - 0x7f9edea8afff  libnss_mdns4_minimal.so.2  ???
0x7f9edec8d000 - 0x7f9edf560fff  passwd  ???
0x7f9edf561000 - 0x7f9edf56afff  libnss_sss.so.2  ???
0x7f9edf76c000 - 0x7f9edf776fff  libnss_files-2.28.so  ???
0x7f9edf97f000 - 0x7f9eec934fff  locale-archive  ???
0x7f9eec935000 - 0x7f9eec991fff  libcbreakpad.so  ???  (WARNING: No symbols, libcbreakpad.so, 49C998A3E1AE795CD9B13713D8D628FB0)
0x7f9eecb9d000 - 0x7f9eecd69fff  libc-2.28.so  ???  (WARNING: No symbols, libc-2.28.so, C11514B88873B50636FB1599D7AF2D150)
0x7f9eecf73000 - 0x7f9eecf88fff  libgcc_s.so.1  ???
0x7f9eed18a000 - 0x7f9eed2fbfff  libstdc++.so.6.0.22  ???
0x7f9eed50b000 - 0x7f9eed68bfff  libm-2.28.so  ???
0x7f9eed88d000 - 0x7f9eed88ffff  libdl-2.28.so  ???
0x7f9eeda91000 - 0x7f9eedaabfff  libpthread-2.28.so  ???
0x7f9eedcb1000 - 0x7f9eedcdffff  ld-2.28.so  ???
0x7f9eedecd000 - 0x7f9eedecdfff  strobe.dsn  ???
0x7f9eedece000 - 0x7f9eededdfff  waves.dsn  ???
0x7ffc945db000 - 0x7ffc945dcfff  linux-gate.so  ???

******BACKTRACE*****
vserror [0x178f5fc]
serror [0x1790d05]
value_item [0xa4f96e]
injectFaultModel.isra.45 [0x1a3d03d]
injectFault [0x1a3e2a1]
ssl_minnow_call [0xc3943f]
******BACKTRACE END*****