Operating system: Linux
                  0.0.0 Linux 4.18.0-553.8.1.el8_10.x86_64 #1 SMP Fri Jun 14 03:19:37 EDT 2024 x86_64
CPU: amd64
     family 6 model 44 stepping 2
     16 CPUs

GPU: UNKNOWN

Crash reason:  DUMP_REQUESTED
Crash address: 0x7f3d3882ab4a
Process uptime: not available

Thread 0 (crashed)
 0  libcbreakpad.so + 0x30b4a
    rax = 0x00007f3d39b8349c   rdx = 0x0000000000000000
    rcx = 0x00007f3d388293ad   rbx = 0x00007f3d29ecb470
    rsi = 0x0000000000000001   rdi = 0x00007f3d29ecae28
    rbp = 0x00007f3d29ecb3e0   rsp = 0x00007f3d29ecad90
     r8 = 0x0000000000000000    r9 = 0x0000000000000000
    r10 = 0x0000000000000580   r11 = 0x00007f3d388051c8
    r12 = 0x00007f3d29ecb758   r13 = 0x0000000000000000
    r14 = 0x00007f3d29ecb3f0   r15 = 0x00000000065b8180
    rip = 0x00007f3d3882ab4a
    Found by: given as instruction pointer in context
 1  libcbreakpad.so + 0x2ee7e
    rbp = 0x00007f3d29ecb510   rsp = 0x00007f3d29ecb3f0
    rip = 0x00007f3d38828e7e
    Found by: previous frame's frame pointer
 2  xmsim + 0x138f5fc
    rsp = 0x00007f3d29ecb520   rip = 0x000000000178f5fc
    Found by: stack scanning
 3  xmsim + 0x8a4a2e
    rsp = 0x00007f3d29ecb5f0   rip = 0x0000000000ca4a2e
    Found by: stack scanning
 4  xmsim + 0x8a4c0f
    rsp = 0x00007f3d29ecb600   rip = 0x0000000000ca4c0f
    Found by: stack scanning
 5  xmsim + 0xded2dd
    rsp = 0x00007f3d29ecb640   rip = 0x00000000011ed2dd
    Found by: stack scanning
 6  libc-2.28.so + 0x503d2
    rsp = 0x00007f3d29ecb710   rip = 0x00007f3d38ab23d2
    Found by: stack scanning
 7  xmsim + 0x1390d05
    rsp = 0x00007f3d29ecb750   rip = 0x0000000001790d05
    Found by: stack scanning
 8  xmsim + 0x1ff44f0
    rsp = 0x00007f3d29ecb780   rip = 0x00000000023f44f0
    Found by: stack scanning
 9  xmsim + 0x8a85d8
    rsp = 0x00007f3d29ecb7b0   rip = 0x0000000000ca85d8
    Found by: stack scanning
10  xmsim + 0x8a85a2
    rsp = 0x00007f3d29ecb7d0   rip = 0x0000000000ca85a2
    Found by: stack scanning
11  xmsim + 0x64fddf
    rsp = 0x00007f3d29ecb820   rip = 0x0000000000a4fddf
    Found by: stack scanning
12  xmsim + 0x64f96e
    rsp = 0x00007f3d29ecb830   rip = 0x0000000000a4f96e
    Found by: stack scanning
13  xmsim + 0xb5c327
    rsp = 0x00007f3d29ecb860   rip = 0x0000000000f5c327
    Found by: stack scanning
14  xmsim + 0x460080
    rsp = 0x00007f3d29ecb868   rip = 0x0000000000860080
    Found by: stack scanning
15  xmsim + 0x77ac09
    rsp = 0x00007f3d29ecb8f0   rip = 0x0000000000b7ac09
    Found by: stack scanning
16  xmsim + 0x1614b1b
    rsp = 0x00007f3d29ecb910   rip = 0x0000000001a14b1b
    Found by: stack scanning
17  xmsim + 0x1614af1
    rsp = 0x00007f3d29ecb920   rip = 0x0000000001a14af1
    Found by: stack scanning
18  xmsim + 0x163d03d
    rsp = 0x00007f3d29ecb980   rip = 0x0000000001a3d03d
    Found by: stack scanning
19  xmsim + 0x8f598c
    rsp = 0x00007f3d29ecb9d0   rip = 0x0000000000cf598c
    Found by: stack scanning
20  libc-2.28.so + 0x9c096
    rsp = 0x00007f3d29ecbad0   rip = 0x00007f3d38afe096
    Found by: stack scanning
21  xmsim + 0x163e2a1
    rsp = 0x00007f3d29ecbb30   rip = 0x0000000001a3e2a1
    Found by: stack scanning
22  xmsim + 0x83943f
    rsp = 0x00007f3d29ecbb90   rip = 0x0000000000c3943f
    Found by: stack scanning

Thread 1
 0  libc-2.28.so + 0x3941d
    rax = 0xfffffffffffffe00   rdx = 0x0000000000000002
    rcx = 0x00007f3d38a9b41d   rbx = 0x0000000000000000
    rsi = 0x0000000000000000   rdi = 0x00007f3d26e9a6a8
    rbp = 0x00007f3d27093d80   rsp = 0x00007f3d26e9a658
     r8 = 0x0000000000000000    r9 = 0x0000000000000000
    r10 = 0x0000000000000000   r11 = 0x0000000000000246
    r12 = 0x0000000000000001   r13 = 0x00007f3d27093d88
    r14 = 0x0000000000000001   r15 = 0x00007f3d26e9a708
    rip = 0x00007f3d38a9b41d
    Found by: given as instruction pointer in context
 1  libtbb.so.2 + 0x10744
    rbp = 0x00007f3d27093d80   rsp = 0x00007f3d26e9a660
    rip = 0x00007f3d27559744
    Found by: stack scanning
 2  libtbb.so.2 + 0x106a7
    rbp = 0x00007f3d27093d80   rsp = 0x00007f3d26e9a670
    rip = 0x00007f3d275596a7
    Found by: stack scanning
 3  libtbb.so.2 + 0x16a8
    rbp = 0x00007f3d27093d80   rsp = 0x00007f3d26e9a6c8
    rip = 0x00007f3d2754a6a8
    Found by: stack scanning
 4  libtbbshm.so + 0x13c71
    rbp = 0x00007f3d27093d80   rsp = 0x00007f3d26e9a700
    rip = 0x00007f3d277b3c71
    Found by: stack scanning
 5  libtbb.so.2 + 0x18e11
    rbp = 0x00007f3d27093d80   rsp = 0x00007f3d26e9a740
    rip = 0x00007f3d27561e11
    Found by: stack scanning
 6  libtbb.so.2 + 0x198ee
    rbp = 0x00007f3d27093d80   rsp = 0x00007f3d26e9a750
    rip = 0x00007f3d275628ee
    Found by: stack scanning
 7  libtbb.so.2 + 0x16a8
    rbp = 0x00007f3d27093d80   rsp = 0x00007f3d26e9a758
    rip = 0x00007f3d2754a6a8
    Found by: stack scanning
 8  libtbb.so.2 + 0x18a60
    rbp = 0x00007f3d27093d80   rsp = 0x00007f3d26e9a760
    rip = 0x00007f3d27561a60
    Found by: stack scanning
 9  libtbbmalloc.so.2 + 0x127b0
    rbp = 0x00007f3d27093d80   rsp = 0x00007f3d26e9a770
    rip = 0x00007f3d273077b0
    Found by: stack scanning
10  libtbb.so.2 + 0x287dc
    rbp = 0x00007f3d27093d80   rsp = 0x00007f3d26e9a7c0
    rip = 0x00007f3d275717dc
    Found by: stack scanning
11  libtbbmalloc.so.2 + 0x13eb5
    rbp = 0x00007f3d27093d80   rsp = 0x00007f3d26e9a7d0
    rip = 0x00007f3d27308eb5
    Found by: stack scanning
12  libtbb.so.2 + 0x262aa
    rbp = 0x00007f3d27093d80   rsp = 0x00007f3d26e9a850
    rip = 0x00007f3d2756f2aa
    Found by: stack scanning
13  libtbb.so.2 + 0x261c8
    rbp = 0x00007f3d27093d80   rsp = 0x00007f3d26e9a870
    rip = 0x00007f3d2756f1c8
    Found by: stack scanning
14  libtbb.so.2 + 0x18bd9
    rbp = 0x00007f3d27093d80   rsp = 0x00007f3d26e9a890
    rip = 0x00007f3d27561bd9
    Found by: stack scanning
15  libtbb.so.2 + 0x18ac7
    rbp = 0x00007f3d27093d80   rsp = 0x00007f3d26e9a8c0
    rip = 0x00007f3d27561ac7
    Found by: stack scanning
16  libtbb.so.2 + 0x188fb
    rbp = 0x00007f3d27093d80   rsp = 0x00007f3d26e9a990
    rip = 0x00007f3d275618fb
    Found by: stack scanning
17  libtbb.so.2 + 0x18819
    rbp = 0x00007f3d27093d80   rsp = 0x00007f3d26e9a9c0
    rip = 0x00007f3d27561819
    Found by: stack scanning
18  libtbbshm.so + 0x131b0
    rbp = 0x00007f3d27093d80   rsp = 0x00007f3d26e9a9f0
    rip = 0x00007f3d277b31b0
    Found by: stack scanning

Loaded modules:
0x00400000 - 0x0294bfff  xmsim  ???  (main)  (WARNING: No symbols, xmsim, B7B50667F4675A02FC2514A87F0B8CE70)
0x7f3d26472000 - 0x7f3d26673fff  libdrapi.so  ???
0x7f3d270ed000 - 0x7f3d270f3fff  librt-2.28.so  ???
0x7f3d272f5000 - 0x7f3d27322fff  libtbbmalloc.so.2  ???  (WARNING: No symbols, libtbbmalloc.so.2, 75ACC95FCD50E68ABB676F15B2CBB7870)
0x7f3d27549000 - 0x7f3d27599fff  libtbb.so.2  ???  (WARNING: No symbols, libtbb.so.2, B6B984F8EC95047733825065E49CB11D0)
0x7f3d277a0000 - 0x7f3d277bafff  libtbbshm.so  ???  (WARNING: No symbols, libtbbshm.so, 8AA4CB93569F1C1336615C819538468E0)
0x7f3d27e3e000 - 0x7f3d27eb2fff  libdwapi.so  ???
0x7f3d280b6000 - 0x7f3d280cefff  libz_sh.so  ???
0x7f3d282d0000 - 0x7f3d287f9fff  libucis.so  ???
0x7f3d28dc0000 - 0x7f3d28f16fff  libcfault.so  ???
0x7f3d294ac000 - 0x7f3d294ccfff  libml_uvm.so  ???
0x7f3d29ece000 - 0x7f3d2a03afff  libStrapNC.so  ???
0x7f3d2a27f000 - 0x7f3d2a320fff  libdcapi.so  ???
0x7f3d2a52e000 - 0x7f3d2a532fff  libnss_dns-2.28.so  ???
0x7f3d2a735000 - 0x7f3d2a748fff  libresolv-2.28.so  ???
0x7f3d2a94d000 - 0x7f3d2a94ffff  libnss_mdns4_minimal.so.2  ???
0x7f3d2ab52000 - 0x7f3d2b425fff  passwd  ???
0x7f3d2b426000 - 0x7f3d2b42ffff  libnss_sss.so.2  ???
0x7f3d2b631000 - 0x7f3d2b63bfff  libnss_files-2.28.so  ???
0x7f3d2b844000 - 0x7f3d387f9fff  locale-archive  ???
0x7f3d387fa000 - 0x7f3d38856fff  libcbreakpad.so  ???  (WARNING: No symbols, libcbreakpad.so, 49C998A3E1AE795CD9B13713D8D628FB0)
0x7f3d38a62000 - 0x7f3d38c2efff  libc-2.28.so  ???  (WARNING: No symbols, libc-2.28.so, C11514B88873B50636FB1599D7AF2D150)
0x7f3d38e38000 - 0x7f3d38e4dfff  libgcc_s.so.1  ???
0x7f3d3904f000 - 0x7f3d391c0fff  libstdc++.so.6.0.22  ???
0x7f3d393d0000 - 0x7f3d39550fff  libm-2.28.so  ???
0x7f3d39752000 - 0x7f3d39754fff  libdl-2.28.so  ???
0x7f3d39956000 - 0x7f3d39970fff  libpthread-2.28.so  ???
0x7f3d39b76000 - 0x7f3d39ba4fff  ld-2.28.so  ???
0x7f3d39d92000 - 0x7f3d39d92fff  strobe.dsn  ???
0x7f3d39d93000 - 0x7f3d39da2fff  waves.dsn  ???
0x7ffc7f5e9000 - 0x7ffc7f5eafff  linux-gate.so  ???

******BACKTRACE*****
vserror [0x178f5fc]
serror [0x1790d05]
value_item [0xa4f96e]
injectFaultModel.isra.45 [0x1a3d03d]
injectFault [0x1a3e2a1]
ssl_minnow_call [0xc3943f]
******BACKTRACE END*****