The fault report is written to file 'fault_db/xfr_merge.out'


Fault Injection Summary:
    Multiplicity: 1
    Total number of faults: 128/128 (total/prime)
    Number of fault runs: 43
    Number of faults injected: 43
        SA0(0), SA1(0), SEU(43), SET(0)
    Expected finish time: 1us
        ON_TIME(41), DELAYED(2), PREMATURE(0), TIMEOUT(0), STOPPED(0), UNKNOWN(0)


SEU Fault Table
			 Total #	 Prime #
Detected		      0		      0
Potentially_detected	      0		      0
Undetected		      0		      0
Unobserved_detected	      0		      0
Unobserved_undetected	     10		     10
Dangerous_detected	     33		     33
Dangerous_undetected	      0		      0
Total			     43		     43


SEU Fault Summary Table
Untestable		      0		      0
Injected_faults		     43		     43
Not_injected		     85		     85
Total			    128		    128


