xfr: 20.09-s007: (c) Copyright 1995-2020 Cadence Design Systems, Inc.
The fault report is written to file './fault_db/xfr_merge.out'


Fault Injection Summary:
    Multiplicity: 1
    Total number of faults: 3883/3883 (total/prime)
    Number of fault runs: 87
    Number of faults injected: 87
        SA0(0), SA1(0), SEU(87), SET(0)
    Expected finish time: 1us
        ON_TIME(87), DELAYED(0), PREMATURE(0), TIMEOUT(0), STOPPED(0), UNKNOWN(0)


SEU Fault Table
			 Total #	 Prime #
Detected		     18		     18
Potentially_detected	      0		      0
Undetected		     69		     69
Unobserved_detected	      0		      0
Unobserved_undetected	      0		      0
Dangerous_detected	      0		      0
Dangerous_undetected	      0		      0
Total			     87		     87


SEU Fault Summary Table
Untestable		     24		     24
Injected_faults		     87		     87
Not_injected		   3772		   3772
Total			   3883		   3883


