csi-xmsim - CSI: Command line:
xmsim
    -64bit
    -fault_sim_run
    -fault_checker_on
    -fault_timeout 1000ns
    -fault_tw 50ns:450ns
    -fault_id 2731
    -fault_work fault_db2
    xil_defaultlib.mapper_tb
    -input mapper_tb_simulate.do

csi-xmsim - CSI: *F,INTERR: INTERNAL EXCEPTION
Observed simulation time : 0 FS + 0
-----------------------------------------------------------------
The tool has encountered an unexpected condition and must exit.
Contact Cadence Design Systems customer support about this
problem and provide enough information to help us reproduce it,
including the logfile that contains this error message.
  TOOL:	xmsim(64)	20.09-s007
  HOSTNAME: uxsrv003
  OPERATING SYSTEM: Linux 4.18.0-553.16.1.el8_10.x86_64 #1 SMP Thu Aug 1 04:16:12 EDT 2024 x86_64
  MESSAGE: sv_bushandler - SIGBUS not in rts_xfer (pc=0x7fe37c9310c0 si_addr=0x7fe39243b010, si_code=2), please see the xmsim_sigbus.1808920 file
-----------------------------------------------------------------

csi-xmsim - CSI: Cadence Support Investigation, recording details
External Code in function: <unavailable> offset -65521
External Code in function: <unavailable> offset -65530
External Code in function: <unavailable> offset -65536
External Code in function: <unavailable> offset -65529
External Code in function: <unavailable> offset -65516
csi-xmsim - CSI: investigation complete took 0.056 secs, send this file to Cadence Support
