xfr(64): 20.09-s007: (c) Copyright 1995-2020 Cadence Design Systems, Inc.
The fault report is written to file 'fault_db/xfr_merge.out'


Fault Injection Summary:
    Multiplicity: 1
    Total number of faults: 5515/5515 (total/prime)
    Number of fault runs: 495
    Number of faults injected: 495
        SA0(0), SA1(0), SEU(495), SET(0)
    Expected finish time: 1us
        ON_TIME(495), DELAYED(0), PREMATURE(0), TIMEOUT(0), STOPPED(0), UNKNOWN(0)


SEU Fault Table
			 Total #	 Prime #
Detected		    114		    114
Potentially_detected	      0		      0
Undetected		    381		    381
Unobserved_detected	      0		      0
Unobserved_undetected	      0		      0
Dangerous_detected	      0		      0
Dangerous_undetected	      0		      0
Total			    495		    495


SEU Fault Summary Table
Untestable		     24		     24
Injected_faults		    495		    495
Not_injected		   4996		   4996
Total			   5515		   5515


