
*** Running vivado
    with args -log Scrambler_32bits.vds -m64 -product Vivado -mode batch -messageDb vivado.pb -notrace -source Scrambler_32bits.tcl


****** Vivado v2021.2 (64-bit)
  **** SW Build 3367213 on Tue Oct 19 02:47:39 MDT 2021
  **** IP Build 3369179 on Thu Oct 21 08:25:16 MDT 2021
    ** Copyright 1986-2021 Xilinx, Inc. All Rights Reserved.

source Scrambler_32bits.tcl -notrace
create_project: Time (s): cpu = 00:00:06 ; elapsed = 00:00:06 . Memory (MB): peak = 3066.770 ; gain = 2.016 ; free physical = 6893 ; free virtual = 99019
INFO: [IP_Flow 19-234] Refreshing IP repositories
INFO: [IP_Flow 19-1700] Loaded user IP repository '/ihp/departments/D-SYA/work/miglioranza/Scrambler_32bits/Scrambler_32bits.srcs'.
INFO: [IP_Flow 19-2313] Loaded Vivado IP repository '/ihpusr/xilinx/vivado2021.2/Vivado/2021.2/data/ip'.
Command: synth_design -top Scrambler_32bits -part xczu28dr-ffvg1517-2-e
Starting synth_design
Attempting to get a license for feature 'Synthesis' and/or device 'xczu28dr'
INFO: [Common 17-349] Got license for feature 'Synthesis' and/or device 'xczu28dr'
INFO: [Device 21-403] Loading part xczu28dr-ffvg1517-2-e
INFO: [Synth 8-7079] Multithreading enabled for synth_design using a maximum of 4 processes.
INFO: [Synth 8-7078] Launching helper process for spawning children vivado processes
INFO: [Synth 8-7075] Helper process launched with PID 2179780
---------------------------------------------------------------------------------
Starting RTL Elaboration : Time (s): cpu = 00:00:03 ; elapsed = 00:00:04 . Memory (MB): peak = 3462.258 ; gain = 228.688 ; free physical = 5647 ; free virtual = 97791
---------------------------------------------------------------------------------
INFO: [Synth 8-638] synthesizing module 'Scrambler_32bits' [/ihp/departments/D-SYA/work/miglioranza/Scrambler_32bits/Scrambler_32bits.srcs/sources_1/new/Scrambler_32bits.vhd:56]
INFO: [Synth 8-256] done synthesizing module 'Scrambler_32bits' (1#1) [/ihp/departments/D-SYA/work/miglioranza/Scrambler_32bits/Scrambler_32bits.srcs/sources_1/new/Scrambler_32bits.vhd:56]
---------------------------------------------------------------------------------
Finished RTL Elaboration : Time (s): cpu = 00:00:04 ; elapsed = 00:00:05 . Memory (MB): peak = 3500.227 ; gain = 266.656 ; free physical = 4676 ; free virtual = 96820
---------------------------------------------------------------------------------
---------------------------------------------------------------------------------
Start Handling Custom Attributes
---------------------------------------------------------------------------------
---------------------------------------------------------------------------------
Finished Handling Custom Attributes : Time (s): cpu = 00:00:05 ; elapsed = 00:00:06 . Memory (MB): peak = 3518.039 ; gain = 284.469 ; free physical = 4676 ; free virtual = 96820
---------------------------------------------------------------------------------
---------------------------------------------------------------------------------
Finished RTL Optimization Phase 1 : Time (s): cpu = 00:00:05 ; elapsed = 00:00:06 . Memory (MB): peak = 3518.039 ; gain = 284.469 ; free physical = 4680 ; free virtual = 96824
---------------------------------------------------------------------------------
Netlist sorting complete. Time (s): cpu = 00:00:00 ; elapsed = 00:00:00 . Memory (MB): peak = 3518.039 ; gain = 0.000 ; free physical = 4670 ; free virtual = 96814
INFO: [Project 1-570] Preparing netlist for logic optimization

Processing XDC Constraints
Initializing timing engine
Parsing XDC File [/ihp/departments/D-SYA/work/miglioranza/Scrambler_32bits/Scrambler_32bits.srcs/constrs_1/new/Scrambler_constraints.xdc]
create_clock: Time (s): cpu = 00:00:06 ; elapsed = 00:00:07 . Memory (MB): peak = 3697.664 ; gain = 0.000 ; free physical = 5442 ; free virtual = 97589
Finished Parsing XDC File [/ihp/departments/D-SYA/work/miglioranza/Scrambler_32bits/Scrambler_32bits.srcs/constrs_1/new/Scrambler_constraints.xdc]
Completed Processing XDC Constraints

Netlist sorting complete. Time (s): cpu = 00:00:00 ; elapsed = 00:00:00 . Memory (MB): peak = 3697.664 ; gain = 0.000 ; free physical = 5442 ; free virtual = 97590
INFO: [Project 1-111] Unisim Transformation Summary:
No Unisim elements were transformed.

Constraint Validation Runtime : Time (s): cpu = 00:00:00 ; elapsed = 00:00:00.01 . Memory (MB): peak = 3697.664 ; gain = 0.000 ; free physical = 5441 ; free virtual = 97589
---------------------------------------------------------------------------------
Finished Constraint Validation : Time (s): cpu = 00:00:17 ; elapsed = 00:00:18 . Memory (MB): peak = 3697.664 ; gain = 464.094 ; free physical = 5590 ; free virtual = 97738
---------------------------------------------------------------------------------
---------------------------------------------------------------------------------
Start Loading Part and Timing Information
---------------------------------------------------------------------------------
Loading part: xczu28dr-ffvg1517-2-e
INFO: [Synth 8-6742] Reading net delay rules and data
---------------------------------------------------------------------------------
Finished Loading Part and Timing Information : Time (s): cpu = 00:00:17 ; elapsed = 00:00:18 . Memory (MB): peak = 3697.664 ; gain = 464.094 ; free physical = 5590 ; free virtual = 97738
---------------------------------------------------------------------------------
---------------------------------------------------------------------------------
Start Applying 'set_property' XDC Constraints
---------------------------------------------------------------------------------
---------------------------------------------------------------------------------
Finished applying 'set_property' XDC Constraints : Time (s): cpu = 00:00:17 ; elapsed = 00:00:18 . Memory (MB): peak = 3697.664 ; gain = 464.094 ; free physical = 5590 ; free virtual = 97738
---------------------------------------------------------------------------------
---------------------------------------------------------------------------------
Finished RTL Optimization Phase 2 : Time (s): cpu = 00:00:17 ; elapsed = 00:00:19 . Memory (MB): peak = 3697.664 ; gain = 464.094 ; free physical = 5581 ; free virtual = 97729
---------------------------------------------------------------------------------
---------------------------------------------------------------------------------
Start RTL Component Statistics 
---------------------------------------------------------------------------------
Detailed RTL Component Info : 
+---XORs : 
	   2 Input     32 Bit         XORs := 1     
	   2 Input      1 Bit         XORs := 1     
+---Registers : 
	               32 Bit    Registers := 1     
	               31 Bit    Registers := 1     
	                1 Bit    Registers := 3     
+---Muxes : 
	   2 Input   32 Bit        Muxes := 1     
	   2 Input   31 Bit        Muxes := 1     
	   2 Input    1 Bit        Muxes := 1     
---------------------------------------------------------------------------------
Finished RTL Component Statistics 
---------------------------------------------------------------------------------
---------------------------------------------------------------------------------
Start Part Resource Summary
---------------------------------------------------------------------------------
Part Resources:
DSPs: 4272 (col length:192)
BRAMs: 2160 (col length: RAMB18 192 RAMB36 96)
---------------------------------------------------------------------------------
Finished Part Resource Summary
---------------------------------------------------------------------------------
---------------------------------------------------------------------------------
Start Cross Boundary and Area Optimization
---------------------------------------------------------------------------------
WARNING: [Synth 8-7080] Parallel synthesis criteria is not met
---------------------------------------------------------------------------------
Finished Cross Boundary and Area Optimization : Time (s): cpu = 00:00:18 ; elapsed = 00:00:20 . Memory (MB): peak = 3697.664 ; gain = 464.094 ; free physical = 5567 ; free virtual = 97719
---------------------------------------------------------------------------------
---------------------------------------------------------------------------------
Start Applying XDC Timing Constraints
---------------------------------------------------------------------------------
---------------------------------------------------------------------------------
Finished Applying XDC Timing Constraints : Time (s): cpu = 00:00:27 ; elapsed = 00:00:32 . Memory (MB): peak = 3950.309 ; gain = 716.738 ; free physical = 5073 ; free virtual = 97229
---------------------------------------------------------------------------------
---------------------------------------------------------------------------------
Start Timing Optimization
---------------------------------------------------------------------------------
---------------------------------------------------------------------------------
Finished Timing Optimization : Time (s): cpu = 00:00:27 ; elapsed = 00:00:32 . Memory (MB): peak = 3959.324 ; gain = 725.754 ; free physical = 5073 ; free virtual = 97229
---------------------------------------------------------------------------------
---------------------------------------------------------------------------------
Start Technology Mapping
---------------------------------------------------------------------------------
---------------------------------------------------------------------------------
Finished Technology Mapping : Time (s): cpu = 00:00:27 ; elapsed = 00:00:32 . Memory (MB): peak = 3969.348 ; gain = 735.777 ; free physical = 5073 ; free virtual = 97229
---------------------------------------------------------------------------------
---------------------------------------------------------------------------------
Start IO Insertion
---------------------------------------------------------------------------------
---------------------------------------------------------------------------------
Start Flattening Before IO Insertion
---------------------------------------------------------------------------------
---------------------------------------------------------------------------------
Finished Flattening Before IO Insertion
---------------------------------------------------------------------------------
---------------------------------------------------------------------------------
Start Final Netlist Cleanup
---------------------------------------------------------------------------------
---------------------------------------------------------------------------------
Finished Final Netlist Cleanup
---------------------------------------------------------------------------------
---------------------------------------------------------------------------------
Finished IO Insertion : Time (s): cpu = 00:00:29 ; elapsed = 00:00:35 . Memory (MB): peak = 3975.285 ; gain = 741.715 ; free physical = 5069 ; free virtual = 97229
---------------------------------------------------------------------------------
---------------------------------------------------------------------------------
Start Renaming Generated Instances
---------------------------------------------------------------------------------
---------------------------------------------------------------------------------
Finished Renaming Generated Instances : Time (s): cpu = 00:00:29 ; elapsed = 00:00:35 . Memory (MB): peak = 3975.285 ; gain = 741.715 ; free physical = 5069 ; free virtual = 97229
---------------------------------------------------------------------------------
---------------------------------------------------------------------------------
Start Rebuilding User Hierarchy
---------------------------------------------------------------------------------
---------------------------------------------------------------------------------
Finished Rebuilding User Hierarchy : Time (s): cpu = 00:00:30 ; elapsed = 00:00:35 . Memory (MB): peak = 3975.285 ; gain = 741.715 ; free physical = 5069 ; free virtual = 97229
---------------------------------------------------------------------------------
---------------------------------------------------------------------------------
Start Renaming Generated Ports
---------------------------------------------------------------------------------
---------------------------------------------------------------------------------
Finished Renaming Generated Ports : Time (s): cpu = 00:00:30 ; elapsed = 00:00:35 . Memory (MB): peak = 3975.285 ; gain = 741.715 ; free physical = 5069 ; free virtual = 97229
---------------------------------------------------------------------------------
---------------------------------------------------------------------------------
Start Handling Custom Attributes
---------------------------------------------------------------------------------
---------------------------------------------------------------------------------
Finished Handling Custom Attributes : Time (s): cpu = 00:00:30 ; elapsed = 00:00:35 . Memory (MB): peak = 3975.285 ; gain = 741.715 ; free physical = 5069 ; free virtual = 97229
---------------------------------------------------------------------------------
---------------------------------------------------------------------------------
Start Renaming Generated Nets
---------------------------------------------------------------------------------
---------------------------------------------------------------------------------
Finished Renaming Generated Nets : Time (s): cpu = 00:00:30 ; elapsed = 00:00:35 . Memory (MB): peak = 3975.285 ; gain = 741.715 ; free physical = 5069 ; free virtual = 97229
---------------------------------------------------------------------------------
---------------------------------------------------------------------------------
Start Writing Synthesis Report
---------------------------------------------------------------------------------

Report BlackBoxes: 
+-+--------------+----------+
| |BlackBox name |Instances |
+-+--------------+----------+
+-+--------------+----------+

Report Cell Usage: 
+------+-----+------+
|      |Cell |Count |
+------+-----+------+
|1     |BUFG |     1|
|2     |LUT1 |     1|
|3     |LUT2 |     2|
|4     |LUT3 |    62|
|5     |LUT5 |     1|
|6     |FDCE |    33|
|7     |FDPE |    31|
|8     |FDRE |     2|
|9     |IBUF |    68|
|10    |OBUF |    34|
+------+-----+------+
---------------------------------------------------------------------------------
Finished Writing Synthesis Report : Time (s): cpu = 00:00:30 ; elapsed = 00:00:35 . Memory (MB): peak = 3975.285 ; gain = 741.715 ; free physical = 5069 ; free virtual = 97228
---------------------------------------------------------------------------------
Synthesis finished with 0 errors, 0 critical warnings and 1 warnings.
Synthesis Optimization Runtime : Time (s): cpu = 00:00:22 ; elapsed = 00:00:26 . Memory (MB): peak = 3975.285 ; gain = 562.090 ; free physical = 5108 ; free virtual = 97268
Synthesis Optimization Complete : Time (s): cpu = 00:00:30 ; elapsed = 00:00:35 . Memory (MB): peak = 3975.293 ; gain = 741.715 ; free physical = 5108 ; free virtual = 97267
INFO: [Project 1-571] Translating synthesized netlist
Netlist sorting complete. Time (s): cpu = 00:00:00 ; elapsed = 00:00:00 . Memory (MB): peak = 3981.223 ; gain = 0.000 ; free physical = 5200 ; free virtual = 97360
INFO: [Netlist 29-17] Analyzing 69 Unisim elements for replacement
INFO: [Netlist 29-28] Unisim Transformation completed in 0 CPU seconds
INFO: [Project 1-570] Preparing netlist for logic optimization
INFO: [Opt 31-138] Pushed 0 inverter(s) to 0 load pin(s).
Netlist sorting complete. Time (s): cpu = 00:00:00 ; elapsed = 00:00:00 . Memory (MB): peak = 4071.867 ; gain = 0.000 ; free physical = 5118 ; free virtual = 97278
INFO: [Project 1-111] Unisim Transformation Summary:
  A total of 69 instances were transformed.
  BUFG => BUFGCE: 1 instance 
  IBUF => IBUF (IBUFCTRL, INBUF): 68 instances

Synth Design complete, checksum: baeb8fb3
INFO: [Common 17-83] Releasing license: Synthesis
20 Infos, 1 Warnings, 0 Critical Warnings and 0 Errors encountered.
synth_design completed successfully
synth_design: Time (s): cpu = 00:00:44 ; elapsed = 00:01:18 . Memory (MB): peak = 4071.867 ; gain = 1005.098 ; free physical = 5260 ; free virtual = 97420
INFO: [Common 17-1381] The checkpoint '/ihp/departments/D-SYA/work/miglioranza/Scrambler_32bits/Scrambler_32bits.runs/synth_1/Scrambler_32bits.dcp' has been generated.
INFO: [runtcl-4] Executing : report_utilization -file Scrambler_32bits_utilization_synth.rpt -pb Scrambler_32bits_utilization_synth.pb
INFO: [Common 17-206] Exiting Vivado at Tue Oct 28 11:22:21 2025...
