#
## ./fault_db2/xfr_merge.out
## File generated by TOOL:	xfr	20.09-s007 on Jun 16, 2025 at 21:37:58 CEST
#

{ <list of fault nodes> } <fault_seed> <fault_type> <fault injection time> <finish time> <result>
":DATA_IN(0)"    0    SET+100ps    216ns    1us    <ON_TIME,UNDETECTED>
":DATA_IN(1)"    0    SET+100ps    337ns    1us    <ON_TIME,UNDETECTED>
":DATA_IN(2)"    0    SET+100ps    135ns    1us    <ON_TIME,UNDETECTED>
":DATA_IN(3)"    0    SET+100ps    282ns    1us    <ON_TIME,UNDETECTED>
":DATA_IN(4)"    0    SET+100ps    332ns    1us    <ON_TIME,UNDETECTED>
":DATA_IN(5)"    0    SET+100ps    216ns    1us    <ON_TIME,UNDETECTED>
":UUT:\K_REG[0]_I_2\:DI(7)"    0    SET+100ps    60ns    1us    <ON_TIME,UNDETECTED>
":UUT:\K_REG[0]_I_2\:DI_IN(0)"    0    SET+100ps    244ns    1us    <ON_TIME,UNDETECTED>
":UUT:\K_REG[0]_I_2\:DI_IN(1)"    0    SET+100ps    413ns    1us    <ON_TIME,UNDETECTED>
":UUT:\K_REG[0]_I_2\:DI_IN(2)"    0    SET+100ps    209ns    1us    <ON_TIME,UNDETECTED>
":UUT:\K_REG[0]_I_2\:DI_IN(3)"    0    SET+100ps    162ns    1us    <ON_TIME,UNDETECTED>
":UUT:\K_REG[0]_I_2\:DI_IN(4)"    0    SET+100ps    357ns    1us    <ON_TIME,UNDETECTED>
":UUT:\K_REG[0]_I_2\:DI_IN(5)"    0    SET+100ps    217ns    1us    <ON_TIME,UNDETECTED>
":UUT:\K_REG[0]_I_2\:DI_IN(6)"    0    SET+100ps    261ns    1us    <ON_TIME,UNDETECTED>
":UUT:\K_REG[0]_I_2\:DI_IN(7)"    0    SET+100ps    226ns    1us    <ON_TIME,UNDETECTED>
":UUT:\K_REG[0]_I_2\:S(0)"    0    SET+100ps    282ns    1us    <ON_TIME,UNDETECTED>
":UUT:\K_REG[0]_I_2\:S(1)"    0    SET+100ps    397ns    1us    <ON_TIME,UNDETECTED>
":UUT:\K_REG[0]_I_2\:S(2)"    0    SET+100ps    378ns    1us    <ON_TIME,UNDETECTED>
":UUT:\K_REG[0]_I_2\:S(3)"    0    SET+100ps    236ns    1us    <ON_TIME,UNDETECTED>
":UUT:\K_REG[0]_I_2\:S(4)"    0    SET+100ps    83ns    1us    <ON_TIME,UNDETECTED>
":UUT:\K_REG[0]_I_2\:S(5)"    0    SET+100ps    111ns    1us    <ON_TIME,UNDETECTED>
":UUT:\K_REG[0]_I_2\:S(6)"    0    SET+100ps    375ns    1us    <ON_TIME,UNDETECTED>
":UUT:\K_REG[0]_I_2\:S(7)"    0    SET+100ps    189ns    1us    <ON_TIME,UNDETECTED>
":UUT:\K_REG[0]_I_2\:S_IN(0)"    0    SET+100ps    395ns    1us    <ON_TIME,UNDETECTED>
":UUT:\K_REG[0]_I_2\:S_IN(1)"    0    SET+100ps    251ns    1us    <ON_TIME,UNDETECTED>
":UUT:\K_REG[0]_I_2\:S_IN(2)"    0    SET+100ps    200ns    1us    <ON_TIME,UNDETECTED>
":UUT:\K_REG[0]_I_2\:S_IN(3)"    0    SET+100ps    138ns    1us    <ON_TIME,UNDETECTED>
":UUT:\K_REG[0]_I_2\:S_IN(4)"    0    SET+100ps    221ns    1us    <ON_TIME,UNDETECTED>
":UUT:\K_REG[0]_I_2\:S_IN(5)"    0    SET+100ps    230ns    1us    <ON_TIME,UNDETECTED>
":UUT:\K_REG[0]_I_2\:S_IN(6)"    0    SET+100ps    307ns    1us    <ON_TIME,UNDETECTED>
":UUT:\K_REG[0]_I_2\:S_IN(7)"    0    SET+100ps    283ns    1us    <ON_TIME,UNDETECTED>
":UUT:\K_REG[0]_I_2\:CARRY_TYPE_BIN"    0    SET+100ps    94ns    1us    <ON_TIME,UNDETECTED>
":UUT:\K_REG[0]_I_2\:XIL_ATTR_TEST"    0    SET+100ps    234ns    1us    <ON_TIME,UNDETECTED>
":UUT:\K_REG[0]_I_2\:CI_TOP_MUX"    0    SET+100ps    220ns    1us    <ON_TIME,UNDETECTED>
":UUT:\K_REG[1]\:GLBLGSR"    0    SET+100ps    251ns    1us    <ON_TIME,UNDETECTED>
":UUT:\K_REG[1]\:Q"    0    SET+100ps    421ns    1us    <ON_TIME,UNDETECTED>
":UUT:\K_REG[1]\:Q_OUT"    0    SET+100ps    124ns    1us    <ON_TIME,UNDETECTED>
":UUT:\K_REG[1]\:INIT_BIN"    0    SET+100ps    283ns    1us    <ON_TIME,UNDETECTED>
":UUT:\K_REG[1]\:CLR"    0    SET+100ps    313ns    1us    <ON_TIME,DETECTED:313100ps>
":UUT:\K_REG[1]\:IS_CLR_INVERTED_BIN"    0    SET+100ps    342ns    1us    <ON_TIME,UNDETECTED>
":UUT:\K_REG[1]\:C"    0    SET+100ps    123ns    1us    <ON_TIME,DETECTED:123100ps>
":UUT:\K_REG[1]\:IS_C_INVERTED_BIN"    0    SET+100ps    183ns    1us    <ON_TIME,UNDETECTED>
":UUT:\K_REG[1]\:CE"    0    SET+100ps    280ns    1us    <ON_TIME,UNDETECTED>
":UUT:\K_REG[1]\:D"    0    SET+100ps    138ns    1us    <ON_TIME,UNDETECTED>
":UUT:\K_REG[1]\:IS_D_INVERTED_BIN"    0    SET+100ps    227ns    1us    <ON_TIME,UNDETECTED>
":UUT:\K_REG[2]\:GLBLGSR"    0    SET+100ps    195ns    1us    <ON_TIME,UNDETECTED>
":UUT:\K_REG[2]\:Q"    0    SET+100ps    257ns    1us    <ON_TIME,UNDETECTED>
":UUT:\K_REG[2]\:Q_OUT"    0    SET+100ps    88ns    1us    <ON_TIME,UNDETECTED>
":UUT:\K_REG[2]\:INIT_BIN"    0    SET+100ps    321ns    1us    <ON_TIME,UNDETECTED>
":UUT:\K_REG[2]\:CLR"    0    SET+100ps    331ns    1us    <ON_TIME,DETECTED:331100ps>
":UUT:\K_REG[2]\:IS_CLR_INVERTED_BIN"    0    SET+100ps    375ns    1us    <ON_TIME,UNDETECTED>
":UUT:\K_REG[2]\:C"    0    SET+100ps    134ns    1us    <ON_TIME,DETECTED:134100ps>
":UUT:\K_REG[2]\:IS_C_INVERTED_BIN"    0    SET+100ps    322ns    1us    <ON_TIME,UNDETECTED>
":UUT:\K_REG[2]\:CE"    0    SET+100ps    395ns    1us    <ON_TIME,UNDETECTED>
":UUT:\K_REG[2]\:D"    0    SET+100ps    347ns    1us    <ON_TIME,UNDETECTED>
":UUT:\K_REG[2]\:IS_D_INVERTED_BIN"    0    SET+100ps    201ns    1us    <ON_TIME,UNDETECTED>
":UUT:LAST_FRAME_OBUF_INST:O"    0    SET+100ps    322ns    1us    <ON_TIME,UNDETECTED>
":UUT:LAST_FRAME_OBUF_INST:I"    0    SET+100ps    350ns    1us    <ON_TIME,UNDETECTED>
":UUT:LAST_FRAME_I_1:I3"    0    SET+100ps    340ns    1us    <ON_TIME,DETECTED:340100ps>
":UUT:LAST_FRAME_I_1:I2"    0    SET+100ps    192ns    1us    <ON_TIME,UNDETECTED>
":UUT:LAST_FRAME_I_1:I1"    0    SET+100ps    134ns    1us    <ON_TIME,UNDETECTED>
":UUT:LAST_FRAME_I_1:I0"    0    SET+100ps    156ns    1us    <ON_TIME,UNDETECTED>
":UUT:LAST_FRAME_I_1:O"    0    SET+100ps    135ns    1us    <ON_TIME,UNDETECTED>
":UUT:LAST_FRAME_I_2:I1"    0    SET+100ps    284ns    1us    <ON_TIME,UNDETECTED>
":UUT:LAST_FRAME_I_2:I0"    0    SET+100ps    435ns    1us    <ON_TIME,UNDETECTED>
":UUT:LAST_FRAME_I_2:O"    0    SET+100ps    297ns    1us    <ON_TIME,UNDETECTED>
":UUT:LAST_FRAME_REG:GLBLGSR"    0    SET+100ps    111ns    1us    <ON_TIME,UNDETECTED>
":UUT:LAST_FRAME_REG:Q"    0    SET+100ps    352ns    1us    <ON_TIME,UNDETECTED>
":UUT:LAST_FRAME_REG:Q_OUT"    0    SET+100ps    258ns    1us    <ON_TIME,UNDETECTED>
":UUT:LAST_FRAME_REG:INIT_BIN"    0    SET+100ps    57ns    1us    <ON_TIME,UNDETECTED>
":UUT:LAST_FRAME_REG:C"    0    SET+100ps    208ns    1us    <ON_TIME,UNDETECTED>
":UUT:LAST_FRAME_REG:IS_C_INVERTED_BIN"    0    SET+100ps    56ns    1us    <ON_TIME,UNDETECTED>
":UUT:LAST_FRAME_REG:R"    0    SET+100ps    143ns    1us    <ON_TIME,UNDETECTED>
":UUT:LAST_FRAME_REG:IS_R_INVERTED_BIN"    0    SET+100ps    109ns    1us    <ON_TIME,UNDETECTED>
":UUT:LAST_FRAME_REG:CE"    0    SET+100ps    219ns    1us    <ON_TIME,UNDETECTED>
":UUT:LAST_FRAME_REG:D"    0    SET+100ps    57ns    1us    <ON_TIME,UNDETECTED>
":UUT:LAST_FRAME_REG:IS_D_INVERTED_BIN"    0    SET+100ps    304ns    1us    <ON_TIME,UNDETECTED>
":UUT:\MOD_TYPE_IBUF[0]_INST\:O"    0    SET+100ps    351ns    1us    <ON_TIME,UNDETECTED>
":UUT:\MOD_TYPE_IBUF[0]_INST\:I"    0    SET+100ps    234ns    1us    <ON_TIME,UNDETECTED>
":UUT:\MOD_TYPE_IBUF[1]_INST\:O"    0    SET+100ps    353ns    1us    <ON_TIME,UNDETECTED>
":UUT:\MOD_TYPE_IBUF[1]_INST\:I"    0    SET+100ps    205ns    1us    <ON_TIME,UNDETECTED>
":UUT:\MOD_TYPE_IBUF[2]_INST\:O"    0    SET+100ps    188ns    1us    <ON_TIME,UNDETECTED>
":UUT:\MOD_TYPE_IBUF[2]_INST\:I"    0    SET+100ps    147ns    1us    <ON_TIME,UNDETECTED>
":UUT:PILOT_INSERTION_IBUF_INST:O"    0    SET+100ps    301ns    1us    <ON_TIME,UNDETECTED>
":UUT:PILOT_INSERTION_IBUF_INST:I"    0    SET+100ps    278ns    1us    <ON_TIME,UNDETECTED>
":UUT:\Q_OUT[0]_I_1\:I5"    0    SET+100ps    236ns    1us    <ON_TIME,UNDETECTED>
":UUT:\Q_OUT[0]_I_1\:I4"    0    SET+100ps    306ns    1us    <ON_TIME,UNDETECTED>
":UUT:\Q_OUT[0]_I_1\:I3"    0    SET+100ps    440ns    1us    <ON_TIME,UNDETECTED>
":UUT:\Q_OUT[0]_I_1\:I2"    0    SET+100ps    270ns    1us    <ON_TIME,UNDETECTED>
":UUT:\Q_OUT[0]_I_1\:I1"    0    SET+100ps    215ns    1us    <ON_TIME,UNDETECTED>
":UUT:\Q_OUT[0]_I_1\:I0"    0    SET+100ps    67ns    1us    <ON_TIME,UNDETECTED>
":UUT:\Q_OUT[0]_I_1\:O"    0    SET+100ps    348ns    1us    <ON_TIME,UNDETECTED>
":UUT:\Q_OUT[0]_I_2\:I5"    0    SET+100ps    231ns    1us    <ON_TIME,UNDETECTED>
":UUT:\Q_OUT[0]_I_2\:I4"    0    SET+100ps    175ns    1us    <ON_TIME,UNDETECTED>
":UUT:\Q_OUT[0]_I_2\:I3"    0    SET+100ps    146ns    1us    <ON_TIME,UNDETECTED>
":UUT:\Q_OUT[0]_I_2\:I2"    0    SET+100ps    273ns    1us    <ON_TIME,UNDETECTED>
":UUT:\Q_OUT[0]_I_2\:I1"    0    SET+100ps    313ns    1us    <ON_TIME,UNDETECTED>
":UUT:\Q_OUT[0]_I_2\:I0"    0    SET+100ps    119ns    1us    <ON_TIME,UNDETECTED>
":UUT:\Q_OUT[0]_I_2\:O"    0    SET+100ps    162ns    1us    <ON_TIME,UNDETECTED>
":UUT:\Q_OUT[0]_I_3\:I4"    0    SET+100ps    204ns    1us    <ON_TIME,UNDETECTED>
":UUT:\Q_OUT[0]_I_3\:I3"    0    SET+100ps    304ns    1us    <ON_TIME,UNDETECTED>
":UUT:\Q_OUT[0]_I_3\:I2"    0    SET+100ps    61ns    1us    <ON_TIME,UNDETECTED>
":UUT:\Q_OUT[0]_I_3\:I1"    0    SET+100ps    422ns    1us    <ON_TIME,UNDETECTED>
":UUT:\Q_OUT[0]_I_3\:I0"    0    SET+100ps    381ns    1us    <ON_TIME,UNDETECTED>
":UUT:\Q_OUT[0]_I_3\:O"    0    SET+100ps    311ns    1us    <ON_TIME,UNDETECTED>
":UUT:\Q_OUT[10]_I_1\:I5"    0    SET+100ps    135ns    1us    <ON_TIME,UNDETECTED>
":UUT:\Q_OUT[10]_I_1\:I4"    0    SET+100ps    294ns    1us    <ON_TIME,UNDETECTED>
":UUT:\Q_OUT[10]_I_1\:I3"    0    SET+100ps    227ns    1us    <ON_TIME,UNDETECTED>
":UUT:\Q_OUT[10]_I_1\:I2"    0    SET+100ps    131ns    1us    <ON_TIME,UNDETECTED>
":UUT:\Q_OUT[10]_I_1\:I1"    0    SET+100ps    202ns    1us    <ON_TIME,UNDETECTED>
":UUT:\Q_OUT[10]_I_1\:I0"    0    SET+100ps    109ns    1us    <ON_TIME,UNDETECTED>
":UUT:\Q_OUT[10]_I_1\:O"    0    SET+100ps    275ns    1us    <ON_TIME,UNDETECTED>
":UUT:\Q_OUT[10]_I_2\:I5"    0    SET+100ps    261ns    1us    <ON_TIME,UNDETECTED>
":UUT:\Q_OUT[10]_I_2\:I4"    0    SET+100ps    105ns    1us    <ON_TIME,UNDETECTED>
":UUT:\Q_OUT[10]_I_2\:I3"    0    SET+100ps    311ns    1us    <ON_TIME,UNDETECTED>
":UUT:\Q_OUT[10]_I_2\:I2"    0    SET+100ps    355ns    1us    <ON_TIME,UNDETECTED>
":UUT:\Q_OUT[10]_I_2\:I1"    0    SET+100ps    224ns    1us    <ON_TIME,UNDETECTED>
":UUT:\Q_OUT[10]_I_2\:I0"    0    SET+100ps    270ns    1us    <ON_TIME,UNDETECTED>
":UUT:\Q_OUT[10]_I_2\:O"    0    SET+100ps    342ns    1us    <ON_TIME,UNDETECTED>
":UUT:\Q_OUT[10]_I_3\:I5"    0    SET+100ps    257ns    1us    <ON_TIME,UNDETECTED>
":UUT:\Q_OUT[10]_I_3\:I4"    0    SET+100ps    425ns    1us    <ON_TIME,UNDETECTED>
":UUT:\Q_OUT[10]_I_3\:I3"    0    SET+100ps    168ns    1us    <ON_TIME,UNDETECTED>
":UUT:\Q_OUT[10]_I_3\:I2"    0    SET+100ps    399ns    1us    <ON_TIME,UNDETECTED>
":UUT:\Q_OUT[10]_I_3\:I1"    0    SET+100ps    199ns    1us    <ON_TIME,UNDETECTED>
":UUT:\Q_OUT[10]_I_3\:I0"    0    SET+100ps    319ns    1us    <ON_TIME,UNDETECTED>
":UUT:\Q_OUT[10]_I_3\:O"    0    SET+100ps    342ns    1us    <ON_TIME,UNDETECTED>
":UUT:\Q_OUT[11]_I_1\:I1"    0    SET+100ps    444ns    1us    <ON_TIME,UNDETECTED>
":UUT:\Q_OUT[11]_I_1\:I0"    0    SET+100ps    163ns    1us    <ON_TIME,UNDETECTED>
":UUT:\Q_OUT[11]_I_1\:O"    0    SET+100ps    106ns    1us    <ON_TIME,UNDETECTED>
":UUT:\Q_OUT[11]_I_2\:I5"    0    SET+100ps    271ns    1us    <ON_TIME,UNDETECTED>
":UUT:\Q_OUT[11]_I_2\:I4"    0    SET+100ps    304ns    1us    <ON_TIME,UNDETECTED>
":UUT:\Q_OUT[11]_I_2\:I3"    0    SET+100ps    156ns    1us    <ON_TIME,UNDETECTED>
":UUT:\Q_OUT[11]_I_2\:I2"    0    SET+100ps    328ns    1us    <ON_TIME,UNDETECTED>
":UUT:\Q_OUT[11]_I_2\:I1"    0    SET+100ps    435ns    1us    <ON_TIME,UNDETECTED>
":UUT:\Q_OUT[11]_I_2\:I0"    0    SET+100ps    418ns    1us    <ON_TIME,UNDETECTED>
":UUT:\Q_OUT[11]_I_2\:O"    0    SET+100ps    411ns    1us    <ON_TIME,UNDETECTED>
":UUT:\Q_OUT[11]_I_3\:I2"    0    SET+100ps    308ns    1us    <ON_TIME,UNDETECTED>
":UUT:\Q_OUT[11]_I_3\:I1"    0    SET+100ps    231ns    1us    <ON_TIME,UNDETECTED>
":UUT:\Q_OUT[11]_I_3\:I0"    0    SET+100ps    366ns    1us    <ON_TIME,UNDETECTED>
":UUT:\Q_OUT[11]_I_3\:O"    0    SET+100ps    338ns    1us    <ON_TIME,UNDETECTED>
":UUT:\Q_OUT[1]_I_1\:I5"    0    SET+100ps    407ns    1us    <ON_TIME,UNDETECTED>
":UUT:\Q_OUT[1]_I_1\:I4"    0    SET+100ps    392ns    1us    <ON_TIME,UNDETECTED>
":UUT:\Q_OUT[1]_I_1\:I3"    0    SET+100ps    433ns    1us    <ON_TIME,UNDETECTED>
":UUT:\Q_OUT[1]_I_1\:I2"    0    SET+100ps    236ns    1us    <ON_TIME,UNDETECTED>
":UUT:\Q_OUT[1]_I_1\:I1"    0    SET+100ps    358ns    1us    <ON_TIME,UNDETECTED>
":UUT:\Q_OUT[1]_I_1\:I0"    0    SET+100ps    316ns    1us    <ON_TIME,UNDETECTED>
":UUT:\Q_OUT[1]_I_1\:O"    0    SET+100ps    413ns    1us    <ON_TIME,UNDETECTED>
":UUT:\Q_OUT[1]_I_2\:I4"    0    SET+100ps    86ns    1us    <ON_TIME,UNDETECTED>
":UUT:\Q_OUT[1]_I_2\:I3"    0    SET+100ps    362ns    1us    <ON_TIME,UNDETECTED>
":UUT:\Q_OUT[1]_I_2\:I2"    0    SET+100ps    423ns    1us    <ON_TIME,UNDETECTED>
":UUT:\Q_OUT[1]_I_2\:I1"    0    SET+100ps    234ns    1us    <ON_TIME,UNDETECTED>
":UUT:\Q_OUT[1]_I_2\:I0"    0    SET+100ps    439ns    1us    <ON_TIME,UNDETECTED>
":UUT:\Q_OUT[1]_I_2\:O"    0    SET+100ps    265ns    1us    <ON_TIME,UNDETECTED>
":UUT:\Q_OUT[1]_I_3\:I3"    0    SET+100ps    264ns    1us    <ON_TIME,UNDETECTED>
":UUT:\Q_OUT[1]_I_3\:I2"    0    SET+100ps    382ns    1us    <ON_TIME,UNDETECTED>
":UUT:\Q_OUT[1]_I_3\:I1"    0    SET+100ps    367ns    1us    <ON_TIME,UNDETECTED>
":UUT:\Q_OUT[1]_I_3\:I0"    0    SET+100ps    403ns    1us    <ON_TIME,UNDETECTED>
":UUT:\Q_OUT[1]_I_3\:O"    0    SET+100ps    219ns    1us    <ON_TIME,UNDETECTED>
":UUT:\Q_OUT[1]_I_5\:I4"    0    SET+100ps    81ns    1us    <ON_TIME,UNDETECTED>
":UUT:\Q_OUT[1]_I_5\:I3"    0    SET+100ps    331ns    1us    <ON_TIME,UNDETECTED>
":UUT:\Q_OUT[1]_I_5\:I2"    0    SET+100ps    201ns    1us    <ON_TIME,UNDETECTED>
":UUT:\Q_OUT[1]_I_5\:I1"    0    SET+100ps    261ns    1us    <ON_TIME,UNDETECTED>
":UUT:\Q_OUT[1]_I_5\:I0"    0    SET+100ps    82ns    1us    <ON_TIME,UNDETECTED>
":UUT:\Q_OUT[1]_I_5\:O"    0    SET+100ps    295ns    1us    <ON_TIME,UNDETECTED>
":UUT:\Q_OUT[2]_I_1\:I5"    0    SET+100ps    93ns    1us    <ON_TIME,UNDETECTED>
":UUT:\Q_OUT[2]_I_1\:I4"    0    SET+100ps    342ns    1us    <ON_TIME,UNDETECTED>
":UUT:\Q_OUT[2]_I_1\:I3"    0    SET+100ps    118ns    1us    <ON_TIME,UNDETECTED>
":UUT:\Q_OUT[2]_I_1\:I2"    0    SET+100ps    387ns    1us    <ON_TIME,UNDETECTED>
":UUT:\Q_OUT[2]_I_1\:I1"    0    SET+100ps    172ns    1us    <ON_TIME,UNDETECTED>
":UUT:\Q_OUT[2]_I_1\:I0"    0    SET+100ps    354ns    1us    <ON_TIME,UNDETECTED>
":UUT:\Q_OUT[2]_I_1\:O"    0    SET+100ps    373ns    1us    <ON_TIME,UNDETECTED>
":UUT:\Q_OUT[2]_I_2\:I5"    0    SET+100ps    203ns    1us    <ON_TIME,UNDETECTED>
":UUT:\Q_OUT[2]_I_2\:I4"    0    SET+100ps    80ns    1us    <ON_TIME,UNDETECTED>
":UUT:\Q_OUT[2]_I_2\:I3"    0    SET+100ps    174ns    1us    <ON_TIME,UNDETECTED>
":UUT:\Q_OUT[2]_I_2\:I2"    0    SET+100ps    229ns    1us    <ON_TIME,UNDETECTED>
":UUT:\Q_OUT[2]_I_2\:I1"    0    SET+100ps    257ns    1us    <ON_TIME,UNDETECTED>
":UUT:\Q_OUT[2]_I_2\:I0"    0    SET+100ps    165ns    1us    <ON_TIME,UNDETECTED>
":UUT:\Q_OUT[2]_I_2\:O"    0    SET+100ps    166ns    1us    <ON_TIME,UNDETECTED>
":UUT:\Q_OUT[2]_I_4\:I2"    0    SET+100ps    269ns    1us    <ON_TIME,UNDETECTED>
":UUT:\Q_OUT[2]_I_4\:I1"    0    SET+100ps    337ns    1us    <ON_TIME,UNDETECTED>
":UUT:\Q_OUT[2]_I_4\:I0"    0    SET+100ps    220ns    1us    <ON_TIME,UNDETECTED>
":UUT:\Q_OUT[2]_I_4\:O"    0    SET+100ps    350ns    1us    <ON_TIME,UNDETECTED>
":UUT:\Q_OUT[3]_I_1\:I4"    0    SET+100ps    209ns    1us    <ON_TIME,UNDETECTED>
":UUT:\Q_OUT[3]_I_1\:I3"    0    SET+100ps    55ns    1us    <ON_TIME,UNDETECTED>
":UUT:\Q_OUT[3]_I_1\:I2"    0    SET+100ps    237ns    1us    <ON_TIME,UNDETECTED>
":UUT:\Q_OUT[3]_I_1\:I1"    0    SET+100ps    60ns    1us    <ON_TIME,UNDETECTED>
":UUT:\Q_OUT[3]_I_1\:I0"    0    SET+100ps    360ns    1us    <ON_TIME,UNDETECTED>
":UUT:\Q_OUT[3]_I_1\:O"    0    SET+100ps    329ns    1us    <ON_TIME,UNDETECTED>
":UUT:\Q_OUT[3]_I_2\:I5"    0    SET+100ps    213ns    1us    <ON_TIME,UNDETECTED>
":UUT:\Q_OUT[3]_I_2\:I4"    0    SET+100ps    117ns    1us    <ON_TIME,UNDETECTED>
":UUT:\Q_OUT[3]_I_2\:I3"    0    SET+100ps    54ns    1us    <ON_TIME,UNDETECTED>
":UUT:\Q_OUT[3]_I_2\:I2"    0    SET+100ps    347ns    1us    <ON_TIME,UNDETECTED>
":UUT:\Q_OUT[3]_I_2\:I1"    0    SET+100ps    272ns    1us    <ON_TIME,UNDETECTED>
":UUT:\Q_OUT[3]_I_2\:I0"    0    SET+100ps    87ns    1us    <ON_TIME,UNDETECTED>
":UUT:\Q_OUT[3]_I_2\:O"    0    SET+100ps    239ns    1us    <ON_TIME,UNDETECTED>
":UUT:\Q_OUT[3]_I_3\:I5"    0    SET+100ps    311ns    1us    <ON_TIME,UNDETECTED>
":UUT:\Q_OUT[3]_I_3\:I4"    0    SET+100ps    107ns    1us    <ON_TIME,UNDETECTED>
":UUT:\Q_OUT[3]_I_3\:I3"    0    SET+100ps    178ns    1us    <ON_TIME,UNDETECTED>
":UUT:\Q_OUT[3]_I_3\:I2"    0    SET+100ps    56ns    1us    <ON_TIME,UNDETECTED>
":UUT:\Q_OUT[3]_I_3\:I1"    0    SET+100ps    310ns    1us    <ON_TIME,UNDETECTED>
":UUT:\Q_OUT[3]_I_3\:I0"    0    SET+100ps    160ns    1us    <ON_TIME,UNDETECTED>
":UUT:\Q_OUT[3]_I_3\:O"    0    SET+100ps    299ns    1us    <ON_TIME,UNDETECTED>
":UUT:\Q_OUT[4]_I_1\:I5"    0    SET+100ps    393ns    1us    <ON_TIME,UNDETECTED>
":UUT:\Q_OUT[4]_I_1\:I4"    0    SET+100ps    439ns    1us    <ON_TIME,UNDETECTED>
":UUT:\Q_OUT[4]_I_1\:I3"    0    SET+100ps    252ns    1us    <ON_TIME,UNDETECTED>
":UUT:\Q_OUT[4]_I_1\:I2"    0    SET+100ps    326ns    1us    <ON_TIME,UNDETECTED>
":UUT:\Q_OUT[4]_I_1\:I1"    0    SET+100ps    245ns    1us    <ON_TIME,UNDETECTED>
":UUT:\Q_OUT[4]_I_1\:I0"    0    SET+100ps    267ns    1us    <ON_TIME,UNDETECTED>
":UUT:\Q_OUT[4]_I_1\:O"    0    SET+100ps    73ns    1us    <ON_TIME,UNDETECTED>
":UUT:\Q_OUT[4]_I_2\:I5"    0    SET+100ps    416ns    1us    <ON_TIME,UNDETECTED>
":UUT:\Q_OUT[4]_I_2\:I4"    0    SET+100ps    202ns    1us    <ON_TIME,UNDETECTED>
":UUT:\Q_OUT[4]_I_2\:I3"    0    SET+100ps    394ns    1us    <ON_TIME,UNDETECTED>
":UUT:\Q_OUT[4]_I_2\:I2"    0    SET+100ps    211ns    1us    <ON_TIME,UNDETECTED>
":UUT:\Q_OUT[4]_I_2\:I1"    0    SET+100ps    450ns    1us    <ON_TIME,UNDETECTED>
":UUT:\Q_OUT[4]_I_2\:I0"    0    SET+100ps    367ns    1us    <ON_TIME,UNDETECTED>
":UUT:\Q_OUT[4]_I_2\:O"    0    SET+100ps    402ns    1us    <ON_TIME,UNDETECTED>
":UUT:\Q_OUT[5]_I_1\:I5"    0    SET+100ps    136ns    1us    <ON_TIME,UNDETECTED>
":UUT:\Q_OUT[5]_I_1\:I4"    0    SET+100ps    142ns    1us    <ON_TIME,UNDETECTED>
":UUT:\Q_OUT[5]_I_1\:I3"    0    SET+100ps    413ns    1us    <ON_TIME,UNDETECTED>
":UUT:\Q_OUT[5]_I_1\:I2"    0    SET+100ps    359ns    1us    <ON_TIME,UNDETECTED>
":UUT:\Q_OUT[5]_I_1\:I1"    0    SET+100ps    223ns    1us    <ON_TIME,UNDETECTED>
":UUT:\Q_OUT[5]_I_1\:I0"    0    SET+100ps    332ns    1us    <ON_TIME,UNDETECTED>
":UUT:\Q_OUT[5]_I_1\:O"    0    SET+100ps    256ns    1us    <ON_TIME,UNDETECTED>
":UUT:\Q_OUT[5]_I_2\:I5"    0    SET+100ps    423ns    1us    <ON_TIME,UNDETECTED>
":UUT:\Q_OUT[5]_I_2\:I4"    0    SET+100ps    68ns    1us    <ON_TIME,UNDETECTED>
":UUT:\Q_OUT[5]_I_2\:I3"    0    SET+100ps    439ns    1us    <ON_TIME,UNDETECTED>
":UUT:\Q_OUT[5]_I_2\:I2"    0    SET+100ps    168ns    1us    <ON_TIME,UNDETECTED>
":UUT:\Q_OUT[5]_I_2\:I1"    0    SET+100ps    311ns    1us    <ON_TIME,UNDETECTED>
":UUT:\Q_OUT[5]_I_2\:I0"    0    SET+100ps    423ns    1us    <ON_TIME,UNDETECTED>
":UUT:\Q_OUT[5]_I_2\:O"    0    SET+100ps    208ns    1us    <ON_TIME,UNDETECTED>
":UUT:\Q_OUT[5]_I_3\:I2"    0    SET+100ps    432ns    1us    <ON_TIME,UNDETECTED>
":UUT:\Q_OUT[5]_I_3\:I1"    0    SET+100ps    242ns    1us    <ON_TIME,UNDETECTED>
":UUT:\Q_OUT[5]_I_3\:I0"    0    SET+100ps    449ns    1us    <ON_TIME,UNDETECTED>
":UUT:\Q_OUT[5]_I_3\:O"    0    SET+100ps    60ns    1us    <ON_TIME,UNDETECTED>
":UUT:\Q_OUT[5]_I_4\:I1"    0    SET+100ps    61ns    1us    <ON_TIME,UNDETECTED>
":UUT:\Q_OUT[5]_I_4\:I0"    0    SET+100ps    216ns    1us    <ON_TIME,UNDETECTED>
":UUT:\Q_OUT[5]_I_4\:O"    0    SET+100ps    60ns    1us    <ON_TIME,UNDETECTED>
":UUT:\Q_OUT[5]_I_5\:I5"    0    SET+100ps    368ns    1us    <ON_TIME,UNDETECTED>
":UUT:\Q_OUT[5]_I_5\:I4"    0    SET+100ps    256ns    1us    <ON_TIME,UNDETECTED>
":UUT:\Q_OUT[5]_I_5\:I3"    0    SET+100ps    354ns    1us    <ON_TIME,UNDETECTED>
":UUT:\Q_OUT[5]_I_5\:I2"    0    SET+100ps    342ns    1us    <ON_TIME,UNDETECTED>
":UUT:\Q_OUT[5]_I_5\:I1"    0    SET+100ps    428ns    1us    <ON_TIME,UNDETECTED>
":UUT:\Q_OUT[5]_I_5\:I0"    0    SET+100ps    151ns    1us    <ON_TIME,UNDETECTED>
":UUT:\Q_OUT[5]_I_5\:O"    0    SET+100ps    265ns    1us    <ON_TIME,UNDETECTED>
":UUT:\Q_OUT[6]_I_1\:I5"    0    SET+100ps    183ns    1us    <ON_TIME,UNDETECTED>
":UUT:\Q_OUT[6]_I_1\:I4"    0    SET+100ps    169ns    1us    <ON_TIME,UNDETECTED>
":UUT:\Q_OUT[6]_I_1\:I3"    0    SET+100ps    229ns    1us    <ON_TIME,UNDETECTED>
":UUT:\Q_OUT[6]_I_1\:I2"    0    SET+100ps    298ns    1us    <ON_TIME,UNDETECTED>
":UUT:\Q_OUT[6]_I_1\:I1"    0    SET+100ps    310ns    1us    <ON_TIME,UNDETECTED>
":UUT:\Q_OUT[6]_I_1\:I0"    0    SET+100ps    372ns    1us    <ON_TIME,UNDETECTED>
":UUT:\Q_OUT[6]_I_1\:O"    0    SET+100ps    212ns    1us    <ON_TIME,UNDETECTED>
":UUT:\Q_OUT[6]_I_2\:I5"    0    SET+100ps    390ns    1us    <ON_TIME,UNDETECTED>
":UUT:\Q_OUT[6]_I_2\:I4"    0    SET+100ps    242ns    1us    <ON_TIME,UNDETECTED>
":UUT:\Q_OUT[6]_I_2\:I3"    0    SET+100ps    279ns    1us    <ON_TIME,UNDETECTED>
":UUT:\Q_OUT[6]_I_2\:I2"    0    SET+100ps    60ns    1us    <ON_TIME,UNDETECTED>
":UUT:\Q_OUT[6]_I_2\:I1"    0    SET+100ps    347ns    1us    <ON_TIME,UNDETECTED>
":UUT:\Q_OUT[6]_I_2\:I0"    0    SET+100ps    268ns    1us    <ON_TIME,UNDETECTED>
":UUT:\Q_OUT[6]_I_2\:O"    0    SET+100ps    316ns    1us    <ON_TIME,UNDETECTED>
":UUT:\Q_OUT[6]_I_3\:I5"    0    SET+100ps    228ns    1us    <ON_TIME,UNDETECTED>
":UUT:\Q_OUT[6]_I_3\:I4"    0    SET+100ps    411ns    1us    <ON_TIME,UNDETECTED>
":UUT:\Q_OUT[6]_I_3\:I3"    0    SET+100ps    298ns    1us    <ON_TIME,UNDETECTED>
":UUT:\Q_OUT[6]_I_3\:I2"    0    SET+100ps    230ns    1us    <ON_TIME,UNDETECTED>
":UUT:\Q_OUT[6]_I_3\:I1"    0    SET+100ps    109ns    1us    <ON_TIME,UNDETECTED>
":UUT:\Q_OUT[6]_I_3\:I0"    0    SET+100ps    88ns    1us    <ON_TIME,UNDETECTED>
":UUT:\Q_OUT[6]_I_3\:O"    0    SET+100ps    318ns    1us    <ON_TIME,UNDETECTED>
":UUT:\Q_OUT[7]_I_1\:I5"    0    SET+100ps    87ns    1us    <ON_TIME,UNDETECTED>
":UUT:\Q_OUT[7]_I_1\:I4"    0    SET+100ps    52ns    1us    <ON_TIME,UNDETECTED>
":UUT:\Q_OUT[7]_I_1\:I3"    0    SET+100ps    202ns    1us    <ON_TIME,UNDETECTED>
":UUT:\Q_OUT[7]_I_1\:I2"    0    SET+100ps    130ns    1us    <ON_TIME,UNDETECTED>
":UUT:\Q_OUT[7]_I_1\:I1"    0    SET+100ps    167ns    1us    <ON_TIME,UNDETECTED>
":UUT:\Q_OUT[7]_I_1\:I0"    0    SET+100ps    71ns    1us    <ON_TIME,UNDETECTED>
":UUT:\Q_OUT[7]_I_1\:O"    0    SET+100ps    251ns    1us    <ON_TIME,UNDETECTED>
":UUT:\Q_OUT[7]_I_2\:I3"    0    SET+100ps    56ns    1us    <ON_TIME,UNDETECTED>
":UUT:\Q_OUT[7]_I_2\:I2"    0    SET+100ps    434ns    1us    <ON_TIME,UNDETECTED>
":UUT:\Q_OUT[7]_I_2\:I1"    0    SET+100ps    389ns    1us    <ON_TIME,UNDETECTED>
":UUT:\Q_OUT[7]_I_2\:I0"    0    SET+100ps    307ns    1us    <ON_TIME,UNDETECTED>
":UUT:\Q_OUT[7]_I_2\:O"    0    SET+100ps    363ns    1us    <ON_TIME,UNDETECTED>
":UUT:\Q_OUT[7]_I_3\:I5"    0    SET+100ps    110ns    1us    <ON_TIME,UNDETECTED>
":UUT:\Q_OUT[7]_I_3\:I4"    0    SET+100ps    298ns    1us    <ON_TIME,UNDETECTED>
":UUT:\Q_OUT[7]_I_3\:I3"    0    SET+100ps    431ns    1us    <ON_TIME,UNDETECTED>
":UUT:\Q_OUT[7]_I_3\:I2"    0    SET+100ps    227ns    1us    <ON_TIME,UNDETECTED>
":UUT:\Q_OUT[7]_I_3\:I1"    0    SET+100ps    168ns    1us    <ON_TIME,UNDETECTED>
":UUT:\Q_OUT[7]_I_3\:I0"    0    SET+100ps    239ns    1us    <ON_TIME,UNDETECTED>
":UUT:\Q_OUT[7]_I_3\:O"    0    SET+100ps    199ns    1us    <ON_TIME,UNDETECTED>
":UUT:\Q_OUT[7]_I_4\:I3"    0    SET+100ps    376ns    1us    <ON_TIME,UNDETECTED>
":UUT:\Q_OUT[7]_I_4\:I2"    0    SET+100ps    112ns    1us    <ON_TIME,UNDETECTED>
":UUT:\Q_OUT[7]_I_4\:I1"    0    SET+100ps    175ns    1us    <ON_TIME,UNDETECTED>
":UUT:\Q_OUT[7]_I_4\:I0"    0    SET+100ps    339ns    1us    <ON_TIME,UNDETECTED>
":UUT:\Q_OUT[7]_I_4\:O"    0    SET+100ps    59ns    1us    <ON_TIME,UNDETECTED>
":UUT:\Q_OUT[8]_I_1\:I5"    0    SET+100ps    393ns    1us    <ON_TIME,UNDETECTED>
":UUT:\Q_OUT[8]_I_1\:I4"    0    SET+100ps    112ns    1us    <ON_TIME,UNDETECTED>
":UUT:\Q_OUT[8]_I_1\:I3"    0    SET+100ps    316ns    1us    <ON_TIME,UNDETECTED>
":UUT:\Q_OUT[8]_I_1\:I2"    0    SET+100ps    164ns    1us    <ON_TIME,UNDETECTED>
":UUT:\Q_OUT[8]_I_1\:I1"    0    SET+100ps    208ns    1us    <ON_TIME,UNDETECTED>
":UUT:\Q_OUT[8]_I_1\:I0"    0    SET+100ps    286ns    1us    <ON_TIME,UNDETECTED>
":UUT:\Q_OUT[8]_I_1\:O"    0    SET+100ps    374ns    1us    <ON_TIME,UNDETECTED>
":UUT:\Q_OUT[8]_I_2\:I3"    0    SET+100ps    412ns    1us    <ON_TIME,UNDETECTED>
":UUT:\Q_OUT[8]_I_2\:I2"    0    SET+100ps    386ns    1us    <ON_TIME,UNDETECTED>
":UUT:\Q_OUT[8]_I_2\:I1"    0    SET+100ps    204ns    1us    <ON_TIME,UNDETECTED>
":UUT:\Q_OUT[8]_I_2\:I0"    0    SET+100ps    185ns    1us    <ON_TIME,UNDETECTED>
":UUT:\Q_OUT[8]_I_2\:O"    0    SET+100ps    338ns    1us    <ON_TIME,UNDETECTED>
":UUT:\Q_OUT[8]_I_3\:I3"    0    SET+100ps    358ns    1us    <ON_TIME,UNDETECTED>
":UUT:\Q_OUT[8]_I_3\:I2"    0    SET+100ps    211ns    1us    <ON_TIME,UNDETECTED>
":UUT:\Q_OUT[8]_I_3\:I1"    0    SET+100ps    60ns    1us    <ON_TIME,UNDETECTED>
":UUT:\Q_OUT[8]_I_3\:I0"    0    SET+100ps    120ns    1us    <ON_TIME,UNDETECTED>
":UUT:\Q_OUT[8]_I_3\:O"    0    SET+100ps    299ns    1us    <ON_TIME,UNDETECTED>
":UUT:\Q_OUT[8]_I_4\:I5"    0    SET+100ps    362ns    1us    <ON_TIME,UNDETECTED>
":UUT:\Q_OUT[8]_I_4\:I4"    0    SET+100ps    226ns    1us    <ON_TIME,UNDETECTED>
":UUT:\Q_OUT[8]_I_4\:I3"    0    SET+100ps    234ns    1us    <ON_TIME,UNDETECTED>
":UUT:\Q_OUT[8]_I_4\:I2"    0    SET+100ps    363ns    1us    <ON_TIME,UNDETECTED>
":UUT:\Q_OUT[8]_I_4\:I1"    0    SET+100ps    314ns    1us    <ON_TIME,UNDETECTED>
":UUT:\Q_OUT[8]_I_4\:I0"    0    SET+100ps    161ns    1us    <ON_TIME,UNDETECTED>
":UUT:\Q_OUT[8]_I_4\:O"    0    SET+100ps    260ns    1us    <ON_TIME,UNDETECTED>
":UUT:\Q_OUT[8]_I_5\:I3"    0    SET+100ps    416ns    1us    <ON_TIME,UNDETECTED>
":UUT:\Q_OUT[8]_I_5\:I2"    0    SET+100ps    75ns    1us    <ON_TIME,UNDETECTED>
":UUT:\Q_OUT[8]_I_5\:I1"    0    SET+100ps    435ns    1us    <ON_TIME,UNDETECTED>
":UUT:\Q_OUT[8]_I_5\:I0"    0    SET+100ps    348ns    1us    <ON_TIME,UNDETECTED>
":UUT:\Q_OUT[8]_I_5\:O"    0    SET+100ps    359ns    1us    <ON_TIME,UNDETECTED>
":UUT:\Q_OUT[8]_I_6\:I5"    0    SET+100ps    219ns    1us    <ON_TIME,UNDETECTED>
":UUT:\Q_OUT[8]_I_6\:I4"    0    SET+100ps    292ns    1us    <ON_TIME,UNDETECTED>
":UUT:\Q_OUT[8]_I_6\:I3"    0    SET+100ps    174ns    1us    <ON_TIME,UNDETECTED>
":UUT:\Q_OUT[8]_I_6\:I2"    0    SET+100ps    164ns    1us    <ON_TIME,UNDETECTED>
":UUT:\Q_OUT[8]_I_6\:I1"    0    SET+100ps    444ns    1us    <ON_TIME,UNDETECTED>
":UUT:\Q_OUT[8]_I_6\:I0"    0    SET+100ps    135ns    1us    <ON_TIME,UNDETECTED>
":UUT:\Q_OUT[8]_I_6\:O"    0    SET+100ps    139ns    1us    <ON_TIME,UNDETECTED>
":UUT:\Q_OUT[9]_I_1\:I5"    0    SET+100ps    76ns    1us    <ON_TIME,UNDETECTED>
":UUT:\Q_OUT[9]_I_1\:I4"    0    SET+100ps    176ns    1us    <ON_TIME,UNDETECTED>
":UUT:\Q_OUT[9]_I_1\:I3"    0    SET+100ps    123ns    1us    <ON_TIME,UNDETECTED>
":UUT:\Q_OUT[9]_I_1\:I2"    0    SET+100ps    360ns    1us    <ON_TIME,UNDETECTED>
":UUT:\Q_OUT[9]_I_1\:I1"    0    SET+100ps    271ns    1us    <ON_TIME,UNDETECTED>
":UUT:\Q_OUT[9]_I_1\:I0"    0    SET+100ps    187ns    1us    <ON_TIME,UNDETECTED>
":UUT:\Q_OUT[9]_I_1\:O"    0    SET+100ps    305ns    1us    <ON_TIME,UNDETECTED>
":UUT:\Q_OUT[9]_I_2\:I5"    0    SET+100ps    239ns    1us    <ON_TIME,UNDETECTED>
":UUT:\Q_OUT[9]_I_2\:I4"    0    SET+100ps    133ns    1us    <ON_TIME,UNDETECTED>
":UUT:\Q_OUT[9]_I_2\:I3"    0    SET+100ps    345ns    1us    <ON_TIME,UNDETECTED>
":UUT:\Q_OUT[9]_I_2\:I2"    0    SET+100ps    117ns    1us    <ON_TIME,UNDETECTED>
":UUT:\Q_OUT[9]_I_2\:I1"    0    SET+100ps    201ns    1us    <ON_TIME,UNDETECTED>
":UUT:\Q_OUT[9]_I_2\:I0"    0    SET+100ps    199ns    1us    <ON_TIME,UNDETECTED>
":UUT:\Q_OUT[9]_I_2\:O"    0    SET+100ps    136ns    1us    <ON_TIME,UNDETECTED>
":UUT:\Q_OUT[9]_I_3\:I2"    0    SET+100ps    369ns    1us    <ON_TIME,UNDETECTED>
":UUT:\Q_OUT[9]_I_3\:I1"    0    SET+100ps    343ns    1us    <ON_TIME,UNDETECTED>
":UUT:\Q_OUT[9]_I_3\:I0"    0    SET+100ps    122ns    1us    <ON_TIME,UNDETECTED>
":UUT:\Q_OUT[9]_I_3\:O"    0    SET+100ps    387ns    1us    <ON_TIME,UNDETECTED>
":UUT:\Q_OUT[9]_I_4\:I4"    0    SET+100ps    377ns    1us    <ON_TIME,UNDETECTED>
":UUT:\Q_OUT[9]_I_4\:I3"    0    SET+100ps    285ns    1us    <ON_TIME,UNDETECTED>
":UUT:\Q_OUT[9]_I_4\:I2"    0    SET+100ps    408ns    1us    <ON_TIME,UNDETECTED>
":UUT:\Q_OUT[9]_I_4\:I1"    0    SET+100ps    204ns    1us    <ON_TIME,UNDETECTED>
":UUT:\Q_OUT[9]_I_4\:I0"    0    SET+100ps    428ns    1us    <ON_TIME,UNDETECTED>
":UUT:\Q_OUT[9]_I_4\:O"    0    SET+100ps    148ns    1us    <ON_TIME,UNDETECTED>
":UUT:\Q_OUT[9]_I_5\:I2"    0    SET+100ps    185ns    1us    <ON_TIME,UNDETECTED>
":UUT:\Q_OUT[9]_I_5\:I1"    0    SET+100ps    359ns    1us    <ON_TIME,UNDETECTED>
":UUT:\Q_OUT[9]_I_5\:I0"    0    SET+100ps    103ns    1us    <ON_TIME,UNDETECTED>
":UUT:\Q_OUT[9]_I_5\:O"    0    SET+100ps    271ns    1us    <ON_TIME,UNDETECTED>
":UUT:\Q_OUT_OBUF[0]_INST\:O"    0    SET+100ps    420ns    1us    <ON_TIME,DETECTED:420ns>
":UUT:\Q_OUT_OBUF[0]_INST\:I"    0    SET+100ps    123ns    1us    <ON_TIME,DETECTED:123ns>
":UUT:\Q_OUT_OBUF[10]_INST\:O"    0    SET+100ps    64ns    1us    <ON_TIME,DETECTED:64ns>
":UUT:\Q_OUT_OBUF[10]_INST\:I"    0    SET+100ps    213ns    1us    <ON_TIME,DETECTED:213ns>
":UUT:\Q_OUT_OBUF[11]_INST\:O"    0    SET+100ps    195ns    1us    <ON_TIME,DETECTED:195ns>
":UUT:\Q_OUT_OBUF[11]_INST\:I"    0    SET+100ps    252ns    1us    <ON_TIME,DETECTED:252ns>
":UUT:\Q_OUT_OBUF[1]_INST\:O"    0    SET+100ps    301ns    1us    <ON_TIME,DETECTED:301ns>
":UUT:\Q_OUT_OBUF[1]_INST\:I"    0    SET+100ps    320ns    1us    <ON_TIME,DETECTED:320ns>
":UUT:\Q_OUT_OBUF[2]_INST\:O"    0    SET+100ps    367ns    1us    <ON_TIME,DETECTED:367ns>
":UUT:\Q_OUT_OBUF[2]_INST\:I"    0    SET+100ps    448ns    1us    <ON_TIME,DETECTED:448ns>
":UUT:\Q_OUT_OBUF[3]_INST\:O"    0    SET+100ps    335ns    1us    <ON_TIME,DETECTED:335ns>
":UUT:\Q_OUT_OBUF[3]_INST\:I"    0    SET+100ps    161ns    1us    <ON_TIME,DETECTED:161ns>
":UUT:\Q_OUT_OBUF[4]_INST\:O"    0    SET+100ps    157ns    1us    <ON_TIME,DETECTED:157ns>
":UUT:\Q_OUT_OBUF[4]_INST\:I"    0    SET+100ps    337ns    1us    <ON_TIME,DETECTED:337ns>
":UUT:\Q_OUT_OBUF[5]_INST\:O"    0    SET+100ps    86ns    1us    <ON_TIME,DETECTED:86ns>
":UUT:\Q_OUT_OBUF[5]_INST\:I"    0    SET+100ps    107ns    1us    <ON_TIME,DETECTED:107ns>
":UUT:\Q_OUT_OBUF[6]_INST\:O"    0    SET+100ps    78ns    1us    <ON_TIME,DETECTED:78ns>
":UUT:\Q_OUT_OBUF[6]_INST\:I"    0    SET+100ps    265ns    1us    <ON_TIME,DETECTED:265ns>
":UUT:\Q_OUT_OBUF[7]_INST\:O"    0    SET+100ps    205ns    1us    <ON_TIME,DETECTED:205ns>
":UUT:\Q_OUT_OBUF[7]_INST\:I"    0    SET+100ps    203ns    1us    <ON_TIME,DETECTED:203ns>
":UUT:\Q_OUT_OBUF[8]_INST\:O"    0    SET+100ps    220ns    1us    <ON_TIME,DETECTED:220ns>
":UUT:\Q_OUT_OBUF[8]_INST\:I"    0    SET+100ps    235ns    1us    <ON_TIME,DETECTED:235ns>
":UUT:\Q_OUT_OBUF[9]_INST\:O"    0    SET+100ps    143ns    1us    <ON_TIME,DETECTED:143ns>
":UUT:\Q_OUT_OBUF[9]_INST\:I"    0    SET+100ps    124ns    1us    <ON_TIME,DETECTED:124ns>
":UUT:\Q_OUT_REG[0]\:GLBLGSR"    0    SET+100ps    180ns    1us    <ON_TIME,DETECTED:180100ps>
":UUT:\Q_OUT_REG[0]\:Q"    0    SET+100ps    163ns    1us    <ON_TIME,DETECTED:163ns>
":UUT:\Q_OUT_REG[0]\:Q_OUT"    0    SET+100ps    83ns    1us    <ON_TIME,DETECTED:83ns>
":UUT:\Q_OUT_REG[0]\:INIT_BIN"    0    SET+100ps    391ns    1us    <ON_TIME,UNDETECTED>
":UUT:\Q_OUT_REG[0]\:CLR"    0    SET+100ps    304ns    1us    <ON_TIME,DETECTED:304100ps>
":UUT:\Q_OUT_REG[0]\:IS_CLR_INVERTED_BIN"    0    SET+100ps    262ns    1us    <ON_TIME,UNDETECTED>
":UUT:\Q_OUT_REG[0]\:C"    0    SET+100ps    428ns    1us    <ON_TIME,UNDETECTED>
":UUT:\Q_OUT_REG[0]\:IS_C_INVERTED_BIN"    0    SET+100ps    302ns    1us    <ON_TIME,UNDETECTED>
":UUT:\Q_OUT_REG[0]\:CE"    0    SET+100ps    133ns    1us    <ON_TIME,UNDETECTED>
":UUT:\Q_OUT_REG[0]\:D"    0    SET+100ps    263ns    1us    <ON_TIME,UNDETECTED>
":UUT:\Q_OUT_REG[0]\:IS_D_INVERTED_BIN"    0    SET+100ps    122ns    1us    <ON_TIME,UNDETECTED>
":UUT:\Q_OUT_REG[0]_I_4\:S"    0    SET+100ps    64ns    1us    <ON_TIME,UNDETECTED>
":UUT:\Q_OUT_REG[0]_I_4\:O"    0    SET+100ps    59ns    1us    <ON_TIME,UNDETECTED>
":UUT:\Q_OUT_REG[0]_I_4\:I0"    0    SET+100ps    321ns    1us    <ON_TIME,UNDETECTED>
":UUT:\Q_OUT_REG[0]_I_4\:I1"    0    SET+100ps    113ns    1us    <ON_TIME,UNDETECTED>
":UUT:\Q_OUT_REG[10]\:GLBLGSR"    0    SET+100ps    189ns    1us    <ON_TIME,DETECTED:189100ps>
":UUT:\Q_OUT_REG[10]\:Q"    0    SET+100ps    321ns    1us    <ON_TIME,DETECTED:321ns>
":UUT:\Q_OUT_REG[10]\:Q_OUT"    0    SET+100ps    354ns    1us    <ON_TIME,DETECTED:354ns>
":UUT:\Q_OUT_REG[10]\:INIT_BIN"    0    SET+100ps    447ns    1us    <ON_TIME,UNDETECTED>
":UUT:\Q_OUT_REG[10]\:CLR"    0    SET+100ps    426ns    1us    <ON_TIME,DETECTED:426100ps>
":UUT:\Q_OUT_REG[10]\:IS_CLR_INVERTED_BIN"    0    SET+100ps    260ns    1us    <ON_TIME,UNDETECTED>
":UUT:\Q_OUT_REG[10]\:C"    0    SET+100ps    271ns    1us    <ON_TIME,DETECTED:271100ps>
":UUT:\Q_OUT_REG[10]\:IS_C_INVERTED_BIN"    0    SET+100ps    352ns    1us    <ON_TIME,UNDETECTED>
":UUT:\Q_OUT_REG[10]\:CE"    0    SET+100ps    154ns    1us    <ON_TIME,UNDETECTED>
":UUT:\Q_OUT_REG[10]\:D"    0    SET+100ps    388ns    1us    <ON_TIME,UNDETECTED>
":UUT:\Q_OUT_REG[10]\:IS_D_INVERTED_BIN"    0    SET+100ps    145ns    1us    <ON_TIME,UNDETECTED>
":UUT:\Q_OUT_REG[10]_I_4\:S"    0    SET+100ps    160ns    1us    <ON_TIME,UNDETECTED>
":UUT:\Q_OUT_REG[10]_I_4\:O"    0    SET+100ps    79ns    1us    <ON_TIME,UNDETECTED>
":UUT:\Q_OUT_REG[10]_I_4\:I0"    0    SET+100ps    417ns    1us    <ON_TIME,UNDETECTED>
":UUT:\Q_OUT_REG[10]_I_4\:I1"    0    SET+100ps    320ns    1us    <ON_TIME,UNDETECTED>
":UUT:\Q_OUT_REG[11]\:GLBLGSR"    0    SET+100ps    243ns    1us    <ON_TIME,DETECTED:243100ps>
":UUT:\Q_OUT_REG[11]\:Q"    0    SET+100ps    326ns    1us    <ON_TIME,DETECTED:326ns>
":UUT:\Q_OUT_REG[11]\:Q_OUT"    0    SET+100ps    204ns    1us    <ON_TIME,DETECTED:204ns>
":UUT:\Q_OUT_REG[11]\:INIT_BIN"    0    SET+100ps    384ns    1us    <ON_TIME,UNDETECTED>
":UUT:\Q_OUT_REG[11]\:CLR"    0    SET+100ps    315ns    1us    <ON_TIME,DETECTED:315100ps>
":UUT:\Q_OUT_REG[11]\:IS_CLR_INVERTED_BIN"    0    SET+100ps    307ns    1us    <ON_TIME,UNDETECTED>
":UUT:\Q_OUT_REG[11]\:C"    0    SET+100ps    336ns    1us    <ON_TIME,UNDETECTED>
":UUT:\Q_OUT_REG[11]\:IS_C_INVERTED_BIN"    0    SET+100ps    174ns    1us    <ON_TIME,UNDETECTED>
":UUT:\Q_OUT_REG[11]\:CE"    0    SET+100ps    250ns    1us    <ON_TIME,UNDETECTED>
":UUT:\Q_OUT_REG[11]\:D"    0    SET+100ps    285ns    1us    <ON_TIME,UNDETECTED>
":UUT:\Q_OUT_REG[11]\:IS_D_INVERTED_BIN"    0    SET+100ps    315ns    1us    <ON_TIME,UNDETECTED>
":UUT:\Q_OUT_REG[1]\:GLBLGSR"    0    SET+100ps    89ns    1us    <ON_TIME,DETECTED:89100ps>
":UUT:\Q_OUT_REG[1]\:Q"    0    SET+100ps    57ns    1us    <ON_TIME,DETECTED:57ns>
":UUT:\Q_OUT_REG[1]\:Q_OUT"    0    SET+100ps    293ns    1us    <ON_TIME,DETECTED:293ns>
":UUT:\Q_OUT_REG[1]\:INIT_BIN"    0    SET+100ps    117ns    1us    <ON_TIME,UNDETECTED>
":UUT:\Q_OUT_REG[1]\:CLR"    0    SET+100ps    220ns    1us    <ON_TIME,DETECTED:220100ps>
":UUT:\Q_OUT_REG[1]\:IS_CLR_INVERTED_BIN"    0    SET+100ps    51ns    1us    <ON_TIME,UNDETECTED>
":UUT:\Q_OUT_REG[1]\:C"    0    SET+100ps    136ns    1us    <ON_TIME,UNDETECTED>
":UUT:\Q_OUT_REG[1]\:IS_C_INVERTED_BIN"    0    SET+100ps    332ns    1us    <ON_TIME,UNDETECTED>
":UUT:\Q_OUT_REG[1]\:CE"    0    SET+100ps    448ns    1us    <ON_TIME,UNDETECTED>
":UUT:\Q_OUT_REG[1]\:D"    0    SET+100ps    94ns    1us    <ON_TIME,UNDETECTED>
":UUT:\Q_OUT_REG[1]\:IS_D_INVERTED_BIN"    0    SET+100ps    265ns    1us    <ON_TIME,UNDETECTED>
":UUT:\Q_OUT_REG[1]_I_4\:S"    0    SET+100ps    315ns    1us    <ON_TIME,UNDETECTED>
":UUT:\Q_OUT_REG[1]_I_4\:O"    0    SET+100ps    402ns    1us    <ON_TIME,UNDETECTED>
":UUT:\Q_OUT_REG[1]_I_4\:I0"    0    SET+100ps    404ns    1us    <ON_TIME,UNDETECTED>
":UUT:\Q_OUT_REG[1]_I_4\:I1"    0    SET+100ps    243ns    1us    <ON_TIME,UNDETECTED>
":UUT:\Q_OUT_REG[2]\:GLBLGSR"    0    SET+100ps    63ns    1us    <ON_TIME,UNDETECTED>
":UUT:\Q_OUT_REG[2]\:Q"    0    SET+100ps    349ns    1us    <ON_TIME,DETECTED:349ns>
":UUT:\Q_OUT_REG[2]\:Q_OUT"    0    SET+100ps    363ns    1us    <ON_TIME,DETECTED:363ns>
":UUT:\Q_OUT_REG[2]\:INIT_BIN"    0    SET+100ps    243ns    1us    <ON_TIME,UNDETECTED>
":UUT:\Q_OUT_REG[2]\:CLR"    0    SET+100ps    195ns    1us    <ON_TIME,DETECTED:195100ps>
":UUT:\Q_OUT_REG[2]\:IS_CLR_INVERTED_BIN"    0    SET+100ps    161ns    1us    <ON_TIME,UNDETECTED>
":UUT:\Q_OUT_REG[2]\:C"    0    SET+100ps    294ns    1us    <ON_TIME,DETECTED:294100ps>
":UUT:\Q_OUT_REG[2]\:IS_C_INVERTED_BIN"    0    SET+100ps    103ns    1us    <ON_TIME,UNDETECTED>
":UUT:\Q_OUT_REG[2]\:CE"    0    SET+100ps    445ns    1us    <ON_TIME,UNDETECTED>
":UUT:\Q_OUT_REG[2]\:D"    0    SET+100ps    420ns    1us    <ON_TIME,UNDETECTED>
":UUT:\Q_OUT_REG[2]\:IS_D_INVERTED_BIN"    0    SET+100ps    447ns    1us    <ON_TIME,UNDETECTED>
":UUT:\Q_OUT_REG[2]_I_3\:S"    0    SET+100ps    344ns    1us    <ON_TIME,UNDETECTED>
":UUT:\Q_OUT_REG[2]_I_3\:O"    0    SET+100ps    322ns    1us    <ON_TIME,UNDETECTED>
":UUT:\Q_OUT_REG[2]_I_3\:I0"    0    SET+100ps    288ns    1us    <ON_TIME,UNDETECTED>
":UUT:\Q_OUT_REG[2]_I_3\:I1"    0    SET+100ps    77ns    1us    <ON_TIME,UNDETECTED>
":UUT:\Q_OUT_REG[3]\:GLBLGSR"    0    SET+100ps    189ns    1us    <ON_TIME,DETECTED:189100ps>
":UUT:\Q_OUT_REG[3]\:Q"    0    SET+100ps    423ns    1us    <ON_TIME,DETECTED:423ns>
":UUT:\Q_OUT_REG[3]\:Q_OUT"    0    SET+100ps    346ns    1us    <ON_TIME,DETECTED:346ns>
":UUT:\Q_OUT_REG[3]\:INIT_BIN"    0    SET+100ps    71ns    1us    <ON_TIME,UNDETECTED>
":UUT:\Q_OUT_REG[3]\:CLR"    0    SET+100ps    309ns    1us    <ON_TIME,DETECTED:309100ps>
":UUT:\Q_OUT_REG[3]\:IS_CLR_INVERTED_BIN"    0    SET+100ps    405ns    1us    <ON_TIME,UNDETECTED>
":UUT:\Q_OUT_REG[3]\:C"    0    SET+100ps    74ns    1us    <ON_TIME,DETECTED:74100ps>
":UUT:\Q_OUT_REG[3]\:IS_C_INVERTED_BIN"    0    SET+100ps    108ns    1us    <ON_TIME,UNDETECTED>
":UUT:\Q_OUT_REG[3]\:CE"    0    SET+100ps    318ns    1us    <ON_TIME,UNDETECTED>
":UUT:\Q_OUT_REG[3]\:D"    0    SET+100ps    286ns    1us    <ON_TIME,UNDETECTED>
":UUT:\Q_OUT_REG[3]\:IS_D_INVERTED_BIN"    0    SET+100ps    55ns    1us    <ON_TIME,UNDETECTED>
":UUT:\Q_OUT_REG[4]\:GLBLGSR"    0    SET+100ps    149ns    1us    <ON_TIME,DETECTED:149100ps>
":UUT:\Q_OUT_REG[4]\:Q"    0    SET+100ps    167ns    1us    <ON_TIME,DETECTED:167ns>
":UUT:\Q_OUT_REG[4]\:Q_OUT"    0    SET+100ps    357ns    1us    <ON_TIME,DETECTED:357ns>
":UUT:\Q_OUT_REG[4]\:INIT_BIN"    0    SET+100ps    317ns    1us    <ON_TIME,UNDETECTED>
":UUT:\Q_OUT_REG[4]\:CLR"    0    SET+100ps    72ns    1us    <ON_TIME,DETECTED:72100ps>
":UUT:\Q_OUT_REG[4]\:IS_CLR_INVERTED_BIN"    0    SET+100ps    125ns    1us    <ON_TIME,UNDETECTED>
":UUT:\Q_OUT_REG[4]\:C"    0    SET+100ps    249ns    1us    <ON_TIME,UNDETECTED>
":UUT:\Q_OUT_REG[4]\:IS_C_INVERTED_BIN"    0    SET+100ps    349ns    1us    <ON_TIME,UNDETECTED>
":UUT:\Q_OUT_REG[4]\:CE"    0    SET+100ps    386ns    1us    <ON_TIME,UNDETECTED>
":UUT:\Q_OUT_REG[4]\:D"    0    SET+100ps    91ns    1us    <ON_TIME,UNDETECTED>
":UUT:\Q_OUT_REG[4]\:IS_D_INVERTED_BIN"    0    SET+100ps    326ns    1us    <ON_TIME,UNDETECTED>
":UUT:\Q_OUT_REG[4]_I_3\:S"    0    SET+100ps    369ns    1us    <ON_TIME,UNDETECTED>
":UUT:\Q_OUT_REG[4]_I_3\:O"    0    SET+100ps    317ns    1us    <ON_TIME,UNDETECTED>
":UUT:\Q_OUT_REG[4]_I_3\:I0"    0    SET+100ps    263ns    1us    <ON_TIME,UNDETECTED>
":UUT:\Q_OUT_REG[4]_I_3\:I1"    0    SET+100ps    417ns    1us    <ON_TIME,UNDETECTED>
":UUT:\Q_OUT_REG[5]\:GLBLGSR"    0    SET+100ps    410ns    1us    <ON_TIME,DETECTED:410100ps>
":UUT:\Q_OUT_REG[5]\:Q"    0    SET+100ps    206ns    1us    <ON_TIME,DETECTED:206ns>
":UUT:\Q_OUT_REG[5]\:Q_OUT"    0    SET+100ps    363ns    1us    <ON_TIME,DETECTED:363ns>
":UUT:\Q_OUT_REG[5]\:INIT_BIN"    0    SET+100ps    55ns    1us    <ON_TIME,UNDETECTED>
":UUT:\Q_OUT_REG[5]\:CLR"    0    SET+100ps    169ns    1us    <ON_TIME,DETECTED:169100ps>
":UUT:\Q_OUT_REG[5]\:IS_CLR_INVERTED_BIN"    0    SET+100ps    60ns    1us    <ON_TIME,UNDETECTED>
":UUT:\Q_OUT_REG[5]\:C"    0    SET+100ps    258ns    1us    <ON_TIME,UNDETECTED>
":UUT:\Q_OUT_REG[5]\:IS_C_INVERTED_BIN"    0    SET+100ps    385ns    1us    <ON_TIME,UNDETECTED>
":UUT:\Q_OUT_REG[5]\:CE"    0    SET+100ps    80ns    1us    <ON_TIME,UNDETECTED>
":UUT:\Q_OUT_REG[5]\:D"    0    SET+100ps    330ns    1us    <ON_TIME,UNDETECTED>
":UUT:\Q_OUT_REG[5]\:IS_D_INVERTED_BIN"    0    SET+100ps    287ns    1us    <ON_TIME,UNDETECTED>
":UUT:\Q_OUT_REG[6]\:GLBLGSR"    0    SET+100ps    258ns    1us    <ON_TIME,DETECTED:258100ps>
":UUT:\Q_OUT_REG[6]\:Q"    0    SET+100ps    295ns    1us    <ON_TIME,DETECTED:295ns>
":UUT:\Q_OUT_REG[6]\:Q_OUT"    0    SET+100ps    59ns    1us    <ON_TIME,DETECTED:59ns>
":UUT:\Q_OUT_REG[6]\:INIT_BIN"    0    SET+100ps    358ns    1us    <ON_TIME,UNDETECTED>
":UUT:\Q_OUT_REG[6]\:CLR"    0    SET+100ps    403ns    1us    <ON_TIME,DETECTED:403100ps>
":UUT:\Q_OUT_REG[6]\:IS_CLR_INVERTED_BIN"    0    SET+100ps    122ns    1us    <ON_TIME,UNDETECTED>
":UUT:\Q_OUT_REG[6]\:C"    0    SET+100ps    443ns    1us    <ON_TIME,DETECTED:443100ps>
":UUT:\Q_OUT_REG[6]\:IS_C_INVERTED_BIN"    0    SET+100ps    206ns    1us    <ON_TIME,UNDETECTED>
":UUT:\Q_OUT_REG[6]\:CE"    0    SET+100ps    444ns    1us    <ON_TIME,UNDETECTED>
":UUT:\Q_OUT_REG[6]\:D"    0    SET+100ps    354ns    1us    <ON_TIME,UNDETECTED>
":UUT:\Q_OUT_REG[6]\:IS_D_INVERTED_BIN"    0    SET+100ps    92ns    1us    <ON_TIME,UNDETECTED>
":UUT:\Q_OUT_REG[6]_I_4\:S"    0    SET+100ps    70ns    1us    <ON_TIME,UNDETECTED>
