INFO: [VRFC 10-163] Analyzing VHDL file "/ihp/departments/D-SYA/work/miglioranza/Encoder/Encoder.sim/sim_1/impl/func/xsim/LDPC_encoder_tb_func_impl.vhd" into library xil_defaultlib
INFO: [VRFC 10-3107] analyzing entity 'Input_controller'
INFO: [VRFC 10-3107] analyzing entity 'axis_data_fifo_0_xpm_cdc_sync_rst'
INFO: [VRFC 10-3107] analyzing entity '\axis_data_fifo_0_xpm_counter_updn__parameterized1\'
INFO: [VRFC 10-3107] analyzing entity '\axis_data_fifo_0_xpm_counter_updn__parameterized1_0\'
INFO: [VRFC 10-3107] analyzing entity '\axis_data_fifo_0_xpm_counter_updn__parameterized1_0_HD167\'
INFO: [VRFC 10-3107] analyzing entity '\axis_data_fifo_0_xpm_counter_updn__parameterized1_0_HD181\'
INFO: [VRFC 10-3107] analyzing entity '\axis_data_fifo_0_xpm_counter_updn__parameterized1_0_HD195\'
INFO: [VRFC 10-3107] analyzing entity '\axis_data_fifo_0_xpm_counter_updn__parameterized1_HD164\'
INFO: [VRFC 10-3107] analyzing entity '\axis_data_fifo_0_xpm_counter_updn__parameterized1_HD178\'
INFO: [VRFC 10-3107] analyzing entity '\axis_data_fifo_0_xpm_counter_updn__parameterized1_HD192\'
INFO: [VRFC 10-3107] analyzing entity '\axis_data_fifo_0_xpm_counter_updn__parameterized2\'
INFO: [VRFC 10-3107] analyzing entity '\axis_data_fifo_0_xpm_counter_updn__parameterized2_1\'
INFO: [VRFC 10-3107] analyzing entity 'axis_data_fifo_0_xpm_fifo_reg_bit'
INFO: [VRFC 10-3107] analyzing entity 'axis_data_fifo_0_xpm_fifo_rst'
INFO: [VRFC 10-3107] analyzing entity 'axis_data_fifo_0_xpm_fifo_rst_HD170'
INFO: [VRFC 10-3107] analyzing entity 'axis_data_fifo_0_xpm_fifo_rst_HD184'
INFO: [VRFC 10-3107] analyzing entity 'axis_data_fifo_0_xpm_fifo_rst_HD198'
INFO: [VRFC 10-3107] analyzing entity 'axis_data_fifo_0_xpm_memory_base'
INFO: [VRFC 10-3107] analyzing entity 'axis_data_fifo_0_xpm_memory_base_HD163'
INFO: [VRFC 10-3107] analyzing entity 'axis_data_fifo_0_xpm_memory_base_HD177'
INFO: [VRFC 10-3107] analyzing entity 'axis_data_fifo_0_xpm_memory_base_HD191'
INFO: [VRFC 10-3107] analyzing entity 'axis_data_fifo_1_xpm_cdc_sync_rst'
INFO: [VRFC 10-3107] analyzing entity '\axis_data_fifo_1_xpm_counter_updn__parameterized0\'
INFO: [VRFC 10-3107] analyzing entity '\axis_data_fifo_1_xpm_counter_updn__parameterized0_0\'
INFO: [VRFC 10-3107] analyzing entity '\axis_data_fifo_1_xpm_counter_updn__parameterized1\'
INFO: [VRFC 10-3107] analyzing entity '\axis_data_fifo_1_xpm_counter_updn__parameterized1_1\'
INFO: [VRFC 10-3107] analyzing entity '\axis_data_fifo_1_xpm_counter_updn__parameterized1_1_HD128\'
INFO: [VRFC 10-3107] analyzing entity 'axis_data_fifo_1_xpm_fifo_reg_bit'
INFO: [VRFC 10-3107] analyzing entity 'axis_data_fifo_1_xpm_fifo_rst'
INFO: [VRFC 10-3107] analyzing entity 'axis_data_fifo_1_xpm_fifo_rst_HD129'
INFO: [VRFC 10-3107] analyzing entity 'axis_data_fifo_1_xpm_fifo_rst_HD141'
INFO: [VRFC 10-3107] analyzing entity 'axis_data_fifo_1_xpm_fifo_rst_HD153'
INFO: [VRFC 10-3107] analyzing entity 'axis_data_fifo_1_xpm_memory_base'
INFO: [VRFC 10-3107] analyzing entity 'axis_data_fifo_1_xpm_memory_base_HD123'
INFO: [VRFC 10-3107] analyzing entity 'axis_data_fifo_1_xpm_memory_base_HD135'
INFO: [VRFC 10-3107] analyzing entity 'axis_data_fifo_1_xpm_memory_base_HD147'
INFO: [VRFC 10-3107] analyzing entity 'sd_fec_0_xpm_cdc_sync_rst'
INFO: [VRFC 10-3107] analyzing entity '\sd_fec_0_xpm_counter_updn__parameterized0\'
INFO: [VRFC 10-3107] analyzing entity '\sd_fec_0_xpm_counter_updn__parameterized0_1\'
INFO: [VRFC 10-3107] analyzing entity '\sd_fec_0_xpm_counter_updn__parameterized0_3\'
INFO: [VRFC 10-3107] analyzing entity '\sd_fec_0_xpm_counter_updn__parameterized0_6\'
INFO: [VRFC 10-3107] analyzing entity '\sd_fec_0_xpm_counter_updn__parameterized1\'
INFO: [VRFC 10-3107] analyzing entity '\sd_fec_0_xpm_counter_updn__parameterized1_2\'
INFO: [VRFC 10-3107] analyzing entity '\sd_fec_0_xpm_counter_updn__parameterized1_4\'
INFO: [VRFC 10-3107] analyzing entity '\sd_fec_0_xpm_counter_updn__parameterized1_7\'
INFO: [VRFC 10-3107] analyzing entity 'sd_fec_0_xpm_fifo_reg_bit'
INFO: [VRFC 10-3107] analyzing entity 'sd_fec_0_xpm_fifo_reg_bit_5'
INFO: [VRFC 10-3107] analyzing entity 'sd_fec_0_xpm_fifo_rst'
INFO: [VRFC 10-3107] analyzing entity 'sd_fec_0_xpm_fifo_rst_8'
INFO: [VRFC 10-3107] analyzing entity 'sd_fec_0_xpm_fifo_rst_8_HD102'
INFO: [VRFC 10-3107] analyzing entity 'sd_fec_0_xpm_fifo_rst_8_HD28'
INFO: [VRFC 10-3107] analyzing entity 'sd_fec_0_xpm_fifo_rst_8_HD65'
INFO: [VRFC 10-3107] analyzing entity 'sd_fec_0_xpm_fifo_rst_HD19'
INFO: [VRFC 10-3107] analyzing entity 'sd_fec_0_xpm_fifo_rst_HD56'
INFO: [VRFC 10-3107] analyzing entity 'sd_fec_0_xpm_fifo_rst_HD93'
INFO: [VRFC 10-3107] analyzing entity 'sd_fec_0_xpm_memory_base'
INFO: [VRFC 10-3107] analyzing entity 'sd_fec_0_xpm_memory_base_HD22'
INFO: [VRFC 10-3107] analyzing entity 'sd_fec_0_xpm_memory_base_HD59'
INFO: [VRFC 10-3107] analyzing entity 'sd_fec_0_xpm_memory_base_HD96'
INFO: [VRFC 10-3107] analyzing entity '\sd_fec_0_xpm_memory_base__parameterized0\'
INFO: [VRFC 10-3107] analyzing entity '\sd_fec_0_xpm_memory_base__parameterized0_HD13\'
INFO: [VRFC 10-3107] analyzing entity '\sd_fec_0_xpm_memory_base__parameterized0_HD50\'
INFO: [VRFC 10-3107] analyzing entity '\sd_fec_0_xpm_memory_base__parameterized0_HD87\'
INFO: [VRFC 10-3107] analyzing entity '\sd_fec_0_ecc_v2_0_13_reg_stage__parameterized0\'
INFO: [VRFC 10-3107] analyzing entity '\sd_fec_0_ecc_v2_0_13_reg_stage__parameterized0_HD109\'
INFO: [VRFC 10-3107] analyzing entity '\sd_fec_0_ecc_v2_0_13_reg_stage__parameterized0_HD35\'
INFO: [VRFC 10-3107] analyzing entity '\sd_fec_0_ecc_v2_0_13_reg_stage__parameterized0_HD72\'
INFO: [VRFC 10-3107] analyzing entity 'sd_fec_0_fec_5g_common_v1_1_1_pipe_reg'
INFO: [VRFC 10-3107] analyzing entity 'sd_fec_0_fec_5g_common_v1_1_1_pipe_reg_0'
INFO: [VRFC 10-3107] analyzing entity 'sd_fec_0_fec_5g_common_v1_1_1_pipe_reg_0_HD111'
INFO: [VRFC 10-3107] analyzing entity 'sd_fec_0_fec_5g_common_v1_1_1_pipe_reg_0_HD37'
INFO: [VRFC 10-3107] analyzing entity 'sd_fec_0_fec_5g_common_v1_1_1_pipe_reg_0_HD74'
INFO: [VRFC 10-3107] analyzing entity 'sd_fec_0_fec_5g_common_v1_1_1_pipe_reg_HD110'
INFO: [VRFC 10-3107] analyzing entity 'sd_fec_0_fec_5g_common_v1_1_1_pipe_reg_HD36'
INFO: [VRFC 10-3107] analyzing entity 'sd_fec_0_fec_5g_common_v1_1_1_pipe_reg_HD73'
INFO: [VRFC 10-3107] analyzing entity 'sd_fec_0_fec_5g_common_v1_1_1_srl_array'
INFO: [VRFC 10-3107] analyzing entity 'sd_fec_0_fec_5g_common_v1_1_1_srl_array_HD104'
INFO: [VRFC 10-3107] analyzing entity 'sd_fec_0_fec_5g_common_v1_1_1_srl_array_HD30'
INFO: [VRFC 10-3107] analyzing entity 'sd_fec_0_fec_5g_common_v1_1_1_srl_array_HD67'
INFO: [VRFC 10-3107] analyzing entity 'sd_fec_0_sd_fec_v1_1_8_arbiter'
INFO: [VRFC 10-3107] analyzing entity 'sd_fec_0_sd_fec_v1_1_8_arbiter_HD46'
INFO: [VRFC 10-3107] analyzing entity 'sd_fec_0_sd_fec_v1_1_8_arbiter_HD83'
INFO: [VRFC 10-3107] analyzing entity 'sd_fec_0_sd_fec_v1_1_8_arbiter_HD9'
INFO: [VRFC 10-3107] analyzing entity 'sd_fec_0_sd_fec_v1_1_8_non_5g_code_manager'
INFO: [VRFC 10-3107] analyzing entity 'sd_fec_0_sd_fec_v1_1_8_non_5g_code_manager_HD44'
INFO: [VRFC 10-3107] analyzing entity 'sd_fec_0_sd_fec_v1_1_8_non_5g_code_manager_HD7'
INFO: [VRFC 10-3107] analyzing entity 'sd_fec_0_sd_fec_v1_1_8_non_5g_code_manager_HD81'
INFO: [VRFC 10-3107] analyzing entity 'axis_data_fifo_0_xpm_fifo_base'
INFO: [VRFC 10-3107] analyzing entity 'axis_data_fifo_0_xpm_fifo_base_HD161'
INFO: [VRFC 10-3107] analyzing entity 'axis_data_fifo_0_xpm_fifo_base_HD175'
INFO: [VRFC 10-3107] analyzing entity 'axis_data_fifo_0_xpm_fifo_base_HD189'
INFO: [VRFC 10-3107] analyzing entity 'axis_data_fifo_1_xpm_fifo_base'
INFO: [VRFC 10-3107] analyzing entity 'axis_data_fifo_1_xpm_fifo_base_HD122'
INFO: [VRFC 10-3107] analyzing entity 'axis_data_fifo_1_xpm_fifo_base_HD134'
INFO: [VRFC 10-3107] analyzing entity 'axis_data_fifo_1_xpm_fifo_base_HD146'
INFO: [VRFC 10-3107] analyzing entity 'sd_fec_0_xpm_fifo_base'
INFO: [VRFC 10-3107] analyzing entity 'sd_fec_0_xpm_fifo_base_HD21'
INFO: [VRFC 10-3107] analyzing entity 'sd_fec_0_xpm_fifo_base_HD58'
INFO: [VRFC 10-3107] analyzing entity 'sd_fec_0_xpm_fifo_base_HD95'
INFO: [VRFC 10-3107] analyzing entity '\sd_fec_0_xpm_fifo_base__parameterized0\'
INFO: [VRFC 10-3107] analyzing entity '\sd_fec_0_xpm_fifo_base__parameterized0_HD12\'
INFO: [VRFC 10-3107] analyzing entity '\sd_fec_0_xpm_fifo_base__parameterized0_HD49\'
INFO: [VRFC 10-3107] analyzing entity '\sd_fec_0_xpm_fifo_base__parameterized0_HD86\'
INFO: [VRFC 10-3107] analyzing entity 'sd_fec_0_ecc_v2_0_13_hsiao_dec'
INFO: [VRFC 10-3107] analyzing entity 'sd_fec_0_ecc_v2_0_13_hsiao_dec_HD108'
INFO: [VRFC 10-3107] analyzing entity 'sd_fec_0_ecc_v2_0_13_hsiao_dec_HD34'
INFO: [VRFC 10-3107] analyzing entity 'sd_fec_0_ecc_v2_0_13_hsiao_dec_HD71'
INFO: [VRFC 10-3107] analyzing entity 'sd_fec_0_fec_5g_common_v1_1_1_srl_fifo'
INFO: [VRFC 10-3107] analyzing entity 'sd_fec_0_fec_5g_common_v1_1_1_srl_fifo_HD103'
INFO: [VRFC 10-3107] analyzing entity 'sd_fec_0_fec_5g_common_v1_1_1_srl_fifo_HD29'
INFO: [VRFC 10-3107] analyzing entity 'sd_fec_0_fec_5g_common_v1_1_1_srl_fifo_HD66'
INFO: [VRFC 10-3107] analyzing entity 'axis_data_fifo_0_xpm_fifo_axis'
INFO: [VRFC 10-3107] analyzing entity 'axis_data_fifo_0_xpm_fifo_axis_HD159'
INFO: [VRFC 10-3107] analyzing entity 'axis_data_fifo_0_xpm_fifo_axis_HD173'
INFO: [VRFC 10-3107] analyzing entity 'axis_data_fifo_0_xpm_fifo_axis_HD187'
INFO: [VRFC 10-3107] analyzing entity 'axis_data_fifo_1_xpm_fifo_axis'
INFO: [VRFC 10-3107] analyzing entity 'axis_data_fifo_1_xpm_fifo_axis_HD120'
INFO: [VRFC 10-3107] analyzing entity 'axis_data_fifo_1_xpm_fifo_axis_HD132'
INFO: [VRFC 10-3107] analyzing entity 'axis_data_fifo_1_xpm_fifo_axis_HD144'
INFO: [VRFC 10-3107] analyzing entity 'sd_fec_0_xpm_fifo_sync'
INFO: [VRFC 10-3107] analyzing entity 'sd_fec_0_xpm_fifo_sync_HD20'
INFO: [VRFC 10-3107] analyzing entity 'sd_fec_0_xpm_fifo_sync_HD57'
INFO: [VRFC 10-3107] analyzing entity 'sd_fec_0_xpm_fifo_sync_HD94'
INFO: [VRFC 10-3107] analyzing entity '\sd_fec_0_xpm_fifo_sync__parameterized0\'
INFO: [VRFC 10-3107] analyzing entity '\sd_fec_0_xpm_fifo_sync__parameterized0_HD11\'
INFO: [VRFC 10-3107] analyzing entity '\sd_fec_0_xpm_fifo_sync__parameterized0_HD48\'
INFO: [VRFC 10-3107] analyzing entity '\sd_fec_0_xpm_fifo_sync__parameterized0_HD85\'
INFO: [VRFC 10-3107] analyzing entity 'sd_fec_0_ecc_v2_0_13'
INFO: [VRFC 10-3107] analyzing entity 'sd_fec_0_ecc_v2_0_13_HD107'
INFO: [VRFC 10-3107] analyzing entity 'sd_fec_0_ecc_v2_0_13_HD33'
INFO: [VRFC 10-3107] analyzing entity 'sd_fec_0_ecc_v2_0_13_HD70'
INFO: [VRFC 10-3107] analyzing entity 'axis_data_fifo_0_axis_data_fifo_v2_0_7_top'
INFO: [VRFC 10-3107] analyzing entity 'axis_data_fifo_0_axis_data_fifo_v2_0_7_top_HD158'
INFO: [VRFC 10-3107] analyzing entity 'axis_data_fifo_0_axis_data_fifo_v2_0_7_top_HD172'
INFO: [VRFC 10-3107] analyzing entity 'axis_data_fifo_0_axis_data_fifo_v2_0_7_top_HD186'
INFO: [VRFC 10-3107] analyzing entity 'axis_data_fifo_1_axis_data_fifo_v2_0_7_top'
INFO: [VRFC 10-3107] analyzing entity 'axis_data_fifo_1_axis_data_fifo_v2_0_7_top_HD119'
INFO: [VRFC 10-3107] analyzing entity 'axis_data_fifo_1_axis_data_fifo_v2_0_7_top_HD131'
INFO: [VRFC 10-3107] analyzing entity 'axis_data_fifo_1_axis_data_fifo_v2_0_7_top_HD143'
INFO: [VRFC 10-3107] analyzing entity 'sd_fec_0_sd_fec_v1_1_8_sdp_ram'
INFO: [VRFC 10-3107] analyzing entity 'sd_fec_0_sd_fec_v1_1_8_sdp_ram_HD106'
INFO: [VRFC 10-3107] analyzing entity 'sd_fec_0_sd_fec_v1_1_8_sdp_ram_HD32'
INFO: [VRFC 10-3107] analyzing entity 'sd_fec_0_sd_fec_v1_1_8_sdp_ram_HD69'
INFO: [VRFC 10-3107] analyzing entity 'axis_data_fifo_0'
INFO: [VRFC 10-3107] analyzing entity 'axis_data_fifo_0_HD157'
INFO: [VRFC 10-3107] analyzing entity 'axis_data_fifo_0_HD171'
INFO: [VRFC 10-3107] analyzing entity 'axis_data_fifo_0_HD185'
INFO: [VRFC 10-3107] analyzing entity 'axis_data_fifo_1'
INFO: [VRFC 10-3107] analyzing entity 'axis_data_fifo_1_HD118'
INFO: [VRFC 10-3107] analyzing entity 'axis_data_fifo_1_HD130'
INFO: [VRFC 10-3107] analyzing entity 'axis_data_fifo_1_HD142'
INFO: [VRFC 10-3107] analyzing entity 'sd_fec_0_sd_fec_v1_1_8_non_5g_ref_code_table_if'
INFO: [VRFC 10-3107] analyzing entity 'sd_fec_0_sd_fec_v1_1_8_non_5g_ref_code_table_if_HD105'
INFO: [VRFC 10-3107] analyzing entity 'sd_fec_0_sd_fec_v1_1_8_non_5g_ref_code_table_if_HD31'
INFO: [VRFC 10-3107] analyzing entity 'sd_fec_0_sd_fec_v1_1_8_non_5g_ref_code_table_if_HD68'
INFO: [VRFC 10-3107] analyzing entity 'sd_fec_0_sd_fec_v1_1_8_non_5g_code_generator'
INFO: [VRFC 10-3107] analyzing entity 'sd_fec_0_sd_fec_v1_1_8_non_5g_code_generator_HD10'
INFO: [VRFC 10-3107] analyzing entity 'sd_fec_0_sd_fec_v1_1_8_non_5g_code_generator_HD47'
INFO: [VRFC 10-3107] analyzing entity 'sd_fec_0_sd_fec_v1_1_8_non_5g_code_generator_HD84'
INFO: [VRFC 10-3107] analyzing entity 'sd_fec_0_sd_fec_v1_1_8_non_5g'
INFO: [VRFC 10-3107] analyzing entity 'sd_fec_0_sd_fec_v1_1_8_non_5g_HD43'
INFO: [VRFC 10-3107] analyzing entity 'sd_fec_0_sd_fec_v1_1_8_non_5g_HD6'
INFO: [VRFC 10-3107] analyzing entity 'sd_fec_0_sd_fec_v1_1_8_non_5g_HD80'
INFO: [VRFC 10-3107] analyzing entity 'sd_fec_0_sd_fec_v1_1_8'
INFO: [VRFC 10-3107] analyzing entity 'sd_fec_0_sd_fec_v1_1_8_HD42'
INFO: [VRFC 10-3107] analyzing entity 'sd_fec_0_sd_fec_v1_1_8_HD5'
INFO: [VRFC 10-3107] analyzing entity 'sd_fec_0_sd_fec_v1_1_8_HD79'
INFO: [VRFC 10-3107] analyzing entity 'sd_fec_0'
INFO: [VRFC 10-3107] analyzing entity 'sd_fec_0_HD4'
INFO: [VRFC 10-3107] analyzing entity 'sd_fec_0_HD41'
INFO: [VRFC 10-3107] analyzing entity 'sd_fec_0_HD78'
INFO: [VRFC 10-3107] analyzing entity 'LDPC_encoder'
