xmvhdl(64): 20.09-s007: (c) Copyright 1995-2020 Cadence Design Systems, Inc.
DEFINE mdm_v3_2_22  /home/miglioranza/project_1.xpr/project_1/project_1.cache/compile_simlib/xcelium/mdm_v3_2_22
|
xmvhdl: *W,DLCPTH (./cds.lib,2): cds.lib Invalid path '/home/miglioranza/project_1.xpr/project_1/project_1.cache/compile_simlib/xcelium/mdm_v3_2_22' (cds.lib command ignored).
DEFINE bs_switch_v1_0_0  /home/miglioranza/project_1.xpr/project_1/project_1.cache/compile_simlib/xcelium/bs_switch_v1_0_0
|
xmvhdl: *W,DLCPTH (./cds.lib,3): cds.lib Invalid path '/home/miglioranza/project_1.xpr/project_1/project_1.cache/compile_simlib/xcelium/bs_switch_v1_0_0' (cds.lib command ignored).
DEFINE axi4svideo_bridge_v1_0_13  /home/miglioranza/project_1.xpr/project_1/project_1.cache/compile_simlib/xcelium/axi4svideo_bridge_v1_0_13
|
xmvhdl: *W,DLCPTH (./cds.lib,4): cds.lib Invalid path '/home/miglioranza/project_1.xpr/project_1/project_1.cache/compile_simlib/xcelium/axi4svideo_bridge_v1_0_13' (cds.lib command ignored).
DEFINE axis_interconnect_v1_1_19  /home/miglioranza/project_1.xpr/project_1/project_1.cache/compile_simlib/xcelium/axis_interconnect_v1_1_19
|
xmvhdl: *W,DLCPTH (./cds.lib,5): cds.lib Invalid path '/home/miglioranza/project_1.xpr/project_1/project_1.cache/compile_simlib/xcelium/axis_interconnect_v1_1_19' (cds.lib command ignored).
DEFINE xdfe_fft_v1_0_1  /home/miglioranza/project_1.xpr/project_1/project_1.cache/compile_simlib/xcelium/xdfe_fft_v1_0_1
|
xmvhdl: *W,DLCPTH (./cds.lib,6): cds.lib Invalid path '/home/miglioranza/project_1.xpr/project_1/project_1.cache/compile_simlib/xcelium/xdfe_fft_v1_0_1' (cds.lib command ignored).
DEFINE xdfe_nr_prach_v1_0_1  /home/miglioranza/project_1.xpr/project_1/project_1.cache/compile_simlib/xcelium/xdfe_nr_prach_v1_0_1
|
xmvhdl: *W,DLCPTH (./cds.lib,7): cds.lib Invalid path '/home/miglioranza/project_1.xpr/project_1/project_1.cache/compile_simlib/xcelium/xdfe_nr_prach_v1_0_1' (cds.lib command ignored).
DEFINE axis_data_fifo_v1_1_26  /home/miglioranza/project_1.xpr/project_1/project_1.cache/compile_simlib/xcelium/axis_data_fifo_v1_1_26
|
xmvhdl: *W,DLCPTH (./cds.lib,8): cds.lib Invalid path '/home/miglioranza/project_1.xpr/project_1/project_1.cache/compile_simlib/xcelium/axis_data_fifo_v1_1_26' (cds.lib command ignored).
DEFINE axis_ila_intf_v1_0_0  /home/miglioranza/project_1.xpr/project_1/project_1.cache/compile_simlib/xcelium/axis_ila_intf_v1_0_0
|
xmvhdl: *W,DLCPTH (./cds.lib,9): cds.lib Invalid path '/home/miglioranza/project_1.xpr/project_1/project_1.cache/compile_simlib/xcelium/axis_ila_intf_v1_0_0' (cds.lib command ignored).
DEFINE tmr_sem_v1_0_20  /home/miglioranza/project_1.xpr/project_1/project_1.cache/compile_simlib/xcelium/tmr_sem_v1_0_20
|
xmvhdl: *W,DLCPTH (./cds.lib,10): cds.lib Invalid path '/home/miglioranza/project_1.xpr/project_1/project_1.cache/compile_simlib/xcelium/tmr_sem_v1_0_20' (cds.lib command ignored).
DEFINE videoaxi4s_bridge_v1_0_5  /home/miglioranza/project_1.xpr/project_1/project_1.cache/compile_simlib/xcelium/videoaxi4s_bridge_v1_0_5
|
xmvhdl: *W,DLCPTH (./cds.lib,11): cds.lib Invalid path '/home/miglioranza/project_1.xpr/project_1/project_1.cache/compile_simlib/xcelium/videoaxi4s_bridge_v1_0_5' (cds.lib command ignored).
DEFINE v_hdmi_rx1_v1_0_2  /home/miglioranza/project_1.xpr/project_1/project_1.cache/compile_simlib/xcelium/v_hdmi_rx1_v1_0_2
|
xmvhdl: *W,DLCPTH (./cds.lib,12): cds.lib Invalid path '/home/miglioranza/project_1.xpr/project_1/project_1.cache/compile_simlib/xcelium/v_hdmi_rx1_v1_0_2' (cds.lib command ignored).
DEFINE dbg_intf  /home/miglioranza/project_1.xpr/project_1/project_1.cache/compile_simlib/xcelium/dbg_intf
|
xmvhdl: *W,DLCPTH (./cds.lib,13): cds.lib Invalid path '/home/miglioranza/project_1.xpr/project_1/project_1.cache/compile_simlib/xcelium/dbg_intf' (cds.lib command ignored).
DEFINE mdm_v3_2_22  /home/miglioranza/project_1.xpr/project_1/project_1.cache/compile_simlib/xcelium/mdm_v3_2_22
|
xmvhdl_p: *W,DLCPTH (./cds.lib,2): cds.lib Invalid path '/home/miglioranza/project_1.xpr/project_1/project_1.cache/compile_simlib/xcelium/mdm_v3_2_22' (cds.lib command ignored).
DEFINE bs_switch_v1_0_0  /home/miglioranza/project_1.xpr/project_1/project_1.cache/compile_simlib/xcelium/bs_switch_v1_0_0
|
xmvhdl_p: *W,DLCPTH (./cds.lib,3): cds.lib Invalid path '/home/miglioranza/project_1.xpr/project_1/project_1.cache/compile_simlib/xcelium/bs_switch_v1_0_0' (cds.lib command ignored).
DEFINE axi4svideo_bridge_v1_0_13  /home/miglioranza/project_1.xpr/project_1/project_1.cache/compile_simlib/xcelium/axi4svideo_bridge_v1_0_13
|
xmvhdl_p: *W,DLCPTH (./cds.lib,4): cds.lib Invalid path '/home/miglioranza/project_1.xpr/project_1/project_1.cache/compile_simlib/xcelium/axi4svideo_bridge_v1_0_13' (cds.lib command ignored).
DEFINE axis_interconnect_v1_1_19  /home/miglioranza/project_1.xpr/project_1/project_1.cache/compile_simlib/xcelium/axis_interconnect_v1_1_19
|
xmvhdl_p: *W,DLCPTH (./cds.lib,5): cds.lib Invalid path '/home/miglioranza/project_1.xpr/project_1/project_1.cache/compile_simlib/xcelium/axis_interconnect_v1_1_19' (cds.lib command ignored).
DEFINE xdfe_fft_v1_0_1  /home/miglioranza/project_1.xpr/project_1/project_1.cache/compile_simlib/xcelium/xdfe_fft_v1_0_1
|
xmvhdl_p: *W,DLCPTH (./cds.lib,6): cds.lib Invalid path '/home/miglioranza/project_1.xpr/project_1/project_1.cache/compile_simlib/xcelium/xdfe_fft_v1_0_1' (cds.lib command ignored).
DEFINE xdfe_nr_prach_v1_0_1  /home/miglioranza/project_1.xpr/project_1/project_1.cache/compile_simlib/xcelium/xdfe_nr_prach_v1_0_1
|
xmvhdl_p: *W,DLCPTH (./cds.lib,7): cds.lib Invalid path '/home/miglioranza/project_1.xpr/project_1/project_1.cache/compile_simlib/xcelium/xdfe_nr_prach_v1_0_1' (cds.lib command ignored).
DEFINE axis_data_fifo_v1_1_26  /home/miglioranza/project_1.xpr/project_1/project_1.cache/compile_simlib/xcelium/axis_data_fifo_v1_1_26
|
xmvhdl_p: *W,DLCPTH (./cds.lib,8): cds.lib Invalid path '/home/miglioranza/project_1.xpr/project_1/project_1.cache/compile_simlib/xcelium/axis_data_fifo_v1_1_26' (cds.lib command ignored).
DEFINE axis_ila_intf_v1_0_0  /home/miglioranza/project_1.xpr/project_1/project_1.cache/compile_simlib/xcelium/axis_ila_intf_v1_0_0
|
xmvhdl_p: *W,DLCPTH (./cds.lib,9): cds.lib Invalid path '/home/miglioranza/project_1.xpr/project_1/project_1.cache/compile_simlib/xcelium/axis_ila_intf_v1_0_0' (cds.lib command ignored).
DEFINE tmr_sem_v1_0_20  /home/miglioranza/project_1.xpr/project_1/project_1.cache/compile_simlib/xcelium/tmr_sem_v1_0_20
|
xmvhdl_p: *W,DLCPTH (./cds.lib,10): cds.lib Invalid path '/home/miglioranza/project_1.xpr/project_1/project_1.cache/compile_simlib/xcelium/tmr_sem_v1_0_20' (cds.lib command ignored).
DEFINE videoaxi4s_bridge_v1_0_5  /home/miglioranza/project_1.xpr/project_1/project_1.cache/compile_simlib/xcelium/videoaxi4s_bridge_v1_0_5
|
xmvhdl_p: *W,DLCPTH (./cds.lib,11): cds.lib Invalid path '/home/miglioranza/project_1.xpr/project_1/project_1.cache/compile_simlib/xcelium/videoaxi4s_bridge_v1_0_5' (cds.lib command ignored).
DEFINE v_hdmi_rx1_v1_0_2  /home/miglioranza/project_1.xpr/project_1/project_1.cache/compile_simlib/xcelium/v_hdmi_rx1_v1_0_2
|
xmvhdl_p: *W,DLCPTH (./cds.lib,12): cds.lib Invalid path '/home/miglioranza/project_1.xpr/project_1/project_1.cache/compile_simlib/xcelium/v_hdmi_rx1_v1_0_2' (cds.lib command ignored).
DEFINE dbg_intf  /home/miglioranza/project_1.xpr/project_1/project_1.cache/compile_simlib/xcelium/dbg_intf
|
xmvhdl_p: *W,DLCPTH (./cds.lib,13): cds.lib Invalid path '/home/miglioranza/project_1.xpr/project_1/project_1.cache/compile_simlib/xcelium/dbg_intf' (cds.lib command ignored).
/ihp/ihpusr/xilinx/vivado2021.2/Vivado/2021.2/data/ip/xilinx/dft_v4_2/hdl/dft_v4_2_vh_rfs.vhd:
	errors: 0, warnings: 0
DEFINE mdm_v3_2_22  /home/miglioranza/project_1.xpr/project_1/project_1.cache/compile_simlib/xcelium/mdm_v3_2_22
|
xmvhdl_cg: *W,DLCPTH (./cds.lib,2): cds.lib Invalid path '/home/miglioranza/project_1.xpr/project_1/project_1.cache/compile_simlib/xcelium/mdm_v3_2_22' (cds.lib command ignored).
DEFINE bs_switch_v1_0_0  /home/miglioranza/project_1.xpr/project_1/project_1.cache/compile_simlib/xcelium/bs_switch_v1_0_0
|
xmvhdl_cg: *W,DLCPTH (./cds.lib,3): cds.lib Invalid path '/home/miglioranza/project_1.xpr/project_1/project_1.cache/compile_simlib/xcelium/bs_switch_v1_0_0' (cds.lib command ignored).
DEFINE axi4svideo_bridge_v1_0_13  /home/miglioranza/project_1.xpr/project_1/project_1.cache/compile_simlib/xcelium/axi4svideo_bridge_v1_0_13
|
xmvhdl_cg: *W,DLCPTH (./cds.lib,4): cds.lib Invalid path '/home/miglioranza/project_1.xpr/project_1/project_1.cache/compile_simlib/xcelium/axi4svideo_bridge_v1_0_13' (cds.lib command ignored).
DEFINE axis_interconnect_v1_1_19  /home/miglioranza/project_1.xpr/project_1/project_1.cache/compile_simlib/xcelium/axis_interconnect_v1_1_19
|
xmvhdl_cg: *W,DLCPTH (./cds.lib,5): cds.lib Invalid path '/home/miglioranza/project_1.xpr/project_1/project_1.cache/compile_simlib/xcelium/axis_interconnect_v1_1_19' (cds.lib command ignored).
DEFINE xdfe_fft_v1_0_1  /home/miglioranza/project_1.xpr/project_1/project_1.cache/compile_simlib/xcelium/xdfe_fft_v1_0_1
|
xmvhdl_cg: *W,DLCPTH (./cds.lib,6): cds.lib Invalid path '/home/miglioranza/project_1.xpr/project_1/project_1.cache/compile_simlib/xcelium/xdfe_fft_v1_0_1' (cds.lib command ignored).
DEFINE xdfe_nr_prach_v1_0_1  /home/miglioranza/project_1.xpr/project_1/project_1.cache/compile_simlib/xcelium/xdfe_nr_prach_v1_0_1
|
xmvhdl_cg: *W,DLCPTH (./cds.lib,7): cds.lib Invalid path '/home/miglioranza/project_1.xpr/project_1/project_1.cache/compile_simlib/xcelium/xdfe_nr_prach_v1_0_1' (cds.lib command ignored).
DEFINE axis_data_fifo_v1_1_26  /home/miglioranza/project_1.xpr/project_1/project_1.cache/compile_simlib/xcelium/axis_data_fifo_v1_1_26
|
xmvhdl_cg: *W,DLCPTH (./cds.lib,8): cds.lib Invalid path '/home/miglioranza/project_1.xpr/project_1/project_1.cache/compile_simlib/xcelium/axis_data_fifo_v1_1_26' (cds.lib command ignored).
DEFINE axis_ila_intf_v1_0_0  /home/miglioranza/project_1.xpr/project_1/project_1.cache/compile_simlib/xcelium/axis_ila_intf_v1_0_0
|
xmvhdl_cg: *W,DLCPTH (./cds.lib,9): cds.lib Invalid path '/home/miglioranza/project_1.xpr/project_1/project_1.cache/compile_simlib/xcelium/axis_ila_intf_v1_0_0' (cds.lib command ignored).
DEFINE tmr_sem_v1_0_20  /home/miglioranza/project_1.xpr/project_1/project_1.cache/compile_simlib/xcelium/tmr_sem_v1_0_20
|
xmvhdl_cg: *W,DLCPTH (./cds.lib,10): cds.lib Invalid path '/home/miglioranza/project_1.xpr/project_1/project_1.cache/compile_simlib/xcelium/tmr_sem_v1_0_20' (cds.lib command ignored).
DEFINE videoaxi4s_bridge_v1_0_5  /home/miglioranza/project_1.xpr/project_1/project_1.cache/compile_simlib/xcelium/videoaxi4s_bridge_v1_0_5
|
xmvhdl_cg: *W,DLCPTH (./cds.lib,11): cds.lib Invalid path '/home/miglioranza/project_1.xpr/project_1/project_1.cache/compile_simlib/xcelium/videoaxi4s_bridge_v1_0_5' (cds.lib command ignored).
DEFINE v_hdmi_rx1_v1_0_2  /home/miglioranza/project_1.xpr/project_1/project_1.cache/compile_simlib/xcelium/v_hdmi_rx1_v1_0_2
|
xmvhdl_cg: *W,DLCPTH (./cds.lib,12): cds.lib Invalid path '/home/miglioranza/project_1.xpr/project_1/project_1.cache/compile_simlib/xcelium/v_hdmi_rx1_v1_0_2' (cds.lib command ignored).
DEFINE dbg_intf  /home/miglioranza/project_1.xpr/project_1/project_1.cache/compile_simlib/xcelium/dbg_intf
|
xmvhdl_cg: *W,DLCPTH (./cds.lib,13): cds.lib Invalid path '/home/miglioranza/project_1.xpr/project_1/project_1.cache/compile_simlib/xcelium/dbg_intf' (cds.lib command ignored).
	streams: 1, words: 8
	streams: 1, words: 8
	streams: 4, words: 1729
	streams: 2, words: 10456
	streams: 7, words: 2134
	streams: 7, words: 2174
	streams: 19, words: 4596
	streams: 1, words: 941
	streams: 16, words: 30122
	streams: 2, words: 2166
	streams: 12, words: 35714
	streams: 1, words: 8
	streams: 1, words: 8
	streams: 23, words: 3784
	streams: 10, words: 66286
	streams: 1, words: 8
	streams: 29, words: 5000
	streams: 10, words: 81544
	streams: 1, words: 4863722
	streams: 1, words: 1574
	streams: 41, words: 15064
	streams: 10, words: 179647
	streams: 14, words: 2491
	streams: 4, words: 7660
	streams: 13, words: 2369
	streams: 2, words: 3600
	streams: 13, words: 2369
	streams: 2, words: 3600
	streams: 8, words: 1072
	streams: 1, words: 1852
	streams: 11, words: 1286
	streams: 3, words: 6076
	streams: 14, words: 2965
	streams: 3, words: 3487
	streams: 16, words: 1913
	streams: 7, words: 15075
	streams: 12, words: 1635
	streams: 2, words: 3779
	streams: 15, words: 1708
	streams: 2, words: 5533
	streams: 46, words: 6799
	streams: 18, words: 47808
	streams: 14, words: 1760
	streams: 7, words: 39028
	streams: 14, words: 1445
	streams: 7, words: 38948
	streams: 13, words: 2054
	streams: 7, words: 56854
	streams: 13, words: 2054
	streams: 10, words: 61056
	streams: 14, words: 2158
	streams: 9, words: 134976
	streams: 13, words: 927
	streams: 1, words: 1217
	streams: 10, words: 513
	streams: 1, words: 905
	streams: 18, words: 2255
	streams: 8, words: 37184
	streams: 15, words: 2089
	streams: 11, words: 49304
	streams: 12, words: 1630
	streams: 8, words: 38425
	streams: 16, words: 1953
	streams: 2, words: 12700
	streams: 13, words: 1612
	streams: 1, words: 17143
	streams: 14, words: 1716
	streams: 1, words: 24007
	streams: 16, words: 2314
	streams: 2, words: 33096
	streams: 15, words: 1916
	streams: 4, words: 4331
	streams: 20, words: 2130
	streams: 3, words: 33173
	streams: 12, words: 1416
	streams: 2, words: 5775
	streams: 13, words: 1919
	streams: 1, words: 2851
	streams: 14, words: 1068
	streams: 3, words: 7817
	streams: 15, words: 2027
	streams: 2, words: 5938
	streams: 17, words: 1731
	streams: 19, words: 39120
	streams: 14, words: 1491
	streams: 13, words: 27824
	streams: 16, words: 2824
	streams: 2, words: 20884
	streams: 15, words: 2751
	streams: 2, words: 37954
	streams: 13, words: 1955
	streams: 1, words: 4107
	streams: 25, words: 3369
	streams: 13, words: 35743
	streams: 26, words: 3272
	streams: 39, words: 89818
	streams: 8, words: 571
	streams: 1, words: 1455
	streams: 30, words: 2665
	streams: 3, words: 15684
	streams: 20, words: 2853
	streams: 4, words: 23519
	streams: 29, words: 6638
	streams: 1, words: 5687
	streams: 29, words: 5335
	streams: 2, words: 5273
