xmvlog(64): 20.09-s007: (c) Copyright 1995-2020 Cadence Design Systems, Inc.
DEFINE xdfe_nr_prach_v1_0_1  /home/miglioranza/project_1.xpr/project_1/project_1.cache/compile_simlib/xcelium/xdfe_nr_prach_v1_0_1
|
xmvlog: *W,DLCPTH (./cds.lib,2): cds.lib Invalid path '/home/miglioranza/project_1.xpr/project_1/project_1.cache/compile_simlib/xcelium/xdfe_nr_prach_v1_0_1' (cds.lib command ignored).
DEFINE axis_data_fifo_v1_1_26  /home/miglioranza/project_1.xpr/project_1/project_1.cache/compile_simlib/xcelium/axis_data_fifo_v1_1_26
|
xmvlog: *W,DLCPTH (./cds.lib,3): cds.lib Invalid path '/home/miglioranza/project_1.xpr/project_1/project_1.cache/compile_simlib/xcelium/axis_data_fifo_v1_1_26' (cds.lib command ignored).
DEFINE axis_ila_intf_v1_0_0  /home/miglioranza/project_1.xpr/project_1/project_1.cache/compile_simlib/xcelium/axis_ila_intf_v1_0_0
|
xmvlog: *W,DLCPTH (./cds.lib,4): cds.lib Invalid path '/home/miglioranza/project_1.xpr/project_1/project_1.cache/compile_simlib/xcelium/axis_ila_intf_v1_0_0' (cds.lib command ignored).
DEFINE tmr_sem_v1_0_20  /home/miglioranza/project_1.xpr/project_1/project_1.cache/compile_simlib/xcelium/tmr_sem_v1_0_20
|
xmvlog: *W,DLCPTH (./cds.lib,5): cds.lib Invalid path '/home/miglioranza/project_1.xpr/project_1/project_1.cache/compile_simlib/xcelium/tmr_sem_v1_0_20' (cds.lib command ignored).
DEFINE videoaxi4s_bridge_v1_0_5  /home/miglioranza/project_1.xpr/project_1/project_1.cache/compile_simlib/xcelium/videoaxi4s_bridge_v1_0_5
|
xmvlog: *W,DLCPTH (./cds.lib,6): cds.lib Invalid path '/home/miglioranza/project_1.xpr/project_1/project_1.cache/compile_simlib/xcelium/videoaxi4s_bridge_v1_0_5' (cds.lib command ignored).
DEFINE v_hdmi_rx1_v1_0_2  /home/miglioranza/project_1.xpr/project_1/project_1.cache/compile_simlib/xcelium/v_hdmi_rx1_v1_0_2
|
xmvlog: *W,DLCPTH (./cds.lib,7): cds.lib Invalid path '/home/miglioranza/project_1.xpr/project_1/project_1.cache/compile_simlib/xcelium/v_hdmi_rx1_v1_0_2' (cds.lib command ignored).
DEFINE dbg_intf  /home/miglioranza/project_1.xpr/project_1/project_1.cache/compile_simlib/xcelium/dbg_intf
|
xmvlog: *W,DLCPTH (./cds.lib,8): cds.lib Invalid path '/home/miglioranza/project_1.xpr/project_1/project_1.cache/compile_simlib/xcelium/dbg_intf' (cds.lib command ignored).
file: /ihp/ihpusr/xilinx/vivado2021.2/Vivado/2021.2/data/ip/xilinx/xdfe_fft_v1_0/hdl/xdfe_fft_v1_0_rfs.sv
		errors: 0, warnings: 0
		errors: 0, warnings: 0
		errors: 0, warnings: 0
		errors: 0, warnings: 0
	Total errors/warnings found outside modules and primitives:
		errors: 0, warnings: 7
