xmvhdl(64): 20.09-s007: (c) Copyright 1995-2020 Cadence Design Systems, Inc.
/ihp/ihpusr/xilinx/vivado2021.2/Vivado/2021.2/data/ip/xilinx/viterbi_v9_1/hdl/viterbi_v9_1_vh_rfs.vhd:
xmvhdl_p: *W,WARIPR: warning within protected source code.
xmvhdl_p: *W,WARIPR: warning within protected source code.
	errors: 0, warnings: 2
	streams: 6, words: 3387
	streams: 73, words: 79021
	streams: 11, words: 2170
	streams: 1, words: 3294
	streams: 16, words: 2461
	streams: 5, words: 15753
	streams: 12, words: 1337
	streams: 6, words: 16486
	streams: 18, words: 3528
	streams: 1, words: 4697
	streams: 14, words: 3952
	streams: 1, words: 1833
	streams: 7, words: 2670
	streams: 1, words: 3019
	streams: 45, words: 4063
	streams: 2, words: 3675
	streams: 50, words: 6063
	streams: 1, words: 2403
	streams: 27, words: 4878
	streams: 13, words: 37091
	streams: 24, words: 3956
	streams: 2, words: 7042
	streams: 27, words: 6586
	streams: 3, words: 24081
	streams: 29, words: 7550
	streams: 3, words: 17808
	streams: 19, words: 3426
	streams: 2, words: 11525
	streams: 6, words: 343
	streams: 1, words: 1148
	streams: 30, words: 1621
	streams: 18, words: 49906
	streams: 31, words: 1632
	streams: 22, words: 52857
	streams: 11, words: 607
	streams: 3, words: 4619
	streams: 11, words: 607
	streams: 3, words: 4619
	streams: 9, words: 876
	streams: 2, words: 2886
	streams: 16, words: 3214
	streams: 3, words: 7830
	streams: 15, words: 2428
	streams: 11, words: 31225
	streams: 21, words: 1864
	streams: 11, words: 32160
	streams: 17, words: 2268
	streams: 19, words: 63892
	streams: 14, words: 744
	streams: 6, words: 11062
	streams: 15, words: 3238
	streams: 12, words: 33352
	streams: 11, words: 1386
	streams: 7, words: 11156
	streams: 35, words: 1858
	streams: 3, words: 5106
	streams: 23, words: 7156
	streams: 20, words: 44793
	streams: 14, words: 1412
	streams: 25, words: 90977
	streams: 16, words: 4011
	streams: 13, words: 32292
	streams: 42, words: 4214
	streams: 20, words: 49402
	streams: 44, words: 4424
	streams: 28, words: 74519
	streams: 29, words: 5777
	streams: 17, words: 52094
	streams: 37, words: 7966
	streams: 6, words: 25452
	streams: 28, words: 4073
	streams: 15, words: 24993
	streams: 31, words: 5107
	streams: 16, words: 29420
	streams: 29, words: 4024
	streams: 47, words: 147202
	streams: 19, words: 2257
	streams: 61, words: 216516
	streams: 27, words: 6410
	streams: 24, words: 78090
	streams: 17, words: 2202
	streams: 29, words: 135596
	streams: 42, words: 4166
	streams: 17, words: 47443
	streams: 45, words: 4387
	streams: 25, words: 71387
	streams: 42, words: 3927
	streams: 18, words: 50832
	streams: 43, words: 3041
	streams: 36, words: 80773
	streams: 55, words: 5367
	streams: 53, words: 163474
	streams: 47, words: 7478
	streams: 17, words: 48735
	streams: 90, words: 13949
	streams: 31, words: 117314
	streams: 65, words: 9040
	streams: 8, words: 39066
	streams: 112, words: 18863
	streams: 3, words: 29690
	streams: 73, words: 9695
	streams: 4, words: 47713
	streams: 1, words: 8
	streams: 71, words: 11675
	streams: 2, words: 7672
	streams: 71, words: 9669
	streams: 1, words: 5974
