Copyright 1986-2021 Xilinx, Inc. All Rights Reserved.
-----------------------------------------------------------------------------------------------------------------------------
| Tool Version : Vivado v.2021.2 (lin64) Build 3367213 Tue Oct 19 02:47:39 MDT 2021
| Date         : Tue Oct 28 11:54:28 2025
| Host         : uxsrv005 running 64-bit Red Hat Enterprise Linux release 8.10 (Ootpa)
| Command      : report_utilization -file Scrambler_32bits_utilization_placed.rpt -pb Scrambler_32bits_utilization_placed.pb
| Design       : Scrambler_32bits
| Device       : xczu28dr-ffvg1517-2-e
| Speed File   : -2
| Design State : Fully Placed
-----------------------------------------------------------------------------------------------------------------------------

Utilization Design Information

Table of Contents
-----------------
1. CLB Logic
1.1 Summary of Registers by Type
2. CLB Logic Distribution
3. BLOCKRAM
4. ARITHMETIC
5. I/O
6. CLOCK
7. ADVANCED
8. CONFIGURATION
9. Primitives
10. Black Boxes
11. Instantiated Netlists

1. CLB Logic
------------

+-------------------------+------+-------+------------+-----------+-------+
|        Site Type        | Used | Fixed | Prohibited | Available | Util% |
+-------------------------+------+-------+------------+-----------+-------+
| CLB LUTs                |   35 |     0 |          0 |    425280 | <0.01 |
|   LUT as Logic          |   35 |     0 |          0 |    425280 | <0.01 |
|   LUT as Memory         |    0 |     0 |          0 |    213600 |  0.00 |
| CLB Registers           |   66 |     0 |          0 |    850560 | <0.01 |
|   Register as Flip Flop |   66 |     0 |          0 |    850560 | <0.01 |
|   Register as Latch     |    0 |     0 |          0 |    850560 |  0.00 |
| CARRY8                  |    0 |     0 |          0 |     53160 |  0.00 |
| F7 Muxes                |    0 |     0 |          0 |    212640 |  0.00 |
| F8 Muxes                |    0 |     0 |          0 |    106320 |  0.00 |
| F9 Muxes                |    0 |     0 |          0 |     53160 |  0.00 |
+-------------------------+------+-------+------------+-----------+-------+


1.1 Summary of Registers by Type
--------------------------------

+-------+--------------+-------------+--------------+
| Total | Clock Enable | Synchronous | Asynchronous |
+-------+--------------+-------------+--------------+
| 0     |            _ |           - |            - |
| 0     |            _ |           - |          Set |
| 0     |            _ |           - |        Reset |
| 0     |            _ |         Set |            - |
| 0     |            _ |       Reset |            - |
| 0     |          Yes |           - |            - |
| 31    |          Yes |           - |          Set |
| 33    |          Yes |           - |        Reset |
| 0     |          Yes |         Set |            - |
| 2     |          Yes |       Reset |            - |
+-------+--------------+-------------+--------------+


2. CLB Logic Distribution
-------------------------

+--------------------------------------------+------+-------+------------+-----------+-------+
|                  Site Type                 | Used | Fixed | Prohibited | Available | Util% |
+--------------------------------------------+------+-------+------------+-----------+-------+
| CLB                                        |   14 |     0 |          0 |     53160 |  0.03 |
|   CLBL                                     |   14 |     0 |            |           |       |
|   CLBM                                     |    0 |     0 |            |           |       |
| LUT as Logic                               |   35 |     0 |          0 |    425280 | <0.01 |
|   using O5 output only                     |    2 |       |            |           |       |
|   using O6 output only                     |    2 |       |            |           |       |
|   using O5 and O6                          |   31 |       |            |           |       |
| LUT as Memory                              |    0 |     0 |          0 |    213600 |  0.00 |
|   LUT as Distributed RAM                   |    0 |     0 |            |           |       |
|   LUT as Shift Register                    |    0 |     0 |            |           |       |
| CLB Registers                              |   66 |     0 |          0 |    850560 | <0.01 |
|   Register driven from within the CLB      |   64 |       |            |           |       |
|   Register driven from outside the CLB     |    2 |       |            |           |       |
|     LUT in front of the register is unused |    2 |       |            |           |       |
|     LUT in front of the register is used   |    0 |       |            |           |       |
| Unique Control Sets                        |    4 |       |          0 |    106320 | <0.01 |
+--------------------------------------------+------+-------+------------+-----------+-------+
* * Note: Available Control Sets calculated as Slices * 2, Review the Control Sets Report for more information regarding control sets.


3. BLOCKRAM
-----------

+----------------+------+-------+------------+-----------+-------+
|    Site Type   | Used | Fixed | Prohibited | Available | Util% |
+----------------+------+-------+------------+-----------+-------+
| Block RAM Tile |    0 |     0 |          0 |      1080 |  0.00 |
|   RAMB36/FIFO* |    0 |     0 |          0 |      1080 |  0.00 |
|   RAMB18       |    0 |     0 |          0 |      2160 |  0.00 |
| URAM           |    0 |     0 |          0 |        80 |  0.00 |
+----------------+------+-------+------------+-----------+-------+
* Note: Each Block RAM Tile only has one FIFO logic available and therefore can accommodate only one FIFO36E2 or one FIFO18E2. However, if a FIFO18E2 occupies a Block RAM Tile, that tile can still accommodate a RAMB18E2


4. ARITHMETIC
-------------

+-----------+------+-------+------------+-----------+-------+
| Site Type | Used | Fixed | Prohibited | Available | Util% |
+-----------+------+-------+------------+-----------+-------+
| DSPs      |    0 |     0 |          0 |      4272 |  0.00 |
+-----------+------+-------+------------+-----------+-------+


5. I/O
------

+------------------+------+-------+------------+-----------+-------+
|     Site Type    | Used | Fixed | Prohibited | Available | Util% |
+------------------+------+-------+------------+-----------+-------+
| Bonded IOB       |  102 |     0 |          0 |       347 | 29.39 |
| HPIOB_M          |   51 |     0 |          0 |       138 | 36.96 |
|   INPUT          |   34 |       |            |           |       |
|   OUTPUT         |   17 |       |            |           |       |
|   BIDIR          |    0 |       |            |           |       |
| HPIOB_S          |   51 |     0 |          0 |       138 | 36.96 |
|   INPUT          |   34 |       |            |           |       |
|   OUTPUT         |   17 |       |            |           |       |
|   BIDIR          |    0 |       |            |           |       |
| HDIOB_M          |    0 |     0 |          0 |        24 |  0.00 |
| HDIOB_S          |    0 |     0 |          0 |        24 |  0.00 |
| HPIOB_SNGL       |    0 |     0 |          0 |        23 |  0.00 |
| HPIOBDIFFINBUF   |    0 |     0 |          0 |       192 |  0.00 |
| HPIOBDIFFOUTBUF  |    0 |     0 |          0 |       192 |  0.00 |
| HDIOBDIFFINBUF   |    0 |     0 |          0 |        72 |  0.00 |
| BITSLICE_CONTROL |    0 |     0 |          0 |        64 |  0.00 |
| BITSLICE_RX_TX   |    0 |     0 |          0 |      2496 |  0.00 |
| BITSLICE_TX      |    0 |     0 |          0 |        64 |  0.00 |
| RIU_OR           |    0 |     0 |          0 |        32 |  0.00 |
| HS_ADC           |    0 |     0 |          4 |         4 |  0.00 |
| HS_DAC           |    0 |     0 |          4 |         4 |  0.00 |
+------------------+------+-------+------------+-----------+-------+


6. CLOCK
--------

+----------------------+------+-------+------------+-----------+-------+
|       Site Type      | Used | Fixed | Prohibited | Available | Util% |
+----------------------+------+-------+------------+-----------+-------+
| GLOBAL CLOCK BUFFERs |    1 |     0 |          0 |       696 |  0.14 |
|   BUFGCE             |    1 |     0 |          0 |       216 |  0.46 |
|   BUFGCE_DIV         |    0 |     0 |          0 |        32 |  0.00 |
|   BUFG_GT            |    0 |     0 |          0 |       312 |  0.00 |
|   BUFG_PS            |    0 |     0 |          0 |        72 |  0.00 |
|   BUFGCTRL*          |    0 |     0 |          0 |        64 |  0.00 |
| PLL                  |    0 |     0 |          0 |        16 |  0.00 |
| MMCM                 |    0 |     0 |          0 |         8 |  0.00 |
+----------------------+------+-------+------------+-----------+-------+
* Note: Each used BUFGCTRL counts as two GLOBAL CLOCK BUFFERs. This table does not include global clocking resources, only buffer cell usage. See the Clock Utilization Report (report_clock_utilization) for detailed accounting of global clocking resource availability.


7. ADVANCED
-----------

+-----------------+------+-------+------------+-----------+-------+
|    Site Type    | Used | Fixed | Prohibited | Available | Util% |
+-----------------+------+-------+------------+-----------+-------+
| CMACE4          |    0 |     0 |          0 |         2 |  0.00 |
| FE              |    0 |     0 |          0 |         8 |  0.00 |
| GTYE4_CHANNEL   |    0 |     0 |          0 |        16 |  0.00 |
| GTYE4_COMMON    |    0 |     0 |          0 |         4 |  0.00 |
| HSADC           |    0 |     0 |          0 |         4 |  0.00 |
| HSDAC           |    0 |     0 |          0 |         4 |  0.00 |
| ILKNE4          |    0 |     0 |          0 |         1 |  0.00 |
| OBUFDS_GTE4     |    0 |     0 |          0 |         8 |  0.00 |
| OBUFDS_GTE4_ADV |    0 |     0 |          0 |         8 |  0.00 |
| PCIE40E4        |    0 |     0 |          0 |         2 |  0.00 |
| PS8             |    0 |     0 |          0 |         1 |  0.00 |
| SYSMONE4        |    0 |     0 |          0 |         1 |  0.00 |
+-----------------+------+-------+------------+-----------+-------+


8. CONFIGURATION
----------------

+-------------+------+-------+------------+-----------+-------+
|  Site Type  | Used | Fixed | Prohibited | Available | Util% |
+-------------+------+-------+------------+-----------+-------+
| BSCANE2     |    0 |     0 |          0 |         4 |  0.00 |
| DNA_PORTE2  |    0 |     0 |          0 |         1 |  0.00 |
| EFUSE_USR   |    0 |     0 |          0 |         1 |  0.00 |
| FRAME_ECCE4 |    0 |     0 |          0 |         1 |  0.00 |
| ICAPE3      |    0 |     0 |          0 |         2 |  0.00 |
| MASTER_JTAG |    0 |     0 |          0 |         1 |  0.00 |
| STARTUPE3   |    0 |     0 |          0 |         1 |  0.00 |
+-------------+------+-------+------------+-----------+-------+


9. Primitives
-------------

+----------+------+---------------------+
| Ref Name | Used | Functional Category |
+----------+------+---------------------+
| INBUF    |   68 |                 I/O |
| IBUFCTRL |   68 |              Others |
| LUT3     |   62 |                 CLB |
| OBUF     |   34 |                 I/O |
| FDCE     |   33 |            Register |
| FDPE     |   31 |            Register |
| LUT2     |    2 |                 CLB |
| FDRE     |    2 |            Register |
| LUT5     |    1 |                 CLB |
| LUT1     |    1 |                 CLB |
| BUFGCE   |    1 |               Clock |
+----------+------+---------------------+


10. Black Boxes
---------------

+----------+------+
| Ref Name | Used |
+----------+------+


11. Instantiated Netlists
-------------------------

+----------+------+
| Ref Name | Used |
+----------+------+


