INFO: [VRFC 10-163] Analyzing VHDL file "/ihp/departments/D-SYA/work/miglioranza/Encoder/Encoder.sim/sim_1/synth/func/xsim/LDPC_encoder_tb_func_synth.vhd" into library xil_defaultlib
INFO: [VRFC 10-3107] analyzing entity 'Input_controller'
INFO: [VRFC 10-3107] analyzing entity 'axis_data_fifo_0_xpm_cdc_sync_rst'
INFO: [VRFC 10-3107] analyzing entity '\axis_data_fifo_0_xpm_counter_updn__parameterized0\'
INFO: [VRFC 10-3107] analyzing entity '\axis_data_fifo_0_xpm_counter_updn__parameterized1\'
INFO: [VRFC 10-3107] analyzing entity '\axis_data_fifo_0_xpm_counter_updn__parameterized1_0\'
INFO: [VRFC 10-3107] analyzing entity '\axis_data_fifo_0_xpm_counter_updn__parameterized2\'
INFO: [VRFC 10-3107] analyzing entity '\axis_data_fifo_0_xpm_counter_updn__parameterized2_1\'
INFO: [VRFC 10-3107] analyzing entity '\axis_data_fifo_0_xpm_counter_updn__parameterized3\'
INFO: [VRFC 10-3107] analyzing entity 'axis_data_fifo_0_xpm_fifo_reg_bit'
INFO: [VRFC 10-3107] analyzing entity 'axis_data_fifo_0_xpm_fifo_rst'
INFO: [VRFC 10-3107] analyzing entity 'axis_data_fifo_0_xpm_memory_base'
INFO: [VRFC 10-3107] analyzing entity 'axis_data_fifo_1_xpm_cdc_sync_rst'
INFO: [VRFC 10-3107] analyzing entity '\axis_data_fifo_1_xpm_counter_updn__parameterized0\'
INFO: [VRFC 10-3107] analyzing entity '\axis_data_fifo_1_xpm_counter_updn__parameterized0_0\'
INFO: [VRFC 10-3107] analyzing entity '\axis_data_fifo_1_xpm_counter_updn__parameterized1\'
INFO: [VRFC 10-3107] analyzing entity '\axis_data_fifo_1_xpm_counter_updn__parameterized1_1\'
INFO: [VRFC 10-3107] analyzing entity 'axis_data_fifo_1_xpm_fifo_reg_bit'
INFO: [VRFC 10-3107] analyzing entity 'axis_data_fifo_1_xpm_fifo_rst'
INFO: [VRFC 10-3107] analyzing entity 'axis_data_fifo_1_xpm_memory_base'
INFO: [VRFC 10-3107] analyzing entity 'sd_fec_0_xpm_cdc_sync_rst'
INFO: [VRFC 10-3107] analyzing entity '\sd_fec_0_xpm_counter_updn__parameterized0\'
INFO: [VRFC 10-3107] analyzing entity '\sd_fec_0_xpm_counter_updn__parameterized0_1\'
INFO: [VRFC 10-3107] analyzing entity '\sd_fec_0_xpm_counter_updn__parameterized0_3\'
INFO: [VRFC 10-3107] analyzing entity '\sd_fec_0_xpm_counter_updn__parameterized0_6\'
INFO: [VRFC 10-3107] analyzing entity '\sd_fec_0_xpm_counter_updn__parameterized1\'
INFO: [VRFC 10-3107] analyzing entity '\sd_fec_0_xpm_counter_updn__parameterized1_2\'
INFO: [VRFC 10-3107] analyzing entity '\sd_fec_0_xpm_counter_updn__parameterized1_4\'
INFO: [VRFC 10-3107] analyzing entity '\sd_fec_0_xpm_counter_updn__parameterized1_7\'
INFO: [VRFC 10-3107] analyzing entity 'sd_fec_0_xpm_fifo_reg_bit'
INFO: [VRFC 10-3107] analyzing entity 'sd_fec_0_xpm_fifo_reg_bit_5'
INFO: [VRFC 10-3107] analyzing entity 'sd_fec_0_xpm_fifo_rst'
INFO: [VRFC 10-3107] analyzing entity 'sd_fec_0_xpm_fifo_rst_8'
INFO: [VRFC 10-3107] analyzing entity 'sd_fec_0_xpm_memory_base'
INFO: [VRFC 10-3107] analyzing entity '\sd_fec_0_xpm_memory_base__parameterized0\'
INFO: [VRFC 10-3107] analyzing entity '\sd_fec_0_ecc_v2_0_13_reg_stage__parameterized0\'
INFO: [VRFC 10-3107] analyzing entity 'sd_fec_0_fec_5g_common_v1_1_1_pipe_reg'
INFO: [VRFC 10-3107] analyzing entity 'sd_fec_0_fec_5g_common_v1_1_1_pipe_reg_0'
INFO: [VRFC 10-3107] analyzing entity 'sd_fec_0_fec_5g_common_v1_1_1_srl_array'
INFO: [VRFC 10-3107] analyzing entity '\sd_fec_0_fec_5g_common_v1_1_1_srl_fifo__parameterized0\'
INFO: [VRFC 10-3107] analyzing entity '\sd_fec_0_fec_5g_common_v1_1_1_srl_fifo__parameterized1\'
INFO: [VRFC 10-3107] analyzing entity 'sd_fec_0_sd_fec_v1_1_8_arbiter'
INFO: [VRFC 10-3107] analyzing entity 'sd_fec_0_sd_fec_v1_1_8_non_5g_code_manager'
INFO: [VRFC 10-3107] analyzing entity 'axis_data_fifo_0_xpm_fifo_base'
INFO: [VRFC 10-3107] analyzing entity 'axis_data_fifo_1_xpm_fifo_base'
INFO: [VRFC 10-3107] analyzing entity 'sd_fec_0_xpm_fifo_base'
INFO: [VRFC 10-3107] analyzing entity '\sd_fec_0_xpm_fifo_base__parameterized0\'
INFO: [VRFC 10-3107] analyzing entity 'sd_fec_0_ecc_v2_0_13_hsiao_dec'
INFO: [VRFC 10-3107] analyzing entity 'sd_fec_0_fec_5g_common_v1_1_1_srl_fifo'
INFO: [VRFC 10-3107] analyzing entity 'sd_fec_0_sd_fec_v1_1_8_error_handle'
INFO: [VRFC 10-3107] analyzing entity 'axis_data_fifo_0_xpm_fifo_axis'
INFO: [VRFC 10-3107] analyzing entity 'axis_data_fifo_1_xpm_fifo_axis'
INFO: [VRFC 10-3107] analyzing entity 'sd_fec_0_xpm_fifo_sync'
INFO: [VRFC 10-3107] analyzing entity '\sd_fec_0_xpm_fifo_sync__parameterized0\'
INFO: [VRFC 10-3107] analyzing entity 'sd_fec_0_ecc_v2_0_13'
INFO: [VRFC 10-3107] analyzing entity 'axis_data_fifo_0_axis_data_fifo_v2_0_7_top'
INFO: [VRFC 10-3107] analyzing entity 'axis_data_fifo_1_axis_data_fifo_v2_0_7_top'
INFO: [VRFC 10-3107] analyzing entity 'sd_fec_0_sd_fec_v1_1_8_sdp_ram'
INFO: [VRFC 10-3107] analyzing entity 'axis_data_fifo_0'
INFO: [VRFC 10-3107] analyzing entity 'axis_data_fifo_1'
INFO: [VRFC 10-3107] analyzing entity 'sd_fec_0_sd_fec_v1_1_8_non_5g_ref_code_table_if'
INFO: [VRFC 10-3107] analyzing entity 'sd_fec_0_sd_fec_v1_1_8_non_5g_code_generator'
INFO: [VRFC 10-3107] analyzing entity 'sd_fec_0_sd_fec_v1_1_8_non_5g'
INFO: [VRFC 10-3107] analyzing entity 'sd_fec_0_sd_fec_v1_1_8'
INFO: [VRFC 10-3107] analyzing entity 'sd_fec_0'
INFO: [VRFC 10-3107] analyzing entity 'LDPC_encoder'
INFO: [VRFC 10-163] Analyzing VHDL file "/ihp/departments/D-SYA/work/miglioranza/Encoder/Encoder.srcs/sim_1/new/LDPC_encoder_tb.vhd" into library xil_defaultlib
INFO: [VRFC 10-3107] analyzing entity 'LDPC_encoder_tb'
