#
## ./fault_db/xfr_merge.out
## File generated by TOOL:	xfr	20.09-s007 on Jun 19, 2025 at 13:55:09 CEST
#

{ <list of fault nodes> } <fault_seed> <fault_type> <fault injection time> <finish time> <result>
":UUT:\BUFF_COUNTER_REG[10]\:Q"    0    SEU    110ns    1us    <ON_TIME,UNDETECTED>
":UUT:\BUFF_COUNTER_REG[11]\:Q"    0    SEU    224ns    1us    <ON_TIME,UNDETECTED>
":UUT:\BUFF_COUNTER_REG[13]\:Q"    0    SEU    99ns    1us    <ON_TIME,UNDETECTED>
":UUT:\BUFF_COUNTER_REG[14]\:Q"    0    SEU    194ns    1us    <ON_TIME,UNDETECTED>
":UUT:\BUFF_COUNTER_REG[15]\:Q"    0    SEU    367ns    1us    <ON_TIME,UNDETECTED>
":UUT:\BUFF_COUNTER_REG[17]\:Q"    0    SEU    89ns    1us    <ON_TIME,UNDETECTED>
":UUT:\BUFF_COUNTER_REG[18]\:Q"    0    SEU    390ns    1us    <ON_TIME,UNDETECTED>
":UUT:\BUFF_COUNTER_REG[19]\:Q"    0    SEU    166ns    1us    <ON_TIME,UNDETECTED>
":UUT:\BUFF_COUNTER_REG[1]\:Q"    0    SEU    156ns    1us    <ON_TIME,UNDETECTED>
":UUT:\BUFF_COUNTER_REG[20]\:Q"    0    SEU    120ns    1us    <ON_TIME,UNDETECTED>
":UUT:\BUFF_COUNTER_REG[21]\:Q"    0    SEU    360ns    1us    <ON_TIME,UNDETECTED>
":UUT:\BUFF_COUNTER_REG[22]\:Q"    0    SEU    270ns    1us    <ON_TIME,UNDETECTED>
":UUT:\BUFF_COUNTER_REG[23]\:Q"    0    SEU    151ns    1us    <ON_TIME,UNDETECTED>
":UUT:\BUFF_COUNTER_REG[26]\:Q"    0    SEU    432ns    1us    <ON_TIME,UNDETECTED>
":UUT:\BUFF_COUNTER_REG[27]\:Q"    0    SEU    151ns    1us    <ON_TIME,UNDETECTED>
":UUT:\BUFF_COUNTER_REG[29]\:Q"    0    SEU    345ns    1us    <ON_TIME,UNDETECTED>
":UUT:\BUFF_COUNTER_REG[2]\:Q"    0    SEU    168ns    1us    <ON_TIME,UNDETECTED>
":UUT:\BUFF_COUNTER_REG[30]\:Q"    0    SEU    96ns    1us    <ON_TIME,UNDETECTED>
":UUT:\BUFF_COUNTER_REG[31]\:Q"    0    SEU    324ns    1us    <ON_TIME,UNDETECTED>
":UUT:\BUFF_COUNTER_REG[3]\:Q"    0    SEU    180ns    1us    <ON_TIME,UNDETECTED>
":UUT:\BUFF_COUNTER_REG[4]\:Q"    0    SEU    299ns    1us    <ON_TIME,UNDETECTED>
":UUT:\BUFF_COUNTER_REG[5]\:Q"    0    SEU    299ns    1us    <ON_TIME,UNDETECTED>
":UUT:\BUFF_COUNTER_REG[6]\:Q"    0    SEU    422ns    1us    <ON_TIME,UNDETECTED>
":UUT:\BUFF_COUNTER_REG[7]\:Q"    0    SEU    191ns    1us    <ON_TIME,UNDETECTED>
":UUT:\BUFF_COUNTER_REG[8]\:Q"    0    SEU    235ns    1us    <ON_TIME,UNDETECTED>
":UUT:\BUFF_REG_REG[0][0]\:Q"    0    SEU    408ns    1us    <ON_TIME,UNDETECTED>
":UUT:\BUFF_REG_REG[1][0]\:Q"    0    SEU    216ns    1us    <ON_TIME,UNDETECTED>
":UUT:\BUFF_REG_REG[2][0]\:Q"    0    SEU    258ns    1us    <ON_TIME,UNDETECTED>
":UUT:\BUFF_REG_REG[3][0]\:Q"    0    SEU    235ns    1us    <ON_TIME,UNDETECTED>
":UUT:\BUFF_REG_REG[5][0]\:Q"    0    SEU    143ns    1us    <ON_TIME,UNDETECTED>
":UUT:DATA_OUT_READY_REG:Q"    0    SEU    324ns    1us    <ON_TIME,UNDETECTED>
":UUT:DATA_OUT_VALID_REG:Q"    0    SEU    152ns    1us    <ON_TIME,UNDETECTED>
":UUT:\I_OUT_REG[0]\:Q"    0    SEU    438ns    1us    <ON_TIME,DETECTED:438ns>
":UUT:\I_OUT_REG[10]\:Q"    0    SEU    188ns    1us    <ON_TIME,DETECTED:188ns>
":UUT:\I_OUT_REG[11]\:Q"    0    SEU    440ns    1us    <ON_TIME,DETECTED:440ns>
":UUT:\I_OUT_REG[1]\:Q"    0    SEU    107ns    1us    <ON_TIME,DETECTED:107ns>
":UUT:\I_OUT_REG[2]\:Q"    0    SEU    165ns    1us    <ON_TIME,DETECTED:165ns>
":UUT:\I_OUT_REG[3]\:Q"    0    SEU    98ns    1us    <ON_TIME,DETECTED:98ns>
":UUT:\I_OUT_REG[6]\:Q"    0    SEU    244ns    1us    <ON_TIME,DETECTED:244ns>
":UUT:\I_OUT_REG[7]\:Q"    0    SEU    174ns    1us    <ON_TIME,DETECTED:174ns>
":UUT:\I_OUT_REG[8]\:Q"    0    SEU    236ns    1us    <ON_TIME,DETECTED:236ns>
":UUT:\I_OUT_REG[9]\:Q"    0    SEU    290ns    1us    <ON_TIME,DETECTED:290ns>
":UUT:\INPUT_DATA_REG[0]\:Q"    0    SEU    287ns    1us    <ON_TIME,UNDETECTED>
":UUT:\K_REG[0]\:Q"    0    SEU    191ns    1us    <ON_TIME,UNDETECTED>
":UUT:\K_REG[1]\:Q"    0    SEU    79ns    1us    <ON_TIME,UNDETECTED>
":UUT:\K_REG[2]\:Q"    0    SEU    408ns    1us    <ON_TIME,UNDETECTED>
":UUT:LAST_FRAME_REG:Q"    0    SEU    360ns    1us    <ON_TIME,UNDETECTED>
":UUT:\Q_OUT_REG[0]\:Q"    0    SEU    230ns    1us    <ON_TIME,DETECTED:230ns>
":UUT:\Q_OUT_REG[10]\:Q"    0    SEU    144ns    1us    <ON_TIME,DETECTED:144ns>
":UUT:\Q_OUT_REG[2]\:Q"    0    SEU    204ns    1us    <ON_TIME,DETECTED:204ns>
":UUT:\Q_OUT_REG[3]\:Q"    0    SEU    360ns    1us    <ON_TIME,DETECTED:360ns>
":UUT:\Q_OUT_REG[6]\:Q"    0    SEU    98ns    1us    <ON_TIME,DETECTED:98ns>
":UUT:\Q_OUT_REG[7]\:Q"    0    SEU    143ns    1us    <ON_TIME,DETECTED:143ns>
":UUT:\Q_OUT_REG[8]\:Q"    0    SEU    208ns    1us    <ON_TIME,DETECTED:208ns>
":UUT:\Q_OUT_REG[9]\:Q"    0    SEU    405ns    1us    <ON_TIME,DETECTED:405ns>
":UUT:\SYMBOL_COUNTER_REG[0]\:Q"    0    SEU    81ns    1us    <ON_TIME,UNDETECTED>
":UUT:\SYMBOL_COUNTER_REG[10]\:Q"    0    SEU    137ns    1us    <ON_TIME,UNDETECTED>
":UUT:\SYMBOL_COUNTER_REG[11]\:Q"    0    SEU    321ns    1us    <ON_TIME,UNDETECTED>
":UUT:\SYMBOL_COUNTER_REG[12]\:Q"    0    SEU    78ns    1us    <ON_TIME,UNDETECTED>
":UUT:\SYMBOL_COUNTER_REG[13]\:Q"    0    SEU    313ns    1us    <ON_TIME,UNDETECTED>
":UUT:\SYMBOL_COUNTER_REG[14]\:Q"    0    SEU    327ns    1us    <ON_TIME,UNDETECTED>
":UUT:\SYMBOL_COUNTER_REG[15]\:Q"    0    SEU    427ns    1us    <ON_TIME,UNDETECTED>
":UUT:\SYMBOL_COUNTER_REG[16]\:Q"    0    SEU    76ns    1us    <ON_TIME,UNDETECTED>
":UUT:\SYMBOL_COUNTER_REG[17]\:Q"    0    SEU    317ns    1us    <ON_TIME,UNDETECTED>
":UUT:\SYMBOL_COUNTER_REG[18]\:Q"    0    SEU    238ns    1us    <ON_TIME,UNDETECTED>
":UUT:\SYMBOL_COUNTER_REG[19]\:Q"    0    SEU    294ns    1us    <ON_TIME,UNDETECTED>
":UUT:\SYMBOL_COUNTER_REG[1]\:Q"    0    SEU    302ns    1us    <ON_TIME,UNDETECTED>
":UUT:\SYMBOL_COUNTER_REG[20]\:Q"    0    SEU    131ns    1us    <ON_TIME,UNDETECTED>
":UUT:\SYMBOL_COUNTER_REG[21]\:Q"    0    SEU    261ns    1us    <ON_TIME,UNDETECTED>
":UUT:\SYMBOL_COUNTER_REG[22]\:Q"    0    SEU    334ns    1us    <ON_TIME,UNDETECTED>
":UUT:\SYMBOL_COUNTER_REG[23]\:Q"    0    SEU    145ns    1us    <ON_TIME,UNDETECTED>
":UUT:\SYMBOL_COUNTER_REG[24]\:Q"    0    SEU    131ns    1us    <ON_TIME,UNDETECTED>
":UUT:\SYMBOL_COUNTER_REG[25]\:Q"    0    SEU    120ns    1us    <ON_TIME,UNDETECTED>
":UUT:\SYMBOL_COUNTER_REG[26]\:Q"    0    SEU    142ns    1us    <ON_TIME,UNDETECTED>
":UUT:\SYMBOL_COUNTER_REG[27]\:Q"    0    SEU    358ns    1us    <ON_TIME,UNDETECTED>
":UUT:\SYMBOL_COUNTER_REG[28]\:Q"    0    SEU    367ns    1us    <ON_TIME,UNDETECTED>
":UUT:\SYMBOL_COUNTER_REG[29]\:Q"    0    SEU    73ns    1us    <ON_TIME,UNDETECTED>
":UUT:\SYMBOL_COUNTER_REG[2]\:Q"    0    SEU    448ns    1us    <ON_TIME,UNDETECTED>
":UUT:\SYMBOL_COUNTER_REG[30]\:Q"    0    SEU    111ns    1us    <ON_TIME,UNDETECTED>
":UUT:\SYMBOL_COUNTER_REG[31]\:Q"    0    SEU    79ns    1us    <ON_TIME,UNDETECTED>
":UUT:\SYMBOL_COUNTER_REG[3]\:Q"    0    SEU    350ns    1us    <ON_TIME,UNDETECTED>
":UUT:\SYMBOL_COUNTER_REG[4]\:Q"    0    SEU    299ns    1us    <ON_TIME,UNDETECTED>
":UUT:\SYMBOL_COUNTER_REG[5]\:Q"    0    SEU    339ns    1us    <ON_TIME,UNDETECTED>
":UUT:\SYMBOL_COUNTER_REG[6]\:Q"    0    SEU    87ns    1us    <ON_TIME,UNDETECTED>
":UUT:\SYMBOL_COUNTER_REG[7]\:Q"    0    SEU    72ns    1us    <ON_TIME,UNDETECTED>
":UUT:\SYMBOL_COUNTER_REG[8]\:Q"    0    SEU    384ns    1us    <ON_TIME,UNDETECTED>
":UUT:\SYMBOL_COUNTER_REG[9]\:Q"    0    SEU    117ns    1us    <ON_TIME,UNDETECTED>
