xmvhdl(64): 20.09-s007: (c) Copyright 1995-2020 Cadence Design Systems, Inc.
/ihp/ihpusr/xilinx/vivado2021.2/Vivado/2021.2/data/ip/xilinx/rs_toolbox_v9_0/hdl/rs_toolbox_v9_0_vh_rfs.vhd:
xmvhdl_p: *W,WARIPR: warning within protected source code.
xmvhdl_p: *W,WARIPR: warning within protected source code.
	errors: 0, warnings: 2
	streams: 4, words: 1646
	streams: 26, words: 33325
	streams: 1, words: 8
	streams: 7, words: 3063
	streams: 3, words: 1110
	streams: 21, words: 23425
	streams: 1, words: 8
	streams: 3, words: 14101
	streams: 1, words: 180
	streams: 8, words: 14948
	streams: 1, words: 344
	streams: 12, words: 1360
	streams: 2, words: 4675
	streams: 20, words: 2956
	streams: 2, words: 6614
	streams: 26, words: 3376
	streams: 1, words: 2449
	streams: 17, words: 1115
	streams: 1, words: 2829
	streams: 15, words: 889
	streams: 1, words: 2868
	streams: 15, words: 1569
	streams: 1, words: 2717
	streams: 26, words: 3156
	streams: 2, words: 55575
	streams: 41, words: 3780
	streams: 2, words: 67743
	streams: 8, words: 1992
	streams: 1, words: 2730
	streams: 8, words: 1986
	streams: 1, words: 2730
	streams: 7, words: 1913
	streams: 1, words: 2727
	streams: 14, words: 1533
	streams: 1, words: 2472
	streams: 25, words: 6398
	streams: 3, words: 17867
	streams: 28, words: 7385
	streams: 3, words: 16558
	streams: 21, words: 5146
	streams: 1, words: 4139
	streams: 40, words: 5350
	streams: 2, words: 64612
	streams: 1, words: 8
	streams: 8, words: 2732
	streams: 1, words: 3411
	streams: 16, words: 3882
	streams: 1, words: 3966
	streams: 13, words: 1341
	streams: 3, words: 6614
	streams: 10, words: 1949
	streams: 1, words: 2466
	streams: 15, words: 2137
	streams: 2, words: 3303
	streams: 12, words: 1947
	streams: 1, words: 1133
	streams: 15, words: 1599
	streams: 1, words: 3734
	streams: 13, words: 1454
	streams: 1, words: 3770
	streams: 7, words: 1111
	streams: 4, words: 6961
	streams: 12, words: 2089
	streams: 1, words: 4001
	streams: 14, words: 2255
	streams: 1, words: 3370
	streams: 16, words: 2391
	streams: 1, words: 3440
	streams: 28, words: 3936
	streams: 1, words: 4274
	streams: 20, words: 4750
	streams: 3, words: 36158
	streams: 20, words: 5779
	streams: 3, words: 34183
	streams: 25, words: 5677
	streams: 3, words: 18603
	streams: 21, words: 3888
	streams: 2, words: 45132
	streams: 16, words: 2407
	streams: 3, words: 29862
	streams: 17, words: 2716
	streams: 3, words: 10765
	streams: 10, words: 2106
	streams: 4, words: 29035
	streams: 13, words: 2361
	streams: 3, words: 13979
	streams: 2, words: 1695
	streams: 17, words: 28793
	streams: 14, words: 2249
	streams: 1, words: 2905
	streams: 16, words: 4259
	streams: 4, words: 12689
	streams: 12, words: 3227
	streams: 3, words: 7980
	streams: 17, words: 4577
	streams: 8, words: 29214
	streams: 20, words: 5563
	streams: 6, words: 28086
	streams: 19, words: 5205
	streams: 2, words: 13314
	streams: 13, words: 1397
	streams: 1, words: 5240
	streams: 12, words: 2995
	streams: 2, words: 14525
	streams: 9, words: 871
	streams: 10, words: 193779
	streams: 10, words: 2076
	streams: 1, words: 18973
	streams: 18, words: 4295
	streams: 7, words: 51884
	streams: 16, words: 4048
	streams: 3, words: 15918
	streams: 16, words: 2571
	streams: 7, words: 82581
	streams: 20, words: 4364
	streams: 3, words: 21550
