xmvhdl(64): 20.09-s007: (c) Copyright 1995-2020 Cadence Design Systems, Inc.
/ihp/ihpusr/xilinx/vivado2021.2/Vivado/2021.2/data/ip/xilinx/lte_dl_channel_encoder_v4_0/hdl/lte_dl_channel_encoder_v4_0_vh_rfs.vhd:
xmvhdl_p: *W,WARIPR: warning within protected source code.
xmvhdl_p: *W,WARIPR: warning within protected source code.
	errors: 0, warnings: 2
	streams: 49, words: 23782
	streams: 323, words: 346530
	streams: 1, words: 27815
	streams: 1, words: 158
	streams: 9, words: 26955
	streams: 16, words: 73402
	streams: 16, words: 4129
	streams: 25, words: 6398
	streams: 5, words: 28186
	streams: 30, words: 7587
	streams: 3, words: 18422
	streams: 7, words: 475
	streams: 1, words: 1762
	streams: 9, words: 846
	streams: 1, words: 848
	streams: 24, words: 3207
	streams: 1, words: 2853
	streams: 22, words: 3185
	streams: 1, words: 2686
	streams: 23, words: 8896
	streams: 9, words: 42992
	streams: 14, words: 2067
	streams: 2, words: 20754
	streams: 49, words: 23782
	streams: 323, words: 346520
	streams: 1, words: 33233
	streams: 1, words: 158
	streams: 7, words: 7517
	streams: 12, words: 60667
	streams: 25, words: 6398
	streams: 3, words: 16117
	streams: 15, words: 2140
	streams: 2, words: 20146
	streams: 11, words: 890
	streams: 1, words: 3443
	streams: 12, words: 1282
	streams: 2, words: 11442
	streams: 14, words: 1437
	streams: 6, words: 10409
	streams: 11, words: 1446
	streams: 7, words: 22142
	streams: 1, words: 1048
	streams: 2, words: 699
	streams: 1, words: 800
	streams: 2, words: 699
	streams: 15, words: 4089
	streams: 1, words: 5954
	streams: 13, words: 2844
	streams: 1, words: 9245
	streams: 20, words: 4589
	streams: 7, words: 38718
	streams: 9, words: 1380
	streams: 1, words: 574
	streams: 19, words: 5351
	streams: 1, words: 5213
	streams: 10, words: 1008
	streams: 1, words: 1399
	streams: 20, words: 2355
	streams: 1, words: 2875
	streams: 20, words: 2355
	streams: 1, words: 2875
	streams: 20, words: 2355
	streams: 1, words: 2875
	streams: 20, words: 2355
	streams: 1, words: 7578
	streams: 20, words: 2355
	streams: 5, words: 10319
	streams: 16, words: 2524
	streams: 4, words: 17045
	streams: 23, words: 4334
	streams: 2, words: 8178
	streams: 24, words: 4233
	streams: 3, words: 18383
	streams: 25, words: 4237
	streams: 6, words: 32370
	streams: 20, words: 4001
	streams: 3, words: 7352
	streams: 26, words: 5697
	streams: 7, words: 41886
	streams: 19, words: 3721
	streams: 4, words: 19745
	streams: 11, words: 1446
	streams: 5, words: 23501
	streams: 7, words: 1364
	streams: 1, words: 574
	streams: 12, words: 1797
	streams: 1, words: 3318
	streams: 15, words: 2610
	streams: 7, words: 26889
	streams: 21, words: 4518
	streams: 7, words: 18478
	streams: 23, words: 5165
	streams: 4, words: 12021
	streams: 23, words: 5205
	streams: 5, words: 28545
	streams: 14, words: 3059
	streams: 16, words: 64893
	streams: 10, words: 1589
	streams: 1, words: 5561
	streams: 19, words: 5351
	streams: 1, words: 5213
	streams: 11, words: 1092
	streams: 6, words: 27590
	streams: 21, words: 3519
	streams: 1, words: 9145
	streams: 11, words: 1092
	streams: 6, words: 28038
	streams: 23, words: 3216
	streams: 3, words: 18215
	streams: 19, words: 3365
	streams: 2, words: 10381
	streams: 19, words: 3793
	streams: 4, words: 20084
	streams: 14, words: 1321
	streams: 8, words: 77193
	streams: 23, words: 3661
	streams: 6, words: 25771
	streams: 10, words: 1438
	streams: 7, words: 15023
	streams: 11, words: 1177
	streams: 2, words: 4615
	streams: 17, words: 2286
	streams: 3, words: 19057
	streams: 23, words: 3216
	streams: 3, words: 20966
	streams: 7, words: 687
	streams: 2, words: 4654
	streams: 11, words: 1333
	streams: 4, words: 23818
	streams: 10, words: 1325
	streams: 6, words: 11423
	streams: 9, words: 1125
	streams: 2, words: 5217
	streams: 13, words: 2968
	streams: 3, words: 10725
	streams: 9, words: 1201
	streams: 2, words: 3056
	streams: 10, words: 1325
	streams: 5, words: 47874
	streams: 12, words: 6549
	streams: 3, words: 10900
	streams: 10, words: 940
	streams: 2, words: 6387
	streams: 10, words: 1325
	streams: 8, words: 19170
	streams: 58, words: 6518
	streams: 10, words: 29690
	streams: 66, words: 9717
	streams: 3, words: 6850
	streams: 1, words: 8
	streams: 66, words: 7577
	streams: 1, words: 5567
