xmvhdl(64): 20.09-s007: (c) Copyright 1995-2020 Cadence Design Systems, Inc.
/ihp/ihpusr/xilinx/vivado2021.2/Vivado/2021.2/data/ip/xilinx/tcc_decoder_3gppmm_v2_0/hdl/tcc_decoder_3gppmm_v2_0_vh_rfs.vhd:
xmvhdl_p: *W,WARIPR: warning within protected source code.
xmvhdl_p: *W,WARIPR: warning within protected source code.
xmvhdl_p: *W,WARIPR: warning within protected source code.
	errors: 0, warnings: 3
	streams: 1, words: 8
	streams: 1, words: 158
	streams: 1, words: 8
	streams: 1, words: 158
	streams: 52, words: 25303
	streams: 268, words: 321733
	streams: 1, words: 2032
	streams: 29, words: 49836
	streams: 5, words: 2874
	streams: 19, words: 33203
	streams: 1, words: 8
	streams: 1, words: 158
	streams: 8, words: 56889
	streams: 8, words: 9411
	streams: 15, words: 14220
	streams: 50, words: 127050
	streams: 1, words: 1802
	streams: 1, words: 158
	streams: 2, words: 5771
	streams: 6, words: 10091
	streams: 3, words: 50673
	streams: 3, words: 1350
	streams: 1, words: 31467
	streams: 4, words: 3785
	streams: 1, words: 8
	streams: 1, words: 158
	streams: 1, words: 19407
	streams: 1, words: 158
	streams: 3, words: 1407
	streams: 11, words: 18655
	streams: 1, words: 8
	streams: 1, words: 158
	streams: 7, words: 52576
	streams: 7, words: 12434
	streams: 6, words: 10251
	streams: 16, words: 35438
	streams: 1, words: 8
	streams: 1, words: 158
	streams: 1, words: 8
	streams: 23, words: 18451
	streams: 3, words: 225
	streams: 1, words: 416
	streams: 7, words: 725
	streams: 1, words: 1171
	streams: 6, words: 239
	streams: 1, words: 3222
	streams: 9, words: 2059
	streams: 1, words: 3869
	streams: 9, words: 2059
	streams: 1, words: 3869
	streams: 9, words: 2059
	streams: 1, words: 3869
	streams: 7, words: 718
	streams: 3, words: 4993
	streams: 8, words: 2687
	streams: 1, words: 1823
	streams: 42, words: 16793
	streams: 1, words: 4802
	streams: 42, words: 16793
	streams: 2, words: 21318
	streams: 42, words: 16793
	streams: 2, words: 21318
	streams: 20, words: 6800
	streams: 3, words: 53652
	streams: 27, words: 7305
	streams: 11, words: 35802
	streams: 55, words: 20602
	streams: 2, words: 12100
	streams: 15, words: 4326
	streams: 1, words: 3606
	streams: 10, words: 2135
	streams: 1, words: 3953
	streams: 31, words: 4261
	streams: 2, words: 17681
	streams: 10, words: 4126
	streams: 1, words: 6231
	streams: 14, words: 4691
	streams: 16, words: 38009
	streams: 14, words: 4691
	streams: 16, words: 38238
	streams: 11, words: 1561
	streams: 3, words: 2790
	streams: 27, words: 4160
	streams: 2, words: 8219
	streams: 28, words: 4168
	streams: 2, words: 8150
	streams: 32, words: 4317
	streams: 2, words: 7594
	streams: 33, words: 6427
	streams: 1, words: 12407
	streams: 1, words: 8
	streams: 1, words: 158
	streams: 6, words: 274
	streams: 1, words: 2933
	streams: 14, words: 2785
	streams: 1, words: 1292
	streams: 13, words: 3270
	streams: 4, words: 6711
	streams: 1, words: 8
	streams: 3, words: 7595
	streams: 16, words: 1895
	streams: 1, words: 1600
	streams: 13, words: 1083
	streams: 3, words: 11592
	streams: 1, words: 8
	streams: 1, words: 158
	streams: 10, words: 1999
	streams: 2, words: 2950
	streams: 7, words: 179
	streams: 1, words: 1040
	streams: 10, words: 1999
	streams: 2, words: 2950
	streams: 10, words: 1999
	streams: 2, words: 2950
	streams: 10, words: 2186
	streams: 2, words: 2558
	streams: 7, words: 366
	streams: 1, words: 651
	streams: 12, words: 2270
	streams: 2, words: 2558
	streams: 12, words: 2270
	streams: 2, words: 2558
	streams: 9, words: 1140
	streams: 1, words: 1697
	streams: 9, words: 1104
	streams: 1, words: 953
	streams: 28, words: 3065
	streams: 3, words: 92316
	streams: 38, words: 3800
	streams: 12, words: 32464
	streams: 28, words: 2450
	streams: 1, words: 6178
	streams: 13, words: 972
	streams: 4, words: 12627
	streams: 12, words: 1075
	streams: 2, words: 2550
	streams: 25, words: 5977
	streams: 2, words: 8446
	streams: 16, words: 4871
	streams: 2, words: 5871
	streams: 16, words: 4871
	streams: 2, words: 5871
	streams: 27, words: 8270
	streams: 6, words: 38387
	streams: 15, words: 3322
	streams: 6, words: 31930
	streams: 1, words: 956
	streams: 1, words: 158
	streams: 7, words: 1086
	streams: 7, words: 9168
	streams: 11, words: 3443
	streams: 2, words: 14801
	streams: 10, words: 3614
	streams: 3, words: 6901
	streams: 10, words: 3614
	streams: 3, words: 5799
	streams: 10, words: 3614
	streams: 4, words: 8522
	streams: 10, words: 4150
	streams: 3, words: 22873
	streams: 10, words: 2192
	streams: 2, words: 5831
	streams: 11, words: 1882
	streams: 3, words: 32065
	streams: 15, words: 6753
	streams: 4, words: 14945
	streams: 17, words: 3898
	streams: 1, words: 7304
	streams: 23, words: 9230
	streams: 7, words: 24577
	streams: 14, words: 9497
	streams: 11, words: 53961
	streams: 18, words: 11024
	streams: 6, words: 22329
	streams: 7, words: 2728
	streams: 2, words: 29626
	streams: 13, words: 4118
	streams: 6, words: 14850
	streams: 18, words: 13210
	streams: 6, words: 39809
	streams: 9, words: 4231
	streams: 12, words: 69298
	streams: 8, words: 4331
	streams: 4, words: 11182
	streams: 13, words: 9035
	streams: 8, words: 47879
	streams: 6, words: 3301
	streams: 1, words: 4585
	streams: 8, words: 7510
	streams: 16, words: 81123
	streams: 8, words: 7210
	streams: 3, words: 9682
	streams: 7, words: 2237
	streams: 2, words: 9210
	streams: 7, words: 5694
	streams: 2, words: 19689
	streams: 7, words: 5694
	streams: 2, words: 20213
	streams: 9, words: 4793
	streams: 5, words: 26939
	streams: 18, words: 15082
	streams: 11, words: 38456
	streams: 18, words: 15082
	streams: 16, words: 75462
	streams: 18, words: 15082
	streams: 4, words: 31036
	streams: 18, words: 15082
	streams: 3, words: 16533
	streams: 8, words: 5110
	streams: 3, words: 9059
	streams: 16, words: 4517
	streams: 2, words: 6927
	streams: 7, words: 2026
	streams: 1, words: 8530
	streams: 8, words: 1443
	streams: 5, words: 14679
	streams: 8, words: 1734
	streams: 7, words: 15095
	streams: 8, words: 1734
	streams: 7, words: 32014
	streams: 8, words: 1725
	streams: 7, words: 36563
	streams: 8, words: 1725
	streams: 12, words: 82045
	streams: 6, words: 1472
	streams: 15, words: 108996
	streams: 6, words: 1481
	streams: 7, words: 40863
	streams: 6, words: 1481
	streams: 7, words: 40261
	streams: 6, words: 1472
	streams: 7, words: 46995
	streams: 19, words: 3338
	streams: 5, words: 55308
	streams: 16, words: 2917
	streams: 5, words: 35542
	streams: 10, words: 1864
	streams: 1, words: 14454
	streams: 6, words: 1472
	streams: 10, words: 33056
	streams: 7, words: 1350
	streams: 6, words: 8663
	streams: 7, words: 1350
	streams: 6, words: 8663
	streams: 8, words: 1333
	streams: 7, words: 9734
	streams: 6, words: 4244
	streams: 5, words: 34632
	streams: 6, words: 3040
	streams: 24, words: 49208
	streams: 9, words: 5931
	streams: 13, words: 38618
	streams: 14, words: 6719
	streams: 2, words: 16695
	streams: 7, words: 2021
	streams: 6, words: 17373
	streams: 7, words: 5475
	streams: 11, words: 90289
	streams: 12, words: 6318
	streams: 2, words: 15199
	streams: 11, words: 6225
	streams: 13, words: 52732
	streams: 15, words: 10381
	streams: 10, words: 42866
	streams: 29, words: 20193
	streams: 2, words: 33637
	streams: 10, words: 5143
	streams: 12, words: 68563
	streams: 1, words: 2189
	streams: 14, words: 131724
	streams: 21, words: 18757
	streams: 2, words: 29776
	streams: 17, words: 11102
	streams: 5, words: 34930
	streams: 1, words: 8
	streams: 1, words: 158
	streams: 20, words: 12736
	streams: 3, words: 27384
	streams: 6, words: 2831
	streams: 2, words: 10843
	streams: 6, words: 2697
	streams: 5, words: 31784
	streams: 8, words: 2965
	streams: 1, words: 13298
	streams: 7, words: 2701
	streams: 2, words: 6160
	streams: 7, words: 2544
	streams: 2, words: 7047
	streams: 14, words: 8141
	streams: 8, words: 30110
	streams: 10, words: 5863
	streams: 14, words: 63036
	streams: 8, words: 3571
	streams: 4, words: 12323
	streams: 12, words: 5467
	streams: 6, words: 36062
	streams: 9, words: 2692
	streams: 4, words: 15899
	streams: 9, words: 2392
	streams: 2, words: 18512
	streams: 9, words: 2361
	streams: 4, words: 14049
	streams: 9, words: 2052
	streams: 4, words: 7970
	streams: 8, words: 3103
	streams: 2, words: 6503
	streams: 9, words: 1712
	streams: 2, words: 6712
	streams: 13, words: 6005
	streams: 7, words: 19585
	streams: 14, words: 6790
	streams: 6, words: 30346
	streams: 18, words: 13086
	streams: 1, words: 3322
	streams: 47, words: 8552
	streams: 4, words: 59457
	streams: 47, words: 6421
	streams: 1, words: 4915
