xmvhdl(64): 20.09-s007: (c) Copyright 1995-2020 Cadence Design Systems, Inc.
/ihp/ihpusr/xilinx/vivado2021.2/Vivado/2021.2/data/ip/xilinx/cpri_v8_11/hdl/cpri_v8_11_rfs.vhd:
xmvhdl_p: *W,WARIPR: warning within protected source code.
xmvhdl_p: *W,WARIPR: warning within protected source code.
xmvhdl_p: *W,WARIPR: warning within protected source code.
	errors: 0, warnings: 3
	streams: 1, words: 7262
	streams: 5, words: 625
	streams: 8, words: 376
	streams: 1, words: 330
	streams: 8, words: 374
	streams: 1, words: 330
	streams: 4, words: 87
	streams: 1, words: 1990
	streams: 3, words: 996
	streams: 9, words: 6061
	streams: 2, words: 502
	streams: 9, words: 3298
	streams: 8, words: 433
	streams: 1, words: 2397
	streams: 5, words: 95
	streams: 1, words: 1748
	streams: 4, words: 87
	streams: 1, words: 330
	streams: 4, words: 87
	streams: 1, words: 348
	streams: 8, words: 1915
	streams: 1, words: 2068
	streams: 10, words: 1931
	streams: 1, words: 2095
	streams: 5, words: 95
	streams: 1, words: 1085
	streams: 10, words: 508
	streams: 1, words: 2593
	streams: 16, words: 3071
	streams: 3, words: 4761
	streams: 3, words: 996
	streams: 3, words: 2900
	streams: 8, words: 1330
	streams: 2, words: 11300
	streams: 8, words: 1330
	streams: 2, words: 16554
	streams: 8, words: 1051
	streams: 1, words: 3881
	streams: 28, words: 3174
	streams: 2, words: 23204
	streams: 10, words: 1931
	streams: 1, words: 330
	streams: 32, words: 3618
	streams: 1, words: 9676
	streams: 15, words: 1051
	streams: 1, words: 2109
	streams: 15, words: 1721
	streams: 2, words: 3573
	streams: 68, words: 4194
	streams: 1, words: 7533
	streams: 53, words: 3283
	streams: 1, words: 1126
	streams: 12, words: 677
	streams: 1, words: 330
	streams: 19, words: 1311
	streams: 3, words: 4520
	streams: 32, words: 2974
	streams: 2, words: 15568
	streams: 29, words: 3114
	streams: 2, words: 16767
	streams: 45, words: 3873
	streams: 1, words: 10053
	streams: 27, words: 3665
	streams: 1, words: 4721
	streams: 34, words: 3341
	streams: 1, words: 4515
	streams: 19, words: 1570
	streams: 2, words: 7323
	streams: 17, words: 1506
	streams: 1, words: 3839
	streams: 22, words: 2254
	streams: 1, words: 2683
	streams: 31, words: 2899
	streams: 1, words: 4106
	streams: 37, words: 3396
	streams: 3, words: 8728
	streams: 53, words: 4517
	streams: 3, words: 14561
	streams: 126, words: 10605
	streams: 6, words: 50004
	streams: 38, words: 3622
	streams: 2, words: 14419
	streams: 36, words: 3691
	streams: 1, words: 10280
	streams: 48, words: 4023
	streams: 1, words: 10523
	streams: 22, words: 2983
	streams: 1, words: 928
	streams: 13, words: 1058
	streams: 1, words: 4484
	streams: 19, words: 1570
	streams: 2, words: 9718
	streams: 17, words: 1506
	streams: 2, words: 6651
	streams: 32, words: 3630
	streams: 1, words: 5214
	streams: 34, words: 3912
	streams: 1, words: 8781
	streams: 44, words: 5040
	streams: 2, words: 18936
	streams: 52, words: 6164
	streams: 1, words: 15817
	streams: 100, words: 9372
	streams: 1, words: 32315
	streams: 15, words: 1629
	streams: 4, words: 10482
	streams: 11, words: 2010
	streams: 2, words: 3825
	streams: 7, words: 653
	streams: 1, words: 13625
	streams: 7, words: 653
	streams: 1, words: 13625
	streams: 7, words: 653
	streams: 1, words: 13625
	streams: 7, words: 653
	streams: 1, words: 13625
	streams: 7, words: 653
	streams: 1, words: 13625
	streams: 7, words: 653
	streams: 1, words: 13625
	streams: 7, words: 653
	streams: 1, words: 13625
	streams: 20, words: 1411
	streams: 1, words: 8819
	streams: 25, words: 1859
	streams: 5, words: 187368
	streams: 85, words: 7226
	streams: 5, words: 18008
	streams: 155, words: 14268
	streams: 6, words: 31911
	streams: 244, words: 22500
	streams: 3, words: 69485
	streams: 259, words: 34548
	streams: 2, words: 29173
