/ihp/ihpusr/cadence/xcelium/20.09/tools.lnx86/inca/bin/64bit/xmsim
Obtained 30 stack frames.
/ihp/ihpusr/cadence/xcelium/20.09/tools.lnx86/inca/bin/64bit/../../../lib/64bit/libcbreakpad.so(_Z13use_backtracev+0x9d) [0x7fa3a4294ae9]
/ihp/ihpusr/cadence/xcelium/20.09/tools.lnx86/inca/bin/64bit/../../../lib/64bit/libcbreakpad.so(cbpad_generate_dump_on_demand+0x66) [0x7fa3a4294e3c]
xmsim() [0x178f5fc]
xmsim(serror+0x95) [0x1790d05]
xmsim() [0xad5e73]
/lib64/libpthread.so.0(+0x12d20) [0x7fa3a53d4d20]
/ihp/ihpusr/cadence/xcelium/20.09/tools/lib/64bit/libdwapi.so(+0x310c0) [0x7fa38fcfc0c0]
/ihp/ihpusr/cadence/xcelium/20.09/tools/lib/64bit/libdwapi.so(+0x1e15e) [0x7fa38fce915e]
/ihp/ihpusr/cadence/xcelium/20.09/tools/lib/64bit/libdwapi.so(dwSSTSetup+0xadd) [0x7fa38fcf2fed]
xmsim() [0xd5f1fe]
xmsim() [0xd44135]
xmsim() [0xf92f8a]
xmsim() [0x6040f9]
xmsim() [0xf95e94]
xmsim() [0xa14319]
xmsim(TclInvokeStringCommand+0x76) [0x10d5a46]
xmsim() [0x10da8c7]
xmsim() [0x10dce5a]
xmsim(Tcl_EvalEx+0x13) [0x10dd303]
xmsim() [0x10dd4c8]
xmsim() [0x10dd719]
xmsim(Tcl_RecordAndEvalObj+0xb0) [0x117d680]
xmsim(Tcl_RecordAndEval+0x37) [0x117d867]
xmsim() [0xa18e96]
xmsim() [0x5a0812]
xmsim() [0x5b02ab]
xmsim(ncmain+0x9c) [0x5a294f]
xmsim(main+0x10) [0x1fc32aa]
/lib64/libc.so.6(__libc_start_main+0xe5) [0x7fa3a45087e5]
xmsim() [0x52fa61]
