Copyright 1986-2021 Xilinx, Inc. All Rights Reserved.
---------------------------------------------------------------------------------------
| Tool Version : Vivado v.2021.2 (lin64) Build 3367213 Tue Oct 19 02:47:39 MDT 2021
| Date         : Mon Nov 24 16:17:57 2025
| Host         : uxsrv005 running 64-bit Red Hat Enterprise Linux release 8.10 (Ootpa)
| Command      : upgrade_ip
| Device       : xczu28dr-ffvg1517-2-e
---------------------------------------------------------------------------------------

Upgrade Log for IP 'Design_2_CU_top_0_1'

1. Summary
----------

CAUTION (success, with warnings) in the upgrade of Design_2_CU_top_0_1 (user.org:user:CU_top:1.0) from (Rev. 4) to (Rev. 7)

After upgrade, an IP may have parameter and port differences compared to the original customization. Please review the parameters within the IP customization GUI to ensure proper functionality. Also, please review the updated IP instantiation template to ensure proper connectivity, and update your design if required.

2. Connection Warnings
----------------------

Detected external port differences while upgrading 'Design_2_CU_top_0_1'. These changes may impact your design.


-Upgrade has removed port 'mapper_din_last'







Copyright 1986-2021 Xilinx, Inc. All Rights Reserved.
---------------------------------------------------------------------------------------
| Tool Version : Vivado v.2021.2 (lin64) Build 3367213 Tue Oct 19 02:47:39 MDT 2021
| Date         : Mon Nov 24 11:36:54 2025
| Host         : uxsrv005 running 64-bit Red Hat Enterprise Linux release 8.10 (Ootpa)
| Command      : upgrade_ip
| Device       : xczu28dr-ffvg1517-2-e
---------------------------------------------------------------------------------------

Upgrade Log for IP 'Design_2_Polyphase_filter_0_0'

1. Summary
----------

SUCCESS in the upgrade of Design_2_Polyphase_filter_0_0 (user.org:user:Polyphase_filter:1.0) from (Rev. 2) to (Rev. 5)






Copyright 1986-2021 Xilinx, Inc. All Rights Reserved.
---------------------------------------------------------------------------------------
| Tool Version : Vivado v.2021.2 (lin64) Build 3367213 Tue Oct 19 02:47:39 MDT 2021
| Date         : Mon Nov 24 11:28:22 2025
| Host         : uxsrv005 running 64-bit Red Hat Enterprise Linux release 8.10 (Ootpa)
| Command      : upgrade_ip
| Device       : xczu28dr-ffvg1517-2-e
---------------------------------------------------------------------------------------

Upgrade Log for IP 'Design_2_Polyphase_filter_0_0'

1. Summary
----------

SUCCESS in the conversion of Design_2_Polyphase_filter_0_0 (user.org:user:Polyphase_filter:1.0 (Rev. 2)) to Vivado generation flows.






Copyright 1986-2021 Xilinx, Inc. All Rights Reserved.
---------------------------------------------------------------------------------------
| Tool Version : Vivado v.2021.2 (lin64) Build 3367213 Tue Oct 19 02:47:39 MDT 2021
| Date         : Tue Nov 11 16:01:16 2025
| Host         : uxsrv005 running 64-bit Red Hat Enterprise Linux release 8.10 (Ootpa)
| Command      : upgrade_ip
| Device       : xczu28dr-ffvg1517-2-e
---------------------------------------------------------------------------------------

Upgrade Log for IP 'Design_2_CU_top_0_1'

1. Summary
----------

CAUTION (success, with warnings) in the upgrade of Design_2_CU_top_0_1 (user.org:user:CU_top:1.0) from (Rev. 3) to (Rev. 4)

After upgrade, an IP may have parameter and port differences compared to the original customization. Please review the parameters within the IP customization GUI to ensure proper functionality. Also, please review the updated IP instantiation template to ensure proper connectivity, and update your design if required.

2. Connection Warnings
----------------------

Detected external port differences while upgrading 'Design_2_CU_top_0_1'. These changes may impact your design.


-Upgrade has added port 'start_fifos'







Copyright 1986-2021 Xilinx, Inc. All Rights Reserved.
---------------------------------------------------------------------------------------
| Tool Version : Vivado v.2021.2 (lin64) Build 3367213 Tue Oct 19 02:47:39 MDT 2021
| Date         : Tue Nov 11 15:23:32 2025
| Host         : uxsrv005 running 64-bit Red Hat Enterprise Linux release 8.10 (Ootpa)
| Command      : upgrade_ip
| Device       : xczu28dr-ffvg1517-2-e
---------------------------------------------------------------------------------------

Upgrade Log for IP 'Design_2_Polyphase_filter_0_0'

1. Summary
----------

SUCCESS in the upgrade of Design_2_Polyphase_filter_0_0 (user.org:user:Polyphase_filter:1.0) from (Rev. 5) to (Rev. 2)






Copyright 1986-2021 Xilinx, Inc. All Rights Reserved.
---------------------------------------------------------------------------------------
| Tool Version : Vivado v.2021.2 (lin64) Build 3367213 Tue Oct 19 02:47:39 MDT 2021
| Date         : Tue Nov 11 12:53:59 2025
| Host         : uxsrv005 running 64-bit Red Hat Enterprise Linux release 8.10 (Ootpa)
| Command      : upgrade_ip
| Device       : xczu28dr-ffvg1517-2-e
---------------------------------------------------------------------------------------

Upgrade Log for IP 'Design_2_LDPC_encoder_0_2'

1. Summary
----------

SUCCESS in the upgrade of Design_2_LDPC_encoder_0_2 (user.org:user:LDPC_encoder:1.0) from (Rev. 25) to (Rev. 26)

