Vivado Simulator v2021.2
Copyright 1986-1999, 2001-2021 Xilinx, Inc. All Rights Reserved.
Running: /ihpusr/xilinx/vivado2021.2/Vivado/2021.2/bin/unwrapped/lnx64.o/xelab --incr --debug typical --relax --mt 8 -cc_db Interleaver_CC -cc_libs -cc_type sbc -L xil_defaultlib -L secureip --snapshot tb_block_interleaver_func_synth xil_defaultlib.tb_block_interleaver -log elaborate.log 
Using 8 slave threads.
WARNING: [XSIM 43-3431] One or more environment variables have been detected which affect the operation of the C compiler. These are typically not set in standard installations and are not tested by Xilinx, however they may be appropriate for your system, so the flow will attempt to continue.  If errors occur, try running xelab with the "-mt off -v 1" switches to see more information from the C compiler. The following environment variables have been detected:
Starting static elaboration
Completed static elaboration
Starting simulation data flow analysis
Completed simulation data flow analysis
Time Resolution for simulation is 1ps
Compiling package std.standard
Compiling package std.textio
Compiling package ieee.std_logic_1164
Compiling package ieee.numeric_std
Compiling package ieee.std_logic_arith
Compiling package ieee.std_logic_unsigned
Compiling package std.env
Compiling package unisim.vcomponents
Compiling package ieee.vital_timing
Compiling package ieee.vital_primitives
Compiling package unisim.vpkg
Compiling architecture lut2_v of entity unisim.LUT2 [\LUT2(init="1000")(0,3)\]
Compiling architecture lut3_v of entity unisim.LUT3 [\LUT3(init="10111010")(0,7)\]
Compiling architecture lut6_v of entity unisim.LUT6 [\LUT6(init="11111111111010101100...]
Compiling architecture lut6_v of entity unisim.LUT6 [\LUT6(init="00000000000010000000...]
Compiling architecture fdpe_v of entity unisim.FDPE [fdpe_default]
Compiling architecture fdce_v of entity unisim.FDCE [fdce_default]
Compiling architecture bufgce_v of entity unisim.BUFGCE [\BUFGCE(ce_type="ASYNC",sim_devi...]
Compiling architecture ibuf_v of entity unisim.IBUF [\IBUF(1,9)(1,1)(1,4)(1,7)\]
Compiling architecture lut5_v of entity unisim.LUT5 [\LUT5(init="00001101000011110000...]
Compiling architecture lut5_v of entity unisim.LUT5 [\LUT5(init="00001101111100000000...]
Compiling architecture lut5_v of entity unisim.LUT5 [\LUT5(init="00001101111111111111...]
Compiling architecture lut5_v of entity unisim.LUT5 [\LUT5(init="10101010001000000000...]
Compiling architecture lut4_v of entity unisim.LUT4 [\LUT4(init="0110101010101010")(0...]
Compiling architecture obuf_v of entity unisim.OBUF [\OBUF(1,9)(1,7)(1,4)\]
Compiling architecture lut5_v of entity unisim.LUT5 [\LUT5(init="11111111111111111110...]
Compiling architecture lut6_v of entity unisim.LUT6 [\LUT6(init="11101010111010101111...]
Compiling architecture lut5_v of entity unisim.LUT5 [\LUT5(init="11111000100010001000...]
Compiling architecture ram64m8_v of entity unisim.RAM64M8 [ram64m8_default]
Compiling architecture lut4_v of entity unisim.LUT4 [\LUT4(init="0010001000100000")(0...]
Compiling architecture lut5_v of entity unisim.LUT5 [\LUT5(init="00000000000000000011...]
Compiling architecture lut6_v of entity unisim.LUT6 [\LUT6(init="10101010101000101010...]
Compiling architecture lut6_v of entity unisim.LUT6 [\LUT6(init="10110101101001001010...]
Compiling architecture lut6_v of entity unisim.LUT6 [\LUT6(init="00000000000000000000...]
Compiling architecture lut6_v of entity unisim.LUT6 [\LUT6(init="00111111010101010011...]
Compiling architecture lut4_v of entity unisim.LUT4 [\LUT4(init="0111000100110000")(0...]
Compiling architecture lut5_v of entity unisim.LUT5 [\LUT5(init="00000000000000000010...]
Compiling architecture lut6_v of entity unisim.LUT6 [\LUT6(init="11110000011001101111...]
Compiling architecture lut4_v of entity unisim.LUT4 [\LUT4(init="0111111110000000")(0...]
Compiling architecture lut6_v of entity unisim.LUT6 [\LUT6(init="00000000000000000000...]
Compiling architecture lut6_v of entity unisim.LUT6 [\LUT6(init="10001110100000010001...]
Compiling architecture lut3_v of entity unisim.LUT3 [\LUT3(init="11111110")(0,7)\]
Compiling architecture lut2_v of entity unisim.LUT2 [\LUT2(init="0001")(0,3)\]
Compiling architecture lut3_v of entity unisim.LUT3 [\LUT3(init="00000001")(0,7)\]
Compiling architecture lut1_v of entity unisim.LUT1 [\LUT1(init="0001")(0,3)\]
Compiling architecture lut4_v of entity unisim.LUT4 [\LUT4(init="0000000000000100")(0...]
Compiling architecture lut4_v of entity unisim.LUT4 [\LUT4(init="0000000000001001")(0...]
Compiling architecture lut6_v of entity unisim.LUT6 [\LUT6(init="10010000000010010000...]
Compiling architecture lut5_v of entity unisim.LUT5 [\LUT5(init="00000000000000000000...]
Compiling architecture lut2_v of entity unisim.LUT2 [\LUT2(init="1001")(0,3)\]
Compiling architecture lut6_v of entity unisim.LUT6 [\LUT6(init="00001111111111101000...]
Compiling architecture lut5_v of entity unisim.LUT5 [\LUT5(init="00000000000010000000...]
Compiling architecture lut6_v of entity unisim.LUT6 [\LUT6(init="01111111000001110011...]
Compiling architecture carry8_v of entity unisim.CARRY8 [\CARRY8(1,10)\]
Compiling architecture lut4_v of entity unisim.LUT4 [\LUT4(init="1111111111101010")(0...]
Compiling architecture lut4_v of entity unisim.LUT4 [\LUT4(init="0001010110101010")(0...]
Compiling architecture lut5_v of entity unisim.LUT5 [\LUT5(init="00110110001101100010...]
Compiling architecture lut5_v of entity unisim.LUT5 [\LUT5(init="00010101111010100001...]
Compiling architecture lut4_v of entity unisim.LUT4 [\LUT4(init="0000000010000000")(0...]
Compiling architecture lut2_v of entity unisim.LUT2 [\LUT2(init="0110")(0,3)\]
Compiling architecture lut6_v of entity unisim.LUT6 [\LUT6(init="00111100110000110110...]
Compiling architecture lut3_v of entity unisim.LUT3 [\LUT3(init="11100100")(0,7)\]
Compiling architecture lut6_v of entity unisim.LUT6 [\LUT6(init="00110110100111000011...]
Compiling architecture lut6_v of entity unisim.LUT6 [\LUT6(init="00110110100111001001...]
Compiling architecture lut5_v of entity unisim.LUT5 [\LUT5(init="00100111100011010111...]
Compiling architecture lut4_v of entity unisim.LUT4 [\LUT4(init="1101100000100111")(0...]
Compiling architecture lut5_v of entity unisim.LUT5 [\LUT5(init="00101010101010100010...]
Compiling architecture lut5_v of entity unisim.LUT5 [\LUT5(init="11101110111010001110...]
Compiling architecture lut5_v of entity unisim.LUT5 [\LUT5(init="11101000000101110001...]
Compiling architecture lut4_v of entity unisim.LUT4 [\LUT4(init="1001011001101001")(0...]
Compiling architecture lut3_v of entity unisim.LUT3 [\LUT3(init="11101000")(0,7)\]
Compiling architecture lut6_v of entity unisim.LUT6 [\LUT6(init="11100001100001111000...]
Compiling architecture lut6_v of entity unisim.LUT6 [\LUT6(init="01101001011010010110...]
Compiling architecture lut6_v of entity unisim.LUT6 [\LUT6(init="10010110110000111100...]
Compiling architecture lut4_v of entity unisim.LUT4 [\LUT4(init="0101011001101010")(0...]
Compiling architecture lut4_v of entity unisim.LUT4 [\LUT4(init="0110100110010110")(0...]
Compiling architecture lut5_v of entity unisim.LUT5 [\LUT5(init="11111111110110001101...]
Compiling architecture lut3_v of entity unisim.LUT3 [\LUT3(init="11010100")(0,7)\]
Compiling architecture lut6_v of entity unisim.LUT6 [\LUT6(init="00111100100101100110...]
Compiling architecture lut3_v of entity unisim.LUT3 [\LUT3(init="10010110")(0,7)\]
Compiling architecture lut6_v of entity unisim.LUT6 [\LUT6(init="00111100110000111001...]
Compiling architecture lut4_v of entity unisim.LUT4 [\LUT4(init="1100100001000000")(0...]
Compiling architecture lut2_v of entity unisim.LUT2 [\LUT2(init="0010")(0,3)\]
Compiling architecture lut4_v of entity unisim.LUT4 [\LUT4(init="1001011001100110")(0...]
Compiling architecture lut4_v of entity unisim.LUT4 [\LUT4(init="1000011101111000")(0...]
Compiling architecture lut6_v of entity unisim.LUT6 [\LUT6(init="11001000010000000011...]
Compiling architecture lut6_v of entity unisim.LUT6 [\LUT6(init="00001100010110011010...]
Compiling architecture lut6_v of entity unisim.LUT6 [\LUT6(init="11001001011000111001...]
Compiling architecture fdre_v of entity unisim.FDRE [fdre_default]
Compiling architecture lut4_v of entity unisim.LUT4 [\LUT4(init="0000000001010001")(0...]
Compiling architecture lut5_v of entity unisim.LUT5 [\LUT5(init="00000000000000000011...]
Compiling architecture lut6_v of entity unisim.LUT6 [\LUT6(init="00000000000000000000...]
Compiling architecture lut4_v of entity unisim.LUT4 [\LUT4(init="0000000011000100")(0...]
Compiling architecture lut5_v of entity unisim.LUT5 [\LUT5(init="00000000000000001010...]
Compiling architecture lut6_v of entity unisim.LUT6 [\LUT6(init="01010101010100010101...]
Compiling architecture lut3_v of entity unisim.LUT3 [\LUT3(init="10111000")(0,7)\]
Compiling architecture lut5_v of entity unisim.LUT5 [\LUT5(init="11011000110111011101...]
Compiling architecture lut6_v of entity unisim.LUT6 [\LUT6(init="10010110011010010110...]
Compiling architecture lut5_v of entity unisim.LUT5 [\LUT5(init="10010110011010010110...]
Compiling architecture lut5_v of entity unisim.LUT5 [\LUT5(init="10111110001010000010...]
Compiling architecture lut6_v of entity unisim.LUT6 [\LUT6(init="00110111101111111001...]
Compiling architecture lut6_v of entity unisim.LUT6 [\LUT6(init="11111111110110001101...]
Compiling architecture lut6_v of entity unisim.LUT6 [\LUT6(init="11111101111011001101...]
Compiling architecture lut6_v of entity unisim.LUT6 [\LUT6(init="10111110101111101011...]
Compiling architecture lut3_v of entity unisim.LUT3 [\LUT3(init="00011101")(0,7)\]
Compiling architecture lut6_v of entity unisim.LUT6 [\LUT6(init="11111000100000000000...]
Compiling architecture lut5_v of entity unisim.LUT5 [\LUT5(init="01101001100101101001...]
Compiling architecture lut6_v of entity unisim.LUT6 [\LUT6(init="11111111110110001101...]
Compiling architecture lut6_v of entity unisim.LUT6 [\LUT6(init="11000000100101010110...]
Compiling architecture lut5_v of entity unisim.LUT5 [\LUT5(init="11011000010100001000...]
Compiling architecture lut4_v of entity unisim.LUT4 [\LUT4(init="0000100001001100")(0...]
Compiling architecture lut4_v of entity unisim.LUT4 [\LUT4(init="1100111011011111")(0...]
Compiling architecture lut2_v of entity unisim.LUT2 [\LUT2(init="1110")(0,3)\]
Compiling architecture lut6_v of entity unisim.LUT6 [\LUT6(init="11100100111111110001...]
Compiling architecture lut6_v of entity unisim.LUT6 [\LUT6(init="11001111001100001001...]
Compiling architecture lut6_v of entity unisim.LUT6 [\LUT6(init="00001100111100110101...]
Compiling architecture lut6_v of entity unisim.LUT6 [\LUT6(init="11111111000110110000...]
Compiling architecture lut6_v of entity unisim.LUT6 [\LUT6(init="11111100000000111010...]
Compiling architecture lut5_v of entity unisim.LUT5 [\LUT5(init="11001101111011111100...]
Compiling architecture lut6_v of entity unisim.LUT6 [\LUT6(init="11011000001001111000...]
Compiling architecture lut4_v of entity unisim.LUT4 [\LUT4(init="0010001100100010")(0...]
Compiling architecture lut4_v of entity unisim.LUT4 [\LUT4(init="1000110010001000")(0...]
Compiling architecture lut3_v of entity unisim.LUT3 [\LUT3(init="10101000")(0,7)\]
Compiling architecture structure of entity xil_defaultlib.block_interleaver [block_interleaver_default]
Compiling architecture behavioral of entity xil_defaultlib.tb_block_interleaver
Built simulation snapshot tb_block_interleaver_func_synth
