Copyright 1986-2021 Xilinx, Inc. All Rights Reserved.
---------------------------------------------------------------------------------------------------------
| Tool Version : Vivado v.2021.2 (lin64) Build 3367213 Tue Oct 19 02:47:39 MDT 2021
| Date         : Thu Oct 16 16:36:10 2025
| Host         : uxsrv026.ihp-ffo.de running 64-bit Red Hat Enterprise Linux release 8.10 (Ootpa)
| Command      : report_drc -file CU_top_drc_opted.rpt -pb CU_top_drc_opted.pb -rpx CU_top_drc_opted.rpx
| Design       : CU_top
| Device       : xczu28dr-ffvg1517-2-e
| Speed File   : -2
| Design State : Synthesized
---------------------------------------------------------------------------------------------------------

Report DRC

Table of Contents
-----------------
1. REPORT SUMMARY
2. REPORT DETAILS

1. REPORT SUMMARY
-----------------
            Netlist: netlist
          Floorplan: design_1
      Design limits: <entire design considered>
           Ruledeck: default
             Max violations: <unlimited>
             Violations found: 2
+--------+------------------+----------------------------+------------+
| Rule   | Severity         | Description                | Violations |
+--------+------------------+----------------------------+------------+
| NSTD-1 | Critical Warning | Unspecified I/O Standard   | 1          |
| UCIO-1 | Critical Warning | Unconstrained Logical Port | 1          |
+--------+------------------+----------------------------+------------+

2. REPORT DETAILS
-----------------
NSTD-1#1 Critical Warning
Unspecified I/O Standard  
248 out of 248 logical ports use I/O standard (IOSTANDARD) value 'DEFAULT', instead of a user assigned specific value. This may cause I/O contention or incompatibility with the board power or connectivity affecting performance, signal integrity or in extreme cases cause damage to the device or the components to which it is connected. To correct this violation, specify all I/O standards. This design will fail to generate a bitstream unless all logical ports have a user specified I/O standard value defined. To allow bitstream creation with unspecified I/O standard values (not recommended), use this command: set_property SEVERITY {Warning} [get_drc_checks NSTD-1].  NOTE: When using the Vivado Runs infrastructure (e.g. launch_runs Tcl command), add this command to a .tcl file and add that file as a pre-hook for write_bitstream step for the implementation run. Problem ports: control_unit_enable, dpd_din_data_I[11:0], dpd_din_data_Q[11:0],
encoder_code_rate[1:0], interleaver_dout_data[31:0], mapper_din_data[5:0],
mapper_selected_mod[2:0], scrambler_din_data[31:0], scrambler_init[31:1],
scrambler_seed[31:1], tx_dst_addr[7:0], tx_fec[7:0], tx_length[17:0],
tx_modulation[3:0], tx_scrambler_ena (the first 15 of 31 listed).
Related violations: <none>

UCIO-1#1 Critical Warning
Unconstrained Logical Port  
248 out of 248 logical ports have no user assigned specific location constraint (LOC). This may cause I/O contention or incompatibility with the board power or connectivity affecting performance, signal integrity or in extreme cases cause damage to the device or the components to which it is connected. To correct this violation, specify all pin locations. This design will fail to generate a bitstream unless all logical ports have a user specified site LOC constraint defined.  To allow bitstream creation with unspecified pin locations (not recommended), use this command: set_property SEVERITY {Warning} [get_drc_checks UCIO-1].  NOTE: When using the Vivado Runs infrastructure (e.g. launch_runs Tcl command), add this command to a .tcl file and add that file as a pre-hook for write_bitstream step for the implementation run.  Problem ports: control_unit_enable, dpd_din_data_I[11:0], dpd_din_data_Q[11:0],
encoder_code_rate[1:0], interleaver_dout_data[31:0], mapper_din_data[5:0],
mapper_selected_mod[2:0], scrambler_din_data[31:0], scrambler_init[31:1],
scrambler_seed[31:1], tx_dst_addr[7:0], tx_fec[7:0], tx_length[17:0],
tx_modulation[3:0], tx_scrambler_ena (the first 15 of 31 listed).
Related violations: <none>


