Copyright 1986-2021 Xilinx, Inc. All Rights Reserved.
--------------------------------------------------------------------------------------------------------------------------------------------------------------------------
| Tool Version : Vivado v.2021.2 (lin64) Build 3367213 Tue Oct 19 02:47:39 MDT 2021
| Date         : Thu Sep  4 14:08:31 2025
| Host         : uxsrv005 running 64-bit Red Hat Enterprise Linux release 8.10 (Ootpa)
| Command      : report_methodology -file LDPC_encoder_methodology_drc_routed.rpt -pb LDPC_encoder_methodology_drc_routed.pb -rpx LDPC_encoder_methodology_drc_routed.rpx
| Design       : LDPC_encoder
| Device       : xczu28dr-ffvg1517-2-e
| Speed File   : -2
| Design State : Fully Routed
--------------------------------------------------------------------------------------------------------------------------------------------------------------------------

Report Methodology

Table of Contents
-----------------
1. REPORT SUMMARY
2. REPORT DETAILS

1. REPORT SUMMARY
-----------------
            Netlist: netlist
          Floorplan: design_1
      Design limits: <entire design considered>
             Max violations: <unlimited>
             Violations found: 1
+--------+----------+------------------------------------------------------------------+------------+
| Rule   | Severity | Description                                                      | Violations |
+--------+----------+------------------------------------------------------------------+------------+
| CKLD-2 | Warning  | Clock Net has IO Driver, not a Clock Buf, and/or non-Clock loads | 1          |
+--------+----------+------------------------------------------------------------------+------------+

2. REPORT DETAILS
-----------------
CKLD-2#1 Warning
Clock Net has IO Driver, not a Clock Buf, and/or non-Clock loads  
Clock net ldpc_core_clk_IBUF_inst/O is directly driven by an IO rather than a Clock Buffer or may be an IO driving a mix of Clock Buffer and non-Clock loads. This connectivity should be reviewed and corrected as appropriate. Driver(s): ldpc_core_clk_IBUF_inst/O
Related violations: <none>


