Copyright 1986-2021 Xilinx, Inc. All Rights Reserved.
---------------------------------------------------------------------------------------------------------------------
| Tool Version : Vivado v.2021.2 (lin64) Build 3367213 Tue Oct 19 02:47:39 MDT 2021
| Date         : Thu Sep  4 14:07:01 2025
| Host         : uxsrv005 running 64-bit Red Hat Enterprise Linux release 8.10 (Ootpa)
| Command      : report_utilization -file LDPC_encoder_utilization_placed.rpt -pb LDPC_encoder_utilization_placed.pb
| Design       : LDPC_encoder
| Device       : xczu28dr-ffvg1517-2-e
| Speed File   : -2
| Design State : Fully Placed
---------------------------------------------------------------------------------------------------------------------

Utilization Design Information

Table of Contents
-----------------
1. CLB Logic
1.1 Summary of Registers by Type
2. CLB Logic Distribution
3. BLOCKRAM
4. ARITHMETIC
5. I/O
6. CLOCK
7. ADVANCED
8. CONFIGURATION
9. Primitives
10. Black Boxes
11. Instantiated Netlists

1. CLB Logic
------------

+----------------------------+------+-------+------------+-----------+-------+
|          Site Type         | Used | Fixed | Prohibited | Available | Util% |
+----------------------------+------+-------+------------+-----------+-------+
| CLB LUTs                   | 2487 |     0 |          0 |    425280 |  0.58 |
|   LUT as Logic             | 2295 |     0 |          0 |    425280 |  0.54 |
|   LUT as Memory            |  192 |     0 |          0 |    213600 |  0.09 |
|     LUT as Distributed RAM |  128 |     0 |            |           |       |
|     LUT as Shift Register  |   64 |     0 |            |           |       |
| CLB Registers              | 2800 |     0 |          0 |    850560 |  0.33 |
|   Register as Flip Flop    | 2800 |     0 |          0 |    850560 |  0.33 |
|   Register as Latch        |    0 |     0 |          0 |    850560 |  0.00 |
| CARRY8                     |   40 |     0 |          0 |     53160 |  0.08 |
| F7 Muxes                   |    0 |     0 |          0 |    212640 |  0.00 |
| F8 Muxes                   |    0 |     0 |          0 |    106320 |  0.00 |
| F9 Muxes                   |    0 |     0 |          0 |     53160 |  0.00 |
+----------------------------+------+-------+------------+-----------+-------+


1.1 Summary of Registers by Type
--------------------------------

+-------+--------------+-------------+--------------+
| Total | Clock Enable | Synchronous | Asynchronous |
+-------+--------------+-------------+--------------+
| 0     |            _ |           - |            - |
| 0     |            _ |           - |          Set |
| 0     |            _ |           - |        Reset |
| 0     |            _ |         Set |            - |
| 0     |            _ |       Reset |            - |
| 0     |          Yes |           - |            - |
| 0     |          Yes |           - |          Set |
| 164   |          Yes |           - |        Reset |
| 148   |          Yes |         Set |            - |
| 2488  |          Yes |       Reset |            - |
+-------+--------------+-------------+--------------+


2. CLB Logic Distribution
-------------------------

+--------------------------------------------+------+-------+------------+-----------+-------+
|                  Site Type                 | Used | Fixed | Prohibited | Available | Util% |
+--------------------------------------------+------+-------+------------+-----------+-------+
| CLB                                        |  591 |     0 |          0 |     53160 |  1.11 |
|   CLBL                                     |  308 |     0 |            |           |       |
|   CLBM                                     |  283 |     0 |            |           |       |
| LUT as Logic                               | 2295 |     0 |          0 |    425280 |  0.54 |
|   using O5 output only                     |  123 |       |            |           |       |
|   using O6 output only                     | 1589 |       |            |           |       |
|   using O5 and O6                          |  583 |       |            |           |       |
| LUT as Memory                              |  192 |     0 |          0 |    213600 |  0.09 |
|   LUT as Distributed RAM                   |  128 |     0 |            |           |       |
|     using O5 output only                   |    0 |       |            |           |       |
|     using O6 output only                   |    0 |       |            |           |       |
|     using O5 and O6                        |  128 |       |            |           |       |
|   LUT as Shift Register                    |   64 |     0 |            |           |       |
|     using O5 output only                   |    0 |       |            |           |       |
|     using O6 output only                   |    4 |       |            |           |       |
|     using O5 and O6                        |   60 |       |            |           |       |
| CLB Registers                              | 2800 |     0 |          0 |    850560 |  0.33 |
|   Register driven from within the CLB      | 1821 |       |            |           |       |
|   Register driven from outside the CLB     |  979 |       |            |           |       |
|     LUT in front of the register is unused |  684 |       |            |           |       |
|     LUT in front of the register is used   |  295 |       |            |           |       |
| Unique Control Sets                        |  167 |       |          0 |    106320 |  0.16 |
+--------------------------------------------+------+-------+------------+-----------+-------+
* * Note: Available Control Sets calculated as Slices * 2, Review the Control Sets Report for more information regarding control sets.


3. BLOCKRAM
-----------

+-------------------+------+-------+------------+-----------+-------+
|     Site Type     | Used | Fixed | Prohibited | Available | Util% |
+-------------------+------+-------+------------+-----------+-------+
| Block RAM Tile    |   62 |     0 |          0 |      1080 |  5.74 |
|   RAMB36/FIFO*    |   60 |     0 |          0 |      1080 |  5.56 |
|     RAMB36E2 only |   60 |       |            |           |       |
|   RAMB18          |    4 |     0 |          0 |      2160 |  0.19 |
|     RAMB18E2 only |    4 |       |            |           |       |
| URAM              |    0 |     0 |          0 |        80 |  0.00 |
+-------------------+------+-------+------------+-----------+-------+
* Note: Each Block RAM Tile only has one FIFO logic available and therefore can accommodate only one FIFO36E2 or one FIFO18E2. However, if a FIFO18E2 occupies a Block RAM Tile, that tile can still accommodate a RAMB18E2


4. ARITHMETIC
-------------

+-----------+------+-------+------------+-----------+-------+
| Site Type | Used | Fixed | Prohibited | Available | Util% |
+-----------+------+-------+------------+-----------+-------+
| DSPs      |    0 |     0 |          0 |      4272 |  0.00 |
+-----------+------+-------+------------+-----------+-------+


5. I/O
------

+------------------+------+-------+------------+-----------+-------+
|     Site Type    | Used | Fixed | Prohibited | Available | Util% |
+------------------+------+-------+------------+-----------+-------+
| Bonded IOB       |  174 |     0 |          0 |       347 | 50.14 |
| HPIOB_M          |   87 |     0 |          0 |       138 | 63.04 |
|   INPUT          |   20 |       |            |           |       |
|   OUTPUT         |   67 |       |            |           |       |
|   BIDIR          |    0 |       |            |           |       |
| HPIOB_S          |   87 |     0 |          0 |       138 | 63.04 |
|   INPUT          |   19 |       |            |           |       |
|   OUTPUT         |   68 |       |            |           |       |
|   BIDIR          |    0 |       |            |           |       |
| HDIOB_M          |    0 |     0 |          0 |        24 |  0.00 |
| HDIOB_S          |    0 |     0 |          0 |        24 |  0.00 |
| HPIOB_SNGL       |    0 |     0 |          0 |        23 |  0.00 |
| HPIOBDIFFINBUF   |    0 |     0 |          0 |       192 |  0.00 |
| HPIOBDIFFOUTBUF  |    0 |     0 |          0 |       192 |  0.00 |
| HDIOBDIFFINBUF   |    0 |     0 |          0 |        72 |  0.00 |
| BITSLICE_CONTROL |    0 |     0 |          0 |        64 |  0.00 |
| BITSLICE_RX_TX   |    0 |     0 |          0 |      2496 |  0.00 |
| BITSLICE_TX      |    0 |     0 |          0 |        64 |  0.00 |
| RIU_OR           |    0 |     0 |          0 |        32 |  0.00 |
| HS_ADC           |    0 |     0 |          4 |         4 |  0.00 |
| HS_DAC           |    0 |     0 |          4 |         4 |  0.00 |
+------------------+------+-------+------------+-----------+-------+


6. CLOCK
--------

+----------------------+------+-------+------------+-----------+-------+
|       Site Type      | Used | Fixed | Prohibited | Available | Util% |
+----------------------+------+-------+------------+-----------+-------+
| GLOBAL CLOCK BUFFERs |    1 |     0 |          0 |       696 |  0.14 |
|   BUFGCE             |    1 |     0 |          0 |       216 |  0.46 |
|   BUFGCE_DIV         |    0 |     0 |          0 |        32 |  0.00 |
|   BUFG_GT            |    0 |     0 |          0 |       312 |  0.00 |
|   BUFG_PS            |    0 |     0 |          0 |        72 |  0.00 |
|   BUFGCTRL*          |    0 |     0 |          0 |        64 |  0.00 |
| PLL                  |    0 |     0 |          0 |        16 |  0.00 |
| MMCM                 |    0 |     0 |          0 |         8 |  0.00 |
+----------------------+------+-------+------------+-----------+-------+
* Note: Each used BUFGCTRL counts as two GLOBAL CLOCK BUFFERs. This table does not include global clocking resources, only buffer cell usage. See the Clock Utilization Report (report_clock_utilization) for detailed accounting of global clocking resource availability.


7. ADVANCED
-----------

+-----------------+------+-------+------------+-----------+-------+
|    Site Type    | Used | Fixed | Prohibited | Available | Util% |
+-----------------+------+-------+------------+-----------+-------+
| CMACE4          |    0 |     0 |          0 |         2 |  0.00 |
| FE              |    4 |     0 |          0 |         8 | 50.00 |
| GTYE4_CHANNEL   |    0 |     0 |          0 |        16 |  0.00 |
| GTYE4_COMMON    |    0 |     0 |          0 |         4 |  0.00 |
| HSADC           |    0 |     0 |          0 |         4 |  0.00 |
| HSDAC           |    0 |     0 |          0 |         4 |  0.00 |
| ILKNE4          |    0 |     0 |          0 |         1 |  0.00 |
| OBUFDS_GTE4     |    0 |     0 |          0 |         8 |  0.00 |
| OBUFDS_GTE4_ADV |    0 |     0 |          0 |         8 |  0.00 |
| PCIE40E4        |    0 |     0 |          0 |         2 |  0.00 |
| PS8             |    0 |     0 |          0 |         1 |  0.00 |
| SYSMONE4        |    0 |     0 |          0 |         1 |  0.00 |
+-----------------+------+-------+------------+-----------+-------+


8. CONFIGURATION
----------------

+-------------+------+-------+------------+-----------+-------+
|  Site Type  | Used | Fixed | Prohibited | Available | Util% |
+-------------+------+-------+------------+-----------+-------+
| BSCANE2     |    0 |     0 |          0 |         4 |  0.00 |
| DNA_PORTE2  |    0 |     0 |          0 |         1 |  0.00 |
| EFUSE_USR   |    0 |     0 |          0 |         1 |  0.00 |
| FRAME_ECCE4 |    0 |     0 |          0 |         1 |  0.00 |
| ICAPE3      |    0 |     0 |          0 |         2 |  0.00 |
| MASTER_JTAG |    0 |     0 |          0 |         1 |  0.00 |
| STARTUPE3   |    0 |     0 |          0 |         1 |  0.00 |
+-------------+------+-------+------------+-----------+-------+


9. Primitives
-------------

+----------+------+---------------------+
| Ref Name | Used | Functional Category |
+----------+------+---------------------+
| FDRE     | 2488 |            Register |
| LUT6     | 1218 |                 CLB |
| LUT5     |  469 |                 CLB |
| LUT4     |  418 |                 CLB |
| LUT2     |  394 |                 CLB |
| LUT3     |  326 |                 CLB |
| RAMD32   |  216 |                 CLB |
| FDCE     |  164 |            Register |
| FDSE     |  148 |            Register |
| OBUF     |  132 |                 I/O |
| SRL16E   |  124 |                 CLB |
| RAMB36E2 |   60 |            BLOCKRAM |
| LUT1     |   53 |                 CLB |
| RAMS32   |   40 |                 CLB |
| CARRY8   |   40 |                 CLB |
| INBUF    |   39 |                 I/O |
| IBUFCTRL |   39 |              Others |
| RAMB18E2 |    4 |            BLOCKRAM |
| FE       |    4 |            Advanced |
| OBUFT    |    3 |                 I/O |
| BUFGCE   |    1 |               Clock |
+----------+------+---------------------+


10. Black Boxes
---------------

+----------+------+
| Ref Name | Used |
+----------+------+


11. Instantiated Netlists
-------------------------

+------------------+------+
|     Ref Name     | Used |
+------------------+------+
| sd_fec_0         |    4 |
| axis_data_fifo_1 |    4 |
| axis_data_fifo_0 |    4 |
+------------------+------+


