xmvhdl(64): 20.09-s007: (c) Copyright 1995-2020 Cadence Design Systems, Inc.
/ihp/ihpusr/xilinx/vivado2021.2/Vivado/2021.2/data/ip/xilinx/g975_efec_i4_v1_0/hdl/g975_efec_i4_v1_0_vh_rfs.vhd:
xmvhdl_p: *W,WARIPR: warning within protected source code.
	errors: 0, warnings: 1
	streams: 1, words: 8
	streams: 1, words: 645
	streams: 40, words: 15665
	streams: 1, words: 1802
	streams: 10, words: 924
	streams: 1, words: 3122
	streams: 11, words: 1195
	streams: 1, words: 13797
	streams: 8, words: 645
	streams: 1, words: 9069
	streams: 12, words: 1187
	streams: 2, words: 2860
	streams: 5, words: 95
	streams: 1, words: 1049
	streams: 12, words: 1187
	streams: 2, words: 2860
	streams: 12, words: 1203
	streams: 2, words: 2860
	streams: 12, words: 1187
	streams: 2, words: 2860
	streams: 14, words: 1235
	streams: 2, words: 8871
	streams: 13, words: 1291
	streams: 1, words: 6387
	streams: 10, words: 908
	streams: 1, words: 1954
	streams: 10, words: 924
	streams: 1, words: 3825
	streams: 8, words: 645
	streams: 1, words: 658
	streams: 7, words: 637
	streams: 1, words: 924
	streams: 10, words: 924
	streams: 1, words: 9944
	streams: 12, words: 1064
	streams: 1, words: 6417
	streams: 7, words: 749
	streams: 1, words: 22457
	streams: 17, words: 3373
	streams: 1, words: 9007
	streams: 9, words: 877
	streams: 2, words: 3213
	streams: 12, words: 972
	streams: 1, words: 1206
	streams: 10, words: 916
	streams: 2, words: 19733
	streams: 11, words: 1195
	streams: 1, words: 13797
	streams: 13, words: 1323
	streams: 2, words: 7118
	streams: 28, words: 3447
	streams: 1, words: 2379
	streams: 30, words: 3726
	streams: 1, words: 2628
	streams: 20, words: 2319
	streams: 1, words: 2379
	streams: 10, words: 1092
	streams: 2, words: 11359
	streams: 10, words: 729
	streams: 1, words: 2623
	streams: 8, words: 637
	streams: 1, words: 2121
	streams: 18, words: 1251
	streams: 1, words: 10910
	streams: 22, words: 1815
	streams: 1, words: 2008
	streams: 16, words: 972
	streams: 2, words: 6030
	streams: 14, words: 956
	streams: 3, words: 19269
	streams: 7, words: 717
	streams: 2, words: 3376
	streams: 10, words: 661
	streams: 1, words: 1040
	streams: 9, words: 972
	streams: 1, words: 11578
	streams: 12, words: 757
	streams: 1, words: 2954
	streams: 18, words: 1315
	streams: 1, words: 4009
	streams: 31, words: 3206
	streams: 2, words: 6654
	streams: 52, words: 6554
	streams: 1, words: 6190
	streams: 73, words: 8820
	streams: 1, words: 6824
	streams: 44, words: 5681
	streams: 2, words: 4889
	streams: 26, words: 1581
	streams: 2, words: 3002
	streams: 24, words: 1568
	streams: 2, words: 8628
	streams: 12, words: 677
	streams: 4, words: 20045
	streams: 15, words: 972
	streams: 1, words: 6094
	streams: 11, words: 1040
	streams: 1, words: 8745
	streams: 14, words: 749
	streams: 3, words: 10368
	streams: 24, words: 1275
	streams: 1, words: 9380
	streams: 17, words: 2264
	streams: 1, words: 943
	streams: 16, words: 4864
	streams: 1, words: 1813
	streams: 10, words: 2795
	streams: 1, words: 1084
	streams: 9, words: 1084
	streams: 2, words: 2753
	streams: 23, words: 1867
	streams: 1, words: 3568
	streams: 14, words: 1299
	streams: 1, words: 12472
	streams: 16, words: 4864
	streams: 1, words: 1813
	streams: 17, words: 1498
	streams: 1, words: 6867
	streams: 13, words: 1211
	streams: 1, words: 5313
	streams: 19, words: 1557
	streams: 2, words: 8469
	streams: 11, words: 661
	streams: 1, words: 1379
	streams: 11, words: 781
	streams: 1, words: 2655
	streams: 14, words: 1331
	streams: 2, words: 8883
	streams: 16, words: 1235
	streams: 1, words: 4614
	streams: 22, words: 1852
	streams: 4, words: 23266
	streams: 16, words: 972
	streams: 1, words: 7115
	streams: 12, words: 757
	streams: 1, words: 1544
	streams: 12, words: 757
	streams: 1, words: 995
	streams: 12, words: 757
	streams: 2, words: 5615
	streams: 12, words: 757
	streams: 1, words: 6477
	streams: 12, words: 757
	streams: 1, words: 6477
	streams: 12, words: 757
	streams: 2, words: 5897
	streams: 12, words: 757
	streams: 1, words: 6477
	streams: 12, words: 757
	streams: 1, words: 6477
	streams: 17, words: 1278
	streams: 1, words: 6992
	streams: 18, words: 1283
	streams: 1, words: 8049
	streams: 16, words: 1315
	streams: 1, words: 7741
	streams: 16, words: 1315
	streams: 1, words: 7707
	streams: 18, words: 1411
	streams: 1, words: 3180
	streams: 12, words: 757
	streams: 1, words: 729
	streams: 10, words: 741
	streams: 2, words: 7829
	streams: 16, words: 1004
	streams: 2, words: 34013
	streams: 14, words: 693
	streams: 1, words: 7002
	streams: 13, words: 725
	streams: 2, words: 8562
	streams: 13, words: 1291
	streams: 1, words: 4046
	streams: 13, words: 1291
	streams: 2, words: 7199
	streams: 13, words: 1291
	streams: 2, words: 7135
	streams: 15, words: 797
	streams: 2, words: 27129
	streams: 13, words: 781
	streams: 2, words: 18962
	streams: 21, words: 1318
	streams: 1, words: 6866
	streams: 22, words: 1401
	streams: 1, words: 11758
	streams: 12, words: 757
	streams: 1, words: 3648
	streams: 13, words: 1020
	streams: 1, words: 3648
	streams: 35, words: 3700
	streams: 1, words: 12146
	streams: 10, words: 741
	streams: 1, words: 17697
	streams: 10, words: 741
	streams: 1, words: 30443
	streams: 23, words: 1831
	streams: 1, words: 5761
	streams: 12, words: 757
	streams: 1, words: 2968
	streams: 21, words: 1577
	streams: 1, words: 17226
	streams: 19, words: 1481
	streams: 1, words: 9538
	streams: 20, words: 1987
	streams: 1, words: 6893
	streams: 11, words: 3667
	streams: 1, words: 21269
	streams: 10, words: 2863
	streams: 1, words: 4669
	streams: 7, words: 1907
	streams: 1, words: 3716
	streams: 15, words: 3939
	streams: 2, words: 2315
	streams: 19, words: 2249
	streams: 1, words: 23273
	streams: 10, words: 271
	streams: 1, words: 19684
	streams: 19, words: 1011
	streams: 1, words: 4561
	streams: 28, words: 1796
	streams: 1, words: 5147
	streams: 14, words: 2256
	streams: 1, words: 49793
	streams: 16, words: 2278
	streams: 2, words: 86982
	streams: 13, words: 1964
	streams: 1, words: 2629
	streams: 16, words: 2207
	streams: 1, words: 8681
	streams: 29, words: 5123
	streams: 2, words: 12897
	streams: 29, words: 3045
	streams: 1, words: 1981
