xmvhdl(64): 20.09-s007: (c) Copyright 1995-2020 Cadence Design Systems, Inc.
/ihp/ihpusr/xilinx/vivado2021.2/Vivado/2021.2/data/ip/xilinx/g975_efec_i7_v2_0/hdl/g975_efec_i7_v2_0_vh_rfs.vhd:
xmvhdl_p: *W,WARIPR: warning within protected source code.
xmvhdl_p: *W,WARIPR: warning within protected source code.
xmvhdl_p: *W,WARIPR: warning within protected source code.
xmvhdl_p: *W,WARIPR: warning within protected source code.
xmvhdl_p: *W,WARIPR: warning within protected source code.
xmvhdl_p: *W,WARIPR: warning within protected source code.
xmvhdl_p: *W,WARIPR: warning within protected source code.
xmvhdl_p: *W,WARIPR: warning within protected source code.
	errors: 0, warnings: 8
	streams: 52, words: 25303
	streams: 268, words: 321733
	streams: 1, words: 468
	streams: 3, words: 668
	streams: 4, words: 26422
	streams: 41, words: 39408
	streams: 1, words: 642
	streams: 1, words: 158
	streams: 13, words: 10107
	streams: 16, words: 12037
	streams: 10, words: 2067
	streams: 1, words: 3678
	streams: 8, words: 314
	streams: 1, words: 5483
	streams: 11, words: 2128
	streams: 1, words: 6856
	streams: 10, words: 2067
	streams: 1, words: 3678
	streams: 8, words: 1224
	streams: 1, words: 6155
	streams: 7, words: 1157
	streams: 1, words: 3573
	streams: 8, words: 1044
	streams: 1, words: 5166
	streams: 8, words: 5714
	streams: 1, words: 7368
	streams: 9, words: 1104
	streams: 1, words: 3551
	streams: 31, words: 3999
	streams: 2, words: 15233
	streams: 6, words: 239
	streams: 2, words: 4417
	streams: 9, words: 2059
	streams: 2, words: 5064
	streams: 13, words: 3128
	streams: 3, words: 5132
	streams: 16, words: 4275
	streams: 3, words: 5132
	streams: 15, words: 4267
	streams: 3, words: 4812
	streams: 20, words: 3446
	streams: 2, words: 14347
	streams: 21, words: 2329
	streams: 2, words: 8919
	streams: 22, words: 8531
	streams: 7, words: 40364
	streams: 7, words: 630
	streams: 1, words: 1936
	streams: 8, words: 700
	streams: 7, words: 51102
	streams: 7, words: 630
	streams: 3, words: 3463
	streams: 6, words: 554
	streams: 1, words: 1508
	streams: 16, words: 4275
	streams: 3, words: 5132
	streams: 10, words: 1091
	streams: 14, words: 41742
	streams: 9, words: 1216
	streams: 4, words: 22171
	streams: 15, words: 2455
	streams: 3, words: 4926
	streams: 1, words: 8
	streams: 3, words: 1354
	streams: 1, words: 671
	streams: 1, words: 158
	streams: 30, words: 7542
	streams: 3, words: 18443
	streams: 28, words: 6599
	streams: 3, words: 21845
	streams: 12, words: 2188
	streams: 1, words: 4407
	streams: 8, words: 1919
	streams: 3, words: 7304
	streams: 9, words: 972
	streams: 1, words: 11843
	streams: 9, words: 988
	streams: 1, words: 11847
	streams: 1, words: 8
	streams: 6, words: 6118
	streams: 18, words: 3365
	streams: 1, words: 4703
	streams: 12, words: 1956
	streams: 1, words: 2600
	streams: 12, words: 1956
	streams: 1, words: 2765
	streams: 15, words: 2146
	streams: 3, words: 6519
	streams: 16, words: 2225
	streams: 4, words: 13439
	streams: 17, words: 2304
	streams: 3, words: 6193
	streams: 26, words: 3930
	streams: 1, words: 21210
	streams: 23, words: 2927
	streams: 4, words: 25843
	streams: 23, words: 2875
	streams: 5, words: 35819
	streams: 18, words: 1555
	streams: 5, words: 15723
	streams: 18, words: 1516
	streams: 3, words: 9109
	streams: 10, words: 1040
	streams: 1, words: 6700
	streams: 16, words: 1672
	streams: 2, words: 10922
	streams: 14, words: 803
	streams: 8, words: 28764
	streams: 19, words: 2827
	streams: 4, words: 9361
	streams: 12, words: 541
	streams: 1, words: 2072
	streams: 17, words: 2224
	streams: 6, words: 9865
	streams: 14, words: 755
	streams: 2, words: 5858
	streams: 13, words: 3484
	streams: 5, words: 15398
	streams: 24, words: 1999
	streams: 1, words: 1367
	streams: 9, words: 933
	streams: 1, words: 2891
	streams: 13, words: 744
	streams: 5, words: 18436
	streams: 27, words: 1816
	streams: 2, words: 1303
	streams: 15, words: 763
	streams: 5, words: 8985
	streams: 24, words: 2786
	streams: 4, words: 19634
	streams: 28, words: 2921
	streams: 1, words: 2356
	streams: 17, words: 1506
	streams: 1, words: 3387
	streams: 9, words: 792
	streams: 3, words: 4343
	streams: 16, words: 2198
	streams: 9, words: 30906
	streams: 12, words: 765
	streams: 5, words: 8732
	streams: 13, words: 840
	streams: 5, words: 20538
	streams: 12, words: 773
	streams: 7, words: 11631
	streams: 13, words: 832
	streams: 4, words: 5068
	streams: 25, words: 3599
	streams: 11, words: 43209
	streams: 12, words: 773
	streams: 1, words: 2028
	streams: 16, words: 4938
	streams: 7, words: 12231
	streams: 20, words: 4492
	streams: 3, words: 11819
	streams: 20, words: 4501
	streams: 2, words: 7679
	streams: 17, words: 2618
	streams: 5, words: 17307
	streams: 10, words: 809
	streams: 8, words: 16406
	streams: 7, words: 699
	streams: 1, words: 1487
	streams: 12, words: 1310
	streams: 12, words: 22638
	streams: 7, words: 677
	streams: 1, words: 681
	streams: 19, words: 2097
	streams: 16, words: 39475
	streams: 20, words: 1844
	streams: 4, words: 5915
	streams: 1, words: 1341
	streams: 2, words: 4042
	streams: 32, words: 5851
	streams: 10, words: 29869
	streams: 12, words: 2956
	streams: 1, words: 6478
	streams: 29, words: 10566
	streams: 6, words: 29220
	streams: 8, words: 766
	streams: 2, words: 9159
	streams: 8, words: 766
	streams: 2, words: 11859
	streams: 14, words: 2985
	streams: 3, words: 3640
	streams: 13, words: 3500
	streams: 3, words: 6274
	streams: 13, words: 3500
	streams: 3, words: 8842
	streams: 15, words: 4144
	streams: 1, words: 4481
	streams: 16, words: 3189
	streams: 4, words: 13857
	streams: 11, words: 583
	streams: 2, words: 7749
	streams: 12, words: 1204
	streams: 1, words: 898
	streams: 9, words: 1021
	streams: 1, words: 1616
	streams: 22, words: 6448
	streams: 12, words: 28214
	streams: 9, words: 5830
	streams: 2, words: 7762
	streams: 12, words: 2482
	streams: 1, words: 4646
	streams: 16, words: 4101
	streams: 1, words: 1704
	streams: 16, words: 683
	streams: 1, words: 1489
	streams: 24, words: 6931
	streams: 6, words: 20782
	streams: 24, words: 6376
	streams: 7, words: 27956
	streams: 11, words: 2010
	streams: 2, words: 3519
	streams: 23, words: 14567
	streams: 1, words: 4367
	streams: 8, words: 1088
	streams: 1, words: 6356
	streams: 15, words: 8320
	streams: 11, words: 25738
	streams: 17, words: 9224
	streams: 15, words: 26792
	streams: 11, words: 6426
	streams: 1, words: 1181
	streams: 25, words: 15222
	streams: 6, words: 74550
	streams: 13, words: 7441
	streams: 1, words: 4531
	streams: 14, words: 8245
	streams: 1, words: 5919
	streams: 13, words: 7432
	streams: 6, words: 94378
	streams: 15, words: 8321
	streams: 1, words: 14867
	streams: 19, words: 7866
	streams: 7, words: 96191
	streams: 25, words: 492
	streams: 2, words: 18173
	streams: 17, words: 8268
	streams: 1, words: 2431
	streams: 28, words: 14327
	streams: 1, words: 4915
	streams: 25, words: 10152
	streams: 8, words: 19864
	streams: 24, words: 10144
	streams: 5, words: 12056
	streams: 35, words: 12564
	streams: 5, words: 34515
	streams: 23, words: 10345
	streams: 3, words: 35601
	streams: 10, words: 5603
	streams: 4, words: 8985
	streams: 17, words: 757
	streams: 1, words: 2570
	streams: 16, words: 1076
	streams: 2, words: 4933
	streams: 19, words: 2872
	streams: 7, words: 48966
	streams: 31, words: 4538
	streams: 14, words: 97193
	streams: 46, words: 8466
	streams: 3, words: 10270
	streams: 43, words: 8950
	streams: 2, words: 7032
	streams: 46, words: 8466
	streams: 2, words: 6300
