xmvhdl(64): 20.09-s007: (c) Copyright 1995-2020 Cadence Design Systems, Inc.
/ihp/ihpusr/xilinx/vivado2021.2/Vivado/2021.2/data/ip/xilinx/axis_accelerator_adapter_v2_1/hdl/axis_accelerator_adapter_v2_1_rfs.vhd:
	errors: 0, warnings: 0
AXIS_ACCELERATOR_ADAPTER_V2_1_16.XD_ADAPTER_PKG (package):
	streams: 3, words: 996
AXIS_ACCELERATOR_ADAPTER_V2_1_16.XD_ADAPTER_PKG:BODY (package body):
	streams: 27, words: 35680
AXIS_ACCELERATOR_ADAPTER_V2_1_16.SYNCHRONIZER_FF (entity):
	streams: 9, words: 2109
AXIS_ACCELERATOR_ADAPTER_V2_1_16.SYNCHRONIZER_FF:XILINX (architecture):
	streams: 1, words: 1733
AXIS_ACCELERATOR_ADAPTER_V2_1_16.CLK_X_PNTRS (entity):
	streams: 18, words: 4306
AXIS_ACCELERATOR_ADAPTER_V2_1_16.CLK_X_PNTRS:XILINX (architecture):
	streams: 4, words: 13165
AXIS_ACCELERATOR_ADAPTER_V2_1_16.AXIS_ACC_ADAPTER_CDC_SYNC (entity):
	streams: 24, words: 2413
AXIS_ACCELERATOR_ADAPTER_V2_1_16.AXIS_ACC_ADAPTER_CDC_SYNC:IMPLEMENTATION (architecture):
	streams: 1, words: 21889
AXIS_ACCELERATOR_ADAPTER_V2_1_16.SYMMETRIC_DP_BANK_V6 (entity):
	streams: 24, words: 5892
AXIS_ACCELERATOR_ADAPTER_V2_1_16.SYMMETRIC_DP_BANK_V6:RTL (architecture):
	streams: 7, words: 124327
AXIS_ACCELERATOR_ADAPTER_V2_1_16.DP_BANK_SDP_V6 (entity):
	streams: 21, words: 4314
AXIS_ACCELERATOR_ADAPTER_V2_1_16.DP_BANK_SDP_V6:RTL (architecture):
	streams: 1, words: 49182
AXIS_ACCELERATOR_ADAPTER_V2_1_16.ASYMMETRIC_DP_BANK_V6 (entity):
	streams: 27, words: 6126
AXIS_ACCELERATOR_ADAPTER_V2_1_16.ASYMMETRIC_DP_BANK_V6:RTL (architecture):
	streams: 7, words: 131544
AXIS_ACCELERATOR_ADAPTER_V2_1_16.ARG_MEM_BANK_V6 (entity):
	streams: 29, words: 6201
AXIS_ACCELERATOR_ADAPTER_V2_1_16.ARG_MEM_BANK_V6:RTL (architecture):
	streams: 7, words: 27703
AXIS_ACCELERATOR_ADAPTER_V2_1_16.ARG_MEM_BANK (entity):
	streams: 28, words: 6131
AXIS_ACCELERATOR_ADAPTER_V2_1_16.ARG_MEM_BANK:RTL (architecture):
	streams: 2, words: 6118
AXIS_ACCELERATOR_ADAPTER_V2_1_16.SRL_FIFO_32_WT (entity):
	streams: 13, words: 2137
AXIS_ACCELERATOR_ADAPTER_V2_1_16.SRL_FIFO_32_WT:RTL (architecture):
	streams: 2, words: 4034
AXIS_ACCELERATOR_ADAPTER_V2_1_16.OARG_COLUMNIZED_MEM_BANK (entity):
	streams: 29, words: 8062
AXIS_ACCELERATOR_ADAPTER_V2_1_16.OARG_COLUMNIZED_MEM_BANK:RTL (architecture):
	streams: 3, words: 20769
AXIS_ACCELERATOR_ADAPTER_V2_1_16.IARG_COLUMNIZED_MEM_BANK (entity):
	streams: 29, words: 8065
AXIS_ACCELERATOR_ADAPTER_V2_1_16.IARG_COLUMNIZED_MEM_BANK:RTL (architecture):
	streams: 3, words: 14239
AXIS_ACCELERATOR_ADAPTER_V2_1_16.XD_S2M_MEMORY_DC (entity):
	streams: 44, words: 6470
AXIS_ACCELERATOR_ADAPTER_V2_1_16.XD_S2M_MEMORY_DC:RTL (architecture):
	streams: 8, words: 49527
AXIS_ACCELERATOR_ADAPTER_V2_1_16.XD_S2M_CONVERTER (entity):
	streams: 21, words: 3991
AXIS_ACCELERATOR_ADAPTER_V2_1_16.XD_S2M_CONVERTER:RTL (architecture):
	streams: 1, words: 914
AXIS_ACCELERATOR_ADAPTER_V2_1_16.XD_M2S_MEMORY_DC (entity):
	streams: 50, words: 7590
AXIS_ACCELERATOR_ADAPTER_V2_1_16.XD_M2S_MEMORY_DC:RTL (architecture):
	streams: 13, words: 70057
AXIS_ACCELERATOR_ADAPTER_V2_1_16.XD_M2S_CONVERTER (entity):
	streams: 36, words: 9646
AXIS_ACCELERATOR_ADAPTER_V2_1_16.XD_M2S_CONVERTER:RTL (architecture):
	streams: 1, words: 6521
AXIS_ACCELERATOR_ADAPTER_V2_1_16.S2S_ASYNC_FIFO_WT (entity):
	streams: 17, words: 2317
AXIS_ACCELERATOR_ADAPTER_V2_1_16.S2S_ASYNC_FIFO_WT:RTL (architecture):
	streams: 4, words: 98924
AXIS_ACCELERATOR_ADAPTER_V2_1_16.XD_S2M_ADAPTER (entity):
	streams: 59, words: 10842
AXIS_ACCELERATOR_ADAPTER_V2_1_16.XD_S2M_ADAPTER:RTL (architecture):
	streams: 5, words: 16680
AXIS_ACCELERATOR_ADAPTER_V2_1_16.XD_OUTPUT_SCALARS_FIFO (entity):
	streams: 19, words: 2517
AXIS_ACCELERATOR_ADAPTER_V2_1_16.XD_OUTPUT_SCALARS_FIFO:RTL (architecture):
	streams: 4, words: 68340
AXIS_ACCELERATOR_ADAPTER_V2_1_16.XD_OARG_S2S_ADAPTER (entity):
	streams: 44, words: 8394
AXIS_ACCELERATOR_ADAPTER_V2_1_16.XD_OARG_S2S_ADAPTER:RTL (architecture):
	streams: 6, words: 36317
AXIS_ACCELERATOR_ADAPTER_V2_1_16.XD_M2S_ADAPTER (entity):
	streams: 58, words: 11257
AXIS_ACCELERATOR_ADAPTER_V2_1_16.XD_M2S_ADAPTER:RTL (architecture):
	streams: 4, words: 20215
AXIS_ACCELERATOR_ADAPTER_V2_1_16.XD_INPUT_SCALARS_FIFO (entity):
	streams: 19, words: 2517
AXIS_ACCELERATOR_ADAPTER_V2_1_16.XD_INPUT_SCALARS_FIFO:RTL (architecture):
	streams: 4, words: 69320
AXIS_ACCELERATOR_ADAPTER_V2_1_16.XD_IARG_S2S_ADAPTER (entity):
	streams: 35, words: 7289
AXIS_ACCELERATOR_ADAPTER_V2_1_16.XD_IARG_S2S_ADAPTER:RTL (architecture):
	streams: 4, words: 21143
AXIS_ACCELERATOR_ADAPTER_V2_1_16.SYNC_AP_STATUS (entity):
	streams: 7, words: 111
AXIS_ACCELERATOR_ADAPTER_V2_1_16.SYNC_AP_STATUS:RTL (architecture):
	streams: 1, words: 200
AXIS_ACCELERATOR_ADAPTER_V2_1_16.ASYNC_FIFO_DIST_WT (entity):
	streams: 16, words: 2238
AXIS_ACCELERATOR_ADAPTER_V2_1_16.ASYNC_FIFO_DIST_WT:RTL (architecture):
	streams: 1, words: 7830
AXIS_ACCELERATOR_ADAPTER_V2_1_16.ASYNC_FIFO_DIST_INST (entity):
	streams: 16, words: 2238
AXIS_ACCELERATOR_ADAPTER_V2_1_16.ASYNC_FIFO_DIST_INST:RTL (architecture):
	streams: 2, words: 50125
AXIS_ACCELERATOR_ADAPTER_V2_1_16.XD_SYNC_MODULE (entity):
	streams: 71, words: 15955
AXIS_ACCELERATOR_ADAPTER_V2_1_16.XD_SYNC_MODULE:RTL (architecture):
	streams: 22, words: 47958
AXIS_ACCELERATOR_ADAPTER_V2_1_16.XD_OUTPUT_SCALARS_MODULE (entity):
	streams: 33, words: 9644
AXIS_ACCELERATOR_ADAPTER_V2_1_16.XD_OUTPUT_SCALARS_MODULE:RTL (architecture):
	streams: 8, words: 34721
AXIS_ACCELERATOR_ADAPTER_V2_1_16.XD_OUTPUT_ARGS_MODULE (entity):
	streams: 86, words: 35528
AXIS_ACCELERATOR_ADAPTER_V2_1_16.XD_OUTPUT_ARGS_MODULE:RTL (architecture):
	streams: 11, words: 78616
AXIS_ACCELERATOR_ADAPTER_V2_1_16.XD_INPUT_SCALARS_MODULE (entity):
	streams: 32, words: 8467
AXIS_ACCELERATOR_ADAPTER_V2_1_16.XD_INPUT_SCALARS_MODULE:RTL (architecture):
	streams: 10, words: 40111
AXIS_ACCELERATOR_ADAPTER_V2_1_16.XD_INPUT_ARGS_MODULE (entity):
	streams: 76, words: 33156
AXIS_ACCELERATOR_ADAPTER_V2_1_16.XD_INPUT_ARGS_MODULE:RTL (architecture):
	streams: 6, words: 57057
AXIS_ACCELERATOR_ADAPTER_V2_1_16.AXI_LITE_ADAPTER (entity):
	streams: 135, words: 43494
AXIS_ACCELERATOR_ADAPTER_V2_1_16.AXI_LITE_ADAPTER:RTL (architecture):
	streams: 4, words: 59988
AXIS_ACCELERATOR_ADAPTER_V2_1_16.AXIS_ACCELERATOR_ADAPTER_CORE (entity):
	streams: 166, words: 57650
AXIS_ACCELERATOR_ADAPTER_V2_1_16.AXIS_ACCELERATOR_ADAPTER_CORE:RTL (architecture):
	streams: 25, words: 251696
AXIS_ACCELERATOR_ADAPTER_V2_1_16.AXIS_ACCELERATOR_ADAPTER (entity):
	streams: 781, words: 195908
AXIS_ACCELERATOR_ADAPTER_V2_1_16.AXIS_ACCELERATOR_ADAPTER:RTL (architecture):
	streams: 5, words: 136748
