xmvhdl(64): 20.09-s007: (c) Copyright 1995-2020 Cadence Design Systems, Inc.
/ihp/ihpusr/xilinx/vivado2021.2/Vivado/2021.2/data/ip/xilinx/tcc_decoder_3gpplte_v3_0/hdl/tcc_decoder_3gpplte_v3_0_vh_rfs.vhd:
xmvhdl_p: *W,WARIPR: warning within protected source code.
xmvhdl_p: *W,WARIPR: warning within protected source code.
xmvhdl_p: *W,WARIPR: warning within protected source code.
	errors: 0, warnings: 3
	streams: 1, words: 8
	streams: 2, words: 273
	streams: 1, words: 8
	streams: 2, words: 273
	streams: 21, words: 9888
	streams: 142, words: 151324
	streams: 1, words: 8
	streams: 1, words: 158
	streams: 1, words: 49060
	streams: 1, words: 158
	streams: 4, words: 1490
	streams: 44, words: 207715
	streams: 1, words: 8
	streams: 23, words: 56766
	streams: 3, words: 225
	streams: 1, words: 423
	streams: 18, words: 12557
	streams: 1, words: 3322
	streams: 10, words: 1886
	streams: 1, words: 1838
	streams: 7, words: 499
	streams: 1, words: 2637
	streams: 10, words: 2319
	streams: 1, words: 3284
	streams: 10, words: 2319
	streams: 1, words: 3284
	streams: 10, words: 2319
	streams: 1, words: 3284
	streams: 8, words: 969
	streams: 3, words: 5406
	streams: 8, words: 2687
	streams: 1, words: 1823
	streams: 24, words: 9250
	streams: 1, words: 3013
	streams: 24, words: 9250
	streams: 2, words: 12110
	streams: 24, words: 9250
	streams: 2, words: 12110
	streams: 26, words: 9597
	streams: 1, words: 9760
	streams: 26, words: 9597
	streams: 2, words: 12290
	streams: 26, words: 9597
	streams: 2, words: 12290
	streams: 23, words: 7910
	streams: 4, words: 147662
	streams: 23, words: 7910
	streams: 4, words: 136771
	streams: 23, words: 7910
	streams: 4, words: 129154
	streams: 23, words: 6943
	streams: 4, words: 20162
	streams: 23, words: 7109
	streams: 4, words: 21806
	streams: 23, words: 7279
	streams: 4, words: 25350
	streams: 16, words: 1825
	streams: 1, words: 15162
	streams: 16, words: 1745
	streams: 3, words: 25911
	streams: 17, words: 4525
	streams: 1, words: 4208
	streams: 18, words: 4595
	streams: 5, words: 17984
	streams: 16, words: 4517
	streams: 1, words: 3592
	streams: 11, words: 2314
	streams: 1, words: 5106
	streams: 30, words: 4142
	streams: 2, words: 16863
	streams: 12, words: 2145
	streams: 1, words: 1167
	streams: 12, words: 2145
	streams: 1, words: 3199
	streams: 25, words: 3776
	streams: 3, words: 7062
	streams: 20, words: 3674
	streams: 2, words: 5039
	streams: 13, words: 2230
	streams: 3, words: 7933
	streams: 7, words: 2493
	streams: 1, words: 11233
	streams: 6, words: 1434
	streams: 1, words: 6919
	streams: 7, words: 2493
	streams: 1, words: 8757
	streams: 1, words: 8
	streams: 1, words: 158
	streams: 1, words: 1802
	streams: 1, words: 158
	streams: 6, words: 274
	streams: 1, words: 2933
	streams: 14, words: 2523
	streams: 1, words: 701
	streams: 13, words: 3250
	streams: 3, words: 5635
	streams: 1, words: 8
	streams: 1, words: 158
	streams: 1, words: 33505
	streams: 1, words: 158
	streams: 1, words: 956
	streams: 1, words: 158
	streams: 7, words: 1076
	streams: 3, words: 6495
	streams: 11, words: 3433
	streams: 2, words: 20953
	streams: 9, words: 2947
	streams: 3, words: 13067
	streams: 8, words: 2280
	streams: 1, words: 910
	streams: 10, words: 2182
	streams: 2, words: 5738
	streams: 11, words: 1872
	streams: 3, words: 28269
	streams: 14, words: 6611
	streams: 5, words: 17907
	streams: 20, words: 5103
	streams: 1, words: 19294
	streams: 9, words: 1203
	streams: 1, words: 4258
	streams: 20, words: 7876
	streams: 6, words: 45643
	streams: 14, words: 8218
	streams: 7, words: 50753
	streams: 17, words: 9721
	streams: 6, words: 22093
	streams: 7, words: 2934
	streams: 2, words: 41373
	streams: 13, words: 4108
	streams: 4, words: 25933
	streams: 18, words: 12235
	streams: 6, words: 39923
	streams: 9, words: 3741
	streams: 6, words: 53516
	streams: 8, words: 4055
	streams: 4, words: 12732
	streams: 13, words: 8493
	streams: 8, words: 42489
	streams: 1, words: 30730
	streams: 1, words: 158
	streams: 7, words: 3375
	streams: 1, words: 4442
	streams: 4, words: 1777
	streams: 1, words: 416
	streams: 7, words: 4882
	streams: 5, words: 48676
	streams: 8, words: 6601
	streams: 29, words: 100604
	streams: 8, words: 5330
	streams: 10, words: 56441
	streams: 8, words: 6325
	streams: 5, words: 20746
	streams: 11, words: 8114
	streams: 3, words: 9485
	streams: 1, words: 8
	streams: 1, words: 158
	streams: 8, words: 2867
	streams: 1, words: 3984
	streams: 8, words: 2497
	streams: 2, words: 9216
	streams: 8, words: 4876
	streams: 2, words: 8403
	streams: 9, words: 5147
	streams: 2, words: 9985
	streams: 10, words: 4786
	streams: 7, words: 18025
	streams: 13, words: 10138
	streams: 14, words: 41260
	streams: 13, words: 10138
	streams: 3, words: 13422
	streams: 8, words: 4663
	streams: 3, words: 8643
	streams: 13, words: 10516
	streams: 4, words: 16795
	streams: 1, words: 19009
	streams: 1, words: 158
	streams: 4, words: 1865
	streams: 11, words: 17809
	streams: 7, words: 2127
	streams: 1, words: 3552
	streams: 17, words: 4587
	streams: 2, words: 29761
	streams: 8, words: 2286
	streams: 1, words: 9319
	streams: 8, words: 1385
	streams: 5, words: 15116
	streams: 8, words: 1676
	streams: 7, words: 15087
	streams: 8, words: 1667
	streams: 7, words: 32006
	streams: 8, words: 1676
	streams: 7, words: 36555
	streams: 6, words: 1471
	streams: 15, words: 112267
	streams: 6, words: 1471
	streams: 7, words: 40855
	streams: 6, words: 1462
	streams: 7, words: 40253
	streams: 6, words: 1471
	streams: 7, words: 46987
	streams: 7, words: 1292
	streams: 6, words: 6674
	streams: 7, words: 1292
	streams: 6, words: 6674
	streams: 8, words: 1323
	streams: 7, words: 9331
	streams: 6, words: 4036
	streams: 5, words: 38645
	streams: 6, words: 2904
	streams: 23, words: 58260
	streams: 10, words: 5433
	streams: 13, words: 44263
	streams: 14, words: 6541
	streams: 2, words: 16535
	streams: 8, words: 2051
	streams: 6, words: 16034
	streams: 8, words: 5307
	streams: 11, words: 82201
	streams: 12, words: 6095
	streams: 2, words: 15039
	streams: 12, words: 6162
	streams: 13, words: 52063
	streams: 18, words: 10069
	streams: 10, words: 43284
	streams: 18, words: 12954
	streams: 3, words: 15166
	streams: 24, words: 14164
	streams: 5, words: 29274
	streams: 1, words: 8
	streams: 1, words: 158
	streams: 10, words: 5133
	streams: 12, words: 86508
	streams: 20, words: 14879
	streams: 5, words: 36273
	streams: 20, words: 14879
	streams: 4, words: 24381
	streams: 18, words: 10600
	streams: 5, words: 29952
	streams: 1, words: 8
	streams: 1, words: 158
	streams: 1, words: 42395
	streams: 1, words: 158
	streams: 1, words: 8
	streams: 11, words: 162877
	streams: 20, words: 12609
	streams: 3, words: 58728
	streams: 6, words: 2731
	streams: 2, words: 9255
	streams: 6, words: 2687
	streams: 21, words: 58823
	streams: 8, words: 2955
	streams: 1, words: 13798
	streams: 7, words: 2599
	streams: 2, words: 6021
	streams: 7, words: 2534
	streams: 2, words: 6800
	streams: 14, words: 8093
	streams: 8, words: 30447
	streams: 11, words: 4473
	streams: 6, words: 55198
	streams: 8, words: 3410
	streams: 4, words: 10605
	streams: 12, words: 4236
	streams: 7, words: 67284
	streams: 9, words: 1993
	streams: 4, words: 13356
	streams: 9, words: 1702
	streams: 2, words: 17751
	streams: 9, words: 1993
	streams: 4, words: 16378
	streams: 9, words: 1702
	streams: 4, words: 6018
	streams: 8, words: 3003
	streams: 2, words: 6341
	streams: 9, words: 1702
	streams: 2, words: 6785
	streams: 13, words: 5121
	streams: 7, words: 19172
	streams: 14, words: 6746
	streams: 6, words: 27254
	streams: 78, words: 19971
	streams: 4, words: 40413
	streams: 78, words: 18713
	streams: 1, words: 15020
