xmvhdl(64): 20.09-s007: (c) Copyright 1995-2020 Cadence Design Systems, Inc.
/ihp/ihpusr/xilinx/vivado2021.2/Vivado/2021.2/data/ip/xilinx/axi_datamover_v5_1/hdl/axi_datamover_v5_1_vh_rfs.vhd:
	errors: 0, warnings: 0
AXI_DATAMOVER_V5_1_27.AXI_DATAMOVER_RESET (entity):
	streams: 18, words: 264
AXI_DATAMOVER_V5_1_27.AXI_DATAMOVER_RESET:IMPLEMENTATION (architecture):
	streams: 4, words: 7520
AXI_DATAMOVER_V5_1_27.AXI_DATAMOVER_AFIFO_AUTORD (entity):
	streams: 31, words: 5916
AXI_DATAMOVER_V5_1_27.AXI_DATAMOVER_AFIFO_AUTORD:IMP (architecture):
	streams: 2, words: 8237
AXI_DATAMOVER_V5_1_27.AXI_DATAMOVER_SFIFO_AUTORD (entity):
	streams: 32, words: 5284
AXI_DATAMOVER_V5_1_27.AXI_DATAMOVER_SFIFO_AUTORD:IMP (architecture):
	streams: 3, words: 13082
AXI_DATAMOVER_V5_1_27.AXI_DATAMOVER_FIFO (entity):
	streams: 22, words: 2425
AXI_DATAMOVER_V5_1_27.AXI_DATAMOVER_FIFO:IMP (architecture):
	streams: 5, words: 21130
AXI_DATAMOVER_V5_1_27.AXI_DATAMOVER_CMD_STATUS (entity):
	streams: 41, words: 5963
AXI_DATAMOVER_V5_1_27.AXI_DATAMOVER_CMD_STATUS:IMPLEMENTATION (architecture):
	streams: 5, words: 8831
AXI_DATAMOVER_V5_1_27.AXI_DATAMOVER_SCC (entity):
	streams: 57, words: 9019
AXI_DATAMOVER_V5_1_27.AXI_DATAMOVER_SCC:IMPLEMENTATION (architecture):
	streams: 3, words: 27006
AXI_DATAMOVER_V5_1_27.AXI_DATAMOVER_STRB_GEN2 (entity):
	streams: 14, words: 3907
AXI_DATAMOVER_V5_1_27.AXI_DATAMOVER_STRB_GEN2:IMPLEMENTATION (architecture):
	streams: 30, words: 117892
AXI_DATAMOVER_V5_1_27.AXI_DATAMOVER_PCC (entity):
	streams: 90, words: 15887
AXI_DATAMOVER_V5_1_27.AXI_DATAMOVER_PCC:IMPLEMENTATION (architecture):
	streams: 8, words: 55931
AXI_DATAMOVER_V5_1_27.AXI_DATAMOVER_ADDR_CNTL (entity):
	streams: 58, words: 7369
AXI_DATAMOVER_V5_1_27.AXI_DATAMOVER_ADDR_CNTL:IMPLEMENTATION (architecture):
	streams: 2, words: 15224
AXI_DATAMOVER_V5_1_27.AXI_DATAMOVER_RDMUX (entity):
	streams: 13, words: 2955
AXI_DATAMOVER_V5_1_27.AXI_DATAMOVER_RDMUX:IMPLEMENTATION (architecture):
	streams: 3, words: 20464
AXI_DATAMOVER_V5_1_27.AXI_DATAMOVER_RDDATA_CNTL (entity):
	streams: 80, words: 12616
AXI_DATAMOVER_V5_1_27.AXI_DATAMOVER_RDDATA_CNTL:IMPLEMENTATION (architecture):
	streams: 4, words: 26910
AXI_DATAMOVER_V5_1_27.AXI_DATAMOVER_RD_STATUS_CNTL (entity):
	streams: 23, words: 2142
AXI_DATAMOVER_V5_1_27.AXI_DATAMOVER_RD_STATUS_CNTL:IMPLEMENTATION (architecture):
	streams: 1, words: 3818
AXI_DATAMOVER_V5_1_27.AXI_DATAMOVER_WR_DEMUX (entity):
	streams: 13, words: 3027
AXI_DATAMOVER_V5_1_27.AXI_DATAMOVER_WR_DEMUX:IMPLEMENTATION (architecture):
	streams: 3, words: 215998
AXI_DATAMOVER_V5_1_27.AXI_DATAMOVER_WRDATA_CNTL (entity):
	streams: 80, words: 12017
AXI_DATAMOVER_V5_1_27.AXI_DATAMOVER_WRDATA_CNTL:IMPLEMENTATION (architecture):
	streams: 5, words: 30720
AXI_DATAMOVER_V5_1_27.AXI_DATAMOVER_WR_STATUS_CNTL (entity):
	streams: 41, words: 3855
AXI_DATAMOVER_V5_1_27.AXI_DATAMOVER_WR_STATUS_CNTL:IMPLEMENTATION (architecture):
	streams: 5, words: 25438
AXI_DATAMOVER_V5_1_27.AXI_DATAMOVER_SKID2MM_BUF (entity):
	streams: 25, words: 4938
AXI_DATAMOVER_V5_1_27.AXI_DATAMOVER_SKID2MM_BUF:IMPLEMENTATION (architecture):
	streams: 2, words: 11475
AXI_DATAMOVER_V5_1_27.AXI_DATAMOVER_SKID_BUF (entity):
	streams: 19, words: 3869
AXI_DATAMOVER_V5_1_27.AXI_DATAMOVER_SKID_BUF:IMPLEMENTATION (architecture):
	streams: 1, words: 8498
AXI_DATAMOVER_V5_1_27.AXI_DATAMOVER_RD_SF (entity):
	streams: 63, words: 10304
AXI_DATAMOVER_V5_1_27.AXI_DATAMOVER_RD_SF:IMPLEMENTATION (architecture):
	streams: 10, words: 46098
AXI_DATAMOVER_V5_1_27.AXI_DATAMOVER_WR_SF (entity):
	streams: 38, words: 5600
AXI_DATAMOVER_V5_1_27.AXI_DATAMOVER_WR_SF:IMPLEMENTATION (architecture):
	streams: 9, words: 36192
AXI_DATAMOVER_V5_1_27.AXI_DATAMOVER_STBS_SET (entity):
	streams: 7, words: 1298
AXI_DATAMOVER_V5_1_27.AXI_DATAMOVER_STBS_SET:IMPLEMENTATION (architecture):
	streams: 3, words: 22395
AXI_DATAMOVER_V5_1_27.AXI_DATAMOVER_STBS_SET_NODRE (entity):
	streams: 7, words: 1298
AXI_DATAMOVER_V5_1_27.AXI_DATAMOVER_STBS_SET_NODRE:IMPLEMENTATION (architecture):
	streams: 9, words: 28323
AXI_DATAMOVER_V5_1_27.AXI_DATAMOVER_IBTTCC (entity):
	streams: 90, words: 14958
AXI_DATAMOVER_V5_1_27.AXI_DATAMOVER_IBTTCC:IMPLEMENTATION (architecture):
	streams: 6, words: 46877
AXI_DATAMOVER_V5_1_27.AXI_DATAMOVER_INDET_BTT (entity):
	streams: 47, words: 6916
AXI_DATAMOVER_V5_1_27.AXI_DATAMOVER_INDET_BTT:IMPLEMENTATION (architecture):
	streams: 13, words: 60395
AXI_DATAMOVER_V5_1_27.AXI_DATAMOVER_DRE_MUX2_1_X_N (entity):
	streams: 9, words: 2787
AXI_DATAMOVER_V5_1_27.AXI_DATAMOVER_DRE_MUX2_1_X_N:IMPLEMENTATION (architecture):
	streams: 1, words: 200
AXI_DATAMOVER_V5_1_27.AXI_DATAMOVER_DRE_MUX4_1_X_N (entity):
	streams: 14, words: 4830
AXI_DATAMOVER_V5_1_27.AXI_DATAMOVER_DRE_MUX4_1_X_N:IMPLEMENTATION (architecture):
	streams: 1, words: 200
AXI_DATAMOVER_V5_1_27.AXI_DATAMOVER_DRE_MUX8_1_X_N (entity):
	streams: 22, words: 8468
AXI_DATAMOVER_V5_1_27.AXI_DATAMOVER_DRE_MUX8_1_X_N:IMPLEMENTATION (architecture):
	streams: 1, words: 200
AXI_DATAMOVER_V5_1_27.AXI_DATAMOVER_MM2S_DRE (entity):
	streams: 26, words: 5757
AXI_DATAMOVER_V5_1_27.AXI_DATAMOVER_MM2S_DRE:IMPLEMENTATION (architecture):
	streams: 46, words: 366461
AXI_DATAMOVER_V5_1_27.AXI_DATAMOVER_S2MM_DRE (entity):
	streams: 27, words: 5765
AXI_DATAMOVER_V5_1_27.AXI_DATAMOVER_S2MM_DRE:IMPLEMENTATION (architecture):
	streams: 46, words: 366577
AXI_DATAMOVER_V5_1_27.AXI_DATAMOVER_MS_STRB_SET (entity):
	streams: 8, words: 1983
AXI_DATAMOVER_V5_1_27.AXI_DATAMOVER_MS_STRB_SET:IMPLEMENTATION (architecture):
	streams: 13, words: 46904
AXI_DATAMOVER_V5_1_27.AXI_DATAMOVER_MSSAI_SKID_BUF (entity):
	streams: 25, words: 4870
AXI_DATAMOVER_V5_1_27.AXI_DATAMOVER_MSSAI_SKID_BUF:IMPLEMENTATION (architecture):
	streams: 2, words: 13574
AXI_DATAMOVER_V5_1_27.AXI_DATAMOVER_SLICE (entity):
	streams: 13, words: 1964
AXI_DATAMOVER_V5_1_27.AXI_DATAMOVER_SLICE:WORKING (architecture):
	streams: 1, words: 1352
AXI_DATAMOVER_V5_1_27.AXI_DATAMOVER_S2MM_SCATTER (entity):
	streams: 38, words: 6218
AXI_DATAMOVER_V5_1_27.AXI_DATAMOVER_S2MM_SCATTER:IMPLEMENTATION (architecture):
	streams: 9, words: 40798
AXI_DATAMOVER_V5_1_27.AXI_DATAMOVER_S2MM_REALIGN (entity):
	streams: 59, words: 10269
AXI_DATAMOVER_V5_1_27.AXI_DATAMOVER_S2MM_REALIGN:IMPLEMENTATION (architecture):
	streams: 5, words: 32814
AXI_DATAMOVER_V5_1_27.AXI_DATAMOVER_S2MM_BASIC_WRAP (entity):
	streams: 97, words: 12123
AXI_DATAMOVER_V5_1_27.AXI_DATAMOVER_S2MM_BASIC_WRAP:IMPLEMENTATION (architecture):
	streams: 10, words: 62450
AXI_DATAMOVER_V5_1_27.AXI_DATAMOVER_S2MM_OMIT_WRAP (entity):
	streams: 98, words: 15675
AXI_DATAMOVER_V5_1_27.AXI_DATAMOVER_S2MM_OMIT_WRAP:IMPLEMENTATION (architecture):
	streams: 1, words: 419
AXI_DATAMOVER_V5_1_27.AXI_DATAMOVER_S2MM_FULL_WRAP (entity):
	streams: 105, words: 16122
AXI_DATAMOVER_V5_1_27.AXI_DATAMOVER_S2MM_FULL_WRAP:IMPLEMENTATION (architecture):
	streams: 24, words: 126728
AXI_DATAMOVER_V5_1_27.AXI_DATAMOVER_MM2S_BASIC_WRAP (entity):
	streams: 92, words: 10978
AXI_DATAMOVER_V5_1_27.AXI_DATAMOVER_MM2S_BASIC_WRAP:IMPLEMENTATION (architecture):
	streams: 9, words: 51641
AXI_DATAMOVER_V5_1_27.AXI_DATAMOVER_MM2S_OMIT_WRAP (entity):
	streams: 91, words: 11400
AXI_DATAMOVER_V5_1_27.AXI_DATAMOVER_MM2S_OMIT_WRAP:IMPLEMENTATION (architecture):
	streams: 1, words: 419
AXI_DATAMOVER_V5_1_27.AXI_DATAMOVER_MM2S_FULL_WRAP (entity):
	streams: 96, words: 11758
AXI_DATAMOVER_V5_1_27.AXI_DATAMOVER_MM2S_FULL_WRAP:IMPLEMENTATION (architecture):
	streams: 16, words: 92736
AXI_DATAMOVER_V5_1_27.AXI_DATAMOVER (entity):
	streams: 198, words: 26987
AXI_DATAMOVER_V5_1_27.AXI_DATAMOVER:IMPLEMENTATION (architecture):
	streams: 13, words: 75464
