
*** Running vivado
    with args -log LDPC_encoder.vds -m64 -product Vivado -mode batch -messageDb vivado.pb -notrace -source LDPC_encoder.tcl


****** Vivado v2021.2 (64-bit)
  **** SW Build 3367213 on Tue Oct 19 02:47:39 MDT 2021
  **** IP Build 3369179 on Thu Oct 21 08:25:16 MDT 2021
    ** Copyright 1986-2021 Xilinx, Inc. All Rights Reserved.

source LDPC_encoder.tcl -notrace
create_project: Time (s): cpu = 00:00:06 ; elapsed = 00:00:06 . Memory (MB): peak = 3066.770 ; gain = 2.016 ; free physical = 5909 ; free virtual = 101811
INFO: [IP_Flow 19-234] Refreshing IP repositories
INFO: [IP_Flow 19-1700] Loaded user IP repository '/ihp/departments/D-SYA/work/miglioranza/Encoder/Encoder.srcs'.
INFO: [IP_Flow 19-2313] Loaded Vivado IP repository '/ihpusr/xilinx/vivado2021.2/Vivado/2021.2/data/ip'.
Command: read_checkpoint -auto_incremental -incremental /ihp/departments/D-SYA/work/miglioranza/Encoder/Encoder.srcs/utils_1/imports/synth_2/LDPC_encoder.dcp
INFO: [Vivado 12-5825] Read reference checkpoint from /ihp/departments/D-SYA/work/miglioranza/Encoder/Encoder.srcs/utils_1/imports/synth_2/LDPC_encoder.dcp for incremental synthesis
INFO: [Vivado 12-7989] Please ensure there are no constraint changes
Command: synth_design -top LDPC_encoder -part xczu28dr-ffvg1517-2-e -directive AreaOptimized_medium -control_set_opt_threshold 1
Starting synth_design
Attempting to get a license for feature 'Synthesis' and/or device 'xczu28dr'
INFO: [Common 17-349] Got license for feature 'Synthesis' and/or device 'xczu28dr'
INFO: [Device 21-403] Loading part xczu28dr-ffvg1517-2-e
WARNING: [Designutils 20-4072] Reference run did not run incremental synthesis because the design is too small; reverting to default synthesis
INFO: [Designutils 20-4379] Flow is switching to default flow due to incremental criteria not met. If you would like to alter this behaviour and have the flow terminate instead, please set the following parameter config_implementation {autoIncr.Synth.RejectBehavior Terminate}
INFO: [Synth 8-7079] Multithreading enabled for synth_design using a maximum of 4 processes.
INFO: [Synth 8-7078] Launching helper process for spawning children vivado processes
INFO: [Synth 8-7075] Helper process launched with PID 2418010
---------------------------------------------------------------------------------
Starting RTL Elaboration : Time (s): cpu = 00:00:03 ; elapsed = 00:00:04 . Memory (MB): peak = 3476.230 ; gain = 227.688 ; free physical = 4641 ; free virtual = 100557
---------------------------------------------------------------------------------
INFO: [Synth 8-638] synthesizing module 'LDPC_encoder' [/ihp/departments/D-SYA/work/miglioranza/Encoder/Encoder.srcs/sources_1/new/LDPC_encoder.vhd:65]
INFO: [Synth 8-3491] module 'Input_controller' declared at '/ihp/departments/D-SYA/work/miglioranza/Encoder/Encoder.srcs/sources_1/new/Input_controller.vhd:34' bound to instance 'Input_controller_inst' of component 'Input_controller' [/ihp/departments/D-SYA/work/miglioranza/Encoder/Encoder.srcs/sources_1/new/LDPC_encoder.vhd:189]
INFO: [Synth 8-638] synthesizing module 'Input_controller' [/ihp/departments/D-SYA/work/miglioranza/Encoder/Encoder.srcs/sources_1/new/Input_controller.vhd:63]
WARNING: [Synth 8-6014] Unused sequential element buffer_data0_reg[3] was removed.  [/ihp/departments/D-SYA/work/miglioranza/Encoder/Encoder.srcs/sources_1/new/Input_controller.vhd:100]
WARNING: [Synth 8-6014] Unused sequential element buffer_data0_reg[2] was removed.  [/ihp/departments/D-SYA/work/miglioranza/Encoder/Encoder.srcs/sources_1/new/Input_controller.vhd:100]
WARNING: [Synth 8-6014] Unused sequential element buffer_data1_reg[3] was removed.  [/ihp/departments/D-SYA/work/miglioranza/Encoder/Encoder.srcs/sources_1/new/Input_controller.vhd:286]
WARNING: [Synth 8-6014] Unused sequential element buffer_data1_reg[2] was removed.  [/ihp/departments/D-SYA/work/miglioranza/Encoder/Encoder.srcs/sources_1/new/Input_controller.vhd:286]
WARNING: [Synth 8-6014] Unused sequential element buffer_data2_reg[3] was removed.  [/ihp/departments/D-SYA/work/miglioranza/Encoder/Encoder.srcs/sources_1/new/Input_controller.vhd:470]
WARNING: [Synth 8-6014] Unused sequential element buffer_data2_reg[2] was removed.  [/ihp/departments/D-SYA/work/miglioranza/Encoder/Encoder.srcs/sources_1/new/Input_controller.vhd:470]
WARNING: [Synth 8-6014] Unused sequential element buffer_data3_reg[3] was removed.  [/ihp/departments/D-SYA/work/miglioranza/Encoder/Encoder.srcs/sources_1/new/Input_controller.vhd:634]
WARNING: [Synth 8-6014] Unused sequential element buffer_data3_reg[2] was removed.  [/ihp/departments/D-SYA/work/miglioranza/Encoder/Encoder.srcs/sources_1/new/Input_controller.vhd:634]
WARNING: [Synth 8-6426] Mix of Sync and Async assignments to register 'dout_ready_reg' in module 'Input_controller' in the same process may cause logic issues. 
 Please split the sync and async parts into different processes [/ihp/departments/D-SYA/work/miglioranza/Encoder/Encoder.srcs/sources_1/new/Input_controller.vhd:86]
WARNING: [Synth 8-6426] Mix of Sync and Async assignments to register 'dout_valid_reg' in module 'Input_controller' in the same process may cause logic issues. 
 Please split the sync and async parts into different processes [/ihp/departments/D-SYA/work/miglioranza/Encoder/Encoder.srcs/sources_1/new/Input_controller.vhd:84]
WARNING: [Synth 8-6426] Mix of Sync and Async assignments to register 'dout_last_reg' in module 'Input_controller' in the same process may cause logic issues. 
 Please split the sync and async parts into different processes [/ihp/departments/D-SYA/work/miglioranza/Encoder/Encoder.srcs/sources_1/new/Input_controller.vhd:85]
WARNING: [Synth 8-6426] Mix of Sync and Async assignments to register 'dout_ready_reg' in module 'Input_controller' in the same process may cause logic issues. 
 Please split the sync and async parts into different processes [/ihp/departments/D-SYA/work/miglioranza/Encoder/Encoder.srcs/sources_1/new/Input_controller.vhd:273]
WARNING: [Synth 8-6426] Mix of Sync and Async assignments to register 'dout_valid_reg' in module 'Input_controller' in the same process may cause logic issues. 
 Please split the sync and async parts into different processes [/ihp/departments/D-SYA/work/miglioranza/Encoder/Encoder.srcs/sources_1/new/Input_controller.vhd:271]
WARNING: [Synth 8-6426] Mix of Sync and Async assignments to register 'dout_last_reg' in module 'Input_controller' in the same process may cause logic issues. 
 Please split the sync and async parts into different processes [/ihp/departments/D-SYA/work/miglioranza/Encoder/Encoder.srcs/sources_1/new/Input_controller.vhd:272]
WARNING: [Synth 8-6426] Mix of Sync and Async assignments to register 'dout_ready_reg' in module 'Input_controller' in the same process may cause logic issues. 
 Please split the sync and async parts into different processes [/ihp/departments/D-SYA/work/miglioranza/Encoder/Encoder.srcs/sources_1/new/Input_controller.vhd:457]
WARNING: [Synth 8-6426] Mix of Sync and Async assignments to register 'dout_valid_reg' in module 'Input_controller' in the same process may cause logic issues. 
 Please split the sync and async parts into different processes [/ihp/departments/D-SYA/work/miglioranza/Encoder/Encoder.srcs/sources_1/new/Input_controller.vhd:455]
WARNING: [Synth 8-6426] Mix of Sync and Async assignments to register 'dout_last_reg' in module 'Input_controller' in the same process may cause logic issues. 
 Please split the sync and async parts into different processes [/ihp/departments/D-SYA/work/miglioranza/Encoder/Encoder.srcs/sources_1/new/Input_controller.vhd:456]
WARNING: [Synth 8-6426] Mix of Sync and Async assignments to register 'dout_ready_reg' in module 'Input_controller' in the same process may cause logic issues. 
 Please split the sync and async parts into different processes [/ihp/departments/D-SYA/work/miglioranza/Encoder/Encoder.srcs/sources_1/new/Input_controller.vhd:621]
WARNING: [Synth 8-6426] Mix of Sync and Async assignments to register 'dout_valid_reg' in module 'Input_controller' in the same process may cause logic issues. 
 Please split the sync and async parts into different processes [/ihp/departments/D-SYA/work/miglioranza/Encoder/Encoder.srcs/sources_1/new/Input_controller.vhd:619]
WARNING: [Synth 8-6426] Mix of Sync and Async assignments to register 'dout_last_reg' in module 'Input_controller' in the same process may cause logic issues. 
 Please split the sync and async parts into different processes [/ihp/departments/D-SYA/work/miglioranza/Encoder/Encoder.srcs/sources_1/new/Input_controller.vhd:620]
INFO: [Synth 8-256] done synthesizing module 'Input_controller' (1#1) [/ihp/departments/D-SYA/work/miglioranza/Encoder/Encoder.srcs/sources_1/new/Input_controller.vhd:63]
INFO: [Synth 8-3491] module 'sd_fec_0' declared at '/ihp/departments/D-SYA/work/miglioranza/Encoder/Encoder.runs/synth_2/.Xil/Vivado-2413688-uxsrv005/realtime/sd_fec_0_stub.vhdl:5' bound to instance 'LDPC_core0' of component 'sd_fec_0' [/ihp/departments/D-SYA/work/miglioranza/Encoder/Encoder.srcs/sources_1/new/LDPC_encoder.vhd:211]
INFO: [Synth 8-638] synthesizing module 'sd_fec_0' [/ihp/departments/D-SYA/work/miglioranza/Encoder/Encoder.runs/synth_2/.Xil/Vivado-2413688-uxsrv005/realtime/sd_fec_0_stub.vhdl:32]
INFO: [Synth 8-3491] module 'sd_fec_0' declared at '/ihp/departments/D-SYA/work/miglioranza/Encoder/Encoder.runs/synth_2/.Xil/Vivado-2413688-uxsrv005/realtime/sd_fec_0_stub.vhdl:5' bound to instance 'LDPC_core1' of component 'sd_fec_0' [/ihp/departments/D-SYA/work/miglioranza/Encoder/Encoder.srcs/sources_1/new/LDPC_encoder.vhd:236]
INFO: [Synth 8-3491] module 'sd_fec_0' declared at '/ihp/departments/D-SYA/work/miglioranza/Encoder/Encoder.runs/synth_2/.Xil/Vivado-2413688-uxsrv005/realtime/sd_fec_0_stub.vhdl:5' bound to instance 'LDPC_core2' of component 'sd_fec_0' [/ihp/departments/D-SYA/work/miglioranza/Encoder/Encoder.srcs/sources_1/new/LDPC_encoder.vhd:261]
INFO: [Synth 8-3491] module 'sd_fec_0' declared at '/ihp/departments/D-SYA/work/miglioranza/Encoder/Encoder.runs/synth_2/.Xil/Vivado-2413688-uxsrv005/realtime/sd_fec_0_stub.vhdl:5' bound to instance 'LDPC_core3' of component 'sd_fec_0' [/ihp/departments/D-SYA/work/miglioranza/Encoder/Encoder.srcs/sources_1/new/LDPC_encoder.vhd:286]
INFO: [Synth 8-3491] module 'axis_data_fifo_0' declared at '/ihp/departments/D-SYA/work/miglioranza/Encoder/Encoder.runs/synth_2/.Xil/Vivado-2413688-uxsrv005/realtime/axis_data_fifo_0_stub.vhdl:5' bound to instance 'input_fifo_0' of component 'axis_data_fifo_0' [/ihp/departments/D-SYA/work/miglioranza/Encoder/Encoder.srcs/sources_1/new/LDPC_encoder.vhd:311]
INFO: [Synth 8-638] synthesizing module 'axis_data_fifo_0' [/ihp/departments/D-SYA/work/miglioranza/Encoder/Encoder.runs/synth_2/.Xil/Vivado-2413688-uxsrv005/realtime/axis_data_fifo_0_stub.vhdl:23]
INFO: [Synth 8-3491] module 'axis_data_fifo_0' declared at '/ihp/departments/D-SYA/work/miglioranza/Encoder/Encoder.runs/synth_2/.Xil/Vivado-2413688-uxsrv005/realtime/axis_data_fifo_0_stub.vhdl:5' bound to instance 'input_fifo_1' of component 'axis_data_fifo_0' [/ihp/departments/D-SYA/work/miglioranza/Encoder/Encoder.srcs/sources_1/new/LDPC_encoder.vhd:328]
INFO: [Synth 8-3491] module 'axis_data_fifo_0' declared at '/ihp/departments/D-SYA/work/miglioranza/Encoder/Encoder.runs/synth_2/.Xil/Vivado-2413688-uxsrv005/realtime/axis_data_fifo_0_stub.vhdl:5' bound to instance 'input_fifo_2' of component 'axis_data_fifo_0' [/ihp/departments/D-SYA/work/miglioranza/Encoder/Encoder.srcs/sources_1/new/LDPC_encoder.vhd:345]
INFO: [Synth 8-3491] module 'axis_data_fifo_0' declared at '/ihp/departments/D-SYA/work/miglioranza/Encoder/Encoder.runs/synth_2/.Xil/Vivado-2413688-uxsrv005/realtime/axis_data_fifo_0_stub.vhdl:5' bound to instance 'input_fifo_3' of component 'axis_data_fifo_0' [/ihp/departments/D-SYA/work/miglioranza/Encoder/Encoder.srcs/sources_1/new/LDPC_encoder.vhd:362]
INFO: [Synth 8-3491] module 'axis_data_fifo_1' declared at '/ihp/departments/D-SYA/work/miglioranza/Encoder/Encoder.runs/synth_2/.Xil/Vivado-2413688-uxsrv005/realtime/axis_data_fifo_1_stub.vhdl:5' bound to instance 'output_fifo' of component 'axis_data_fifo_1' [/ihp/departments/D-SYA/work/miglioranza/Encoder/Encoder.srcs/sources_1/new/LDPC_encoder.vhd:382]
INFO: [Synth 8-638] synthesizing module 'axis_data_fifo_1' [/ihp/departments/D-SYA/work/miglioranza/Encoder/Encoder.runs/synth_2/.Xil/Vivado-2413688-uxsrv005/realtime/axis_data_fifo_1_stub.vhdl:21]
INFO: [Synth 8-3491] module 'axis_data_fifo_1' declared at '/ihp/departments/D-SYA/work/miglioranza/Encoder/Encoder.runs/synth_2/.Xil/Vivado-2413688-uxsrv005/realtime/axis_data_fifo_1_stub.vhdl:5' bound to instance 'output_fifo' of component 'axis_data_fifo_1' [/ihp/departments/D-SYA/work/miglioranza/Encoder/Encoder.srcs/sources_1/new/LDPC_encoder.vhd:382]
INFO: [Synth 8-3491] module 'axis_data_fifo_1' declared at '/ihp/departments/D-SYA/work/miglioranza/Encoder/Encoder.runs/synth_2/.Xil/Vivado-2413688-uxsrv005/realtime/axis_data_fifo_1_stub.vhdl:5' bound to instance 'output_fifo' of component 'axis_data_fifo_1' [/ihp/departments/D-SYA/work/miglioranza/Encoder/Encoder.srcs/sources_1/new/LDPC_encoder.vhd:382]
INFO: [Synth 8-3491] module 'axis_data_fifo_1' declared at '/ihp/departments/D-SYA/work/miglioranza/Encoder/Encoder.runs/synth_2/.Xil/Vivado-2413688-uxsrv005/realtime/axis_data_fifo_1_stub.vhdl:5' bound to instance 'output_fifo' of component 'axis_data_fifo_1' [/ihp/departments/D-SYA/work/miglioranza/Encoder/Encoder.srcs/sources_1/new/LDPC_encoder.vhd:382]
INFO: [Synth 8-226] default block is never used [/ihp/departments/D-SYA/work/miglioranza/Encoder/Encoder.srcs/sources_1/new/LDPC_encoder.vhd:402]
INFO: [Synth 8-226] default block is never used [/ihp/departments/D-SYA/work/miglioranza/Encoder/Encoder.srcs/sources_1/new/LDPC_encoder.vhd:425]
WARNING: [Synth 8-614] signal 'sel_code_rate' is read in the process but is not in the sensitivity list [/ihp/departments/D-SYA/work/miglioranza/Encoder/Encoder.srcs/sources_1/new/LDPC_encoder.vhd:421]
WARNING: [Synth 8-614] signal 'out_fifo_last_out' is read in the process but is not in the sensitivity list [/ihp/departments/D-SYA/work/miglioranza/Encoder/Encoder.srcs/sources_1/new/LDPC_encoder.vhd:421]
WARNING: [Synth 8-614] signal 'end_of_frame' is read in the process but is not in the sensitivity list [/ihp/departments/D-SYA/work/miglioranza/Encoder/Encoder.srcs/sources_1/new/LDPC_encoder.vhd:421]
INFO: [Synth 8-256] done synthesizing module 'LDPC_encoder' (2#1) [/ihp/departments/D-SYA/work/miglioranza/Encoder/Encoder.srcs/sources_1/new/LDPC_encoder.vhd:65]
---------------------------------------------------------------------------------
Finished RTL Elaboration : Time (s): cpu = 00:00:05 ; elapsed = 00:00:06 . Memory (MB): peak = 3530.168 ; gain = 281.625 ; free physical = 3665 ; free virtual = 99586
---------------------------------------------------------------------------------
---------------------------------------------------------------------------------
Start Handling Custom Attributes
---------------------------------------------------------------------------------
---------------------------------------------------------------------------------
Finished Handling Custom Attributes : Time (s): cpu = 00:00:06 ; elapsed = 00:00:07 . Memory (MB): peak = 3547.980 ; gain = 299.438 ; free physical = 4603 ; free virtual = 100524
---------------------------------------------------------------------------------
---------------------------------------------------------------------------------
Finished RTL Optimization Phase 1 : Time (s): cpu = 00:00:06 ; elapsed = 00:00:07 . Memory (MB): peak = 3547.980 ; gain = 299.438 ; free physical = 4603 ; free virtual = 100524
---------------------------------------------------------------------------------
Netlist sorting complete. Time (s): cpu = 00:00:00.04 ; elapsed = 00:00:00.04 . Memory (MB): peak = 3547.980 ; gain = 0.000 ; free physical = 4563 ; free virtual = 100505
INFO: [Project 1-570] Preparing netlist for logic optimization

Processing XDC Constraints
Initializing timing engine
Parsing XDC File [/ihp/departments/D-SYA/work/miglioranza/Encoder/Encoder.gen/sources_1/ip/axis_data_fifo_1/axis_data_fifo_1/axis_data_fifo_1_in_context.xdc] for cell 'Output_FIFO_inst[0].output_fifo'
Finished Parsing XDC File [/ihp/departments/D-SYA/work/miglioranza/Encoder/Encoder.gen/sources_1/ip/axis_data_fifo_1/axis_data_fifo_1/axis_data_fifo_1_in_context.xdc] for cell 'Output_FIFO_inst[0].output_fifo'
Parsing XDC File [/ihp/departments/D-SYA/work/miglioranza/Encoder/Encoder.gen/sources_1/ip/axis_data_fifo_1/axis_data_fifo_1/axis_data_fifo_1_in_context.xdc] for cell 'Output_FIFO_inst[1].output_fifo'
Finished Parsing XDC File [/ihp/departments/D-SYA/work/miglioranza/Encoder/Encoder.gen/sources_1/ip/axis_data_fifo_1/axis_data_fifo_1/axis_data_fifo_1_in_context.xdc] for cell 'Output_FIFO_inst[1].output_fifo'
Parsing XDC File [/ihp/departments/D-SYA/work/miglioranza/Encoder/Encoder.gen/sources_1/ip/axis_data_fifo_1/axis_data_fifo_1/axis_data_fifo_1_in_context.xdc] for cell 'Output_FIFO_inst[2].output_fifo'
Finished Parsing XDC File [/ihp/departments/D-SYA/work/miglioranza/Encoder/Encoder.gen/sources_1/ip/axis_data_fifo_1/axis_data_fifo_1/axis_data_fifo_1_in_context.xdc] for cell 'Output_FIFO_inst[2].output_fifo'
Parsing XDC File [/ihp/departments/D-SYA/work/miglioranza/Encoder/Encoder.gen/sources_1/ip/axis_data_fifo_1/axis_data_fifo_1/axis_data_fifo_1_in_context.xdc] for cell 'Output_FIFO_inst[3].output_fifo'
Finished Parsing XDC File [/ihp/departments/D-SYA/work/miglioranza/Encoder/Encoder.gen/sources_1/ip/axis_data_fifo_1/axis_data_fifo_1/axis_data_fifo_1_in_context.xdc] for cell 'Output_FIFO_inst[3].output_fifo'
Parsing XDC File [/ihp/departments/D-SYA/work/miglioranza/Encoder/Encoder.gen/sources_1/ip/axis_data_fifo_0/axis_data_fifo_0/axis_data_fifo_0_in_context.xdc] for cell 'input_fifo_0'
Finished Parsing XDC File [/ihp/departments/D-SYA/work/miglioranza/Encoder/Encoder.gen/sources_1/ip/axis_data_fifo_0/axis_data_fifo_0/axis_data_fifo_0_in_context.xdc] for cell 'input_fifo_0'
Parsing XDC File [/ihp/departments/D-SYA/work/miglioranza/Encoder/Encoder.gen/sources_1/ip/axis_data_fifo_0/axis_data_fifo_0/axis_data_fifo_0_in_context.xdc] for cell 'input_fifo_1'
Finished Parsing XDC File [/ihp/departments/D-SYA/work/miglioranza/Encoder/Encoder.gen/sources_1/ip/axis_data_fifo_0/axis_data_fifo_0/axis_data_fifo_0_in_context.xdc] for cell 'input_fifo_1'
Parsing XDC File [/ihp/departments/D-SYA/work/miglioranza/Encoder/Encoder.gen/sources_1/ip/axis_data_fifo_0/axis_data_fifo_0/axis_data_fifo_0_in_context.xdc] for cell 'input_fifo_2'
Finished Parsing XDC File [/ihp/departments/D-SYA/work/miglioranza/Encoder/Encoder.gen/sources_1/ip/axis_data_fifo_0/axis_data_fifo_0/axis_data_fifo_0_in_context.xdc] for cell 'input_fifo_2'
Parsing XDC File [/ihp/departments/D-SYA/work/miglioranza/Encoder/Encoder.gen/sources_1/ip/axis_data_fifo_0/axis_data_fifo_0/axis_data_fifo_0_in_context.xdc] for cell 'input_fifo_3'
Finished Parsing XDC File [/ihp/departments/D-SYA/work/miglioranza/Encoder/Encoder.gen/sources_1/ip/axis_data_fifo_0/axis_data_fifo_0/axis_data_fifo_0_in_context.xdc] for cell 'input_fifo_3'
Parsing XDC File [/ihp/departments/D-SYA/work/miglioranza/Encoder/Encoder.gen/sources_1/ip/sd_fec_0/sd_fec_0/sd_fec_0_in_context.xdc] for cell 'LDPC_core0'
Finished Parsing XDC File [/ihp/departments/D-SYA/work/miglioranza/Encoder/Encoder.gen/sources_1/ip/sd_fec_0/sd_fec_0/sd_fec_0_in_context.xdc] for cell 'LDPC_core0'
Parsing XDC File [/ihp/departments/D-SYA/work/miglioranza/Encoder/Encoder.gen/sources_1/ip/sd_fec_0/sd_fec_0/sd_fec_0_in_context.xdc] for cell 'LDPC_core1'
Finished Parsing XDC File [/ihp/departments/D-SYA/work/miglioranza/Encoder/Encoder.gen/sources_1/ip/sd_fec_0/sd_fec_0/sd_fec_0_in_context.xdc] for cell 'LDPC_core1'
Parsing XDC File [/ihp/departments/D-SYA/work/miglioranza/Encoder/Encoder.gen/sources_1/ip/sd_fec_0/sd_fec_0/sd_fec_0_in_context.xdc] for cell 'LDPC_core2'
Finished Parsing XDC File [/ihp/departments/D-SYA/work/miglioranza/Encoder/Encoder.gen/sources_1/ip/sd_fec_0/sd_fec_0/sd_fec_0_in_context.xdc] for cell 'LDPC_core2'
Parsing XDC File [/ihp/departments/D-SYA/work/miglioranza/Encoder/Encoder.gen/sources_1/ip/sd_fec_0/sd_fec_0/sd_fec_0_in_context.xdc] for cell 'LDPC_core3'
Finished Parsing XDC File [/ihp/departments/D-SYA/work/miglioranza/Encoder/Encoder.gen/sources_1/ip/sd_fec_0/sd_fec_0/sd_fec_0_in_context.xdc] for cell 'LDPC_core3'
Parsing XDC File [/ihp/departments/D-SYA/work/miglioranza/Encoder/Encoder.srcs/constrs_1/new/Encoder_constraints.xdc]
create_clock: Time (s): cpu = 00:00:06 ; elapsed = 00:00:06 . Memory (MB): peak = 3743.637 ; gain = 26.781 ; free physical = 4478 ; free virtual = 100400
Finished Parsing XDC File [/ihp/departments/D-SYA/work/miglioranza/Encoder/Encoder.srcs/constrs_1/new/Encoder_constraints.xdc]
Completed Processing XDC Constraints

Netlist sorting complete. Time (s): cpu = 00:00:00 ; elapsed = 00:00:00 . Memory (MB): peak = 3743.637 ; gain = 0.000 ; free physical = 4476 ; free virtual = 100398
INFO: [Project 1-111] Unisim Transformation Summary:
No Unisim elements were transformed.

Constraint Validation Runtime : Time (s): cpu = 00:00:00.05 ; elapsed = 00:00:00.04 . Memory (MB): peak = 3743.637 ; gain = 0.000 ; free physical = 4477 ; free virtual = 100398
WARNING: [Timing 38-316] Clock period '10.000' specified during out-of-context synthesis of instance 'Output_FIFO_inst[0].output_fifo' at clock pin 's_axis_aclk' is different from the actual clock period '5.000', this can lead to different synthesis results.
WARNING: [Timing 38-316] Clock period '10.000' specified during out-of-context synthesis of instance 'Output_FIFO_inst[1].output_fifo' at clock pin 's_axis_aclk' is different from the actual clock period '5.000', this can lead to different synthesis results.
WARNING: [Timing 38-316] Clock period '10.000' specified during out-of-context synthesis of instance 'Output_FIFO_inst[2].output_fifo' at clock pin 's_axis_aclk' is different from the actual clock period '5.000', this can lead to different synthesis results.
WARNING: [Timing 38-316] Clock period '10.000' specified during out-of-context synthesis of instance 'Output_FIFO_inst[3].output_fifo' at clock pin 's_axis_aclk' is different from the actual clock period '5.000', this can lead to different synthesis results.
WARNING: [Timing 38-316] Clock period '10.000' specified during out-of-context synthesis of instance 'input_fifo_0' at clock pin 's_axis_aclk' is different from the actual clock period '5.000', this can lead to different synthesis results.
WARNING: [Timing 38-316] Clock period '10.000' specified during out-of-context synthesis of instance 'input_fifo_1' at clock pin 's_axis_aclk' is different from the actual clock period '5.000', this can lead to different synthesis results.
WARNING: [Timing 38-316] Clock period '10.000' specified during out-of-context synthesis of instance 'input_fifo_2' at clock pin 's_axis_aclk' is different from the actual clock period '5.000', this can lead to different synthesis results.
WARNING: [Timing 38-316] Clock period '10.000' specified during out-of-context synthesis of instance 'input_fifo_3' at clock pin 's_axis_aclk' is different from the actual clock period '5.000', this can lead to different synthesis results.
WARNING: [Designutils 20-4072] Reference run did not run incremental synthesis because the design is too small; reverting to default synthesis
INFO: [Designutils 20-4379] Flow is switching to default flow due to incremental criteria not met. If you would like to alter this behaviour and have the flow terminate instead, please set the following parameter config_implementation {autoIncr.Synth.RejectBehavior Terminate}
---------------------------------------------------------------------------------
Finished Constraint Validation : Time (s): cpu = 00:00:17 ; elapsed = 00:00:20 . Memory (MB): peak = 3743.637 ; gain = 495.094 ; free physical = 4569 ; free virtual = 100493
---------------------------------------------------------------------------------
---------------------------------------------------------------------------------
Start Loading Part and Timing Information
---------------------------------------------------------------------------------
Loading part: xczu28dr-ffvg1517-2-e
INFO: [Synth 8-6742] Reading net delay rules and data
---------------------------------------------------------------------------------
Finished Loading Part and Timing Information : Time (s): cpu = 00:00:17 ; elapsed = 00:00:20 . Memory (MB): peak = 3743.637 ; gain = 495.094 ; free physical = 4569 ; free virtual = 100493
---------------------------------------------------------------------------------
---------------------------------------------------------------------------------
Start Applying 'set_property' XDC Constraints
---------------------------------------------------------------------------------
Applied set_property KEEP_HIERARCHY = SOFT for \Output_FIFO_inst[0].output_fifo . (constraint file  auto generated constraint).
Applied set_property KEEP_HIERARCHY = SOFT for \Output_FIFO_inst[1].output_fifo . (constraint file  auto generated constraint).
Applied set_property KEEP_HIERARCHY = SOFT for \Output_FIFO_inst[2].output_fifo . (constraint file  auto generated constraint).
Applied set_property KEEP_HIERARCHY = SOFT for \Output_FIFO_inst[3].output_fifo . (constraint file  auto generated constraint).
Applied set_property KEEP_HIERARCHY = SOFT for input_fifo_0. (constraint file  auto generated constraint).
Applied set_property KEEP_HIERARCHY = SOFT for input_fifo_1. (constraint file  auto generated constraint).
Applied set_property KEEP_HIERARCHY = SOFT for input_fifo_2. (constraint file  auto generated constraint).
Applied set_property KEEP_HIERARCHY = SOFT for input_fifo_3. (constraint file  auto generated constraint).
Applied set_property KEEP_HIERARCHY = SOFT for LDPC_core0. (constraint file  auto generated constraint).
Applied set_property KEEP_HIERARCHY = SOFT for LDPC_core1. (constraint file  auto generated constraint).
Applied set_property KEEP_HIERARCHY = SOFT for LDPC_core2. (constraint file  auto generated constraint).
Applied set_property KEEP_HIERARCHY = SOFT for LDPC_core3. (constraint file  auto generated constraint).
---------------------------------------------------------------------------------
Finished applying 'set_property' XDC Constraints : Time (s): cpu = 00:00:17 ; elapsed = 00:00:20 . Memory (MB): peak = 3743.637 ; gain = 495.094 ; free physical = 4568 ; free virtual = 100492
---------------------------------------------------------------------------------
INFO: [Synth 8-802] inferred FSM for state register 'state0_reg' in module 'Input_controller'
INFO: [Synth 8-802] inferred FSM for state register 'state1_reg' in module 'Input_controller'
INFO: [Synth 8-802] inferred FSM for state register 'state2_reg' in module 'Input_controller'
INFO: [Synth 8-802] inferred FSM for state register 'state3_reg' in module 'Input_controller'
---------------------------------------------------------------------------------------------------
                   State |                     New Encoding |                Previous Encoding 
---------------------------------------------------------------------------------------------------
                    idle |                              000 |                              000
   signal_field_encoding |                              001 |                              001
                encoding |                              010 |                              010
                 padding |                              011 |                              100
               buffering |                              100 |                              011
---------------------------------------------------------------------------------------------------
INFO: [Synth 8-3354] encoded FSM with state register 'state1_reg' using encoding 'sequential' in module 'Input_controller'
---------------------------------------------------------------------------------------------------
                   State |                     New Encoding |                Previous Encoding 
---------------------------------------------------------------------------------------------------
                    idle |                              000 |                              000
   signal_field_encoding |                              001 |                              001
                encoding |                              010 |                              010
                 padding |                              011 |                              100
               buffering |                              100 |                              011
---------------------------------------------------------------------------------------------------
INFO: [Synth 8-3354] encoded FSM with state register 'state2_reg' using encoding 'sequential' in module 'Input_controller'
---------------------------------------------------------------------------------------------------
                   State |                     New Encoding |                Previous Encoding 
---------------------------------------------------------------------------------------------------
                    idle |                              000 |                              000
   signal_field_encoding |                              001 |                              001
                encoding |                              010 |                              010
                 padding |                              011 |                              100
               buffering |                              100 |                              011
---------------------------------------------------------------------------------------------------
INFO: [Synth 8-3354] encoded FSM with state register 'state3_reg' using encoding 'sequential' in module 'Input_controller'
---------------------------------------------------------------------------------------------------
                   State |                     New Encoding |                Previous Encoding 
---------------------------------------------------------------------------------------------------
                    idle |                              000 |                              000
   signal_field_encoding |                              001 |                              001
                encoding |                              010 |                              010
                 padding |                              011 |                              100
               buffering |                              100 |                              011
---------------------------------------------------------------------------------------------------
INFO: [Synth 8-3354] encoded FSM with state register 'state0_reg' using encoding 'sequential' in module 'Input_controller'
---------------------------------------------------------------------------------
Finished RTL Optimization Phase 2 : Time (s): cpu = 00:00:19 ; elapsed = 00:00:23 . Memory (MB): peak = 3743.637 ; gain = 495.094 ; free physical = 4563 ; free virtual = 100489
---------------------------------------------------------------------------------
---------------------------------------------------------------------------------
Start RTL Component Statistics 
---------------------------------------------------------------------------------
Detailed RTL Component Info : 
+---Adders : 
	   2 Input    6 Bit       Adders := 5     
	   2 Input    5 Bit       Adders := 1     
	   2 Input    2 Bit       Adders := 4     
+---Registers : 
	              128 Bit    Registers := 3     
	               32 Bit    Registers := 8     
	                6 Bit    Registers := 3     
	                5 Bit    Registers := 1     
	                2 Bit    Registers := 4     
	                1 Bit    Registers := 1     
+---Muxes : 
	   2 Input   32 Bit        Muxes := 36    
	   5 Input   32 Bit        Muxes := 12    
	   6 Input   32 Bit        Muxes := 1     
	   4 Input   32 Bit        Muxes := 5     
	   2 Input    6 Bit        Muxes := 21    
	   5 Input    6 Bit        Muxes := 3     
	   2 Input    5 Bit        Muxes := 5     
	   5 Input    5 Bit        Muxes := 1     
	   2 Input    4 Bit        Muxes := 9     
	   5 Input    4 Bit        Muxes := 8     
	   4 Input    4 Bit        Muxes := 1     
	  16 Input    3 Bit        Muxes := 4     
	   2 Input    2 Bit        Muxes := 4     
	   5 Input    2 Bit        Muxes := 4     
	   2 Input    1 Bit        Muxes := 51    
	   5 Input    1 Bit        Muxes := 29    
	   4 Input    1 Bit        Muxes := 3     
---------------------------------------------------------------------------------
Finished RTL Component Statistics 
---------------------------------------------------------------------------------
---------------------------------------------------------------------------------
Start Part Resource Summary
---------------------------------------------------------------------------------
Part Resources:
DSPs: 4272 (col length:192)
BRAMs: 2160 (col length: RAMB18 192 RAMB36 96)
---------------------------------------------------------------------------------
Finished Part Resource Summary
---------------------------------------------------------------------------------
---------------------------------------------------------------------------------
Start Cross Boundary and Area Optimization
---------------------------------------------------------------------------------
WARNING: [Synth 8-7080] Parallel synthesis criteria is not met
CRITICAL WARNING: [Synth 8-6859] multi-driven net on pin Q with 1st driver pin 'Input_controller_inst/dout_data0_reg[127]/Q' [/ihp/departments/D-SYA/work/miglioranza/Encoder/Encoder.srcs/sources_1/new/Input_controller.vhd:83]
CRITICAL WARNING: [Synth 8-6859] multi-driven net on pin Q with 2nd driver pin 'GND' [/ihp/departments/D-SYA/work/miglioranza/Encoder/Encoder.srcs/sources_1/new/Input_controller.vhd:83]
CRITICAL WARNING: [Synth 8-6858] multi-driven net Q is connected to at least one constant driver which has been preserved, other driver is ignored [/ihp/departments/D-SYA/work/miglioranza/Encoder/Encoder.srcs/sources_1/new/Input_controller.vhd:83]
CRITICAL WARNING: [Synth 8-6859] multi-driven net on pin Q with 1st driver pin 'Input_controller_inst/dout_data0_reg[126]/Q' [/ihp/departments/D-SYA/work/miglioranza/Encoder/Encoder.srcs/sources_1/new/Input_controller.vhd:83]
CRITICAL WARNING: [Synth 8-6859] multi-driven net on pin Q with 2nd driver pin 'GND' [/ihp/departments/D-SYA/work/miglioranza/Encoder/Encoder.srcs/sources_1/new/Input_controller.vhd:83]
CRITICAL WARNING: [Synth 8-6858] multi-driven net Q is connected to at least one constant driver which has been preserved, other driver is ignored [/ihp/departments/D-SYA/work/miglioranza/Encoder/Encoder.srcs/sources_1/new/Input_controller.vhd:83]
CRITICAL WARNING: [Synth 8-6859] multi-driven net on pin Q with 1st driver pin 'Input_controller_inst/dout_data0_reg[125]/Q' [/ihp/departments/D-SYA/work/miglioranza/Encoder/Encoder.srcs/sources_1/new/Input_controller.vhd:83]
CRITICAL WARNING: [Synth 8-6859] multi-driven net on pin Q with 2nd driver pin 'GND' [/ihp/departments/D-SYA/work/miglioranza/Encoder/Encoder.srcs/sources_1/new/Input_controller.vhd:83]
CRITICAL WARNING: [Synth 8-6858] multi-driven net Q is connected to at least one constant driver which has been preserved, other driver is ignored [/ihp/departments/D-SYA/work/miglioranza/Encoder/Encoder.srcs/sources_1/new/Input_controller.vhd:83]
CRITICAL WARNING: [Synth 8-6859] multi-driven net on pin Q with 1st driver pin 'Input_controller_inst/dout_data0_reg[124]/Q' [/ihp/departments/D-SYA/work/miglioranza/Encoder/Encoder.srcs/sources_1/new/Input_controller.vhd:83]
CRITICAL WARNING: [Synth 8-6859] multi-driven net on pin Q with 2nd driver pin 'GND' [/ihp/departments/D-SYA/work/miglioranza/Encoder/Encoder.srcs/sources_1/new/Input_controller.vhd:83]
CRITICAL WARNING: [Synth 8-6858] multi-driven net Q is connected to at least one constant driver which has been preserved, other driver is ignored [/ihp/departments/D-SYA/work/miglioranza/Encoder/Encoder.srcs/sources_1/new/Input_controller.vhd:83]
CRITICAL WARNING: [Synth 8-6859] multi-driven net on pin Q with 1st driver pin 'Input_controller_inst/dout_data0_reg[123]/Q' [/ihp/departments/D-SYA/work/miglioranza/Encoder/Encoder.srcs/sources_1/new/Input_controller.vhd:83]
CRITICAL WARNING: [Synth 8-6859] multi-driven net on pin Q with 2nd driver pin 'GND' [/ihp/departments/D-SYA/work/miglioranza/Encoder/Encoder.srcs/sources_1/new/Input_controller.vhd:83]
CRITICAL WARNING: [Synth 8-6858] multi-driven net Q is connected to at least one constant driver which has been preserved, other driver is ignored [/ihp/departments/D-SYA/work/miglioranza/Encoder/Encoder.srcs/sources_1/new/Input_controller.vhd:83]
CRITICAL WARNING: [Synth 8-6859] multi-driven net on pin Q with 1st driver pin 'Input_controller_inst/dout_data0_reg[122]/Q' [/ihp/departments/D-SYA/work/miglioranza/Encoder/Encoder.srcs/sources_1/new/Input_controller.vhd:83]
CRITICAL WARNING: [Synth 8-6859] multi-driven net on pin Q with 2nd driver pin 'GND' [/ihp/departments/D-SYA/work/miglioranza/Encoder/Encoder.srcs/sources_1/new/Input_controller.vhd:83]
CRITICAL WARNING: [Synth 8-6858] multi-driven net Q is connected to at least one constant driver which has been preserved, other driver is ignored [/ihp/departments/D-SYA/work/miglioranza/Encoder/Encoder.srcs/sources_1/new/Input_controller.vhd:83]
CRITICAL WARNING: [Synth 8-6859] multi-driven net on pin Q with 1st driver pin 'Input_controller_inst/dout_data0_reg[121]/Q' [/ihp/departments/D-SYA/work/miglioranza/Encoder/Encoder.srcs/sources_1/new/Input_controller.vhd:83]
CRITICAL WARNING: [Synth 8-6859] multi-driven net on pin Q with 2nd driver pin 'GND' [/ihp/departments/D-SYA/work/miglioranza/Encoder/Encoder.srcs/sources_1/new/Input_controller.vhd:83]
CRITICAL WARNING: [Synth 8-6858] multi-driven net Q is connected to at least one constant driver which has been preserved, other driver is ignored [/ihp/departments/D-SYA/work/miglioranza/Encoder/Encoder.srcs/sources_1/new/Input_controller.vhd:83]
CRITICAL WARNING: [Synth 8-6859] multi-driven net on pin Q with 1st driver pin 'Input_controller_inst/dout_data0_reg[120]/Q' [/ihp/departments/D-SYA/work/miglioranza/Encoder/Encoder.srcs/sources_1/new/Input_controller.vhd:83]
CRITICAL WARNING: [Synth 8-6859] multi-driven net on pin Q with 2nd driver pin 'GND' [/ihp/departments/D-SYA/work/miglioranza/Encoder/Encoder.srcs/sources_1/new/Input_controller.vhd:83]
CRITICAL WARNING: [Synth 8-6858] multi-driven net Q is connected to at least one constant driver which has been preserved, other driver is ignored [/ihp/departments/D-SYA/work/miglioranza/Encoder/Encoder.srcs/sources_1/new/Input_controller.vhd:83]
CRITICAL WARNING: [Synth 8-6859] multi-driven net on pin Q with 1st driver pin 'Input_controller_inst/dout_data0_reg[119]/Q' [/ihp/departments/D-SYA/work/miglioranza/Encoder/Encoder.srcs/sources_1/new/Input_controller.vhd:83]
CRITICAL WARNING: [Synth 8-6859] multi-driven net on pin Q with 2nd driver pin 'GND' [/ihp/departments/D-SYA/work/miglioranza/Encoder/Encoder.srcs/sources_1/new/Input_controller.vhd:83]
CRITICAL WARNING: [Synth 8-6858] multi-driven net Q is connected to at least one constant driver which has been preserved, other driver is ignored [/ihp/departments/D-SYA/work/miglioranza/Encoder/Encoder.srcs/sources_1/new/Input_controller.vhd:83]
CRITICAL WARNING: [Synth 8-6859] multi-driven net on pin Q with 1st driver pin 'Input_controller_inst/dout_data0_reg[118]/Q' [/ihp/departments/D-SYA/work/miglioranza/Encoder/Encoder.srcs/sources_1/new/Input_controller.vhd:83]
CRITICAL WARNING: [Synth 8-6859] multi-driven net on pin Q with 2nd driver pin 'GND' [/ihp/departments/D-SYA/work/miglioranza/Encoder/Encoder.srcs/sources_1/new/Input_controller.vhd:83]
CRITICAL WARNING: [Synth 8-6858] multi-driven net Q is connected to at least one constant driver which has been preserved, other driver is ignored [/ihp/departments/D-SYA/work/miglioranza/Encoder/Encoder.srcs/sources_1/new/Input_controller.vhd:83]
CRITICAL WARNING: [Synth 8-6859] multi-driven net on pin Q with 1st driver pin 'Input_controller_inst/dout_data0_reg[117]/Q' [/ihp/departments/D-SYA/work/miglioranza/Encoder/Encoder.srcs/sources_1/new/Input_controller.vhd:83]
CRITICAL WARNING: [Synth 8-6859] multi-driven net on pin Q with 2nd driver pin 'GND' [/ihp/departments/D-SYA/work/miglioranza/Encoder/Encoder.srcs/sources_1/new/Input_controller.vhd:83]
CRITICAL WARNING: [Synth 8-6858] multi-driven net Q is connected to at least one constant driver which has been preserved, other driver is ignored [/ihp/departments/D-SYA/work/miglioranza/Encoder/Encoder.srcs/sources_1/new/Input_controller.vhd:83]
CRITICAL WARNING: [Synth 8-6859] multi-driven net on pin Q with 1st driver pin 'Input_controller_inst/dout_data0_reg[116]/Q' [/ihp/departments/D-SYA/work/miglioranza/Encoder/Encoder.srcs/sources_1/new/Input_controller.vhd:83]
CRITICAL WARNING: [Synth 8-6859] multi-driven net on pin Q with 2nd driver pin 'GND' [/ihp/departments/D-SYA/work/miglioranza/Encoder/Encoder.srcs/sources_1/new/Input_controller.vhd:83]
CRITICAL WARNING: [Synth 8-6858] multi-driven net Q is connected to at least one constant driver which has been preserved, other driver is ignored [/ihp/departments/D-SYA/work/miglioranza/Encoder/Encoder.srcs/sources_1/new/Input_controller.vhd:83]
CRITICAL WARNING: [Synth 8-6859] multi-driven net on pin Q with 1st driver pin 'Input_controller_inst/dout_data0_reg[115]/Q' [/ihp/departments/D-SYA/work/miglioranza/Encoder/Encoder.srcs/sources_1/new/Input_controller.vhd:83]
CRITICAL WARNING: [Synth 8-6859] multi-driven net on pin Q with 2nd driver pin 'GND' [/ihp/departments/D-SYA/work/miglioranza/Encoder/Encoder.srcs/sources_1/new/Input_controller.vhd:83]
CRITICAL WARNING: [Synth 8-6858] multi-driven net Q is connected to at least one constant driver which has been preserved, other driver is ignored [/ihp/departments/D-SYA/work/miglioranza/Encoder/Encoder.srcs/sources_1/new/Input_controller.vhd:83]
CRITICAL WARNING: [Synth 8-6859] multi-driven net on pin Q with 1st driver pin 'Input_controller_inst/dout_data0_reg[114]/Q' [/ihp/departments/D-SYA/work/miglioranza/Encoder/Encoder.srcs/sources_1/new/Input_controller.vhd:83]
CRITICAL WARNING: [Synth 8-6859] multi-driven net on pin Q with 2nd driver pin 'GND' [/ihp/departments/D-SYA/work/miglioranza/Encoder/Encoder.srcs/sources_1/new/Input_controller.vhd:83]
CRITICAL WARNING: [Synth 8-6858] multi-driven net Q is connected to at least one constant driver which has been preserved, other driver is ignored [/ihp/departments/D-SYA/work/miglioranza/Encoder/Encoder.srcs/sources_1/new/Input_controller.vhd:83]
CRITICAL WARNING: [Synth 8-6859] multi-driven net on pin Q with 1st driver pin 'Input_controller_inst/dout_data0_reg[113]/Q' [/ihp/departments/D-SYA/work/miglioranza/Encoder/Encoder.srcs/sources_1/new/Input_controller.vhd:83]
CRITICAL WARNING: [Synth 8-6859] multi-driven net on pin Q with 2nd driver pin 'GND' [/ihp/departments/D-SYA/work/miglioranza/Encoder/Encoder.srcs/sources_1/new/Input_controller.vhd:83]
CRITICAL WARNING: [Synth 8-6858] multi-driven net Q is connected to at least one constant driver which has been preserved, other driver is ignored [/ihp/departments/D-SYA/work/miglioranza/Encoder/Encoder.srcs/sources_1/new/Input_controller.vhd:83]
CRITICAL WARNING: [Synth 8-6859] multi-driven net on pin Q with 1st driver pin 'Input_controller_inst/dout_data0_reg[112]/Q' [/ihp/departments/D-SYA/work/miglioranza/Encoder/Encoder.srcs/sources_1/new/Input_controller.vhd:83]
CRITICAL WARNING: [Synth 8-6859] multi-driven net on pin Q with 2nd driver pin 'GND' [/ihp/departments/D-SYA/work/miglioranza/Encoder/Encoder.srcs/sources_1/new/Input_controller.vhd:83]
CRITICAL WARNING: [Synth 8-6858] multi-driven net Q is connected to at least one constant driver which has been preserved, other driver is ignored [/ihp/departments/D-SYA/work/miglioranza/Encoder/Encoder.srcs/sources_1/new/Input_controller.vhd:83]
CRITICAL WARNING: [Synth 8-6859] multi-driven net on pin Q with 1st driver pin 'Input_controller_inst/dout_data0_reg[111]/Q' [/ihp/departments/D-SYA/work/miglioranza/Encoder/Encoder.srcs/sources_1/new/Input_controller.vhd:83]
CRITICAL WARNING: [Synth 8-6859] multi-driven net on pin Q with 2nd driver pin 'GND' [/ihp/departments/D-SYA/work/miglioranza/Encoder/Encoder.srcs/sources_1/new/Input_controller.vhd:83]
CRITICAL WARNING: [Synth 8-6858] multi-driven net Q is connected to at least one constant driver which has been preserved, other driver is ignored [/ihp/departments/D-SYA/work/miglioranza/Encoder/Encoder.srcs/sources_1/new/Input_controller.vhd:83]
CRITICAL WARNING: [Synth 8-6859] multi-driven net on pin Q with 1st driver pin 'Input_controller_inst/dout_data0_reg[110]/Q' [/ihp/departments/D-SYA/work/miglioranza/Encoder/Encoder.srcs/sources_1/new/Input_controller.vhd:83]
CRITICAL WARNING: [Synth 8-6859] multi-driven net on pin Q with 2nd driver pin 'GND' [/ihp/departments/D-SYA/work/miglioranza/Encoder/Encoder.srcs/sources_1/new/Input_controller.vhd:83]
CRITICAL WARNING: [Synth 8-6858] multi-driven net Q is connected to at least one constant driver which has been preserved, other driver is ignored [/ihp/departments/D-SYA/work/miglioranza/Encoder/Encoder.srcs/sources_1/new/Input_controller.vhd:83]
CRITICAL WARNING: [Synth 8-6859] multi-driven net on pin Q with 1st driver pin 'Input_controller_inst/dout_data0_reg[109]/Q' [/ihp/departments/D-SYA/work/miglioranza/Encoder/Encoder.srcs/sources_1/new/Input_controller.vhd:83]
CRITICAL WARNING: [Synth 8-6859] multi-driven net on pin Q with 2nd driver pin 'GND' [/ihp/departments/D-SYA/work/miglioranza/Encoder/Encoder.srcs/sources_1/new/Input_controller.vhd:83]
CRITICAL WARNING: [Synth 8-6858] multi-driven net Q is connected to at least one constant driver which has been preserved, other driver is ignored [/ihp/departments/D-SYA/work/miglioranza/Encoder/Encoder.srcs/sources_1/new/Input_controller.vhd:83]
CRITICAL WARNING: [Synth 8-6859] multi-driven net on pin Q with 1st driver pin 'Input_controller_inst/dout_data0_reg[108]/Q' [/ihp/departments/D-SYA/work/miglioranza/Encoder/Encoder.srcs/sources_1/new/Input_controller.vhd:83]
CRITICAL WARNING: [Synth 8-6859] multi-driven net on pin Q with 2nd driver pin 'GND' [/ihp/departments/D-SYA/work/miglioranza/Encoder/Encoder.srcs/sources_1/new/Input_controller.vhd:83]
CRITICAL WARNING: [Synth 8-6858] multi-driven net Q is connected to at least one constant driver which has been preserved, other driver is ignored [/ihp/departments/D-SYA/work/miglioranza/Encoder/Encoder.srcs/sources_1/new/Input_controller.vhd:83]
CRITICAL WARNING: [Synth 8-6859] multi-driven net on pin Q with 1st driver pin 'Input_controller_inst/dout_data0_reg[107]/Q' [/ihp/departments/D-SYA/work/miglioranza/Encoder/Encoder.srcs/sources_1/new/Input_controller.vhd:83]
CRITICAL WARNING: [Synth 8-6859] multi-driven net on pin Q with 2nd driver pin 'GND' [/ihp/departments/D-SYA/work/miglioranza/Encoder/Encoder.srcs/sources_1/new/Input_controller.vhd:83]
CRITICAL WARNING: [Synth 8-6858] multi-driven net Q is connected to at least one constant driver which has been preserved, other driver is ignored [/ihp/departments/D-SYA/work/miglioranza/Encoder/Encoder.srcs/sources_1/new/Input_controller.vhd:83]
CRITICAL WARNING: [Synth 8-6859] multi-driven net on pin Q with 1st driver pin 'Input_controller_inst/dout_data0_reg[106]/Q' [/ihp/departments/D-SYA/work/miglioranza/Encoder/Encoder.srcs/sources_1/new/Input_controller.vhd:83]
CRITICAL WARNING: [Synth 8-6859] multi-driven net on pin Q with 2nd driver pin 'GND' [/ihp/departments/D-SYA/work/miglioranza/Encoder/Encoder.srcs/sources_1/new/Input_controller.vhd:83]
CRITICAL WARNING: [Synth 8-6858] multi-driven net Q is connected to at least one constant driver which has been preserved, other driver is ignored [/ihp/departments/D-SYA/work/miglioranza/Encoder/Encoder.srcs/sources_1/new/Input_controller.vhd:83]
CRITICAL WARNING: [Synth 8-6859] multi-driven net on pin Q with 1st driver pin 'Input_controller_inst/dout_data0_reg[105]/Q' [/ihp/departments/D-SYA/work/miglioranza/Encoder/Encoder.srcs/sources_1/new/Input_controller.vhd:83]
CRITICAL WARNING: [Synth 8-6859] multi-driven net on pin Q with 2nd driver pin 'GND' [/ihp/departments/D-SYA/work/miglioranza/Encoder/Encoder.srcs/sources_1/new/Input_controller.vhd:83]
CRITICAL WARNING: [Synth 8-6858] multi-driven net Q is connected to at least one constant driver which has been preserved, other driver is ignored [/ihp/departments/D-SYA/work/miglioranza/Encoder/Encoder.srcs/sources_1/new/Input_controller.vhd:83]
CRITICAL WARNING: [Synth 8-6859] multi-driven net on pin Q with 1st driver pin 'Input_controller_inst/dout_data0_reg[104]/Q' [/ihp/departments/D-SYA/work/miglioranza/Encoder/Encoder.srcs/sources_1/new/Input_controller.vhd:83]
CRITICAL WARNING: [Synth 8-6859] multi-driven net on pin Q with 2nd driver pin 'GND' [/ihp/departments/D-SYA/work/miglioranza/Encoder/Encoder.srcs/sources_1/new/Input_controller.vhd:83]
CRITICAL WARNING: [Synth 8-6858] multi-driven net Q is connected to at least one constant driver which has been preserved, other driver is ignored [/ihp/departments/D-SYA/work/miglioranza/Encoder/Encoder.srcs/sources_1/new/Input_controller.vhd:83]
CRITICAL WARNING: [Synth 8-6859] multi-driven net on pin Q with 1st driver pin 'Input_controller_inst/dout_data0_reg[103]/Q' [/ihp/departments/D-SYA/work/miglioranza/Encoder/Encoder.srcs/sources_1/new/Input_controller.vhd:83]
CRITICAL WARNING: [Synth 8-6859] multi-driven net on pin Q with 2nd driver pin 'GND' [/ihp/departments/D-SYA/work/miglioranza/Encoder/Encoder.srcs/sources_1/new/Input_controller.vhd:83]
CRITICAL WARNING: [Synth 8-6858] multi-driven net Q is connected to at least one constant driver which has been preserved, other driver is ignored [/ihp/departments/D-SYA/work/miglioranza/Encoder/Encoder.srcs/sources_1/new/Input_controller.vhd:83]
CRITICAL WARNING: [Synth 8-6859] multi-driven net on pin Q with 1st driver pin 'Input_controller_inst/dout_data0_reg[102]/Q' [/ihp/departments/D-SYA/work/miglioranza/Encoder/Encoder.srcs/sources_1/new/Input_controller.vhd:83]
CRITICAL WARNING: [Synth 8-6859] multi-driven net on pin Q with 2nd driver pin 'GND' [/ihp/departments/D-SYA/work/miglioranza/Encoder/Encoder.srcs/sources_1/new/Input_controller.vhd:83]
CRITICAL WARNING: [Synth 8-6858] multi-driven net Q is connected to at least one constant driver which has been preserved, other driver is ignored [/ihp/departments/D-SYA/work/miglioranza/Encoder/Encoder.srcs/sources_1/new/Input_controller.vhd:83]
CRITICAL WARNING: [Synth 8-6859] multi-driven net on pin Q with 1st driver pin 'Input_controller_inst/dout_data0_reg[101]/Q' [/ihp/departments/D-SYA/work/miglioranza/Encoder/Encoder.srcs/sources_1/new/Input_controller.vhd:83]
CRITICAL WARNING: [Synth 8-6859] multi-driven net on pin Q with 2nd driver pin 'GND' [/ihp/departments/D-SYA/work/miglioranza/Encoder/Encoder.srcs/sources_1/new/Input_controller.vhd:83]
CRITICAL WARNING: [Synth 8-6858] multi-driven net Q is connected to at least one constant driver which has been preserved, other driver is ignored [/ihp/departments/D-SYA/work/miglioranza/Encoder/Encoder.srcs/sources_1/new/Input_controller.vhd:83]
CRITICAL WARNING: [Synth 8-6859] multi-driven net on pin Q with 1st driver pin 'Input_controller_inst/dout_data0_reg[100]/Q' [/ihp/departments/D-SYA/work/miglioranza/Encoder/Encoder.srcs/sources_1/new/Input_controller.vhd:83]
CRITICAL WARNING: [Synth 8-6859] multi-driven net on pin Q with 2nd driver pin 'GND' [/ihp/departments/D-SYA/work/miglioranza/Encoder/Encoder.srcs/sources_1/new/Input_controller.vhd:83]
CRITICAL WARNING: [Synth 8-6858] multi-driven net Q is connected to at least one constant driver which has been preserved, other driver is ignored [/ihp/departments/D-SYA/work/miglioranza/Encoder/Encoder.srcs/sources_1/new/Input_controller.vhd:83]
CRITICAL WARNING: [Synth 8-6859] multi-driven net on pin Q with 1st driver pin 'Input_controller_inst/dout_data0_reg[99]/Q' [/ihp/departments/D-SYA/work/miglioranza/Encoder/Encoder.srcs/sources_1/new/Input_controller.vhd:83]
CRITICAL WARNING: [Synth 8-6859] multi-driven net on pin Q with 2nd driver pin 'GND' [/ihp/departments/D-SYA/work/miglioranza/Encoder/Encoder.srcs/sources_1/new/Input_controller.vhd:83]
CRITICAL WARNING: [Synth 8-6858] multi-driven net Q is connected to at least one constant driver which has been preserved, other driver is ignored [/ihp/departments/D-SYA/work/miglioranza/Encoder/Encoder.srcs/sources_1/new/Input_controller.vhd:83]
CRITICAL WARNING: [Synth 8-6859] multi-driven net on pin Q with 1st driver pin 'Input_controller_inst/dout_data0_reg[98]/Q' [/ihp/departments/D-SYA/work/miglioranza/Encoder/Encoder.srcs/sources_1/new/Input_controller.vhd:83]
CRITICAL WARNING: [Synth 8-6859] multi-driven net on pin Q with 2nd driver pin 'GND' [/ihp/departments/D-SYA/work/miglioranza/Encoder/Encoder.srcs/sources_1/new/Input_controller.vhd:83]
CRITICAL WARNING: [Synth 8-6858] multi-driven net Q is connected to at least one constant driver which has been preserved, other driver is ignored [/ihp/departments/D-SYA/work/miglioranza/Encoder/Encoder.srcs/sources_1/new/Input_controller.vhd:83]
CRITICAL WARNING: [Synth 8-6859] multi-driven net on pin Q with 1st driver pin 'Input_controller_inst/dout_data0_reg[97]/Q' [/ihp/departments/D-SYA/work/miglioranza/Encoder/Encoder.srcs/sources_1/new/Input_controller.vhd:83]
CRITICAL WARNING: [Synth 8-6859] multi-driven net on pin Q with 2nd driver pin 'GND' [/ihp/departments/D-SYA/work/miglioranza/Encoder/Encoder.srcs/sources_1/new/Input_controller.vhd:83]
CRITICAL WARNING: [Synth 8-6858] multi-driven net Q is connected to at least one constant driver which has been preserved, other driver is ignored [/ihp/departments/D-SYA/work/miglioranza/Encoder/Encoder.srcs/sources_1/new/Input_controller.vhd:83]
CRITICAL WARNING: [Synth 8-6859] multi-driven net on pin Q with 1st driver pin 'Input_controller_inst/dout_data0_reg[96]/Q' [/ihp/departments/D-SYA/work/miglioranza/Encoder/Encoder.srcs/sources_1/new/Input_controller.vhd:83]
CRITICAL WARNING: [Synth 8-6859] multi-driven net on pin Q with 2nd driver pin 'GND' [/ihp/departments/D-SYA/work/miglioranza/Encoder/Encoder.srcs/sources_1/new/Input_controller.vhd:83]
CRITICAL WARNING: [Synth 8-6858] multi-driven net Q is connected to at least one constant driver which has been preserved, other driver is ignored [/ihp/departments/D-SYA/work/miglioranza/Encoder/Encoder.srcs/sources_1/new/Input_controller.vhd:83]
CRITICAL WARNING: [Synth 8-6859] multi-driven net on pin Q with 1st driver pin 'Input_controller_inst/dout_data0_reg[95]/Q' [/ihp/departments/D-SYA/work/miglioranza/Encoder/Encoder.srcs/sources_1/new/Input_controller.vhd:83]
CRITICAL WARNING: [Synth 8-6859] multi-driven net on pin Q with 2nd driver pin 'GND' [/ihp/departments/D-SYA/work/miglioranza/Encoder/Encoder.srcs/sources_1/new/Input_controller.vhd:83]
CRITICAL WARNING: [Synth 8-6858] multi-driven net Q is connected to at least one constant driver which has been preserved, other driver is ignored [/ihp/departments/D-SYA/work/miglioranza/Encoder/Encoder.srcs/sources_1/new/Input_controller.vhd:83]
CRITICAL WARNING: [Synth 8-6859] multi-driven net on pin Q with 1st driver pin 'Input_controller_inst/dout_data0_reg[94]/Q' [/ihp/departments/D-SYA/work/miglioranza/Encoder/Encoder.srcs/sources_1/new/Input_controller.vhd:83]
CRITICAL WARNING: [Synth 8-6859] multi-driven net on pin Q with 2nd driver pin 'GND' [/ihp/departments/D-SYA/work/miglioranza/Encoder/Encoder.srcs/sources_1/new/Input_controller.vhd:83]
CRITICAL WARNING: [Synth 8-6858] multi-driven net Q is connected to at least one constant driver which has been preserved, other driver is ignored [/ihp/departments/D-SYA/work/miglioranza/Encoder/Encoder.srcs/sources_1/new/Input_controller.vhd:83]
CRITICAL WARNING: [Synth 8-6859] multi-driven net on pin Q with 1st driver pin 'Input_controller_inst/dout_data0_reg[93]/Q' [/ihp/departments/D-SYA/work/miglioranza/Encoder/Encoder.srcs/sources_1/new/Input_controller.vhd:83]
CRITICAL WARNING: [Synth 8-6859] multi-driven net on pin Q with 2nd driver pin 'GND' [/ihp/departments/D-SYA/work/miglioranza/Encoder/Encoder.srcs/sources_1/new/Input_controller.vhd:83]
CRITICAL WARNING: [Synth 8-6858] multi-driven net Q is connected to at least one constant driver which has been preserved, other driver is ignored [/ihp/departments/D-SYA/work/miglioranza/Encoder/Encoder.srcs/sources_1/new/Input_controller.vhd:83]
CRITICAL WARNING: [Synth 8-6859] multi-driven net on pin Q with 1st driver pin 'Input_controller_inst/dout_data0_reg[92]/Q' [/ihp/departments/D-SYA/work/miglioranza/Encoder/Encoder.srcs/sources_1/new/Input_controller.vhd:83]
CRITICAL WARNING: [Synth 8-6859] multi-driven net on pin Q with 2nd driver pin 'GND' [/ihp/departments/D-SYA/work/miglioranza/Encoder/Encoder.srcs/sources_1/new/Input_controller.vhd:83]
CRITICAL WARNING: [Synth 8-6858] multi-driven net Q is connected to at least one constant driver which has been preserved, other driver is ignored [/ihp/departments/D-SYA/work/miglioranza/Encoder/Encoder.srcs/sources_1/new/Input_controller.vhd:83]
CRITICAL WARNING: [Synth 8-6859] multi-driven net on pin Q with 1st driver pin 'Input_controller_inst/dout_data0_reg[91]/Q' [/ihp/departments/D-SYA/work/miglioranza/Encoder/Encoder.srcs/sources_1/new/Input_controller.vhd:83]
CRITICAL WARNING: [Synth 8-6859] multi-driven net on pin Q with 2nd driver pin 'GND' [/ihp/departments/D-SYA/work/miglioranza/Encoder/Encoder.srcs/sources_1/new/Input_controller.vhd:83]
CRITICAL WARNING: [Synth 8-6858] multi-driven net Q is connected to at least one constant driver which has been preserved, other driver is ignored [/ihp/departments/D-SYA/work/miglioranza/Encoder/Encoder.srcs/sources_1/new/Input_controller.vhd:83]
CRITICAL WARNING: [Synth 8-6859] multi-driven net on pin Q with 1st driver pin 'Input_controller_inst/dout_data0_reg[90]/Q' [/ihp/departments/D-SYA/work/miglioranza/Encoder/Encoder.srcs/sources_1/new/Input_controller.vhd:83]
CRITICAL WARNING: [Synth 8-6859] multi-driven net on pin Q with 2nd driver pin 'GND' [/ihp/departments/D-SYA/work/miglioranza/Encoder/Encoder.srcs/sources_1/new/Input_controller.vhd:83]
CRITICAL WARNING: [Synth 8-6858] multi-driven net Q is connected to at least one constant driver which has been preserved, other driver is ignored [/ihp/departments/D-SYA/work/miglioranza/Encoder/Encoder.srcs/sources_1/new/Input_controller.vhd:83]
CRITICAL WARNING: [Synth 8-6859] multi-driven net on pin Q with 1st driver pin 'Input_controller_inst/dout_data0_reg[89]/Q' [/ihp/departments/D-SYA/work/miglioranza/Encoder/Encoder.srcs/sources_1/new/Input_controller.vhd:83]
CRITICAL WARNING: [Synth 8-6859] multi-driven net on pin Q with 2nd driver pin 'GND' [/ihp/departments/D-SYA/work/miglioranza/Encoder/Encoder.srcs/sources_1/new/Input_controller.vhd:83]
CRITICAL WARNING: [Synth 8-6858] multi-driven net Q is connected to at least one constant driver which has been preserved, other driver is ignored [/ihp/departments/D-SYA/work/miglioranza/Encoder/Encoder.srcs/sources_1/new/Input_controller.vhd:83]
CRITICAL WARNING: [Synth 8-6859] multi-driven net on pin Q with 1st driver pin 'Input_controller_inst/dout_data0_reg[88]/Q' [/ihp/departments/D-SYA/work/miglioranza/Encoder/Encoder.srcs/sources_1/new/Input_controller.vhd:83]
CRITICAL WARNING: [Synth 8-6859] multi-driven net on pin Q with 2nd driver pin 'GND' [/ihp/departments/D-SYA/work/miglioranza/Encoder/Encoder.srcs/sources_1/new/Input_controller.vhd:83]
CRITICAL WARNING: [Synth 8-6858] multi-driven net Q is connected to at least one constant driver which has been preserved, other driver is ignored [/ihp/departments/D-SYA/work/miglioranza/Encoder/Encoder.srcs/sources_1/new/Input_controller.vhd:83]
CRITICAL WARNING: [Synth 8-6859] multi-driven net on pin Q with 1st driver pin 'Input_controller_inst/dout_data0_reg[87]/Q' [/ihp/departments/D-SYA/work/miglioranza/Encoder/Encoder.srcs/sources_1/new/Input_controller.vhd:83]
CRITICAL WARNING: [Synth 8-6859] multi-driven net on pin Q with 2nd driver pin 'GND' [/ihp/departments/D-SYA/work/miglioranza/Encoder/Encoder.srcs/sources_1/new/Input_controller.vhd:83]
CRITICAL WARNING: [Synth 8-6858] multi-driven net Q is connected to at least one constant driver which has been preserved, other driver is ignored [/ihp/departments/D-SYA/work/miglioranza/Encoder/Encoder.srcs/sources_1/new/Input_controller.vhd:83]
CRITICAL WARNING: [Synth 8-6859] multi-driven net on pin Q with 1st driver pin 'Input_controller_inst/dout_data0_reg[86]/Q' [/ihp/departments/D-SYA/work/miglioranza/Encoder/Encoder.srcs/sources_1/new/Input_controller.vhd:83]
CRITICAL WARNING: [Synth 8-6859] multi-driven net on pin Q with 2nd driver pin 'GND' [/ihp/departments/D-SYA/work/miglioranza/Encoder/Encoder.srcs/sources_1/new/Input_controller.vhd:83]
CRITICAL WARNING: [Synth 8-6858] multi-driven net Q is connected to at least one constant driver which has been preserved, other driver is ignored [/ihp/departments/D-SYA/work/miglioranza/Encoder/Encoder.srcs/sources_1/new/Input_controller.vhd:83]
CRITICAL WARNING: [Synth 8-6859] multi-driven net on pin Q with 1st driver pin 'Input_controller_inst/dout_data0_reg[85]/Q' [/ihp/departments/D-SYA/work/miglioranza/Encoder/Encoder.srcs/sources_1/new/Input_controller.vhd:83]
CRITICAL WARNING: [Synth 8-6859] multi-driven net on pin Q with 2nd driver pin 'GND' [/ihp/departments/D-SYA/work/miglioranza/Encoder/Encoder.srcs/sources_1/new/Input_controller.vhd:83]
CRITICAL WARNING: [Synth 8-6858] multi-driven net Q is connected to at least one constant driver which has been preserved, other driver is ignored [/ihp/departments/D-SYA/work/miglioranza/Encoder/Encoder.srcs/sources_1/new/Input_controller.vhd:83]
CRITICAL WARNING: [Synth 8-6859] multi-driven net on pin Q with 1st driver pin 'Input_controller_inst/dout_data0_reg[84]/Q' [/ihp/departments/D-SYA/work/miglioranza/Encoder/Encoder.srcs/sources_1/new/Input_controller.vhd:83]
CRITICAL WARNING: [Synth 8-6859] multi-driven net on pin Q with 2nd driver pin 'GND' [/ihp/departments/D-SYA/work/miglioranza/Encoder/Encoder.srcs/sources_1/new/Input_controller.vhd:83]
CRITICAL WARNING: [Synth 8-6858] multi-driven net Q is connected to at least one constant driver which has been preserved, other driver is ignored [/ihp/departments/D-SYA/work/miglioranza/Encoder/Encoder.srcs/sources_1/new/Input_controller.vhd:83]
CRITICAL WARNING: [Synth 8-6859] multi-driven net on pin Q with 1st driver pin 'Input_controller_inst/dout_data0_reg[83]/Q' [/ihp/departments/D-SYA/work/miglioranza/Encoder/Encoder.srcs/sources_1/new/Input_controller.vhd:83]
CRITICAL WARNING: [Synth 8-6859] multi-driven net on pin Q with 2nd driver pin 'GND' [/ihp/departments/D-SYA/work/miglioranza/Encoder/Encoder.srcs/sources_1/new/Input_controller.vhd:83]
CRITICAL WARNING: [Synth 8-6858] multi-driven net Q is connected to at least one constant driver which has been preserved, other driver is ignored [/ihp/departments/D-SYA/work/miglioranza/Encoder/Encoder.srcs/sources_1/new/Input_controller.vhd:83]
CRITICAL WARNING: [Synth 8-6859] multi-driven net on pin Q with 1st driver pin 'Input_controller_inst/dout_data0_reg[82]/Q' [/ihp/departments/D-SYA/work/miglioranza/Encoder/Encoder.srcs/sources_1/new/Input_controller.vhd:83]
CRITICAL WARNING: [Synth 8-6859] multi-driven net on pin Q with 2nd driver pin 'GND' [/ihp/departments/D-SYA/work/miglioranza/Encoder/Encoder.srcs/sources_1/new/Input_controller.vhd:83]
CRITICAL WARNING: [Synth 8-6858] multi-driven net Q is connected to at least one constant driver which has been preserved, other driver is ignored [/ihp/departments/D-SYA/work/miglioranza/Encoder/Encoder.srcs/sources_1/new/Input_controller.vhd:83]
CRITICAL WARNING: [Synth 8-6859] multi-driven net on pin Q with 1st driver pin 'Input_controller_inst/dout_data0_reg[81]/Q' [/ihp/departments/D-SYA/work/miglioranza/Encoder/Encoder.srcs/sources_1/new/Input_controller.vhd:83]
CRITICAL WARNING: [Synth 8-6859] multi-driven net on pin Q with 2nd driver pin 'GND' [/ihp/departments/D-SYA/work/miglioranza/Encoder/Encoder.srcs/sources_1/new/Input_controller.vhd:83]
CRITICAL WARNING: [Synth 8-6858] multi-driven net Q is connected to at least one constant driver which has been preserved, other driver is ignored [/ihp/departments/D-SYA/work/miglioranza/Encoder/Encoder.srcs/sources_1/new/Input_controller.vhd:83]
CRITICAL WARNING: [Synth 8-6859] multi-driven net on pin Q with 1st driver pin 'Input_controller_inst/dout_data0_reg[80]/Q' [/ihp/departments/D-SYA/work/miglioranza/Encoder/Encoder.srcs/sources_1/new/Input_controller.vhd:83]
CRITICAL WARNING: [Synth 8-6859] multi-driven net on pin Q with 2nd driver pin 'GND' [/ihp/departments/D-SYA/work/miglioranza/Encoder/Encoder.srcs/sources_1/new/Input_controller.vhd:83]
CRITICAL WARNING: [Synth 8-6858] multi-driven net Q is connected to at least one constant driver which has been preserved, other driver is ignored [/ihp/departments/D-SYA/work/miglioranza/Encoder/Encoder.srcs/sources_1/new/Input_controller.vhd:83]
CRITICAL WARNING: [Synth 8-6859] multi-driven net on pin Q with 1st driver pin 'Input_controller_inst/dout_data0_reg[79]/Q' [/ihp/departments/D-SYA/work/miglioranza/Encoder/Encoder.srcs/sources_1/new/Input_controller.vhd:83]
CRITICAL WARNING: [Synth 8-6859] multi-driven net on pin Q with 2nd driver pin 'GND' [/ihp/departments/D-SYA/work/miglioranza/Encoder/Encoder.srcs/sources_1/new/Input_controller.vhd:83]
CRITICAL WARNING: [Synth 8-6858] multi-driven net Q is connected to at least one constant driver which has been preserved, other driver is ignored [/ihp/departments/D-SYA/work/miglioranza/Encoder/Encoder.srcs/sources_1/new/Input_controller.vhd:83]
CRITICAL WARNING: [Synth 8-6859] multi-driven net on pin Q with 1st driver pin 'Input_controller_inst/dout_data0_reg[78]/Q' [/ihp/departments/D-SYA/work/miglioranza/Encoder/Encoder.srcs/sources_1/new/Input_controller.vhd:83]
CRITICAL WARNING: [Synth 8-6859] multi-driven net on pin Q with 2nd driver pin 'GND' [/ihp/departments/D-SYA/work/miglioranza/Encoder/Encoder.srcs/sources_1/new/Input_controller.vhd:83]
INFO: [Common 17-14] Message 'Synth 8-6859' appears 100 times and further instances of the messages will be disabled. Use the Tcl command set_msg_config to change the current settings.
CRITICAL WARNING: [Synth 8-6858] multi-driven net Q is connected to at least one constant driver which has been preserved, other driver is ignored [/ihp/departments/D-SYA/work/miglioranza/Encoder/Encoder.srcs/sources_1/new/Input_controller.vhd:83]
CRITICAL WARNING: [Synth 8-6858] multi-driven net Q is connected to at least one constant driver which has been preserved, other driver is ignored [/ihp/departments/D-SYA/work/miglioranza/Encoder/Encoder.srcs/sources_1/new/Input_controller.vhd:83]
CRITICAL WARNING: [Synth 8-6858] multi-driven net Q is connected to at least one constant driver which has been preserved, other driver is ignored [/ihp/departments/D-SYA/work/miglioranza/Encoder/Encoder.srcs/sources_1/new/Input_controller.vhd:83]
CRITICAL WARNING: [Synth 8-6858] multi-driven net Q is connected to at least one constant driver which has been preserved, other driver is ignored [/ihp/departments/D-SYA/work/miglioranza/Encoder/Encoder.srcs/sources_1/new/Input_controller.vhd:83]
CRITICAL WARNING: [Synth 8-6858] multi-driven net Q is connected to at least one constant driver which has been preserved, other driver is ignored [/ihp/departments/D-SYA/work/miglioranza/Encoder/Encoder.srcs/sources_1/new/Input_controller.vhd:83]
CRITICAL WARNING: [Synth 8-6858] multi-driven net Q is connected to at least one constant driver which has been preserved, other driver is ignored [/ihp/departments/D-SYA/work/miglioranza/Encoder/Encoder.srcs/sources_1/new/Input_controller.vhd:83]
CRITICAL WARNING: [Synth 8-6858] multi-driven net Q is connected to at least one constant driver which has been preserved, other driver is ignored [/ihp/departments/D-SYA/work/miglioranza/Encoder/Encoder.srcs/sources_1/new/Input_controller.vhd:83]
CRITICAL WARNING: [Synth 8-6858] multi-driven net Q is connected to at least one constant driver which has been preserved, other driver is ignored [/ihp/departments/D-SYA/work/miglioranza/Encoder/Encoder.srcs/sources_1/new/Input_controller.vhd:83]
CRITICAL WARNING: [Synth 8-6858] multi-driven net Q is connected to at least one constant driver which has been preserved, other driver is ignored [/ihp/departments/D-SYA/work/miglioranza/Encoder/Encoder.srcs/sources_1/new/Input_controller.vhd:83]
CRITICAL WARNING: [Synth 8-6858] multi-driven net Q is connected to at least one constant driver which has been preserved, other driver is ignored [/ihp/departments/D-SYA/work/miglioranza/Encoder/Encoder.srcs/sources_1/new/Input_controller.vhd:83]
CRITICAL WARNING: [Synth 8-6858] multi-driven net Q is connected to at least one constant driver which has been preserved, other driver is ignored [/ihp/departments/D-SYA/work/miglioranza/Encoder/Encoder.srcs/sources_1/new/Input_controller.vhd:83]
CRITICAL WARNING: [Synth 8-6858] multi-driven net Q is connected to at least one constant driver which has been preserved, other driver is ignored [/ihp/departments/D-SYA/work/miglioranza/Encoder/Encoder.srcs/sources_1/new/Input_controller.vhd:83]
CRITICAL WARNING: [Synth 8-6858] multi-driven net Q is connected to at least one constant driver which has been preserved, other driver is ignored [/ihp/departments/D-SYA/work/miglioranza/Encoder/Encoder.srcs/sources_1/new/Input_controller.vhd:83]
CRITICAL WARNING: [Synth 8-6858] multi-driven net Q is connected to at least one constant driver which has been preserved, other driver is ignored [/ihp/departments/D-SYA/work/miglioranza/Encoder/Encoder.srcs/sources_1/new/Input_controller.vhd:83]
CRITICAL WARNING: [Synth 8-6858] multi-driven net Q is connected to at least one constant driver which has been preserved, other driver is ignored [/ihp/departments/D-SYA/work/miglioranza/Encoder/Encoder.srcs/sources_1/new/Input_controller.vhd:83]
CRITICAL WARNING: [Synth 8-6858] multi-driven net Q is connected to at least one constant driver which has been preserved, other driver is ignored [/ihp/departments/D-SYA/work/miglioranza/Encoder/Encoder.srcs/sources_1/new/Input_controller.vhd:83]
CRITICAL WARNING: [Synth 8-6858] multi-driven net Q is connected to at least one constant driver which has been preserved, other driver is ignored [/ihp/departments/D-SYA/work/miglioranza/Encoder/Encoder.srcs/sources_1/new/Input_controller.vhd:83]
CRITICAL WARNING: [Synth 8-6858] multi-driven net Q is connected to at least one constant driver which has been preserved, other driver is ignored [/ihp/departments/D-SYA/work/miglioranza/Encoder/Encoder.srcs/sources_1/new/Input_controller.vhd:83]
CRITICAL WARNING: [Synth 8-6858] multi-driven net Q is connected to at least one constant driver which has been preserved, other driver is ignored [/ihp/departments/D-SYA/work/miglioranza/Encoder/Encoder.srcs/sources_1/new/Input_controller.vhd:83]
CRITICAL WARNING: [Synth 8-6858] multi-driven net Q is connected to at least one constant driver which has been preserved, other driver is ignored [/ihp/departments/D-SYA/work/miglioranza/Encoder/Encoder.srcs/sources_1/new/Input_controller.vhd:83]
CRITICAL WARNING: [Synth 8-6858] multi-driven net Q is connected to at least one constant driver which has been preserved, other driver is ignored [/ihp/departments/D-SYA/work/miglioranza/Encoder/Encoder.srcs/sources_1/new/Input_controller.vhd:83]
CRITICAL WARNING: [Synth 8-6858] multi-driven net Q is connected to at least one constant driver which has been preserved, other driver is ignored [/ihp/departments/D-SYA/work/miglioranza/Encoder/Encoder.srcs/sources_1/new/Input_controller.vhd:83]
CRITICAL WARNING: [Synth 8-6858] multi-driven net Q is connected to at least one constant driver which has been preserved, other driver is ignored [/ihp/departments/D-SYA/work/miglioranza/Encoder/Encoder.srcs/sources_1/new/Input_controller.vhd:83]
CRITICAL WARNING: [Synth 8-6858] multi-driven net Q is connected to at least one constant driver which has been preserved, other driver is ignored [/ihp/departments/D-SYA/work/miglioranza/Encoder/Encoder.srcs/sources_1/new/Input_controller.vhd:83]
CRITICAL WARNING: [Synth 8-6858] multi-driven net Q is connected to at least one constant driver which has been preserved, other driver is ignored [/ihp/departments/D-SYA/work/miglioranza/Encoder/Encoder.srcs/sources_1/new/Input_controller.vhd:83]
CRITICAL WARNING: [Synth 8-6858] multi-driven net Q is connected to at least one constant driver which has been preserved, other driver is ignored [/ihp/departments/D-SYA/work/miglioranza/Encoder/Encoder.srcs/sources_1/new/Input_controller.vhd:83]
CRITICAL WARNING: [Synth 8-6858] multi-driven net Q is connected to at least one constant driver which has been preserved, other driver is ignored [/ihp/departments/D-SYA/work/miglioranza/Encoder/Encoder.srcs/sources_1/new/Input_controller.vhd:83]
CRITICAL WARNING: [Synth 8-6858] multi-driven net Q is connected to at least one constant driver which has been preserved, other driver is ignored [/ihp/departments/D-SYA/work/miglioranza/Encoder/Encoder.srcs/sources_1/new/Input_controller.vhd:83]
CRITICAL WARNING: [Synth 8-6858] multi-driven net Q is connected to at least one constant driver which has been preserved, other driver is ignored [/ihp/departments/D-SYA/work/miglioranza/Encoder/Encoder.srcs/sources_1/new/Input_controller.vhd:83]
CRITICAL WARNING: [Synth 8-6858] multi-driven net Q is connected to at least one constant driver which has been preserved, other driver is ignored [/ihp/departments/D-SYA/work/miglioranza/Encoder/Encoder.srcs/sources_1/new/Input_controller.vhd:83]
CRITICAL WARNING: [Synth 8-6858] multi-driven net Q is connected to at least one constant driver which has been preserved, other driver is ignored [/ihp/departments/D-SYA/work/miglioranza/Encoder/Encoder.srcs/sources_1/new/Input_controller.vhd:83]
CRITICAL WARNING: [Synth 8-6858] multi-driven net Q is connected to at least one constant driver which has been preserved, other driver is ignored [/ihp/departments/D-SYA/work/miglioranza/Encoder/Encoder.srcs/sources_1/new/Input_controller.vhd:83]
CRITICAL WARNING: [Synth 8-6858] multi-driven net Q is connected to at least one constant driver which has been preserved, other driver is ignored [/ihp/departments/D-SYA/work/miglioranza/Encoder/Encoder.srcs/sources_1/new/Input_controller.vhd:83]
CRITICAL WARNING: [Synth 8-6858] multi-driven net Q is connected to at least one constant driver which has been preserved, other driver is ignored [/ihp/departments/D-SYA/work/miglioranza/Encoder/Encoder.srcs/sources_1/new/Input_controller.vhd:83]
CRITICAL WARNING: [Synth 8-6858] multi-driven net Q is connected to at least one constant driver which has been preserved, other driver is ignored [/ihp/departments/D-SYA/work/miglioranza/Encoder/Encoder.srcs/sources_1/new/Input_controller.vhd:83]
CRITICAL WARNING: [Synth 8-6858] multi-driven net Q is connected to at least one constant driver which has been preserved, other driver is ignored [/ihp/departments/D-SYA/work/miglioranza/Encoder/Encoder.srcs/sources_1/new/Input_controller.vhd:83]
CRITICAL WARNING: [Synth 8-6858] multi-driven net Q is connected to at least one constant driver which has been preserved, other driver is ignored [/ihp/departments/D-SYA/work/miglioranza/Encoder/Encoder.srcs/sources_1/new/Input_controller.vhd:83]
CRITICAL WARNING: [Synth 8-6858] multi-driven net Q is connected to at least one constant driver which has been preserved, other driver is ignored [/ihp/departments/D-SYA/work/miglioranza/Encoder/Encoder.srcs/sources_1/new/Input_controller.vhd:83]
CRITICAL WARNING: [Synth 8-6858] multi-driven net Q is connected to at least one constant driver which has been preserved, other driver is ignored [/ihp/departments/D-SYA/work/miglioranza/Encoder/Encoder.srcs/sources_1/new/Input_controller.vhd:83]
CRITICAL WARNING: [Synth 8-6858] multi-driven net Q is connected to at least one constant driver which has been preserved, other driver is ignored [/ihp/departments/D-SYA/work/miglioranza/Encoder/Encoder.srcs/sources_1/new/Input_controller.vhd:83]
CRITICAL WARNING: [Synth 8-6858] multi-driven net Q is connected to at least one constant driver which has been preserved, other driver is ignored [/ihp/departments/D-SYA/work/miglioranza/Encoder/Encoder.srcs/sources_1/new/Input_controller.vhd:83]
CRITICAL WARNING: [Synth 8-6858] multi-driven net Q is connected to at least one constant driver which has been preserved, other driver is ignored [/ihp/departments/D-SYA/work/miglioranza/Encoder/Encoder.srcs/sources_1/new/Input_controller.vhd:83]
CRITICAL WARNING: [Synth 8-6858] multi-driven net Q is connected to at least one constant driver which has been preserved, other driver is ignored [/ihp/departments/D-SYA/work/miglioranza/Encoder/Encoder.srcs/sources_1/new/Input_controller.vhd:83]
CRITICAL WARNING: [Synth 8-6858] multi-driven net Q is connected to at least one constant driver which has been preserved, other driver is ignored [/ihp/departments/D-SYA/work/miglioranza/Encoder/Encoder.srcs/sources_1/new/Input_controller.vhd:83]
CRITICAL WARNING: [Synth 8-6858] multi-driven net Q is connected to at least one constant driver which has been preserved, other driver is ignored [/ihp/departments/D-SYA/work/miglioranza/Encoder/Encoder.srcs/sources_1/new/Input_controller.vhd:83]
CRITICAL WARNING: [Synth 8-6858] multi-driven net Q is connected to at least one constant driver which has been preserved, other driver is ignored [/ihp/departments/D-SYA/work/miglioranza/Encoder/Encoder.srcs/sources_1/new/Input_controller.vhd:83]
CRITICAL WARNING: [Synth 8-6858] multi-driven net Q is connected to at least one constant driver which has been preserved, other driver is ignored [/ihp/departments/D-SYA/work/miglioranza/Encoder/Encoder.srcs/sources_1/new/Input_controller.vhd:83]
---------------------------------------------------------------------------------
Finished Cross Boundary and Area Optimization : Time (s): cpu = 00:00:33 ; elapsed = 00:00:39 . Memory (MB): peak = 3743.637 ; gain = 495.094 ; free physical = 4527 ; free virtual = 100466
---------------------------------------------------------------------------------
---------------------------------------------------------------------------------
Start Applying XDC Timing Constraints
---------------------------------------------------------------------------------
---------------------------------------------------------------------------------
Finished Applying XDC Timing Constraints : Time (s): cpu = 00:00:42 ; elapsed = 00:00:50 . Memory (MB): peak = 3973.469 ; gain = 724.926 ; free physical = 4058 ; free virtual = 100001
---------------------------------------------------------------------------------
---------------------------------------------------------------------------------
Start Timing Optimization
---------------------------------------------------------------------------------
---------------------------------------------------------------------------------
Finished Timing Optimization : Time (s): cpu = 00:00:44 ; elapsed = 00:00:53 . Memory (MB): peak = 4028.508 ; gain = 779.965 ; free physical = 4033 ; free virtual = 99975
---------------------------------------------------------------------------------
---------------------------------------------------------------------------------
Start Technology Mapping
---------------------------------------------------------------------------------
---------------------------------------------------------------------------------
Finished Technology Mapping : Time (s): cpu = 00:00:45 ; elapsed = 00:00:53 . Memory (MB): peak = 4036.516 ; gain = 787.973 ; free physical = 4034 ; free virtual = 99977
---------------------------------------------------------------------------------
---------------------------------------------------------------------------------
Start IO Insertion
---------------------------------------------------------------------------------
---------------------------------------------------------------------------------
Start Flattening Before IO Insertion
---------------------------------------------------------------------------------
---------------------------------------------------------------------------------
Finished Flattening Before IO Insertion
---------------------------------------------------------------------------------
---------------------------------------------------------------------------------
Start Final Netlist Cleanup
---------------------------------------------------------------------------------
---------------------------------------------------------------------------------
Finished Final Netlist Cleanup
---------------------------------------------------------------------------------
---------------------------------------------------------------------------------
Finished IO Insertion : Time (s): cpu = 00:00:47 ; elapsed = 00:00:56 . Memory (MB): peak = 4036.516 ; gain = 787.973 ; free physical = 4028 ; free virtual = 99975
---------------------------------------------------------------------------------
---------------------------------------------------------------------------------
Start Renaming Generated Instances
---------------------------------------------------------------------------------
---------------------------------------------------------------------------------
Finished Renaming Generated Instances : Time (s): cpu = 00:00:47 ; elapsed = 00:00:56 . Memory (MB): peak = 4036.516 ; gain = 787.973 ; free physical = 4028 ; free virtual = 99974
---------------------------------------------------------------------------------

Report Check Netlist: 
+------+------------------+-------+---------+-------+------------------+
|      |Item              |Errors |Warnings |Status |Description       |
+------+------------------+-------+---------+-------+------------------+
|1     |multi_driven_nets |      0|       32|Failed |Multi driven nets |
+------+------------------+-------+---------+-------+------------------+
---------------------------------------------------------------------------------
Start Rebuilding User Hierarchy
---------------------------------------------------------------------------------
---------------------------------------------------------------------------------
Finished Rebuilding User Hierarchy : Time (s): cpu = 00:00:48 ; elapsed = 00:00:56 . Memory (MB): peak = 4036.516 ; gain = 787.973 ; free physical = 4030 ; free virtual = 99976
---------------------------------------------------------------------------------
---------------------------------------------------------------------------------
Start Renaming Generated Ports
---------------------------------------------------------------------------------
---------------------------------------------------------------------------------
Finished Renaming Generated Ports : Time (s): cpu = 00:00:48 ; elapsed = 00:00:56 . Memory (MB): peak = 4036.516 ; gain = 787.973 ; free physical = 4030 ; free virtual = 99976
---------------------------------------------------------------------------------
---------------------------------------------------------------------------------
Start Handling Custom Attributes
---------------------------------------------------------------------------------
---------------------------------------------------------------------------------
Finished Handling Custom Attributes : Time (s): cpu = 00:00:48 ; elapsed = 00:00:56 . Memory (MB): peak = 4036.516 ; gain = 787.973 ; free physical = 4030 ; free virtual = 99976
---------------------------------------------------------------------------------
---------------------------------------------------------------------------------
Start Renaming Generated Nets
---------------------------------------------------------------------------------
---------------------------------------------------------------------------------
Finished Renaming Generated Nets : Time (s): cpu = 00:00:48 ; elapsed = 00:00:56 . Memory (MB): peak = 4036.516 ; gain = 787.973 ; free physical = 4030 ; free virtual = 99976
---------------------------------------------------------------------------------
---------------------------------------------------------------------------------
Start Writing Synthesis Report
---------------------------------------------------------------------------------

Report BlackBoxes: 
+------+-----------------+----------+
|      |BlackBox name    |Instances |
+------+-----------------+----------+
|1     |sd_fec_0         |         4|
|2     |axis_data_fifo_0 |         4|
|3     |axis_data_fifo_1 |         4|
+------+-----------------+----------+

Report Cell Usage: 
+------+----------------------+------+
|      |Cell                  |Count |
+------+----------------------+------+
|1     |axis_data_fifo_0_bbox |     4|
|5     |axis_data_fifo_1_bbox |     4|
|9     |sd_fec_0_bbox         |     4|
|13    |BUFG                  |     1|
|14    |LUT2                  |    23|
|15    |LUT3                  |   155|
|16    |LUT4                  |    90|
|17    |LUT5                  |    95|
|18    |LUT6                  |   225|
|19    |FDCE                  |   164|
|20    |FDRE                  |   304|
|21    |IBUF                  |    41|
|22    |OBUF                  |    37|
+------+----------------------+------+
---------------------------------------------------------------------------------
Finished Writing Synthesis Report : Time (s): cpu = 00:00:48 ; elapsed = 00:00:56 . Memory (MB): peak = 4036.516 ; gain = 787.973 ; free physical = 4030 ; free virtual = 99976
---------------------------------------------------------------------------------
Synthesis finished with 0 errors, 352 critical warnings and 1 warnings.
Synthesis Optimization Runtime : Time (s): cpu = 00:00:39 ; elapsed = 00:00:48 . Memory (MB): peak = 4036.516 ; gain = 592.316 ; free physical = 4067 ; free virtual = 100014
Synthesis Optimization Complete : Time (s): cpu = 00:00:48 ; elapsed = 00:00:56 . Memory (MB): peak = 4036.523 ; gain = 787.973 ; free physical = 4067 ; free virtual = 100014
INFO: [Project 1-571] Translating synthesized netlist
Netlist sorting complete. Time (s): cpu = 00:00:00.01 ; elapsed = 00:00:00.01 . Memory (MB): peak = 4044.516 ; gain = 0.000 ; free physical = 4167 ; free virtual = 100113
INFO: [Netlist 29-17] Analyzing 42 Unisim elements for replacement
INFO: [Netlist 29-28] Unisim Transformation completed in 0 CPU seconds
INFO: [Project 1-570] Preparing netlist for logic optimization
INFO: [Opt 31-138] Pushed 0 inverter(s) to 0 load pin(s).
Netlist sorting complete. Time (s): cpu = 00:00:00 ; elapsed = 00:00:00 . Memory (MB): peak = 4120.285 ; gain = 0.000 ; free physical = 4090 ; free virtual = 100036
INFO: [Project 1-111] Unisim Transformation Summary:
  A total of 42 instances were transformed.
  BUFG => BUFGCE: 1 instance 
  IBUF => IBUF (IBUFCTRL, INBUF): 41 instances

Synth Design complete, checksum: dce8c43b
INFO: [Common 17-83] Releasing license: Synthesis
53 Infos, 34 Warnings, 196 Critical Warnings and 0 Errors encountered.
synth_design completed successfully
synth_design: Time (s): cpu = 00:01:02 ; elapsed = 00:01:39 . Memory (MB): peak = 4120.285 ; gain = 1027.367 ; free physical = 4247 ; free virtual = 100193
INFO: [runtcl-6] Synthesis results are not added to the cache due to CRITICAL_WARNING
INFO: [Common 17-1381] The checkpoint '/ihp/departments/D-SYA/work/miglioranza/Encoder/Encoder.runs/synth_2/LDPC_encoder.dcp' has been generated.
INFO: [runtcl-4] Executing : report_utilization -file LDPC_encoder_utilization_synth.rpt -pb LDPC_encoder_utilization_synth.pb
INFO: [Common 17-206] Exiting Vivado at Tue Oct 28 12:20:00 2025...
