xmvhdl(64): 20.09-s007: (c) Copyright 1995-2020 Cadence Design Systems, Inc.
DEFINE g709_rs_decoder_v2_2_9  /home/miglioranza/project_1.xpr/project_1/project_1.cache/compile_simlib/xcelium/g709_rs_decoder_v2_2_9
|
xmvhdl: *W,DLCPTH (./cds.lib,2): cds.lib Invalid path '/home/miglioranza/project_1.xpr/project_1/project_1.cache/compile_simlib/xcelium/g709_rs_decoder_v2_2_9' (cds.lib command ignored).
DEFINE g709_fec_v2_4_4  /home/miglioranza/project_1.xpr/project_1/project_1.cache/compile_simlib/xcelium/g709_fec_v2_4_4
|
xmvhdl: *W,DLCPTH (./cds.lib,3): cds.lib Invalid path '/home/miglioranza/project_1.xpr/project_1/project_1.cache/compile_simlib/xcelium/g709_fec_v2_4_4' (cds.lib command ignored).
DEFINE v_tc_v6_2_3  /home/miglioranza/project_1.xpr/project_1/project_1.cache/compile_simlib/xcelium/v_tc_v6_2_3
|
xmvhdl: *W,DLCPTH (./cds.lib,4): cds.lib Invalid path '/home/miglioranza/project_1.xpr/project_1/project_1.cache/compile_simlib/xcelium/v_tc_v6_2_3' (cds.lib command ignored).
DEFINE v_dp_axi4s_vid_out_v1_0_3  /home/miglioranza/project_1.xpr/project_1/project_1.cache/compile_simlib/xcelium/v_dp_axi4s_vid_out_v1_0_3
|
xmvhdl: *W,DLCPTH (./cds.lib,5): cds.lib Invalid path '/home/miglioranza/project_1.xpr/project_1/project_1.cache/compile_simlib/xcelium/v_dp_axi4s_vid_out_v1_0_3' (cds.lib command ignored).
DEFINE axi_quad_spi_v3_2_24  /home/miglioranza/project_1.xpr/project_1/project_1.cache/compile_simlib/xcelium/axi_quad_spi_v3_2_24
|
xmvhdl: *W,DLCPTH (./cds.lib,6): cds.lib Invalid path '/home/miglioranza/project_1.xpr/project_1/project_1.cache/compile_simlib/xcelium/axi_quad_spi_v3_2_24' (cds.lib command ignored).
DEFINE sd_fec_v1_1_8  /home/miglioranza/project_1.xpr/project_1/project_1.cache/compile_simlib/xcelium/sd_fec_v1_1_8
|
xmvhdl: *W,DLCPTH (./cds.lib,7): cds.lib Invalid path '/home/miglioranza/project_1.xpr/project_1/project_1.cache/compile_simlib/xcelium/sd_fec_v1_1_8' (cds.lib command ignored).
DEFINE lte_3gpp_channel_estimator_v2_0_19  /home/miglioranza/project_1.xpr/project_1/project_1.cache/compile_simlib/xcelium/lte_3gpp_channel_estimator_v2_0_19
|
xmvhdl: *W,DLCPTH (./cds.lib,8): cds.lib Invalid path '/home/miglioranza/project_1.xpr/project_1/project_1.cache/compile_simlib/xcelium/lte_3gpp_channel_estimator_v2_0_19' (cds.lib command ignored).
DEFINE audio_formatter_v1_0_7  /home/miglioranza/project_1.xpr/project_1/project_1.cache/compile_simlib/xcelium/audio_formatter_v1_0_7
|
xmvhdl: *W,DLCPTH (./cds.lib,9): cds.lib Invalid path '/home/miglioranza/project_1.xpr/project_1/project_1.cache/compile_simlib/xcelium/audio_formatter_v1_0_7' (cds.lib command ignored).
DEFINE axi_firewall_v1_1_4  /home/miglioranza/project_1.xpr/project_1/project_1.cache/compile_simlib/xcelium/axi_firewall_v1_1_4
|
xmvhdl: *W,DLCPTH (./cds.lib,10): cds.lib Invalid path '/home/miglioranza/project_1.xpr/project_1/project_1.cache/compile_simlib/xcelium/axi_firewall_v1_1_4' (cds.lib command ignored).
DEFINE axi_sg_v4_1_14  /home/miglioranza/project_1.xpr/project_1/project_1.cache/compile_simlib/xcelium/axi_sg_v4_1_14
|
xmvhdl: *W,DLCPTH (./cds.lib,11): cds.lib Invalid path '/home/miglioranza/project_1.xpr/project_1/project_1.cache/compile_simlib/xcelium/axi_sg_v4_1_14' (cds.lib command ignored).
DEFINE axi_dma_v7_1_26  /home/miglioranza/project_1.xpr/project_1/project_1.cache/compile_simlib/xcelium/axi_dma_v7_1_26
|
xmvhdl: *W,DLCPTH (./cds.lib,12): cds.lib Invalid path '/home/miglioranza/project_1.xpr/project_1/project_1.cache/compile_simlib/xcelium/axi_dma_v7_1_26' (cds.lib command ignored).
DEFINE tsn_temac_v1_0_6  /home/miglioranza/project_1.xpr/project_1/project_1.cache/compile_simlib/xcelium/tsn_temac_v1_0_6
|
xmvhdl: *W,DLCPTH (./cds.lib,13): cds.lib Invalid path '/home/miglioranza/project_1.xpr/project_1/project_1.cache/compile_simlib/xcelium/tsn_temac_v1_0_6' (cds.lib command ignored).
DEFINE fc32_rs_fec_v1_0_20  /home/miglioranza/project_1.xpr/project_1/project_1.cache/compile_simlib/xcelium/fc32_rs_fec_v1_0_20
|
xmvhdl: *W,DLCPTH (./cds.lib,14): cds.lib Invalid path '/home/miglioranza/project_1.xpr/project_1/project_1.cache/compile_simlib/xcelium/fc32_rs_fec_v1_0_20' (cds.lib command ignored).
DEFINE ieee802d3_400g_rs_fec_v2_0_6  /home/miglioranza/project_1.xpr/project_1/project_1.cache/compile_simlib/xcelium/ieee802d3_400g_rs_fec_v2_0_6
|
xmvhdl: *W,DLCPTH (./cds.lib,15): cds.lib Invalid path '/home/miglioranza/project_1.xpr/project_1/project_1.cache/compile_simlib/xcelium/ieee802d3_400g_rs_fec_v2_0_6' (cds.lib command ignored).
DEFINE displayport_v8_1_4  /home/miglioranza/project_1.xpr/project_1/project_1.cache/compile_simlib/xcelium/displayport_v8_1_4
|
xmvhdl: *W,DLCPTH (./cds.lib,16): cds.lib Invalid path '/home/miglioranza/project_1.xpr/project_1/project_1.cache/compile_simlib/xcelium/displayport_v8_1_4' (cds.lib command ignored).
DEFINE displayport_v9_0_4  /home/miglioranza/project_1.xpr/project_1/project_1.cache/compile_simlib/xcelium/displayport_v9_0_4
|
xmvhdl: *W,DLCPTH (./cds.lib,17): cds.lib Invalid path '/home/miglioranza/project_1.xpr/project_1/project_1.cache/compile_simlib/xcelium/displayport_v9_0_4' (cds.lib command ignored).
DEFINE quadsgmii_v3_5_5  /home/miglioranza/project_1.xpr/project_1/project_1.cache/compile_simlib/xcelium/quadsgmii_v3_5_5
|
xmvhdl: *W,DLCPTH (./cds.lib,18): cds.lib Invalid path '/home/miglioranza/project_1.xpr/project_1/project_1.cache/compile_simlib/xcelium/quadsgmii_v3_5_5' (cds.lib command ignored).
DEFINE displayport_v7_0_0  /home/miglioranza/project_1.xpr/project_1/project_1.cache/compile_simlib/xcelium/displayport_v7_0_0
|
xmvhdl: *W,DLCPTH (./cds.lib,19): cds.lib Invalid path '/home/miglioranza/project_1.xpr/project_1/project_1.cache/compile_simlib/xcelium/displayport_v7_0_0' (cds.lib command ignored).
DEFINE ieee802d3_25g_rs_fec_v1_0_22  /home/miglioranza/project_1.xpr/project_1/project_1.cache/compile_simlib/xcelium/ieee802d3_25g_rs_fec_v1_0_22
|
xmvhdl: *W,DLCPTH (./cds.lib,20): cds.lib Invalid path '/home/miglioranza/project_1.xpr/project_1/project_1.cache/compile_simlib/xcelium/ieee802d3_25g_rs_fec_v1_0_22' (cds.lib command ignored).
DEFINE axi_epc_v2_0_28  /home/miglioranza/project_1.xpr/project_1/project_1.cache/compile_simlib/xcelium/axi_epc_v2_0_28
|
xmvhdl: *W,DLCPTH (./cds.lib,21): cds.lib Invalid path '/home/miglioranza/project_1.xpr/project_1/project_1.cache/compile_simlib/xcelium/axi_epc_v2_0_28' (cds.lib command ignored).
DEFINE switch_core_top_v1_0_10  /home/miglioranza/project_1.xpr/project_1/project_1.cache/compile_simlib/xcelium/switch_core_top_v1_0_10
|
xmvhdl: *W,DLCPTH (./cds.lib,22): cds.lib Invalid path '/home/miglioranza/project_1.xpr/project_1/project_1.cache/compile_simlib/xcelium/switch_core_top_v1_0_10' (cds.lib command ignored).
DEFINE soft_ecc_proxy_v1_0_1  /home/miglioranza/project_1.xpr/project_1/project_1.cache/compile_simlib/xcelium/soft_ecc_proxy_v1_0_1
|
xmvhdl: *W,DLCPTH (./cds.lib,23): cds.lib Invalid path '/home/miglioranza/project_1.xpr/project_1/project_1.cache/compile_simlib/xcelium/soft_ecc_proxy_v1_0_1' (cds.lib command ignored).
DEFINE axi_timebase_wdt_v3_0_17  /home/miglioranza/project_1.xpr/project_1/project_1.cache/compile_simlib/xcelium/axi_timebase_wdt_v3_0_17
|
xmvhdl: *W,DLCPTH (./cds.lib,24): cds.lib Invalid path '/home/miglioranza/project_1.xpr/project_1/project_1.cache/compile_simlib/xcelium/axi_timebase_wdt_v3_0_17' (cds.lib command ignored).
DEFINE tri_mode_ethernet_mac_v9_0_20  /home/miglioranza/project_1.xpr/project_1/project_1.cache/compile_simlib/xcelium/tri_mode_ethernet_mac_v9_0_20
|
xmvhdl: *W,DLCPTH (./cds.lib,25): cds.lib Invalid path '/home/miglioranza/project_1.xpr/project_1/project_1.cache/compile_simlib/xcelium/tri_mode_ethernet_mac_v9_0_20' (cds.lib command ignored).
DEFINE axi_cdma_v4_1_25  /home/miglioranza/project_1.xpr/project_1/project_1.cache/compile_simlib/xcelium/axi_cdma_v4_1_25
|
xmvhdl: *W,DLCPTH (./cds.lib,26): cds.lib Invalid path '/home/miglioranza/project_1.xpr/project_1/project_1.cache/compile_simlib/xcelium/axi_cdma_v4_1_25' (cds.lib command ignored).
DEFINE v_vid_gt_bridge_v1_0_4  /home/miglioranza/project_1.xpr/project_1/project_1.cache/compile_simlib/xcelium/v_vid_gt_bridge_v1_0_4
|
xmvhdl: *W,DLCPTH (./cds.lib,27): cds.lib Invalid path '/home/miglioranza/project_1.xpr/project_1/project_1.cache/compile_simlib/xcelium/v_vid_gt_bridge_v1_0_4' (cds.lib command ignored).
DEFINE axi_ethernetlite_v3_0_24  /home/miglioranza/project_1.xpr/project_1/project_1.cache/compile_simlib/xcelium/axi_ethernetlite_v3_0_24
|
xmvhdl: *W,DLCPTH (./cds.lib,28): cds.lib Invalid path '/home/miglioranza/project_1.xpr/project_1/project_1.cache/compile_simlib/xcelium/axi_ethernetlite_v3_0_24' (cds.lib command ignored).
DEFINE axi_dwidth_converter_v2_1_25  /home/miglioranza/project_1.xpr/project_1/project_1.cache/compile_simlib/xcelium/axi_dwidth_converter_v2_1_25
|
xmvhdl: *W,DLCPTH (./cds.lib,29): cds.lib Invalid path '/home/miglioranza/project_1.xpr/project_1/project_1.cache/compile_simlib/xcelium/axi_dwidth_converter_v2_1_25' (cds.lib command ignored).
DEFINE axi_mmu_v2_1_23  /home/miglioranza/project_1.xpr/project_1/project_1.cache/compile_simlib/xcelium/axi_mmu_v2_1_23
|
xmvhdl: *W,DLCPTH (./cds.lib,30): cds.lib Invalid path '/home/miglioranza/project_1.xpr/project_1/project_1.cache/compile_simlib/xcelium/axi_mmu_v2_1_23' (cds.lib command ignored).
DEFINE xfft_v9_1_7  /home/miglioranza/project_1.xpr/project_1/project_1.cache/compile_simlib/xcelium/xfft_v9_1_7
|
xmvhdl: *W,DLCPTH (./cds.lib,31): cds.lib Invalid path '/home/miglioranza/project_1.xpr/project_1/project_1.cache/compile_simlib/xcelium/xfft_v9_1_7' (cds.lib command ignored).
DEFINE c_accum_v12_0_14  /home/miglioranza/project_1.xpr/project_1/project_1.cache/compile_simlib/xcelium/c_accum_v12_0_14
|
xmvhdl: *W,DLCPTH (./cds.lib,32): cds.lib Invalid path '/home/miglioranza/project_1.xpr/project_1/project_1.cache/compile_simlib/xcelium/c_accum_v12_0_14' (cds.lib command ignored).
DEFINE tcc_encoder_3gpp_v5_0_17  /home/miglioranza/project_1.xpr/project_1/project_1.cache/compile_simlib/xcelium/tcc_encoder_3gpp_v5_0_17
|
xmvhdl: *W,DLCPTH (./cds.lib,33): cds.lib Invalid path '/home/miglioranza/project_1.xpr/project_1/project_1.cache/compile_simlib/xcelium/tcc_encoder_3gpp_v5_0_17' (cds.lib command ignored).
DEFINE polar_v1_0_9  /home/miglioranza/project_1.xpr/project_1/project_1.cache/compile_simlib/xcelium/polar_v1_0_9
|
xmvhdl: *W,DLCPTH (./cds.lib,34): cds.lib Invalid path '/home/miglioranza/project_1.xpr/project_1/project_1.cache/compile_simlib/xcelium/polar_v1_0_9' (cds.lib command ignored).
DEFINE xdfe_common_v1_0_0  /home/miglioranza/project_1.xpr/project_1/project_1.cache/compile_simlib/xcelium/xdfe_common_v1_0_0
|
xmvhdl: *W,DLCPTH (./cds.lib,35): cds.lib Invalid path '/home/miglioranza/project_1.xpr/project_1/project_1.cache/compile_simlib/xcelium/xdfe_common_v1_0_0' (cds.lib command ignored).
DEFINE xdfe_equalizer_v1_0_1  /home/miglioranza/project_1.xpr/project_1/project_1.cache/compile_simlib/xcelium/xdfe_equalizer_v1_0_1
|
xmvhdl: *W,DLCPTH (./cds.lib,36): cds.lib Invalid path '/home/miglioranza/project_1.xpr/project_1/project_1.cache/compile_simlib/xcelium/xdfe_equalizer_v1_0_1' (cds.lib command ignored).
DEFINE ieee802d3_rs_fec_v2_0_14  /home/miglioranza/project_1.xpr/project_1/project_1.cache/compile_simlib/xcelium/ieee802d3_rs_fec_v2_0_14
|
xmvhdl: *W,DLCPTH (./cds.lib,37): cds.lib Invalid path '/home/miglioranza/project_1.xpr/project_1/project_1.cache/compile_simlib/xcelium/ieee802d3_rs_fec_v2_0_14' (cds.lib command ignored).
DEFINE etrnic_v1_1_4  /home/miglioranza/project_1.xpr/project_1/project_1.cache/compile_simlib/xcelium/etrnic_v1_1_4
|
xmvhdl: *W,DLCPTH (./cds.lib,38): cds.lib Invalid path '/home/miglioranza/project_1.xpr/project_1/project_1.cache/compile_simlib/xcelium/etrnic_v1_1_4' (cds.lib command ignored).
DEFINE rs_encoder_v9_0_16  /home/miglioranza/project_1.xpr/project_1/project_1.cache/compile_simlib/xcelium/rs_encoder_v9_0_16
|
xmvhdl: *W,DLCPTH (./cds.lib,39): cds.lib Invalid path '/home/miglioranza/project_1.xpr/project_1/project_1.cache/compile_simlib/xcelium/rs_encoder_v9_0_16' (cds.lib command ignored).
DEFINE viterbi_v9_1_12  /home/miglioranza/project_1.xpr/project_1/project_1.cache/compile_simlib/xcelium/viterbi_v9_1_12
|
xmvhdl: *W,DLCPTH (./cds.lib,40): cds.lib Invalid path '/home/miglioranza/project_1.xpr/project_1/project_1.cache/compile_simlib/xcelium/viterbi_v9_1_12' (cds.lib command ignored).
DEFINE shell_utils_addr_remap_v1_0_4  /home/miglioranza/project_1.xpr/project_1/project_1.cache/compile_simlib/xcelium/shell_utils_addr_remap_v1_0_4
|
xmvhdl: *W,DLCPTH (./cds.lib,41): cds.lib Invalid path '/home/miglioranza/project_1.xpr/project_1/project_1.cache/compile_simlib/xcelium/shell_utils_addr_remap_v1_0_4' (cds.lib command ignored).
DEFINE xdfe_cc_mixer_v1_0_1  /home/miglioranza/project_1.xpr/project_1/project_1.cache/compile_simlib/xcelium/xdfe_cc_mixer_v1_0_1
|
xmvhdl: *W,DLCPTH (./cds.lib,42): cds.lib Invalid path '/home/miglioranza/project_1.xpr/project_1/project_1.cache/compile_simlib/xcelium/xdfe_cc_mixer_v1_0_1' (cds.lib command ignored).
DEFINE ieee802d3_50g_rs_fec_v1_0_18  /home/miglioranza/project_1.xpr/project_1/project_1.cache/compile_simlib/xcelium/ieee802d3_50g_rs_fec_v1_0_18
|
xmvhdl: *W,DLCPTH (./cds.lib,43): cds.lib Invalid path '/home/miglioranza/project_1.xpr/project_1/project_1.cache/compile_simlib/xcelium/ieee802d3_50g_rs_fec_v1_0_18' (cds.lib command ignored).
DEFINE flexo_100g_rs_fec_v1_0_20  /home/miglioranza/project_1.xpr/project_1/project_1.cache/compile_simlib/xcelium/flexo_100g_rs_fec_v1_0_20
|
xmvhdl: *W,DLCPTH (./cds.lib,44): cds.lib Invalid path '/home/miglioranza/project_1.xpr/project_1/project_1.cache/compile_simlib/xcelium/flexo_100g_rs_fec_v1_0_20' (cds.lib command ignored).
DEFINE vby1hs_v1_0_1  /home/miglioranza/project_1.xpr/project_1/project_1.cache/compile_simlib/xcelium/vby1hs_v1_0_1
|
xmvhdl: *W,DLCPTH (./cds.lib,45): cds.lib Invalid path '/home/miglioranza/project_1.xpr/project_1/project_1.cache/compile_simlib/xcelium/vby1hs_v1_0_1' (cds.lib command ignored).
DEFINE axi_usb2_device_v5_0_26  /home/miglioranza/project_1.xpr/project_1/project_1.cache/compile_simlib/xcelium/axi_usb2_device_v5_0_26
|
xmvhdl: *W,DLCPTH (./cds.lib,46): cds.lib Invalid path '/home/miglioranza/project_1.xpr/project_1/project_1.cache/compile_simlib/xcelium/axi_usb2_device_v5_0_26' (cds.lib command ignored).
DEFINE axis_data_fifo_v2_0_7  /home/miglioranza/project_1.xpr/project_1/project_1.cache/compile_simlib/xcelium/axis_data_fifo_v2_0_7
|
xmvhdl: *W,DLCPTH (./cds.lib,47): cds.lib Invalid path '/home/miglioranza/project_1.xpr/project_1/project_1.cache/compile_simlib/xcelium/axis_data_fifo_v2_0_7' (cds.lib command ignored).
DEFINE axis_combiner_v1_1_23  /home/miglioranza/project_1.xpr/project_1/project_1.cache/compile_simlib/xcelium/axis_combiner_v1_1_23
|
xmvhdl: *W,DLCPTH (./cds.lib,48): cds.lib Invalid path '/home/miglioranza/project_1.xpr/project_1/project_1.cache/compile_simlib/xcelium/axis_combiner_v1_1_23' (cds.lib command ignored).
DEFINE convolution_v9_0_15  /home/miglioranza/project_1.xpr/project_1/project_1.cache/compile_simlib/xcelium/convolution_v9_0_15
|
xmvhdl: *W,DLCPTH (./cds.lib,49): cds.lib Invalid path '/home/miglioranza/project_1.xpr/project_1/project_1.cache/compile_simlib/xcelium/convolution_v9_0_15' (cds.lib command ignored).
DEFINE lte_fft_v2_1_5  /home/miglioranza/project_1.xpr/project_1/project_1.cache/compile_simlib/xcelium/lte_fft_v2_1_5
|
xmvhdl: *W,DLCPTH (./cds.lib,50): cds.lib Invalid path '/home/miglioranza/project_1.xpr/project_1/project_1.cache/compile_simlib/xcelium/lte_fft_v2_1_5' (cds.lib command ignored).
DEFINE v_frmbuf_rd_v2_3_0  /home/miglioranza/project_1.xpr/project_1/project_1.cache/compile_simlib/xcelium/v_frmbuf_rd_v2_3_0
|
xmvhdl: *W,DLCPTH (./cds.lib,51): cds.lib Invalid path '/home/miglioranza/project_1.xpr/project_1/project_1.cache/compile_simlib/xcelium/v_frmbuf_rd_v2_3_0' (cds.lib command ignored).
DEFINE axi_uart16550_v2_0_27  /home/miglioranza/project_1.xpr/project_1/project_1.cache/compile_simlib/xcelium/axi_uart16550_v2_0_27
|
xmvhdl: *W,DLCPTH (./cds.lib,52): cds.lib Invalid path '/home/miglioranza/project_1.xpr/project_1/project_1.cache/compile_simlib/xcelium/axi_uart16550_v2_0_27' (cds.lib command ignored).
DEFINE dsp_macro_v1_0_2  /home/miglioranza/project_1.xpr/project_1/project_1.cache/compile_simlib/xcelium/dsp_macro_v1_0_2
|
xmvhdl: *W,DLCPTH (./cds.lib,53): cds.lib Invalid path '/home/miglioranza/project_1.xpr/project_1/project_1.cache/compile_simlib/xcelium/dsp_macro_v1_0_2' (cds.lib command ignored).
DEFINE tmr_comparator_v1_0_4  /home/miglioranza/project_1.xpr/project_1/project_1.cache/compile_simlib/xcelium/tmr_comparator_v1_0_4
|
xmvhdl: *W,DLCPTH (./cds.lib,54): cds.lib Invalid path '/home/miglioranza/project_1.xpr/project_1/project_1.cache/compile_simlib/xcelium/tmr_comparator_v1_0_4' (cds.lib command ignored).
DEFINE axi_bram_ctrl_v4_0_14  /home/miglioranza/project_1.xpr/project_1/project_1.cache/compile_simlib/xcelium/axi_bram_ctrl_v4_0_14
|
xmvhdl: *W,DLCPTH (./cds.lib,55): cds.lib Invalid path '/home/miglioranza/project_1.xpr/project_1/project_1.cache/compile_simlib/xcelium/axi_bram_ctrl_v4_0_14' (cds.lib command ignored).
DEFINE dfx_axi_shutdown_manager_v1_0_0  /home/miglioranza/project_1.xpr/project_1/project_1.cache/compile_simlib/xcelium/dfx_axi_shutdown_manager_v1_0_0
|
xmvhdl: *W,DLCPTH (./cds.lib,56): cds.lib Invalid path '/home/miglioranza/project_1.xpr/project_1/project_1.cache/compile_simlib/xcelium/dfx_axi_shutdown_manager_v1_0_0' (cds.lib command ignored).
DEFINE axis_clock_converter_v1_1_26  /home/miglioranza/project_1.xpr/project_1/project_1.cache/compile_simlib/xcelium/axis_clock_converter_v1_1_26
|
xmvhdl: *W,DLCPTH (./cds.lib,57): cds.lib Invalid path '/home/miglioranza/project_1.xpr/project_1/project_1.cache/compile_simlib/xcelium/axis_clock_converter_v1_1_26' (cds.lib command ignored).
DEFINE axi_sideband_util_v1_0_9  /home/miglioranza/project_1.xpr/project_1/project_1.cache/compile_simlib/xcelium/axi_sideband_util_v1_0_9
|
xmvhdl: *W,DLCPTH (./cds.lib,58): cds.lib Invalid path '/home/miglioranza/project_1.xpr/project_1/project_1.cache/compile_simlib/xcelium/axi_sideband_util_v1_0_9' (cds.lib command ignored).
DEFINE axi_firewall_v1_2_0  /home/miglioranza/project_1.xpr/project_1/project_1.cache/compile_simlib/xcelium/axi_firewall_v1_2_0
|
xmvhdl: *W,DLCPTH (./cds.lib,59): cds.lib Invalid path '/home/miglioranza/project_1.xpr/project_1/project_1.cache/compile_simlib/xcelium/axi_firewall_v1_2_0' (cds.lib command ignored).
DEFINE axi_master_burst_v2_0_7  /home/miglioranza/project_1.xpr/project_1/project_1.cache/compile_simlib/xcelium/axi_master_burst_v2_0_7
|
xmvhdl: *W,DLCPTH (./cds.lib,60): cds.lib Invalid path '/home/miglioranza/project_1.xpr/project_1/project_1.cache/compile_simlib/xcelium/axi_master_burst_v2_0_7' (cds.lib command ignored).
DEFINE axi_tft_v2_0_24  /home/miglioranza/project_1.xpr/project_1/project_1.cache/compile_simlib/xcelium/axi_tft_v2_0_24
|
xmvhdl: *W,DLCPTH (./cds.lib,61): cds.lib Invalid path '/home/miglioranza/project_1.xpr/project_1/project_1.cache/compile_simlib/xcelium/axi_tft_v2_0_24' (cds.lib command ignored).
DEFINE ernic_v3_1_1  /home/miglioranza/project_1.xpr/project_1/project_1.cache/compile_simlib/xcelium/ernic_v3_1_1
|
xmvhdl: *W,DLCPTH (./cds.lib,62): cds.lib Invalid path '/home/miglioranza/project_1.xpr/project_1/project_1.cache/compile_simlib/xcelium/ernic_v3_1_1' (cds.lib command ignored).
DEFINE axi_gpio_v2_0_27  /home/miglioranza/project_1.xpr/project_1/project_1.cache/compile_simlib/xcelium/axi_gpio_v2_0_27
|
xmvhdl: *W,DLCPTH (./cds.lib,63): cds.lib Invalid path '/home/miglioranza/project_1.xpr/project_1/project_1.cache/compile_simlib/xcelium/axi_gpio_v2_0_27' (cds.lib command ignored).
DEFINE xsdbs_v1_0_2  /home/miglioranza/project_1.xpr/project_1/project_1.cache/compile_simlib/xcelium/xsdbs_v1_0_2
|
xmvhdl: *W,DLCPTH (./cds.lib,64): cds.lib Invalid path '/home/miglioranza/project_1.xpr/project_1/project_1.cache/compile_simlib/xcelium/xsdbs_v1_0_2' (cds.lib command ignored).
DEFINE tcc_encoder_3gpplte_v4_0_16  /home/miglioranza/project_1.xpr/project_1/project_1.cache/compile_simlib/xcelium/tcc_encoder_3gpplte_v4_0_16
|
xmvhdl: *W,DLCPTH (./cds.lib,65): cds.lib Invalid path '/home/miglioranza/project_1.xpr/project_1/project_1.cache/compile_simlib/xcelium/tcc_encoder_3gpplte_v4_0_16' (cds.lib command ignored).
DEFINE mailbox_v2_1_15  /home/miglioranza/project_1.xpr/project_1/project_1.cache/compile_simlib/xcelium/mailbox_v2_1_15
|
xmvhdl: *W,DLCPTH (./cds.lib,66): cds.lib Invalid path '/home/miglioranza/project_1.xpr/project_1/project_1.cache/compile_simlib/xcelium/mailbox_v2_1_15' (cds.lib command ignored).
DEFINE ats_switch_v1_0_4  /home/miglioranza/project_1.xpr/project_1/project_1.cache/compile_simlib/xcelium/ats_switch_v1_0_4
|
xmvhdl: *W,DLCPTH (./cds.lib,67): cds.lib Invalid path '/home/miglioranza/project_1.xpr/project_1/project_1.cache/compile_simlib/xcelium/ats_switch_v1_0_4' (cds.lib command ignored).
DEFINE lte_3gpp_mimo_encoder_v4_0_16  /home/miglioranza/project_1.xpr/project_1/project_1.cache/compile_simlib/xcelium/lte_3gpp_mimo_encoder_v4_0_16
|
xmvhdl: *W,DLCPTH (./cds.lib,68): cds.lib Invalid path '/home/miglioranza/project_1.xpr/project_1/project_1.cache/compile_simlib/xcelium/lte_3gpp_mimo_encoder_v4_0_16' (cds.lib command ignored).
DEFINE axi_memory_init_v1_0_6  /home/miglioranza/project_1.xpr/project_1/project_1.cache/compile_simlib/xcelium/axi_memory_init_v1_0_6
|
xmvhdl: *W,DLCPTH (./cds.lib,69): cds.lib Invalid path '/home/miglioranza/project_1.xpr/project_1/project_1.cache/compile_simlib/xcelium/axi_memory_init_v1_0_6' (cds.lib command ignored).
DEFINE xdfe_cc_filter_v1_0_1  /home/miglioranza/project_1.xpr/project_1/project_1.cache/compile_simlib/xcelium/xdfe_cc_filter_v1_0_1
|
xmvhdl: *W,DLCPTH (./cds.lib,70): cds.lib Invalid path '/home/miglioranza/project_1.xpr/project_1/project_1.cache/compile_simlib/xcelium/xdfe_cc_filter_v1_0_1' (cds.lib command ignored).
DEFINE axi_uartlite_v2_0_29  /home/miglioranza/project_1.xpr/project_1/project_1.cache/compile_simlib/xcelium/axi_uartlite_v2_0_29
|
xmvhdl: *W,DLCPTH (./cds.lib,71): cds.lib Invalid path '/home/miglioranza/project_1.xpr/project_1/project_1.cache/compile_simlib/xcelium/axi_uartlite_v2_0_29' (cds.lib command ignored).
DEFINE v_vid_sdi_tx_bridge_v2_0_0  /home/miglioranza/project_1.xpr/project_1/project_1.cache/compile_simlib/xcelium/v_vid_sdi_tx_bridge_v2_0_0
|
xmvhdl: *W,DLCPTH (./cds.lib,72): cds.lib Invalid path '/home/miglioranza/project_1.xpr/project_1/project_1.cache/compile_simlib/xcelium/v_vid_sdi_tx_bridge_v2_0_0' (cds.lib command ignored).
DEFINE canfd_v3_0_4  /home/miglioranza/project_1.xpr/project_1/project_1.cache/compile_simlib/xcelium/canfd_v3_0_4
|
xmvhdl: *W,DLCPTH (./cds.lib,73): cds.lib Invalid path '/home/miglioranza/project_1.xpr/project_1/project_1.cache/compile_simlib/xcelium/canfd_v3_0_4' (cds.lib command ignored).
DEFINE ieee802d3_200g_rs_fec_v2_0_4  /home/miglioranza/project_1.xpr/project_1/project_1.cache/compile_simlib/xcelium/ieee802d3_200g_rs_fec_v2_0_4
|
xmvhdl: *W,DLCPTH (./cds.lib,74): cds.lib Invalid path '/home/miglioranza/project_1.xpr/project_1/project_1.cache/compile_simlib/xcelium/ieee802d3_200g_rs_fec_v2_0_4' (cds.lib command ignored).
DEFINE pr_decoupler_v1_0_10  /home/miglioranza/project_1.xpr/project_1/project_1.cache/compile_simlib/xcelium/pr_decoupler_v1_0_10
|
xmvhdl: *W,DLCPTH (./cds.lib,75): cds.lib Invalid path '/home/miglioranza/project_1.xpr/project_1/project_1.cache/compile_simlib/xcelium/pr_decoupler_v1_0_10' (cds.lib command ignored).
DEFINE axi_interconnect_v1_7_19  /home/miglioranza/project_1.xpr/project_1/project_1.cache/compile_simlib/xcelium/axi_interconnect_v1_7_19
|
xmvhdl: *W,DLCPTH (./cds.lib,76): cds.lib Invalid path '/home/miglioranza/project_1.xpr/project_1/project_1.cache/compile_simlib/xcelium/axi_interconnect_v1_7_19' (cds.lib command ignored).
DEFINE v_hdmi_tx1_v1_0_2  /home/miglioranza/project_1.xpr/project_1/project_1.cache/compile_simlib/xcelium/v_hdmi_tx1_v1_0_2
|
xmvhdl: *W,DLCPTH (./cds.lib,77): cds.lib Invalid path '/home/miglioranza/project_1.xpr/project_1/project_1.cache/compile_simlib/xcelium/v_hdmi_tx1_v1_0_2' (cds.lib command ignored).
DEFINE dfx_bitstream_monitor_v1_0_1  /home/miglioranza/project_1.xpr/project_1/project_1.cache/compile_simlib/xcelium/dfx_bitstream_monitor_v1_0_1
|
xmvhdl: *W,DLCPTH (./cds.lib,78): cds.lib Invalid path '/home/miglioranza/project_1.xpr/project_1/project_1.cache/compile_simlib/xcelium/dfx_bitstream_monitor_v1_0_1' (cds.lib command ignored).
DEFINE cic_compiler_v4_0_15  /home/miglioranza/project_1.xpr/project_1/project_1.cache/compile_simlib/xcelium/cic_compiler_v4_0_15
|
xmvhdl: *W,DLCPTH (./cds.lib,79): cds.lib Invalid path '/home/miglioranza/project_1.xpr/project_1/project_1.cache/compile_simlib/xcelium/cic_compiler_v4_0_15' (cds.lib command ignored).
DEFINE lte_3gpp_mimo_decoder_v3_0_17  /home/miglioranza/project_1.xpr/project_1/project_1.cache/compile_simlib/xcelium/lte_3gpp_mimo_decoder_v3_0_17
|
xmvhdl: *W,DLCPTH (./cds.lib,80): cds.lib Invalid path '/home/miglioranza/project_1.xpr/project_1/project_1.cache/compile_simlib/xcelium/lte_3gpp_mimo_decoder_v3_0_17' (cds.lib command ignored).
DEFINE v_dual_splitter_v1_0_9  /home/miglioranza/project_1.xpr/project_1/project_1.cache/compile_simlib/xcelium/v_dual_splitter_v1_0_9
|
xmvhdl: *W,DLCPTH (./cds.lib,81): cds.lib Invalid path '/home/miglioranza/project_1.xpr/project_1/project_1.cache/compile_simlib/xcelium/v_dual_splitter_v1_0_9' (cds.lib command ignored).
DEFINE lte_dl_channel_encoder_v4_0_3  /home/miglioranza/project_1.xpr/project_1/project_1.cache/compile_simlib/xcelium/lte_dl_channel_encoder_v4_0_3
|
xmvhdl: *W,DLCPTH (./cds.lib,82): cds.lib Invalid path '/home/miglioranza/project_1.xpr/project_1/project_1.cache/compile_simlib/xcelium/lte_dl_channel_encoder_v4_0_3' (cds.lib command ignored).
DEFINE dft_v4_2_2  /home/miglioranza/project_1.xpr/project_1/project_1.cache/compile_simlib/xcelium/dft_v4_2_2
|
xmvhdl: *W,DLCPTH (./cds.lib,83): cds.lib Invalid path '/home/miglioranza/project_1.xpr/project_1/project_1.cache/compile_simlib/xcelium/dft_v4_2_2' (cds.lib command ignored).
DEFINE mdm_v3_2_22  /home/miglioranza/project_1.xpr/project_1/project_1.cache/compile_simlib/xcelium/mdm_v3_2_22
|
xmvhdl: *W,DLCPTH (./cds.lib,84): cds.lib Invalid path '/home/miglioranza/project_1.xpr/project_1/project_1.cache/compile_simlib/xcelium/mdm_v3_2_22' (cds.lib command ignored).
DEFINE bs_switch_v1_0_0  /home/miglioranza/project_1.xpr/project_1/project_1.cache/compile_simlib/xcelium/bs_switch_v1_0_0
|
xmvhdl: *W,DLCPTH (./cds.lib,85): cds.lib Invalid path '/home/miglioranza/project_1.xpr/project_1/project_1.cache/compile_simlib/xcelium/bs_switch_v1_0_0' (cds.lib command ignored).
DEFINE axi4svideo_bridge_v1_0_13  /home/miglioranza/project_1.xpr/project_1/project_1.cache/compile_simlib/xcelium/axi4svideo_bridge_v1_0_13
|
xmvhdl: *W,DLCPTH (./cds.lib,86): cds.lib Invalid path '/home/miglioranza/project_1.xpr/project_1/project_1.cache/compile_simlib/xcelium/axi4svideo_bridge_v1_0_13' (cds.lib command ignored).
DEFINE axis_interconnect_v1_1_19  /home/miglioranza/project_1.xpr/project_1/project_1.cache/compile_simlib/xcelium/axis_interconnect_v1_1_19
|
xmvhdl: *W,DLCPTH (./cds.lib,87): cds.lib Invalid path '/home/miglioranza/project_1.xpr/project_1/project_1.cache/compile_simlib/xcelium/axis_interconnect_v1_1_19' (cds.lib command ignored).
DEFINE xdfe_fft_v1_0_1  /home/miglioranza/project_1.xpr/project_1/project_1.cache/compile_simlib/xcelium/xdfe_fft_v1_0_1
|
xmvhdl: *W,DLCPTH (./cds.lib,88): cds.lib Invalid path '/home/miglioranza/project_1.xpr/project_1/project_1.cache/compile_simlib/xcelium/xdfe_fft_v1_0_1' (cds.lib command ignored).
DEFINE xdfe_nr_prach_v1_0_1  /home/miglioranza/project_1.xpr/project_1/project_1.cache/compile_simlib/xcelium/xdfe_nr_prach_v1_0_1
|
xmvhdl: *W,DLCPTH (./cds.lib,89): cds.lib Invalid path '/home/miglioranza/project_1.xpr/project_1/project_1.cache/compile_simlib/xcelium/xdfe_nr_prach_v1_0_1' (cds.lib command ignored).
DEFINE axis_data_fifo_v1_1_26  /home/miglioranza/project_1.xpr/project_1/project_1.cache/compile_simlib/xcelium/axis_data_fifo_v1_1_26
|
xmvhdl: *W,DLCPTH (./cds.lib,90): cds.lib Invalid path '/home/miglioranza/project_1.xpr/project_1/project_1.cache/compile_simlib/xcelium/axis_data_fifo_v1_1_26' (cds.lib command ignored).
DEFINE axis_ila_intf_v1_0_0  /home/miglioranza/project_1.xpr/project_1/project_1.cache/compile_simlib/xcelium/axis_ila_intf_v1_0_0
|
xmvhdl: *W,DLCPTH (./cds.lib,91): cds.lib Invalid path '/home/miglioranza/project_1.xpr/project_1/project_1.cache/compile_simlib/xcelium/axis_ila_intf_v1_0_0' (cds.lib command ignored).
DEFINE tmr_sem_v1_0_20  /home/miglioranza/project_1.xpr/project_1/project_1.cache/compile_simlib/xcelium/tmr_sem_v1_0_20
|
xmvhdl: *W,DLCPTH (./cds.lib,92): cds.lib Invalid path '/home/miglioranza/project_1.xpr/project_1/project_1.cache/compile_simlib/xcelium/tmr_sem_v1_0_20' (cds.lib command ignored).
DEFINE videoaxi4s_bridge_v1_0_5  /home/miglioranza/project_1.xpr/project_1/project_1.cache/compile_simlib/xcelium/videoaxi4s_bridge_v1_0_5
|
xmvhdl: *W,DLCPTH (./cds.lib,93): cds.lib Invalid path '/home/miglioranza/project_1.xpr/project_1/project_1.cache/compile_simlib/xcelium/videoaxi4s_bridge_v1_0_5' (cds.lib command ignored).
DEFINE v_hdmi_rx1_v1_0_2  /home/miglioranza/project_1.xpr/project_1/project_1.cache/compile_simlib/xcelium/v_hdmi_rx1_v1_0_2
|
xmvhdl: *W,DLCPTH (./cds.lib,94): cds.lib Invalid path '/home/miglioranza/project_1.xpr/project_1/project_1.cache/compile_simlib/xcelium/v_hdmi_rx1_v1_0_2' (cds.lib command ignored).
DEFINE dbg_intf  /home/miglioranza/project_1.xpr/project_1/project_1.cache/compile_simlib/xcelium/dbg_intf
|
xmvhdl: *W,DLCPTH (./cds.lib,95): cds.lib Invalid path '/home/miglioranza/project_1.xpr/project_1/project_1.cache/compile_simlib/xcelium/dbg_intf' (cds.lib command ignored).
DEFINE g709_rs_decoder_v2_2_9  /home/miglioranza/project_1.xpr/project_1/project_1.cache/compile_simlib/xcelium/g709_rs_decoder_v2_2_9
|
xmvhdl_p: *W,DLCPTH (./cds.lib,2): cds.lib Invalid path '/home/miglioranza/project_1.xpr/project_1/project_1.cache/compile_simlib/xcelium/g709_rs_decoder_v2_2_9' (cds.lib command ignored).
DEFINE g709_fec_v2_4_4  /home/miglioranza/project_1.xpr/project_1/project_1.cache/compile_simlib/xcelium/g709_fec_v2_4_4
|
xmvhdl_p: *W,DLCPTH (./cds.lib,3): cds.lib Invalid path '/home/miglioranza/project_1.xpr/project_1/project_1.cache/compile_simlib/xcelium/g709_fec_v2_4_4' (cds.lib command ignored).
DEFINE v_tc_v6_2_3  /home/miglioranza/project_1.xpr/project_1/project_1.cache/compile_simlib/xcelium/v_tc_v6_2_3
|
xmvhdl_p: *W,DLCPTH (./cds.lib,4): cds.lib Invalid path '/home/miglioranza/project_1.xpr/project_1/project_1.cache/compile_simlib/xcelium/v_tc_v6_2_3' (cds.lib command ignored).
DEFINE v_dp_axi4s_vid_out_v1_0_3  /home/miglioranza/project_1.xpr/project_1/project_1.cache/compile_simlib/xcelium/v_dp_axi4s_vid_out_v1_0_3
|
xmvhdl_p: *W,DLCPTH (./cds.lib,5): cds.lib Invalid path '/home/miglioranza/project_1.xpr/project_1/project_1.cache/compile_simlib/xcelium/v_dp_axi4s_vid_out_v1_0_3' (cds.lib command ignored).
DEFINE axi_quad_spi_v3_2_24  /home/miglioranza/project_1.xpr/project_1/project_1.cache/compile_simlib/xcelium/axi_quad_spi_v3_2_24
|
xmvhdl_p: *W,DLCPTH (./cds.lib,6): cds.lib Invalid path '/home/miglioranza/project_1.xpr/project_1/project_1.cache/compile_simlib/xcelium/axi_quad_spi_v3_2_24' (cds.lib command ignored).
DEFINE sd_fec_v1_1_8  /home/miglioranza/project_1.xpr/project_1/project_1.cache/compile_simlib/xcelium/sd_fec_v1_1_8
|
xmvhdl_p: *W,DLCPTH (./cds.lib,7): cds.lib Invalid path '/home/miglioranza/project_1.xpr/project_1/project_1.cache/compile_simlib/xcelium/sd_fec_v1_1_8' (cds.lib command ignored).
DEFINE lte_3gpp_channel_estimator_v2_0_19  /home/miglioranza/project_1.xpr/project_1/project_1.cache/compile_simlib/xcelium/lte_3gpp_channel_estimator_v2_0_19
|
xmvhdl_p: *W,DLCPTH (./cds.lib,8): cds.lib Invalid path '/home/miglioranza/project_1.xpr/project_1/project_1.cache/compile_simlib/xcelium/lte_3gpp_channel_estimator_v2_0_19' (cds.lib command ignored).
DEFINE audio_formatter_v1_0_7  /home/miglioranza/project_1.xpr/project_1/project_1.cache/compile_simlib/xcelium/audio_formatter_v1_0_7
|
xmvhdl_p: *W,DLCPTH (./cds.lib,9): cds.lib Invalid path '/home/miglioranza/project_1.xpr/project_1/project_1.cache/compile_simlib/xcelium/audio_formatter_v1_0_7' (cds.lib command ignored).
DEFINE axi_firewall_v1_1_4  /home/miglioranza/project_1.xpr/project_1/project_1.cache/compile_simlib/xcelium/axi_firewall_v1_1_4
|
xmvhdl_p: *W,DLCPTH (./cds.lib,10): cds.lib Invalid path '/home/miglioranza/project_1.xpr/project_1/project_1.cache/compile_simlib/xcelium/axi_firewall_v1_1_4' (cds.lib command ignored).
DEFINE axi_sg_v4_1_14  /home/miglioranza/project_1.xpr/project_1/project_1.cache/compile_simlib/xcelium/axi_sg_v4_1_14
|
xmvhdl_p: *W,DLCPTH (./cds.lib,11): cds.lib Invalid path '/home/miglioranza/project_1.xpr/project_1/project_1.cache/compile_simlib/xcelium/axi_sg_v4_1_14' (cds.lib command ignored).
DEFINE axi_dma_v7_1_26  /home/miglioranza/project_1.xpr/project_1/project_1.cache/compile_simlib/xcelium/axi_dma_v7_1_26
|
xmvhdl_p: *W,DLCPTH (./cds.lib,12): cds.lib Invalid path '/home/miglioranza/project_1.xpr/project_1/project_1.cache/compile_simlib/xcelium/axi_dma_v7_1_26' (cds.lib command ignored).
DEFINE tsn_temac_v1_0_6  /home/miglioranza/project_1.xpr/project_1/project_1.cache/compile_simlib/xcelium/tsn_temac_v1_0_6
|
xmvhdl_p: *W,DLCPTH (./cds.lib,13): cds.lib Invalid path '/home/miglioranza/project_1.xpr/project_1/project_1.cache/compile_simlib/xcelium/tsn_temac_v1_0_6' (cds.lib command ignored).
DEFINE fc32_rs_fec_v1_0_20  /home/miglioranza/project_1.xpr/project_1/project_1.cache/compile_simlib/xcelium/fc32_rs_fec_v1_0_20
|
xmvhdl_p: *W,DLCPTH (./cds.lib,14): cds.lib Invalid path '/home/miglioranza/project_1.xpr/project_1/project_1.cache/compile_simlib/xcelium/fc32_rs_fec_v1_0_20' (cds.lib command ignored).
DEFINE ieee802d3_400g_rs_fec_v2_0_6  /home/miglioranza/project_1.xpr/project_1/project_1.cache/compile_simlib/xcelium/ieee802d3_400g_rs_fec_v2_0_6
|
xmvhdl_p: *W,DLCPTH (./cds.lib,15): cds.lib Invalid path '/home/miglioranza/project_1.xpr/project_1/project_1.cache/compile_simlib/xcelium/ieee802d3_400g_rs_fec_v2_0_6' (cds.lib command ignored).
DEFINE displayport_v8_1_4  /home/miglioranza/project_1.xpr/project_1/project_1.cache/compile_simlib/xcelium/displayport_v8_1_4
|
xmvhdl_p: *W,DLCPTH (./cds.lib,16): cds.lib Invalid path '/home/miglioranza/project_1.xpr/project_1/project_1.cache/compile_simlib/xcelium/displayport_v8_1_4' (cds.lib command ignored).
DEFINE displayport_v9_0_4  /home/miglioranza/project_1.xpr/project_1/project_1.cache/compile_simlib/xcelium/displayport_v9_0_4
|
xmvhdl_p: *W,DLCPTH (./cds.lib,17): cds.lib Invalid path '/home/miglioranza/project_1.xpr/project_1/project_1.cache/compile_simlib/xcelium/displayport_v9_0_4' (cds.lib command ignored).
DEFINE quadsgmii_v3_5_5  /home/miglioranza/project_1.xpr/project_1/project_1.cache/compile_simlib/xcelium/quadsgmii_v3_5_5
|
xmvhdl_p: *W,DLCPTH (./cds.lib,18): cds.lib Invalid path '/home/miglioranza/project_1.xpr/project_1/project_1.cache/compile_simlib/xcelium/quadsgmii_v3_5_5' (cds.lib command ignored).
DEFINE displayport_v7_0_0  /home/miglioranza/project_1.xpr/project_1/project_1.cache/compile_simlib/xcelium/displayport_v7_0_0
|
xmvhdl_p: *W,DLCPTH (./cds.lib,19): cds.lib Invalid path '/home/miglioranza/project_1.xpr/project_1/project_1.cache/compile_simlib/xcelium/displayport_v7_0_0' (cds.lib command ignored).
DEFINE ieee802d3_25g_rs_fec_v1_0_22  /home/miglioranza/project_1.xpr/project_1/project_1.cache/compile_simlib/xcelium/ieee802d3_25g_rs_fec_v1_0_22
|
xmvhdl_p: *W,DLCPTH (./cds.lib,20): cds.lib Invalid path '/home/miglioranza/project_1.xpr/project_1/project_1.cache/compile_simlib/xcelium/ieee802d3_25g_rs_fec_v1_0_22' (cds.lib command ignored).
DEFINE axi_epc_v2_0_28  /home/miglioranza/project_1.xpr/project_1/project_1.cache/compile_simlib/xcelium/axi_epc_v2_0_28
|
xmvhdl_p: *W,DLCPTH (./cds.lib,21): cds.lib Invalid path '/home/miglioranza/project_1.xpr/project_1/project_1.cache/compile_simlib/xcelium/axi_epc_v2_0_28' (cds.lib command ignored).
DEFINE switch_core_top_v1_0_10  /home/miglioranza/project_1.xpr/project_1/project_1.cache/compile_simlib/xcelium/switch_core_top_v1_0_10
|
xmvhdl_p: *W,DLCPTH (./cds.lib,22): cds.lib Invalid path '/home/miglioranza/project_1.xpr/project_1/project_1.cache/compile_simlib/xcelium/switch_core_top_v1_0_10' (cds.lib command ignored).
DEFINE soft_ecc_proxy_v1_0_1  /home/miglioranza/project_1.xpr/project_1/project_1.cache/compile_simlib/xcelium/soft_ecc_proxy_v1_0_1
|
xmvhdl_p: *W,DLCPTH (./cds.lib,23): cds.lib Invalid path '/home/miglioranza/project_1.xpr/project_1/project_1.cache/compile_simlib/xcelium/soft_ecc_proxy_v1_0_1' (cds.lib command ignored).
DEFINE axi_timebase_wdt_v3_0_17  /home/miglioranza/project_1.xpr/project_1/project_1.cache/compile_simlib/xcelium/axi_timebase_wdt_v3_0_17
|
xmvhdl_p: *W,DLCPTH (./cds.lib,24): cds.lib Invalid path '/home/miglioranza/project_1.xpr/project_1/project_1.cache/compile_simlib/xcelium/axi_timebase_wdt_v3_0_17' (cds.lib command ignored).
DEFINE tri_mode_ethernet_mac_v9_0_20  /home/miglioranza/project_1.xpr/project_1/project_1.cache/compile_simlib/xcelium/tri_mode_ethernet_mac_v9_0_20
|
xmvhdl_p: *W,DLCPTH (./cds.lib,25): cds.lib Invalid path '/home/miglioranza/project_1.xpr/project_1/project_1.cache/compile_simlib/xcelium/tri_mode_ethernet_mac_v9_0_20' (cds.lib command ignored).
DEFINE axi_cdma_v4_1_25  /home/miglioranza/project_1.xpr/project_1/project_1.cache/compile_simlib/xcelium/axi_cdma_v4_1_25
|
xmvhdl_p: *W,DLCPTH (./cds.lib,26): cds.lib Invalid path '/home/miglioranza/project_1.xpr/project_1/project_1.cache/compile_simlib/xcelium/axi_cdma_v4_1_25' (cds.lib command ignored).
DEFINE v_vid_gt_bridge_v1_0_4  /home/miglioranza/project_1.xpr/project_1/project_1.cache/compile_simlib/xcelium/v_vid_gt_bridge_v1_0_4
|
xmvhdl_p: *W,DLCPTH (./cds.lib,27): cds.lib Invalid path '/home/miglioranza/project_1.xpr/project_1/project_1.cache/compile_simlib/xcelium/v_vid_gt_bridge_v1_0_4' (cds.lib command ignored).
DEFINE axi_ethernetlite_v3_0_24  /home/miglioranza/project_1.xpr/project_1/project_1.cache/compile_simlib/xcelium/axi_ethernetlite_v3_0_24
|
xmvhdl_p: *W,DLCPTH (./cds.lib,28): cds.lib Invalid path '/home/miglioranza/project_1.xpr/project_1/project_1.cache/compile_simlib/xcelium/axi_ethernetlite_v3_0_24' (cds.lib command ignored).
DEFINE axi_dwidth_converter_v2_1_25  /home/miglioranza/project_1.xpr/project_1/project_1.cache/compile_simlib/xcelium/axi_dwidth_converter_v2_1_25
|
xmvhdl_p: *W,DLCPTH (./cds.lib,29): cds.lib Invalid path '/home/miglioranza/project_1.xpr/project_1/project_1.cache/compile_simlib/xcelium/axi_dwidth_converter_v2_1_25' (cds.lib command ignored).
DEFINE axi_mmu_v2_1_23  /home/miglioranza/project_1.xpr/project_1/project_1.cache/compile_simlib/xcelium/axi_mmu_v2_1_23
|
xmvhdl_p: *W,DLCPTH (./cds.lib,30): cds.lib Invalid path '/home/miglioranza/project_1.xpr/project_1/project_1.cache/compile_simlib/xcelium/axi_mmu_v2_1_23' (cds.lib command ignored).
DEFINE xfft_v9_1_7  /home/miglioranza/project_1.xpr/project_1/project_1.cache/compile_simlib/xcelium/xfft_v9_1_7
|
xmvhdl_p: *W,DLCPTH (./cds.lib,31): cds.lib Invalid path '/home/miglioranza/project_1.xpr/project_1/project_1.cache/compile_simlib/xcelium/xfft_v9_1_7' (cds.lib command ignored).
DEFINE c_accum_v12_0_14  /home/miglioranza/project_1.xpr/project_1/project_1.cache/compile_simlib/xcelium/c_accum_v12_0_14
|
xmvhdl_p: *W,DLCPTH (./cds.lib,32): cds.lib Invalid path '/home/miglioranza/project_1.xpr/project_1/project_1.cache/compile_simlib/xcelium/c_accum_v12_0_14' (cds.lib command ignored).
DEFINE tcc_encoder_3gpp_v5_0_17  /home/miglioranza/project_1.xpr/project_1/project_1.cache/compile_simlib/xcelium/tcc_encoder_3gpp_v5_0_17
|
xmvhdl_p: *W,DLCPTH (./cds.lib,33): cds.lib Invalid path '/home/miglioranza/project_1.xpr/project_1/project_1.cache/compile_simlib/xcelium/tcc_encoder_3gpp_v5_0_17' (cds.lib command ignored).
DEFINE polar_v1_0_9  /home/miglioranza/project_1.xpr/project_1/project_1.cache/compile_simlib/xcelium/polar_v1_0_9
|
xmvhdl_p: *W,DLCPTH (./cds.lib,34): cds.lib Invalid path '/home/miglioranza/project_1.xpr/project_1/project_1.cache/compile_simlib/xcelium/polar_v1_0_9' (cds.lib command ignored).
DEFINE xdfe_common_v1_0_0  /home/miglioranza/project_1.xpr/project_1/project_1.cache/compile_simlib/xcelium/xdfe_common_v1_0_0
|
xmvhdl_p: *W,DLCPTH (./cds.lib,35): cds.lib Invalid path '/home/miglioranza/project_1.xpr/project_1/project_1.cache/compile_simlib/xcelium/xdfe_common_v1_0_0' (cds.lib command ignored).
DEFINE xdfe_equalizer_v1_0_1  /home/miglioranza/project_1.xpr/project_1/project_1.cache/compile_simlib/xcelium/xdfe_equalizer_v1_0_1
|
xmvhdl_p: *W,DLCPTH (./cds.lib,36): cds.lib Invalid path '/home/miglioranza/project_1.xpr/project_1/project_1.cache/compile_simlib/xcelium/xdfe_equalizer_v1_0_1' (cds.lib command ignored).
DEFINE ieee802d3_rs_fec_v2_0_14  /home/miglioranza/project_1.xpr/project_1/project_1.cache/compile_simlib/xcelium/ieee802d3_rs_fec_v2_0_14
|
xmvhdl_p: *W,DLCPTH (./cds.lib,37): cds.lib Invalid path '/home/miglioranza/project_1.xpr/project_1/project_1.cache/compile_simlib/xcelium/ieee802d3_rs_fec_v2_0_14' (cds.lib command ignored).
DEFINE etrnic_v1_1_4  /home/miglioranza/project_1.xpr/project_1/project_1.cache/compile_simlib/xcelium/etrnic_v1_1_4
|
xmvhdl_p: *W,DLCPTH (./cds.lib,38): cds.lib Invalid path '/home/miglioranza/project_1.xpr/project_1/project_1.cache/compile_simlib/xcelium/etrnic_v1_1_4' (cds.lib command ignored).
DEFINE rs_encoder_v9_0_16  /home/miglioranza/project_1.xpr/project_1/project_1.cache/compile_simlib/xcelium/rs_encoder_v9_0_16
|
xmvhdl_p: *W,DLCPTH (./cds.lib,39): cds.lib Invalid path '/home/miglioranza/project_1.xpr/project_1/project_1.cache/compile_simlib/xcelium/rs_encoder_v9_0_16' (cds.lib command ignored).
DEFINE viterbi_v9_1_12  /home/miglioranza/project_1.xpr/project_1/project_1.cache/compile_simlib/xcelium/viterbi_v9_1_12
|
xmvhdl_p: *W,DLCPTH (./cds.lib,40): cds.lib Invalid path '/home/miglioranza/project_1.xpr/project_1/project_1.cache/compile_simlib/xcelium/viterbi_v9_1_12' (cds.lib command ignored).
DEFINE shell_utils_addr_remap_v1_0_4  /home/miglioranza/project_1.xpr/project_1/project_1.cache/compile_simlib/xcelium/shell_utils_addr_remap_v1_0_4
|
xmvhdl_p: *W,DLCPTH (./cds.lib,41): cds.lib Invalid path '/home/miglioranza/project_1.xpr/project_1/project_1.cache/compile_simlib/xcelium/shell_utils_addr_remap_v1_0_4' (cds.lib command ignored).
DEFINE xdfe_cc_mixer_v1_0_1  /home/miglioranza/project_1.xpr/project_1/project_1.cache/compile_simlib/xcelium/xdfe_cc_mixer_v1_0_1
|
xmvhdl_p: *W,DLCPTH (./cds.lib,42): cds.lib Invalid path '/home/miglioranza/project_1.xpr/project_1/project_1.cache/compile_simlib/xcelium/xdfe_cc_mixer_v1_0_1' (cds.lib command ignored).
DEFINE ieee802d3_50g_rs_fec_v1_0_18  /home/miglioranza/project_1.xpr/project_1/project_1.cache/compile_simlib/xcelium/ieee802d3_50g_rs_fec_v1_0_18
|
xmvhdl_p: *W,DLCPTH (./cds.lib,43): cds.lib Invalid path '/home/miglioranza/project_1.xpr/project_1/project_1.cache/compile_simlib/xcelium/ieee802d3_50g_rs_fec_v1_0_18' (cds.lib command ignored).
DEFINE flexo_100g_rs_fec_v1_0_20  /home/miglioranza/project_1.xpr/project_1/project_1.cache/compile_simlib/xcelium/flexo_100g_rs_fec_v1_0_20
|
xmvhdl_p: *W,DLCPTH (./cds.lib,44): cds.lib Invalid path '/home/miglioranza/project_1.xpr/project_1/project_1.cache/compile_simlib/xcelium/flexo_100g_rs_fec_v1_0_20' (cds.lib command ignored).
DEFINE vby1hs_v1_0_1  /home/miglioranza/project_1.xpr/project_1/project_1.cache/compile_simlib/xcelium/vby1hs_v1_0_1
|
xmvhdl_p: *W,DLCPTH (./cds.lib,45): cds.lib Invalid path '/home/miglioranza/project_1.xpr/project_1/project_1.cache/compile_simlib/xcelium/vby1hs_v1_0_1' (cds.lib command ignored).
DEFINE axi_usb2_device_v5_0_26  /home/miglioranza/project_1.xpr/project_1/project_1.cache/compile_simlib/xcelium/axi_usb2_device_v5_0_26
|
xmvhdl_p: *W,DLCPTH (./cds.lib,46): cds.lib Invalid path '/home/miglioranza/project_1.xpr/project_1/project_1.cache/compile_simlib/xcelium/axi_usb2_device_v5_0_26' (cds.lib command ignored).
DEFINE axis_data_fifo_v2_0_7  /home/miglioranza/project_1.xpr/project_1/project_1.cache/compile_simlib/xcelium/axis_data_fifo_v2_0_7
|
xmvhdl_p: *W,DLCPTH (./cds.lib,47): cds.lib Invalid path '/home/miglioranza/project_1.xpr/project_1/project_1.cache/compile_simlib/xcelium/axis_data_fifo_v2_0_7' (cds.lib command ignored).
DEFINE axis_combiner_v1_1_23  /home/miglioranza/project_1.xpr/project_1/project_1.cache/compile_simlib/xcelium/axis_combiner_v1_1_23
|
xmvhdl_p: *W,DLCPTH (./cds.lib,48): cds.lib Invalid path '/home/miglioranza/project_1.xpr/project_1/project_1.cache/compile_simlib/xcelium/axis_combiner_v1_1_23' (cds.lib command ignored).
DEFINE convolution_v9_0_15  /home/miglioranza/project_1.xpr/project_1/project_1.cache/compile_simlib/xcelium/convolution_v9_0_15
|
xmvhdl_p: *W,DLCPTH (./cds.lib,49): cds.lib Invalid path '/home/miglioranza/project_1.xpr/project_1/project_1.cache/compile_simlib/xcelium/convolution_v9_0_15' (cds.lib command ignored).
DEFINE lte_fft_v2_1_5  /home/miglioranza/project_1.xpr/project_1/project_1.cache/compile_simlib/xcelium/lte_fft_v2_1_5
|
xmvhdl_p: *W,DLCPTH (./cds.lib,50): cds.lib Invalid path '/home/miglioranza/project_1.xpr/project_1/project_1.cache/compile_simlib/xcelium/lte_fft_v2_1_5' (cds.lib command ignored).
DEFINE v_frmbuf_rd_v2_3_0  /home/miglioranza/project_1.xpr/project_1/project_1.cache/compile_simlib/xcelium/v_frmbuf_rd_v2_3_0
|
xmvhdl_p: *W,DLCPTH (./cds.lib,51): cds.lib Invalid path '/home/miglioranza/project_1.xpr/project_1/project_1.cache/compile_simlib/xcelium/v_frmbuf_rd_v2_3_0' (cds.lib command ignored).
DEFINE axi_uart16550_v2_0_27  /home/miglioranza/project_1.xpr/project_1/project_1.cache/compile_simlib/xcelium/axi_uart16550_v2_0_27
|
xmvhdl_p: *W,DLCPTH (./cds.lib,52): cds.lib Invalid path '/home/miglioranza/project_1.xpr/project_1/project_1.cache/compile_simlib/xcelium/axi_uart16550_v2_0_27' (cds.lib command ignored).
DEFINE dsp_macro_v1_0_2  /home/miglioranza/project_1.xpr/project_1/project_1.cache/compile_simlib/xcelium/dsp_macro_v1_0_2
|
xmvhdl_p: *W,DLCPTH (./cds.lib,53): cds.lib Invalid path '/home/miglioranza/project_1.xpr/project_1/project_1.cache/compile_simlib/xcelium/dsp_macro_v1_0_2' (cds.lib command ignored).
DEFINE tmr_comparator_v1_0_4  /home/miglioranza/project_1.xpr/project_1/project_1.cache/compile_simlib/xcelium/tmr_comparator_v1_0_4
|
xmvhdl_p: *W,DLCPTH (./cds.lib,54): cds.lib Invalid path '/home/miglioranza/project_1.xpr/project_1/project_1.cache/compile_simlib/xcelium/tmr_comparator_v1_0_4' (cds.lib command ignored).
DEFINE axi_bram_ctrl_v4_0_14  /home/miglioranza/project_1.xpr/project_1/project_1.cache/compile_simlib/xcelium/axi_bram_ctrl_v4_0_14
|
xmvhdl_p: *W,DLCPTH (./cds.lib,55): cds.lib Invalid path '/home/miglioranza/project_1.xpr/project_1/project_1.cache/compile_simlib/xcelium/axi_bram_ctrl_v4_0_14' (cds.lib command ignored).
DEFINE dfx_axi_shutdown_manager_v1_0_0  /home/miglioranza/project_1.xpr/project_1/project_1.cache/compile_simlib/xcelium/dfx_axi_shutdown_manager_v1_0_0
|
xmvhdl_p: *W,DLCPTH (./cds.lib,56): cds.lib Invalid path '/home/miglioranza/project_1.xpr/project_1/project_1.cache/compile_simlib/xcelium/dfx_axi_shutdown_manager_v1_0_0' (cds.lib command ignored).
DEFINE axis_clock_converter_v1_1_26  /home/miglioranza/project_1.xpr/project_1/project_1.cache/compile_simlib/xcelium/axis_clock_converter_v1_1_26
|
xmvhdl_p: *W,DLCPTH (./cds.lib,57): cds.lib Invalid path '/home/miglioranza/project_1.xpr/project_1/project_1.cache/compile_simlib/xcelium/axis_clock_converter_v1_1_26' (cds.lib command ignored).
DEFINE axi_sideband_util_v1_0_9  /home/miglioranza/project_1.xpr/project_1/project_1.cache/compile_simlib/xcelium/axi_sideband_util_v1_0_9
|
xmvhdl_p: *W,DLCPTH (./cds.lib,58): cds.lib Invalid path '/home/miglioranza/project_1.xpr/project_1/project_1.cache/compile_simlib/xcelium/axi_sideband_util_v1_0_9' (cds.lib command ignored).
DEFINE axi_firewall_v1_2_0  /home/miglioranza/project_1.xpr/project_1/project_1.cache/compile_simlib/xcelium/axi_firewall_v1_2_0
|
xmvhdl_p: *W,DLCPTH (./cds.lib,59): cds.lib Invalid path '/home/miglioranza/project_1.xpr/project_1/project_1.cache/compile_simlib/xcelium/axi_firewall_v1_2_0' (cds.lib command ignored).
DEFINE axi_master_burst_v2_0_7  /home/miglioranza/project_1.xpr/project_1/project_1.cache/compile_simlib/xcelium/axi_master_burst_v2_0_7
|
xmvhdl_p: *W,DLCPTH (./cds.lib,60): cds.lib Invalid path '/home/miglioranza/project_1.xpr/project_1/project_1.cache/compile_simlib/xcelium/axi_master_burst_v2_0_7' (cds.lib command ignored).
DEFINE axi_tft_v2_0_24  /home/miglioranza/project_1.xpr/project_1/project_1.cache/compile_simlib/xcelium/axi_tft_v2_0_24
|
xmvhdl_p: *W,DLCPTH (./cds.lib,61): cds.lib Invalid path '/home/miglioranza/project_1.xpr/project_1/project_1.cache/compile_simlib/xcelium/axi_tft_v2_0_24' (cds.lib command ignored).
DEFINE ernic_v3_1_1  /home/miglioranza/project_1.xpr/project_1/project_1.cache/compile_simlib/xcelium/ernic_v3_1_1
|
xmvhdl_p: *W,DLCPTH (./cds.lib,62): cds.lib Invalid path '/home/miglioranza/project_1.xpr/project_1/project_1.cache/compile_simlib/xcelium/ernic_v3_1_1' (cds.lib command ignored).
DEFINE axi_gpio_v2_0_27  /home/miglioranza/project_1.xpr/project_1/project_1.cache/compile_simlib/xcelium/axi_gpio_v2_0_27
|
xmvhdl_p: *W,DLCPTH (./cds.lib,63): cds.lib Invalid path '/home/miglioranza/project_1.xpr/project_1/project_1.cache/compile_simlib/xcelium/axi_gpio_v2_0_27' (cds.lib command ignored).
DEFINE xsdbs_v1_0_2  /home/miglioranza/project_1.xpr/project_1/project_1.cache/compile_simlib/xcelium/xsdbs_v1_0_2
|
xmvhdl_p: *W,DLCPTH (./cds.lib,64): cds.lib Invalid path '/home/miglioranza/project_1.xpr/project_1/project_1.cache/compile_simlib/xcelium/xsdbs_v1_0_2' (cds.lib command ignored).
DEFINE tcc_encoder_3gpplte_v4_0_16  /home/miglioranza/project_1.xpr/project_1/project_1.cache/compile_simlib/xcelium/tcc_encoder_3gpplte_v4_0_16
|
xmvhdl_p: *W,DLCPTH (./cds.lib,65): cds.lib Invalid path '/home/miglioranza/project_1.xpr/project_1/project_1.cache/compile_simlib/xcelium/tcc_encoder_3gpplte_v4_0_16' (cds.lib command ignored).
DEFINE mailbox_v2_1_15  /home/miglioranza/project_1.xpr/project_1/project_1.cache/compile_simlib/xcelium/mailbox_v2_1_15
|
xmvhdl_p: *W,DLCPTH (./cds.lib,66): cds.lib Invalid path '/home/miglioranza/project_1.xpr/project_1/project_1.cache/compile_simlib/xcelium/mailbox_v2_1_15' (cds.lib command ignored).
DEFINE ats_switch_v1_0_4  /home/miglioranza/project_1.xpr/project_1/project_1.cache/compile_simlib/xcelium/ats_switch_v1_0_4
|
xmvhdl_p: *W,DLCPTH (./cds.lib,67): cds.lib Invalid path '/home/miglioranza/project_1.xpr/project_1/project_1.cache/compile_simlib/xcelium/ats_switch_v1_0_4' (cds.lib command ignored).
DEFINE lte_3gpp_mimo_encoder_v4_0_16  /home/miglioranza/project_1.xpr/project_1/project_1.cache/compile_simlib/xcelium/lte_3gpp_mimo_encoder_v4_0_16
|
xmvhdl_p: *W,DLCPTH (./cds.lib,68): cds.lib Invalid path '/home/miglioranza/project_1.xpr/project_1/project_1.cache/compile_simlib/xcelium/lte_3gpp_mimo_encoder_v4_0_16' (cds.lib command ignored).
DEFINE axi_memory_init_v1_0_6  /home/miglioranza/project_1.xpr/project_1/project_1.cache/compile_simlib/xcelium/axi_memory_init_v1_0_6
|
xmvhdl_p: *W,DLCPTH (./cds.lib,69): cds.lib Invalid path '/home/miglioranza/project_1.xpr/project_1/project_1.cache/compile_simlib/xcelium/axi_memory_init_v1_0_6' (cds.lib command ignored).
DEFINE xdfe_cc_filter_v1_0_1  /home/miglioranza/project_1.xpr/project_1/project_1.cache/compile_simlib/xcelium/xdfe_cc_filter_v1_0_1
|
xmvhdl_p: *W,DLCPTH (./cds.lib,70): cds.lib Invalid path '/home/miglioranza/project_1.xpr/project_1/project_1.cache/compile_simlib/xcelium/xdfe_cc_filter_v1_0_1' (cds.lib command ignored).
DEFINE axi_uartlite_v2_0_29  /home/miglioranza/project_1.xpr/project_1/project_1.cache/compile_simlib/xcelium/axi_uartlite_v2_0_29
|
xmvhdl_p: *W,DLCPTH (./cds.lib,71): cds.lib Invalid path '/home/miglioranza/project_1.xpr/project_1/project_1.cache/compile_simlib/xcelium/axi_uartlite_v2_0_29' (cds.lib command ignored).
DEFINE v_vid_sdi_tx_bridge_v2_0_0  /home/miglioranza/project_1.xpr/project_1/project_1.cache/compile_simlib/xcelium/v_vid_sdi_tx_bridge_v2_0_0
|
xmvhdl_p: *W,DLCPTH (./cds.lib,72): cds.lib Invalid path '/home/miglioranza/project_1.xpr/project_1/project_1.cache/compile_simlib/xcelium/v_vid_sdi_tx_bridge_v2_0_0' (cds.lib command ignored).
DEFINE canfd_v3_0_4  /home/miglioranza/project_1.xpr/project_1/project_1.cache/compile_simlib/xcelium/canfd_v3_0_4
|
xmvhdl_p: *W,DLCPTH (./cds.lib,73): cds.lib Invalid path '/home/miglioranza/project_1.xpr/project_1/project_1.cache/compile_simlib/xcelium/canfd_v3_0_4' (cds.lib command ignored).
DEFINE ieee802d3_200g_rs_fec_v2_0_4  /home/miglioranza/project_1.xpr/project_1/project_1.cache/compile_simlib/xcelium/ieee802d3_200g_rs_fec_v2_0_4
|
xmvhdl_p: *W,DLCPTH (./cds.lib,74): cds.lib Invalid path '/home/miglioranza/project_1.xpr/project_1/project_1.cache/compile_simlib/xcelium/ieee802d3_200g_rs_fec_v2_0_4' (cds.lib command ignored).
DEFINE pr_decoupler_v1_0_10  /home/miglioranza/project_1.xpr/project_1/project_1.cache/compile_simlib/xcelium/pr_decoupler_v1_0_10
|
xmvhdl_p: *W,DLCPTH (./cds.lib,75): cds.lib Invalid path '/home/miglioranza/project_1.xpr/project_1/project_1.cache/compile_simlib/xcelium/pr_decoupler_v1_0_10' (cds.lib command ignored).
DEFINE axi_interconnect_v1_7_19  /home/miglioranza/project_1.xpr/project_1/project_1.cache/compile_simlib/xcelium/axi_interconnect_v1_7_19
|
xmvhdl_p: *W,DLCPTH (./cds.lib,76): cds.lib Invalid path '/home/miglioranza/project_1.xpr/project_1/project_1.cache/compile_simlib/xcelium/axi_interconnect_v1_7_19' (cds.lib command ignored).
DEFINE v_hdmi_tx1_v1_0_2  /home/miglioranza/project_1.xpr/project_1/project_1.cache/compile_simlib/xcelium/v_hdmi_tx1_v1_0_2
|
xmvhdl_p: *W,DLCPTH (./cds.lib,77): cds.lib Invalid path '/home/miglioranza/project_1.xpr/project_1/project_1.cache/compile_simlib/xcelium/v_hdmi_tx1_v1_0_2' (cds.lib command ignored).
DEFINE dfx_bitstream_monitor_v1_0_1  /home/miglioranza/project_1.xpr/project_1/project_1.cache/compile_simlib/xcelium/dfx_bitstream_monitor_v1_0_1
|
xmvhdl_p: *W,DLCPTH (./cds.lib,78): cds.lib Invalid path '/home/miglioranza/project_1.xpr/project_1/project_1.cache/compile_simlib/xcelium/dfx_bitstream_monitor_v1_0_1' (cds.lib command ignored).
DEFINE cic_compiler_v4_0_15  /home/miglioranza/project_1.xpr/project_1/project_1.cache/compile_simlib/xcelium/cic_compiler_v4_0_15
|
xmvhdl_p: *W,DLCPTH (./cds.lib,79): cds.lib Invalid path '/home/miglioranza/project_1.xpr/project_1/project_1.cache/compile_simlib/xcelium/cic_compiler_v4_0_15' (cds.lib command ignored).
DEFINE lte_3gpp_mimo_decoder_v3_0_17  /home/miglioranza/project_1.xpr/project_1/project_1.cache/compile_simlib/xcelium/lte_3gpp_mimo_decoder_v3_0_17
|
xmvhdl_p: *W,DLCPTH (./cds.lib,80): cds.lib Invalid path '/home/miglioranza/project_1.xpr/project_1/project_1.cache/compile_simlib/xcelium/lte_3gpp_mimo_decoder_v3_0_17' (cds.lib command ignored).
DEFINE v_dual_splitter_v1_0_9  /home/miglioranza/project_1.xpr/project_1/project_1.cache/compile_simlib/xcelium/v_dual_splitter_v1_0_9
|
xmvhdl_p: *W,DLCPTH (./cds.lib,81): cds.lib Invalid path '/home/miglioranza/project_1.xpr/project_1/project_1.cache/compile_simlib/xcelium/v_dual_splitter_v1_0_9' (cds.lib command ignored).
DEFINE lte_dl_channel_encoder_v4_0_3  /home/miglioranza/project_1.xpr/project_1/project_1.cache/compile_simlib/xcelium/lte_dl_channel_encoder_v4_0_3
|
xmvhdl_p: *W,DLCPTH (./cds.lib,82): cds.lib Invalid path '/home/miglioranza/project_1.xpr/project_1/project_1.cache/compile_simlib/xcelium/lte_dl_channel_encoder_v4_0_3' (cds.lib command ignored).
DEFINE dft_v4_2_2  /home/miglioranza/project_1.xpr/project_1/project_1.cache/compile_simlib/xcelium/dft_v4_2_2
|
xmvhdl_p: *W,DLCPTH (./cds.lib,83): cds.lib Invalid path '/home/miglioranza/project_1.xpr/project_1/project_1.cache/compile_simlib/xcelium/dft_v4_2_2' (cds.lib command ignored).
DEFINE mdm_v3_2_22  /home/miglioranza/project_1.xpr/project_1/project_1.cache/compile_simlib/xcelium/mdm_v3_2_22
|
xmvhdl_p: *W,DLCPTH (./cds.lib,84): cds.lib Invalid path '/home/miglioranza/project_1.xpr/project_1/project_1.cache/compile_simlib/xcelium/mdm_v3_2_22' (cds.lib command ignored).
DEFINE bs_switch_v1_0_0  /home/miglioranza/project_1.xpr/project_1/project_1.cache/compile_simlib/xcelium/bs_switch_v1_0_0
|
xmvhdl_p: *W,DLCPTH (./cds.lib,85): cds.lib Invalid path '/home/miglioranza/project_1.xpr/project_1/project_1.cache/compile_simlib/xcelium/bs_switch_v1_0_0' (cds.lib command ignored).
DEFINE axi4svideo_bridge_v1_0_13  /home/miglioranza/project_1.xpr/project_1/project_1.cache/compile_simlib/xcelium/axi4svideo_bridge_v1_0_13
|
xmvhdl_p: *W,DLCPTH (./cds.lib,86): cds.lib Invalid path '/home/miglioranza/project_1.xpr/project_1/project_1.cache/compile_simlib/xcelium/axi4svideo_bridge_v1_0_13' (cds.lib command ignored).
DEFINE axis_interconnect_v1_1_19  /home/miglioranza/project_1.xpr/project_1/project_1.cache/compile_simlib/xcelium/axis_interconnect_v1_1_19
|
xmvhdl_p: *W,DLCPTH (./cds.lib,87): cds.lib Invalid path '/home/miglioranza/project_1.xpr/project_1/project_1.cache/compile_simlib/xcelium/axis_interconnect_v1_1_19' (cds.lib command ignored).
DEFINE xdfe_fft_v1_0_1  /home/miglioranza/project_1.xpr/project_1/project_1.cache/compile_simlib/xcelium/xdfe_fft_v1_0_1
|
xmvhdl_p: *W,DLCPTH (./cds.lib,88): cds.lib Invalid path '/home/miglioranza/project_1.xpr/project_1/project_1.cache/compile_simlib/xcelium/xdfe_fft_v1_0_1' (cds.lib command ignored).
DEFINE xdfe_nr_prach_v1_0_1  /home/miglioranza/project_1.xpr/project_1/project_1.cache/compile_simlib/xcelium/xdfe_nr_prach_v1_0_1
|
xmvhdl_p: *W,DLCPTH (./cds.lib,89): cds.lib Invalid path '/home/miglioranza/project_1.xpr/project_1/project_1.cache/compile_simlib/xcelium/xdfe_nr_prach_v1_0_1' (cds.lib command ignored).
DEFINE axis_data_fifo_v1_1_26  /home/miglioranza/project_1.xpr/project_1/project_1.cache/compile_simlib/xcelium/axis_data_fifo_v1_1_26
|
xmvhdl_p: *W,DLCPTH (./cds.lib,90): cds.lib Invalid path '/home/miglioranza/project_1.xpr/project_1/project_1.cache/compile_simlib/xcelium/axis_data_fifo_v1_1_26' (cds.lib command ignored).
DEFINE axis_ila_intf_v1_0_0  /home/miglioranza/project_1.xpr/project_1/project_1.cache/compile_simlib/xcelium/axis_ila_intf_v1_0_0
|
xmvhdl_p: *W,DLCPTH (./cds.lib,91): cds.lib Invalid path '/home/miglioranza/project_1.xpr/project_1/project_1.cache/compile_simlib/xcelium/axis_ila_intf_v1_0_0' (cds.lib command ignored).
DEFINE tmr_sem_v1_0_20  /home/miglioranza/project_1.xpr/project_1/project_1.cache/compile_simlib/xcelium/tmr_sem_v1_0_20
|
xmvhdl_p: *W,DLCPTH (./cds.lib,92): cds.lib Invalid path '/home/miglioranza/project_1.xpr/project_1/project_1.cache/compile_simlib/xcelium/tmr_sem_v1_0_20' (cds.lib command ignored).
DEFINE videoaxi4s_bridge_v1_0_5  /home/miglioranza/project_1.xpr/project_1/project_1.cache/compile_simlib/xcelium/videoaxi4s_bridge_v1_0_5
|
xmvhdl_p: *W,DLCPTH (./cds.lib,93): cds.lib Invalid path '/home/miglioranza/project_1.xpr/project_1/project_1.cache/compile_simlib/xcelium/videoaxi4s_bridge_v1_0_5' (cds.lib command ignored).
DEFINE v_hdmi_rx1_v1_0_2  /home/miglioranza/project_1.xpr/project_1/project_1.cache/compile_simlib/xcelium/v_hdmi_rx1_v1_0_2
|
xmvhdl_p: *W,DLCPTH (./cds.lib,94): cds.lib Invalid path '/home/miglioranza/project_1.xpr/project_1/project_1.cache/compile_simlib/xcelium/v_hdmi_rx1_v1_0_2' (cds.lib command ignored).
DEFINE dbg_intf  /home/miglioranza/project_1.xpr/project_1/project_1.cache/compile_simlib/xcelium/dbg_intf
|
xmvhdl_p: *W,DLCPTH (./cds.lib,95): cds.lib Invalid path '/home/miglioranza/project_1.xpr/project_1/project_1.cache/compile_simlib/xcelium/dbg_intf' (cds.lib command ignored).
/ihp/ihpusr/xilinx/vivado2021.2/Vivado/2021.2/data/ip/xilinx/g709_rs_encoder_v2_2/hdl/g709_rs_encoder_v2_2_vh_rfs.vhd:
xmvhdl_p: *W,WARIPR: warning within protected source code.
	errors: 0, warnings: 1
DEFINE g709_rs_decoder_v2_2_9  /home/miglioranza/project_1.xpr/project_1/project_1.cache/compile_simlib/xcelium/g709_rs_decoder_v2_2_9
|
xmvhdl_cg: *W,DLCPTH (./cds.lib,2): cds.lib Invalid path '/home/miglioranza/project_1.xpr/project_1/project_1.cache/compile_simlib/xcelium/g709_rs_decoder_v2_2_9' (cds.lib command ignored).
DEFINE g709_fec_v2_4_4  /home/miglioranza/project_1.xpr/project_1/project_1.cache/compile_simlib/xcelium/g709_fec_v2_4_4
|
xmvhdl_cg: *W,DLCPTH (./cds.lib,3): cds.lib Invalid path '/home/miglioranza/project_1.xpr/project_1/project_1.cache/compile_simlib/xcelium/g709_fec_v2_4_4' (cds.lib command ignored).
DEFINE v_tc_v6_2_3  /home/miglioranza/project_1.xpr/project_1/project_1.cache/compile_simlib/xcelium/v_tc_v6_2_3
|
xmvhdl_cg: *W,DLCPTH (./cds.lib,4): cds.lib Invalid path '/home/miglioranza/project_1.xpr/project_1/project_1.cache/compile_simlib/xcelium/v_tc_v6_2_3' (cds.lib command ignored).
DEFINE v_dp_axi4s_vid_out_v1_0_3  /home/miglioranza/project_1.xpr/project_1/project_1.cache/compile_simlib/xcelium/v_dp_axi4s_vid_out_v1_0_3
|
xmvhdl_cg: *W,DLCPTH (./cds.lib,5): cds.lib Invalid path '/home/miglioranza/project_1.xpr/project_1/project_1.cache/compile_simlib/xcelium/v_dp_axi4s_vid_out_v1_0_3' (cds.lib command ignored).
DEFINE axi_quad_spi_v3_2_24  /home/miglioranza/project_1.xpr/project_1/project_1.cache/compile_simlib/xcelium/axi_quad_spi_v3_2_24
|
xmvhdl_cg: *W,DLCPTH (./cds.lib,6): cds.lib Invalid path '/home/miglioranza/project_1.xpr/project_1/project_1.cache/compile_simlib/xcelium/axi_quad_spi_v3_2_24' (cds.lib command ignored).
DEFINE sd_fec_v1_1_8  /home/miglioranza/project_1.xpr/project_1/project_1.cache/compile_simlib/xcelium/sd_fec_v1_1_8
|
xmvhdl_cg: *W,DLCPTH (./cds.lib,7): cds.lib Invalid path '/home/miglioranza/project_1.xpr/project_1/project_1.cache/compile_simlib/xcelium/sd_fec_v1_1_8' (cds.lib command ignored).
DEFINE lte_3gpp_channel_estimator_v2_0_19  /home/miglioranza/project_1.xpr/project_1/project_1.cache/compile_simlib/xcelium/lte_3gpp_channel_estimator_v2_0_19
|
xmvhdl_cg: *W,DLCPTH (./cds.lib,8): cds.lib Invalid path '/home/miglioranza/project_1.xpr/project_1/project_1.cache/compile_simlib/xcelium/lte_3gpp_channel_estimator_v2_0_19' (cds.lib command ignored).
DEFINE audio_formatter_v1_0_7  /home/miglioranza/project_1.xpr/project_1/project_1.cache/compile_simlib/xcelium/audio_formatter_v1_0_7
|
xmvhdl_cg: *W,DLCPTH (./cds.lib,9): cds.lib Invalid path '/home/miglioranza/project_1.xpr/project_1/project_1.cache/compile_simlib/xcelium/audio_formatter_v1_0_7' (cds.lib command ignored).
DEFINE axi_firewall_v1_1_4  /home/miglioranza/project_1.xpr/project_1/project_1.cache/compile_simlib/xcelium/axi_firewall_v1_1_4
|
xmvhdl_cg: *W,DLCPTH (./cds.lib,10): cds.lib Invalid path '/home/miglioranza/project_1.xpr/project_1/project_1.cache/compile_simlib/xcelium/axi_firewall_v1_1_4' (cds.lib command ignored).
DEFINE axi_sg_v4_1_14  /home/miglioranza/project_1.xpr/project_1/project_1.cache/compile_simlib/xcelium/axi_sg_v4_1_14
|
xmvhdl_cg: *W,DLCPTH (./cds.lib,11): cds.lib Invalid path '/home/miglioranza/project_1.xpr/project_1/project_1.cache/compile_simlib/xcelium/axi_sg_v4_1_14' (cds.lib command ignored).
DEFINE axi_dma_v7_1_26  /home/miglioranza/project_1.xpr/project_1/project_1.cache/compile_simlib/xcelium/axi_dma_v7_1_26
|
xmvhdl_cg: *W,DLCPTH (./cds.lib,12): cds.lib Invalid path '/home/miglioranza/project_1.xpr/project_1/project_1.cache/compile_simlib/xcelium/axi_dma_v7_1_26' (cds.lib command ignored).
DEFINE tsn_temac_v1_0_6  /home/miglioranza/project_1.xpr/project_1/project_1.cache/compile_simlib/xcelium/tsn_temac_v1_0_6
|
xmvhdl_cg: *W,DLCPTH (./cds.lib,13): cds.lib Invalid path '/home/miglioranza/project_1.xpr/project_1/project_1.cache/compile_simlib/xcelium/tsn_temac_v1_0_6' (cds.lib command ignored).
DEFINE fc32_rs_fec_v1_0_20  /home/miglioranza/project_1.xpr/project_1/project_1.cache/compile_simlib/xcelium/fc32_rs_fec_v1_0_20
|
xmvhdl_cg: *W,DLCPTH (./cds.lib,14): cds.lib Invalid path '/home/miglioranza/project_1.xpr/project_1/project_1.cache/compile_simlib/xcelium/fc32_rs_fec_v1_0_20' (cds.lib command ignored).
DEFINE ieee802d3_400g_rs_fec_v2_0_6  /home/miglioranza/project_1.xpr/project_1/project_1.cache/compile_simlib/xcelium/ieee802d3_400g_rs_fec_v2_0_6
|
xmvhdl_cg: *W,DLCPTH (./cds.lib,15): cds.lib Invalid path '/home/miglioranza/project_1.xpr/project_1/project_1.cache/compile_simlib/xcelium/ieee802d3_400g_rs_fec_v2_0_6' (cds.lib command ignored).
DEFINE displayport_v8_1_4  /home/miglioranza/project_1.xpr/project_1/project_1.cache/compile_simlib/xcelium/displayport_v8_1_4
|
xmvhdl_cg: *W,DLCPTH (./cds.lib,16): cds.lib Invalid path '/home/miglioranza/project_1.xpr/project_1/project_1.cache/compile_simlib/xcelium/displayport_v8_1_4' (cds.lib command ignored).
DEFINE displayport_v9_0_4  /home/miglioranza/project_1.xpr/project_1/project_1.cache/compile_simlib/xcelium/displayport_v9_0_4
|
xmvhdl_cg: *W,DLCPTH (./cds.lib,17): cds.lib Invalid path '/home/miglioranza/project_1.xpr/project_1/project_1.cache/compile_simlib/xcelium/displayport_v9_0_4' (cds.lib command ignored).
DEFINE quadsgmii_v3_5_5  /home/miglioranza/project_1.xpr/project_1/project_1.cache/compile_simlib/xcelium/quadsgmii_v3_5_5
|
xmvhdl_cg: *W,DLCPTH (./cds.lib,18): cds.lib Invalid path '/home/miglioranza/project_1.xpr/project_1/project_1.cache/compile_simlib/xcelium/quadsgmii_v3_5_5' (cds.lib command ignored).
DEFINE displayport_v7_0_0  /home/miglioranza/project_1.xpr/project_1/project_1.cache/compile_simlib/xcelium/displayport_v7_0_0
|
xmvhdl_cg: *W,DLCPTH (./cds.lib,19): cds.lib Invalid path '/home/miglioranza/project_1.xpr/project_1/project_1.cache/compile_simlib/xcelium/displayport_v7_0_0' (cds.lib command ignored).
DEFINE ieee802d3_25g_rs_fec_v1_0_22  /home/miglioranza/project_1.xpr/project_1/project_1.cache/compile_simlib/xcelium/ieee802d3_25g_rs_fec_v1_0_22
|
xmvhdl_cg: *W,DLCPTH (./cds.lib,20): cds.lib Invalid path '/home/miglioranza/project_1.xpr/project_1/project_1.cache/compile_simlib/xcelium/ieee802d3_25g_rs_fec_v1_0_22' (cds.lib command ignored).
DEFINE axi_epc_v2_0_28  /home/miglioranza/project_1.xpr/project_1/project_1.cache/compile_simlib/xcelium/axi_epc_v2_0_28
|
xmvhdl_cg: *W,DLCPTH (./cds.lib,21): cds.lib Invalid path '/home/miglioranza/project_1.xpr/project_1/project_1.cache/compile_simlib/xcelium/axi_epc_v2_0_28' (cds.lib command ignored).
DEFINE switch_core_top_v1_0_10  /home/miglioranza/project_1.xpr/project_1/project_1.cache/compile_simlib/xcelium/switch_core_top_v1_0_10
|
xmvhdl_cg: *W,DLCPTH (./cds.lib,22): cds.lib Invalid path '/home/miglioranza/project_1.xpr/project_1/project_1.cache/compile_simlib/xcelium/switch_core_top_v1_0_10' (cds.lib command ignored).
DEFINE soft_ecc_proxy_v1_0_1  /home/miglioranza/project_1.xpr/project_1/project_1.cache/compile_simlib/xcelium/soft_ecc_proxy_v1_0_1
|
xmvhdl_cg: *W,DLCPTH (./cds.lib,23): cds.lib Invalid path '/home/miglioranza/project_1.xpr/project_1/project_1.cache/compile_simlib/xcelium/soft_ecc_proxy_v1_0_1' (cds.lib command ignored).
DEFINE axi_timebase_wdt_v3_0_17  /home/miglioranza/project_1.xpr/project_1/project_1.cache/compile_simlib/xcelium/axi_timebase_wdt_v3_0_17
|
xmvhdl_cg: *W,DLCPTH (./cds.lib,24): cds.lib Invalid path '/home/miglioranza/project_1.xpr/project_1/project_1.cache/compile_simlib/xcelium/axi_timebase_wdt_v3_0_17' (cds.lib command ignored).
DEFINE tri_mode_ethernet_mac_v9_0_20  /home/miglioranza/project_1.xpr/project_1/project_1.cache/compile_simlib/xcelium/tri_mode_ethernet_mac_v9_0_20
|
xmvhdl_cg: *W,DLCPTH (./cds.lib,25): cds.lib Invalid path '/home/miglioranza/project_1.xpr/project_1/project_1.cache/compile_simlib/xcelium/tri_mode_ethernet_mac_v9_0_20' (cds.lib command ignored).
DEFINE axi_cdma_v4_1_25  /home/miglioranza/project_1.xpr/project_1/project_1.cache/compile_simlib/xcelium/axi_cdma_v4_1_25
|
xmvhdl_cg: *W,DLCPTH (./cds.lib,26): cds.lib Invalid path '/home/miglioranza/project_1.xpr/project_1/project_1.cache/compile_simlib/xcelium/axi_cdma_v4_1_25' (cds.lib command ignored).
DEFINE v_vid_gt_bridge_v1_0_4  /home/miglioranza/project_1.xpr/project_1/project_1.cache/compile_simlib/xcelium/v_vid_gt_bridge_v1_0_4
|
xmvhdl_cg: *W,DLCPTH (./cds.lib,27): cds.lib Invalid path '/home/miglioranza/project_1.xpr/project_1/project_1.cache/compile_simlib/xcelium/v_vid_gt_bridge_v1_0_4' (cds.lib command ignored).
DEFINE axi_ethernetlite_v3_0_24  /home/miglioranza/project_1.xpr/project_1/project_1.cache/compile_simlib/xcelium/axi_ethernetlite_v3_0_24
|
xmvhdl_cg: *W,DLCPTH (./cds.lib,28): cds.lib Invalid path '/home/miglioranza/project_1.xpr/project_1/project_1.cache/compile_simlib/xcelium/axi_ethernetlite_v3_0_24' (cds.lib command ignored).
DEFINE axi_dwidth_converter_v2_1_25  /home/miglioranza/project_1.xpr/project_1/project_1.cache/compile_simlib/xcelium/axi_dwidth_converter_v2_1_25
|
xmvhdl_cg: *W,DLCPTH (./cds.lib,29): cds.lib Invalid path '/home/miglioranza/project_1.xpr/project_1/project_1.cache/compile_simlib/xcelium/axi_dwidth_converter_v2_1_25' (cds.lib command ignored).
DEFINE axi_mmu_v2_1_23  /home/miglioranza/project_1.xpr/project_1/project_1.cache/compile_simlib/xcelium/axi_mmu_v2_1_23
|
xmvhdl_cg: *W,DLCPTH (./cds.lib,30): cds.lib Invalid path '/home/miglioranza/project_1.xpr/project_1/project_1.cache/compile_simlib/xcelium/axi_mmu_v2_1_23' (cds.lib command ignored).
DEFINE xfft_v9_1_7  /home/miglioranza/project_1.xpr/project_1/project_1.cache/compile_simlib/xcelium/xfft_v9_1_7
|
xmvhdl_cg: *W,DLCPTH (./cds.lib,31): cds.lib Invalid path '/home/miglioranza/project_1.xpr/project_1/project_1.cache/compile_simlib/xcelium/xfft_v9_1_7' (cds.lib command ignored).
DEFINE c_accum_v12_0_14  /home/miglioranza/project_1.xpr/project_1/project_1.cache/compile_simlib/xcelium/c_accum_v12_0_14
|
xmvhdl_cg: *W,DLCPTH (./cds.lib,32): cds.lib Invalid path '/home/miglioranza/project_1.xpr/project_1/project_1.cache/compile_simlib/xcelium/c_accum_v12_0_14' (cds.lib command ignored).
DEFINE tcc_encoder_3gpp_v5_0_17  /home/miglioranza/project_1.xpr/project_1/project_1.cache/compile_simlib/xcelium/tcc_encoder_3gpp_v5_0_17
|
xmvhdl_cg: *W,DLCPTH (./cds.lib,33): cds.lib Invalid path '/home/miglioranza/project_1.xpr/project_1/project_1.cache/compile_simlib/xcelium/tcc_encoder_3gpp_v5_0_17' (cds.lib command ignored).
DEFINE polar_v1_0_9  /home/miglioranza/project_1.xpr/project_1/project_1.cache/compile_simlib/xcelium/polar_v1_0_9
|
xmvhdl_cg: *W,DLCPTH (./cds.lib,34): cds.lib Invalid path '/home/miglioranza/project_1.xpr/project_1/project_1.cache/compile_simlib/xcelium/polar_v1_0_9' (cds.lib command ignored).
DEFINE xdfe_common_v1_0_0  /home/miglioranza/project_1.xpr/project_1/project_1.cache/compile_simlib/xcelium/xdfe_common_v1_0_0
|
xmvhdl_cg: *W,DLCPTH (./cds.lib,35): cds.lib Invalid path '/home/miglioranza/project_1.xpr/project_1/project_1.cache/compile_simlib/xcelium/xdfe_common_v1_0_0' (cds.lib command ignored).
DEFINE xdfe_equalizer_v1_0_1  /home/miglioranza/project_1.xpr/project_1/project_1.cache/compile_simlib/xcelium/xdfe_equalizer_v1_0_1
|
xmvhdl_cg: *W,DLCPTH (./cds.lib,36): cds.lib Invalid path '/home/miglioranza/project_1.xpr/project_1/project_1.cache/compile_simlib/xcelium/xdfe_equalizer_v1_0_1' (cds.lib command ignored).
DEFINE ieee802d3_rs_fec_v2_0_14  /home/miglioranza/project_1.xpr/project_1/project_1.cache/compile_simlib/xcelium/ieee802d3_rs_fec_v2_0_14
|
xmvhdl_cg: *W,DLCPTH (./cds.lib,37): cds.lib Invalid path '/home/miglioranza/project_1.xpr/project_1/project_1.cache/compile_simlib/xcelium/ieee802d3_rs_fec_v2_0_14' (cds.lib command ignored).
DEFINE etrnic_v1_1_4  /home/miglioranza/project_1.xpr/project_1/project_1.cache/compile_simlib/xcelium/etrnic_v1_1_4
|
xmvhdl_cg: *W,DLCPTH (./cds.lib,38): cds.lib Invalid path '/home/miglioranza/project_1.xpr/project_1/project_1.cache/compile_simlib/xcelium/etrnic_v1_1_4' (cds.lib command ignored).
DEFINE rs_encoder_v9_0_16  /home/miglioranza/project_1.xpr/project_1/project_1.cache/compile_simlib/xcelium/rs_encoder_v9_0_16
|
xmvhdl_cg: *W,DLCPTH (./cds.lib,39): cds.lib Invalid path '/home/miglioranza/project_1.xpr/project_1/project_1.cache/compile_simlib/xcelium/rs_encoder_v9_0_16' (cds.lib command ignored).
DEFINE viterbi_v9_1_12  /home/miglioranza/project_1.xpr/project_1/project_1.cache/compile_simlib/xcelium/viterbi_v9_1_12
|
xmvhdl_cg: *W,DLCPTH (./cds.lib,40): cds.lib Invalid path '/home/miglioranza/project_1.xpr/project_1/project_1.cache/compile_simlib/xcelium/viterbi_v9_1_12' (cds.lib command ignored).
DEFINE shell_utils_addr_remap_v1_0_4  /home/miglioranza/project_1.xpr/project_1/project_1.cache/compile_simlib/xcelium/shell_utils_addr_remap_v1_0_4
|
xmvhdl_cg: *W,DLCPTH (./cds.lib,41): cds.lib Invalid path '/home/miglioranza/project_1.xpr/project_1/project_1.cache/compile_simlib/xcelium/shell_utils_addr_remap_v1_0_4' (cds.lib command ignored).
DEFINE xdfe_cc_mixer_v1_0_1  /home/miglioranza/project_1.xpr/project_1/project_1.cache/compile_simlib/xcelium/xdfe_cc_mixer_v1_0_1
|
xmvhdl_cg: *W,DLCPTH (./cds.lib,42): cds.lib Invalid path '/home/miglioranza/project_1.xpr/project_1/project_1.cache/compile_simlib/xcelium/xdfe_cc_mixer_v1_0_1' (cds.lib command ignored).
DEFINE ieee802d3_50g_rs_fec_v1_0_18  /home/miglioranza/project_1.xpr/project_1/project_1.cache/compile_simlib/xcelium/ieee802d3_50g_rs_fec_v1_0_18
|
xmvhdl_cg: *W,DLCPTH (./cds.lib,43): cds.lib Invalid path '/home/miglioranza/project_1.xpr/project_1/project_1.cache/compile_simlib/xcelium/ieee802d3_50g_rs_fec_v1_0_18' (cds.lib command ignored).
DEFINE flexo_100g_rs_fec_v1_0_20  /home/miglioranza/project_1.xpr/project_1/project_1.cache/compile_simlib/xcelium/flexo_100g_rs_fec_v1_0_20
|
xmvhdl_cg: *W,DLCPTH (./cds.lib,44): cds.lib Invalid path '/home/miglioranza/project_1.xpr/project_1/project_1.cache/compile_simlib/xcelium/flexo_100g_rs_fec_v1_0_20' (cds.lib command ignored).
DEFINE vby1hs_v1_0_1  /home/miglioranza/project_1.xpr/project_1/project_1.cache/compile_simlib/xcelium/vby1hs_v1_0_1
|
xmvhdl_cg: *W,DLCPTH (./cds.lib,45): cds.lib Invalid path '/home/miglioranza/project_1.xpr/project_1/project_1.cache/compile_simlib/xcelium/vby1hs_v1_0_1' (cds.lib command ignored).
DEFINE axi_usb2_device_v5_0_26  /home/miglioranza/project_1.xpr/project_1/project_1.cache/compile_simlib/xcelium/axi_usb2_device_v5_0_26
|
xmvhdl_cg: *W,DLCPTH (./cds.lib,46): cds.lib Invalid path '/home/miglioranza/project_1.xpr/project_1/project_1.cache/compile_simlib/xcelium/axi_usb2_device_v5_0_26' (cds.lib command ignored).
DEFINE axis_data_fifo_v2_0_7  /home/miglioranza/project_1.xpr/project_1/project_1.cache/compile_simlib/xcelium/axis_data_fifo_v2_0_7
|
xmvhdl_cg: *W,DLCPTH (./cds.lib,47): cds.lib Invalid path '/home/miglioranza/project_1.xpr/project_1/project_1.cache/compile_simlib/xcelium/axis_data_fifo_v2_0_7' (cds.lib command ignored).
DEFINE axis_combiner_v1_1_23  /home/miglioranza/project_1.xpr/project_1/project_1.cache/compile_simlib/xcelium/axis_combiner_v1_1_23
|
xmvhdl_cg: *W,DLCPTH (./cds.lib,48): cds.lib Invalid path '/home/miglioranza/project_1.xpr/project_1/project_1.cache/compile_simlib/xcelium/axis_combiner_v1_1_23' (cds.lib command ignored).
DEFINE convolution_v9_0_15  /home/miglioranza/project_1.xpr/project_1/project_1.cache/compile_simlib/xcelium/convolution_v9_0_15
|
xmvhdl_cg: *W,DLCPTH (./cds.lib,49): cds.lib Invalid path '/home/miglioranza/project_1.xpr/project_1/project_1.cache/compile_simlib/xcelium/convolution_v9_0_15' (cds.lib command ignored).
DEFINE lte_fft_v2_1_5  /home/miglioranza/project_1.xpr/project_1/project_1.cache/compile_simlib/xcelium/lte_fft_v2_1_5
|
xmvhdl_cg: *W,DLCPTH (./cds.lib,50): cds.lib Invalid path '/home/miglioranza/project_1.xpr/project_1/project_1.cache/compile_simlib/xcelium/lte_fft_v2_1_5' (cds.lib command ignored).
DEFINE v_frmbuf_rd_v2_3_0  /home/miglioranza/project_1.xpr/project_1/project_1.cache/compile_simlib/xcelium/v_frmbuf_rd_v2_3_0
|
xmvhdl_cg: *W,DLCPTH (./cds.lib,51): cds.lib Invalid path '/home/miglioranza/project_1.xpr/project_1/project_1.cache/compile_simlib/xcelium/v_frmbuf_rd_v2_3_0' (cds.lib command ignored).
DEFINE axi_uart16550_v2_0_27  /home/miglioranza/project_1.xpr/project_1/project_1.cache/compile_simlib/xcelium/axi_uart16550_v2_0_27
|
xmvhdl_cg: *W,DLCPTH (./cds.lib,52): cds.lib Invalid path '/home/miglioranza/project_1.xpr/project_1/project_1.cache/compile_simlib/xcelium/axi_uart16550_v2_0_27' (cds.lib command ignored).
DEFINE dsp_macro_v1_0_2  /home/miglioranza/project_1.xpr/project_1/project_1.cache/compile_simlib/xcelium/dsp_macro_v1_0_2
|
xmvhdl_cg: *W,DLCPTH (./cds.lib,53): cds.lib Invalid path '/home/miglioranza/project_1.xpr/project_1/project_1.cache/compile_simlib/xcelium/dsp_macro_v1_0_2' (cds.lib command ignored).
DEFINE tmr_comparator_v1_0_4  /home/miglioranza/project_1.xpr/project_1/project_1.cache/compile_simlib/xcelium/tmr_comparator_v1_0_4
|
xmvhdl_cg: *W,DLCPTH (./cds.lib,54): cds.lib Invalid path '/home/miglioranza/project_1.xpr/project_1/project_1.cache/compile_simlib/xcelium/tmr_comparator_v1_0_4' (cds.lib command ignored).
DEFINE axi_bram_ctrl_v4_0_14  /home/miglioranza/project_1.xpr/project_1/project_1.cache/compile_simlib/xcelium/axi_bram_ctrl_v4_0_14
|
xmvhdl_cg: *W,DLCPTH (./cds.lib,55): cds.lib Invalid path '/home/miglioranza/project_1.xpr/project_1/project_1.cache/compile_simlib/xcelium/axi_bram_ctrl_v4_0_14' (cds.lib command ignored).
DEFINE dfx_axi_shutdown_manager_v1_0_0  /home/miglioranza/project_1.xpr/project_1/project_1.cache/compile_simlib/xcelium/dfx_axi_shutdown_manager_v1_0_0
|
xmvhdl_cg: *W,DLCPTH (./cds.lib,56): cds.lib Invalid path '/home/miglioranza/project_1.xpr/project_1/project_1.cache/compile_simlib/xcelium/dfx_axi_shutdown_manager_v1_0_0' (cds.lib command ignored).
DEFINE axis_clock_converter_v1_1_26  /home/miglioranza/project_1.xpr/project_1/project_1.cache/compile_simlib/xcelium/axis_clock_converter_v1_1_26
|
xmvhdl_cg: *W,DLCPTH (./cds.lib,57): cds.lib Invalid path '/home/miglioranza/project_1.xpr/project_1/project_1.cache/compile_simlib/xcelium/axis_clock_converter_v1_1_26' (cds.lib command ignored).
DEFINE axi_sideband_util_v1_0_9  /home/miglioranza/project_1.xpr/project_1/project_1.cache/compile_simlib/xcelium/axi_sideband_util_v1_0_9
|
xmvhdl_cg: *W,DLCPTH (./cds.lib,58): cds.lib Invalid path '/home/miglioranza/project_1.xpr/project_1/project_1.cache/compile_simlib/xcelium/axi_sideband_util_v1_0_9' (cds.lib command ignored).
DEFINE axi_firewall_v1_2_0  /home/miglioranza/project_1.xpr/project_1/project_1.cache/compile_simlib/xcelium/axi_firewall_v1_2_0
|
xmvhdl_cg: *W,DLCPTH (./cds.lib,59): cds.lib Invalid path '/home/miglioranza/project_1.xpr/project_1/project_1.cache/compile_simlib/xcelium/axi_firewall_v1_2_0' (cds.lib command ignored).
DEFINE axi_master_burst_v2_0_7  /home/miglioranza/project_1.xpr/project_1/project_1.cache/compile_simlib/xcelium/axi_master_burst_v2_0_7
|
xmvhdl_cg: *W,DLCPTH (./cds.lib,60): cds.lib Invalid path '/home/miglioranza/project_1.xpr/project_1/project_1.cache/compile_simlib/xcelium/axi_master_burst_v2_0_7' (cds.lib command ignored).
DEFINE axi_tft_v2_0_24  /home/miglioranza/project_1.xpr/project_1/project_1.cache/compile_simlib/xcelium/axi_tft_v2_0_24
|
xmvhdl_cg: *W,DLCPTH (./cds.lib,61): cds.lib Invalid path '/home/miglioranza/project_1.xpr/project_1/project_1.cache/compile_simlib/xcelium/axi_tft_v2_0_24' (cds.lib command ignored).
DEFINE ernic_v3_1_1  /home/miglioranza/project_1.xpr/project_1/project_1.cache/compile_simlib/xcelium/ernic_v3_1_1
|
xmvhdl_cg: *W,DLCPTH (./cds.lib,62): cds.lib Invalid path '/home/miglioranza/project_1.xpr/project_1/project_1.cache/compile_simlib/xcelium/ernic_v3_1_1' (cds.lib command ignored).
DEFINE axi_gpio_v2_0_27  /home/miglioranza/project_1.xpr/project_1/project_1.cache/compile_simlib/xcelium/axi_gpio_v2_0_27
|
xmvhdl_cg: *W,DLCPTH (./cds.lib,63): cds.lib Invalid path '/home/miglioranza/project_1.xpr/project_1/project_1.cache/compile_simlib/xcelium/axi_gpio_v2_0_27' (cds.lib command ignored).
DEFINE xsdbs_v1_0_2  /home/miglioranza/project_1.xpr/project_1/project_1.cache/compile_simlib/xcelium/xsdbs_v1_0_2
|
xmvhdl_cg: *W,DLCPTH (./cds.lib,64): cds.lib Invalid path '/home/miglioranza/project_1.xpr/project_1/project_1.cache/compile_simlib/xcelium/xsdbs_v1_0_2' (cds.lib command ignored).
DEFINE tcc_encoder_3gpplte_v4_0_16  /home/miglioranza/project_1.xpr/project_1/project_1.cache/compile_simlib/xcelium/tcc_encoder_3gpplte_v4_0_16
|
xmvhdl_cg: *W,DLCPTH (./cds.lib,65): cds.lib Invalid path '/home/miglioranza/project_1.xpr/project_1/project_1.cache/compile_simlib/xcelium/tcc_encoder_3gpplte_v4_0_16' (cds.lib command ignored).
DEFINE mailbox_v2_1_15  /home/miglioranza/project_1.xpr/project_1/project_1.cache/compile_simlib/xcelium/mailbox_v2_1_15
|
xmvhdl_cg: *W,DLCPTH (./cds.lib,66): cds.lib Invalid path '/home/miglioranza/project_1.xpr/project_1/project_1.cache/compile_simlib/xcelium/mailbox_v2_1_15' (cds.lib command ignored).
DEFINE ats_switch_v1_0_4  /home/miglioranza/project_1.xpr/project_1/project_1.cache/compile_simlib/xcelium/ats_switch_v1_0_4
|
xmvhdl_cg: *W,DLCPTH (./cds.lib,67): cds.lib Invalid path '/home/miglioranza/project_1.xpr/project_1/project_1.cache/compile_simlib/xcelium/ats_switch_v1_0_4' (cds.lib command ignored).
DEFINE lte_3gpp_mimo_encoder_v4_0_16  /home/miglioranza/project_1.xpr/project_1/project_1.cache/compile_simlib/xcelium/lte_3gpp_mimo_encoder_v4_0_16
|
xmvhdl_cg: *W,DLCPTH (./cds.lib,68): cds.lib Invalid path '/home/miglioranza/project_1.xpr/project_1/project_1.cache/compile_simlib/xcelium/lte_3gpp_mimo_encoder_v4_0_16' (cds.lib command ignored).
DEFINE axi_memory_init_v1_0_6  /home/miglioranza/project_1.xpr/project_1/project_1.cache/compile_simlib/xcelium/axi_memory_init_v1_0_6
|
xmvhdl_cg: *W,DLCPTH (./cds.lib,69): cds.lib Invalid path '/home/miglioranza/project_1.xpr/project_1/project_1.cache/compile_simlib/xcelium/axi_memory_init_v1_0_6' (cds.lib command ignored).
DEFINE xdfe_cc_filter_v1_0_1  /home/miglioranza/project_1.xpr/project_1/project_1.cache/compile_simlib/xcelium/xdfe_cc_filter_v1_0_1
|
xmvhdl_cg: *W,DLCPTH (./cds.lib,70): cds.lib Invalid path '/home/miglioranza/project_1.xpr/project_1/project_1.cache/compile_simlib/xcelium/xdfe_cc_filter_v1_0_1' (cds.lib command ignored).
DEFINE axi_uartlite_v2_0_29  /home/miglioranza/project_1.xpr/project_1/project_1.cache/compile_simlib/xcelium/axi_uartlite_v2_0_29
|
xmvhdl_cg: *W,DLCPTH (./cds.lib,71): cds.lib Invalid path '/home/miglioranza/project_1.xpr/project_1/project_1.cache/compile_simlib/xcelium/axi_uartlite_v2_0_29' (cds.lib command ignored).
DEFINE v_vid_sdi_tx_bridge_v2_0_0  /home/miglioranza/project_1.xpr/project_1/project_1.cache/compile_simlib/xcelium/v_vid_sdi_tx_bridge_v2_0_0
|
xmvhdl_cg: *W,DLCPTH (./cds.lib,72): cds.lib Invalid path '/home/miglioranza/project_1.xpr/project_1/project_1.cache/compile_simlib/xcelium/v_vid_sdi_tx_bridge_v2_0_0' (cds.lib command ignored).
DEFINE canfd_v3_0_4  /home/miglioranza/project_1.xpr/project_1/project_1.cache/compile_simlib/xcelium/canfd_v3_0_4
|
xmvhdl_cg: *W,DLCPTH (./cds.lib,73): cds.lib Invalid path '/home/miglioranza/project_1.xpr/project_1/project_1.cache/compile_simlib/xcelium/canfd_v3_0_4' (cds.lib command ignored).
DEFINE ieee802d3_200g_rs_fec_v2_0_4  /home/miglioranza/project_1.xpr/project_1/project_1.cache/compile_simlib/xcelium/ieee802d3_200g_rs_fec_v2_0_4
|
xmvhdl_cg: *W,DLCPTH (./cds.lib,74): cds.lib Invalid path '/home/miglioranza/project_1.xpr/project_1/project_1.cache/compile_simlib/xcelium/ieee802d3_200g_rs_fec_v2_0_4' (cds.lib command ignored).
DEFINE pr_decoupler_v1_0_10  /home/miglioranza/project_1.xpr/project_1/project_1.cache/compile_simlib/xcelium/pr_decoupler_v1_0_10
|
xmvhdl_cg: *W,DLCPTH (./cds.lib,75): cds.lib Invalid path '/home/miglioranza/project_1.xpr/project_1/project_1.cache/compile_simlib/xcelium/pr_decoupler_v1_0_10' (cds.lib command ignored).
DEFINE axi_interconnect_v1_7_19  /home/miglioranza/project_1.xpr/project_1/project_1.cache/compile_simlib/xcelium/axi_interconnect_v1_7_19
|
xmvhdl_cg: *W,DLCPTH (./cds.lib,76): cds.lib Invalid path '/home/miglioranza/project_1.xpr/project_1/project_1.cache/compile_simlib/xcelium/axi_interconnect_v1_7_19' (cds.lib command ignored).
DEFINE v_hdmi_tx1_v1_0_2  /home/miglioranza/project_1.xpr/project_1/project_1.cache/compile_simlib/xcelium/v_hdmi_tx1_v1_0_2
|
xmvhdl_cg: *W,DLCPTH (./cds.lib,77): cds.lib Invalid path '/home/miglioranza/project_1.xpr/project_1/project_1.cache/compile_simlib/xcelium/v_hdmi_tx1_v1_0_2' (cds.lib command ignored).
DEFINE dfx_bitstream_monitor_v1_0_1  /home/miglioranza/project_1.xpr/project_1/project_1.cache/compile_simlib/xcelium/dfx_bitstream_monitor_v1_0_1
|
xmvhdl_cg: *W,DLCPTH (./cds.lib,78): cds.lib Invalid path '/home/miglioranza/project_1.xpr/project_1/project_1.cache/compile_simlib/xcelium/dfx_bitstream_monitor_v1_0_1' (cds.lib command ignored).
DEFINE cic_compiler_v4_0_15  /home/miglioranza/project_1.xpr/project_1/project_1.cache/compile_simlib/xcelium/cic_compiler_v4_0_15
|
xmvhdl_cg: *W,DLCPTH (./cds.lib,79): cds.lib Invalid path '/home/miglioranza/project_1.xpr/project_1/project_1.cache/compile_simlib/xcelium/cic_compiler_v4_0_15' (cds.lib command ignored).
DEFINE lte_3gpp_mimo_decoder_v3_0_17  /home/miglioranza/project_1.xpr/project_1/project_1.cache/compile_simlib/xcelium/lte_3gpp_mimo_decoder_v3_0_17
|
xmvhdl_cg: *W,DLCPTH (./cds.lib,80): cds.lib Invalid path '/home/miglioranza/project_1.xpr/project_1/project_1.cache/compile_simlib/xcelium/lte_3gpp_mimo_decoder_v3_0_17' (cds.lib command ignored).
DEFINE v_dual_splitter_v1_0_9  /home/miglioranza/project_1.xpr/project_1/project_1.cache/compile_simlib/xcelium/v_dual_splitter_v1_0_9
|
xmvhdl_cg: *W,DLCPTH (./cds.lib,81): cds.lib Invalid path '/home/miglioranza/project_1.xpr/project_1/project_1.cache/compile_simlib/xcelium/v_dual_splitter_v1_0_9' (cds.lib command ignored).
DEFINE lte_dl_channel_encoder_v4_0_3  /home/miglioranza/project_1.xpr/project_1/project_1.cache/compile_simlib/xcelium/lte_dl_channel_encoder_v4_0_3
|
xmvhdl_cg: *W,DLCPTH (./cds.lib,82): cds.lib Invalid path '/home/miglioranza/project_1.xpr/project_1/project_1.cache/compile_simlib/xcelium/lte_dl_channel_encoder_v4_0_3' (cds.lib command ignored).
DEFINE dft_v4_2_2  /home/miglioranza/project_1.xpr/project_1/project_1.cache/compile_simlib/xcelium/dft_v4_2_2
|
xmvhdl_cg: *W,DLCPTH (./cds.lib,83): cds.lib Invalid path '/home/miglioranza/project_1.xpr/project_1/project_1.cache/compile_simlib/xcelium/dft_v4_2_2' (cds.lib command ignored).
DEFINE mdm_v3_2_22  /home/miglioranza/project_1.xpr/project_1/project_1.cache/compile_simlib/xcelium/mdm_v3_2_22
|
xmvhdl_cg: *W,DLCPTH (./cds.lib,84): cds.lib Invalid path '/home/miglioranza/project_1.xpr/project_1/project_1.cache/compile_simlib/xcelium/mdm_v3_2_22' (cds.lib command ignored).
DEFINE bs_switch_v1_0_0  /home/miglioranza/project_1.xpr/project_1/project_1.cache/compile_simlib/xcelium/bs_switch_v1_0_0
|
xmvhdl_cg: *W,DLCPTH (./cds.lib,85): cds.lib Invalid path '/home/miglioranza/project_1.xpr/project_1/project_1.cache/compile_simlib/xcelium/bs_switch_v1_0_0' (cds.lib command ignored).
DEFINE axi4svideo_bridge_v1_0_13  /home/miglioranza/project_1.xpr/project_1/project_1.cache/compile_simlib/xcelium/axi4svideo_bridge_v1_0_13
|
xmvhdl_cg: *W,DLCPTH (./cds.lib,86): cds.lib Invalid path '/home/miglioranza/project_1.xpr/project_1/project_1.cache/compile_simlib/xcelium/axi4svideo_bridge_v1_0_13' (cds.lib command ignored).
DEFINE axis_interconnect_v1_1_19  /home/miglioranza/project_1.xpr/project_1/project_1.cache/compile_simlib/xcelium/axis_interconnect_v1_1_19
|
xmvhdl_cg: *W,DLCPTH (./cds.lib,87): cds.lib Invalid path '/home/miglioranza/project_1.xpr/project_1/project_1.cache/compile_simlib/xcelium/axis_interconnect_v1_1_19' (cds.lib command ignored).
DEFINE xdfe_fft_v1_0_1  /home/miglioranza/project_1.xpr/project_1/project_1.cache/compile_simlib/xcelium/xdfe_fft_v1_0_1
|
xmvhdl_cg: *W,DLCPTH (./cds.lib,88): cds.lib Invalid path '/home/miglioranza/project_1.xpr/project_1/project_1.cache/compile_simlib/xcelium/xdfe_fft_v1_0_1' (cds.lib command ignored).
DEFINE xdfe_nr_prach_v1_0_1  /home/miglioranza/project_1.xpr/project_1/project_1.cache/compile_simlib/xcelium/xdfe_nr_prach_v1_0_1
|
xmvhdl_cg: *W,DLCPTH (./cds.lib,89): cds.lib Invalid path '/home/miglioranza/project_1.xpr/project_1/project_1.cache/compile_simlib/xcelium/xdfe_nr_prach_v1_0_1' (cds.lib command ignored).
DEFINE axis_data_fifo_v1_1_26  /home/miglioranza/project_1.xpr/project_1/project_1.cache/compile_simlib/xcelium/axis_data_fifo_v1_1_26
|
xmvhdl_cg: *W,DLCPTH (./cds.lib,90): cds.lib Invalid path '/home/miglioranza/project_1.xpr/project_1/project_1.cache/compile_simlib/xcelium/axis_data_fifo_v1_1_26' (cds.lib command ignored).
DEFINE axis_ila_intf_v1_0_0  /home/miglioranza/project_1.xpr/project_1/project_1.cache/compile_simlib/xcelium/axis_ila_intf_v1_0_0
|
xmvhdl_cg: *W,DLCPTH (./cds.lib,91): cds.lib Invalid path '/home/miglioranza/project_1.xpr/project_1/project_1.cache/compile_simlib/xcelium/axis_ila_intf_v1_0_0' (cds.lib command ignored).
DEFINE tmr_sem_v1_0_20  /home/miglioranza/project_1.xpr/project_1/project_1.cache/compile_simlib/xcelium/tmr_sem_v1_0_20
|
xmvhdl_cg: *W,DLCPTH (./cds.lib,92): cds.lib Invalid path '/home/miglioranza/project_1.xpr/project_1/project_1.cache/compile_simlib/xcelium/tmr_sem_v1_0_20' (cds.lib command ignored).
DEFINE videoaxi4s_bridge_v1_0_5  /home/miglioranza/project_1.xpr/project_1/project_1.cache/compile_simlib/xcelium/videoaxi4s_bridge_v1_0_5
|
xmvhdl_cg: *W,DLCPTH (./cds.lib,93): cds.lib Invalid path '/home/miglioranza/project_1.xpr/project_1/project_1.cache/compile_simlib/xcelium/videoaxi4s_bridge_v1_0_5' (cds.lib command ignored).
DEFINE v_hdmi_rx1_v1_0_2  /home/miglioranza/project_1.xpr/project_1/project_1.cache/compile_simlib/xcelium/v_hdmi_rx1_v1_0_2
|
xmvhdl_cg: *W,DLCPTH (./cds.lib,94): cds.lib Invalid path '/home/miglioranza/project_1.xpr/project_1/project_1.cache/compile_simlib/xcelium/v_hdmi_rx1_v1_0_2' (cds.lib command ignored).
DEFINE dbg_intf  /home/miglioranza/project_1.xpr/project_1/project_1.cache/compile_simlib/xcelium/dbg_intf
|
xmvhdl_cg: *W,DLCPTH (./cds.lib,95): cds.lib Invalid path '/home/miglioranza/project_1.xpr/project_1/project_1.cache/compile_simlib/xcelium/dbg_intf' (cds.lib command ignored).
	streams: 1, words: 1104
	streams: 3, words: 838
	streams: 1, words: 8
	streams: 1, words: 8
	streams: 6, words: 3680
	streams: 33, words: 65374
	streams: 1, words: 8
	streams: 7, words: 3063
	streams: 3, words: 1110
	streams: 21, words: 23410
	streams: 1, words: 8
	streams: 1, words: 8
	streams: 3, words: 16795
	streams: 1, words: 180
	streams: 8, words: 14948
	streams: 1, words: 344
	streams: 15, words: 1569
	streams: 1, words: 2660
	streams: 13, words: 2361
	streams: 3, words: 13525
	streams: 10, words: 2106
	streams: 4, words: 27263
	streams: 20, words: 5779
	streams: 3, words: 33350
	streams: 17, words: 2716
	streams: 3, words: 10793
	streams: 21, words: 5146
	streams: 1, words: 4141
	streams: 40, words: 5179
	streams: 2, words: 64612
	streams: 8, words: 2732
	streams: 1, words: 3411
	streams: 16, words: 3882
	streams: 1, words: 3968
	streams: 15, words: 1425
	streams: 3, words: 6651
	streams: 11, words: 1957
	streams: 1, words: 2380
	streams: 16, words: 2145
	streams: 2, words: 3234
	streams: 14, words: 1526
	streams: 1, words: 3804
	streams: 14, words: 1523
	streams: 1, words: 3897
	streams: 7, words: 1111
	streams: 4, words: 6961
	streams: 12, words: 2089
	streams: 1, words: 3967
	streams: 16, words: 2388
	streams: 1, words: 3501
	streams: 15, words: 2318
	streams: 1, words: 3406
	streams: 8, words: 1986
	streams: 1, words: 2543
	streams: 8, words: 1986
	streams: 1, words: 2543
	streams: 7, words: 1907
	streams: 1, words: 2540
	streams: 14, words: 1533
	streams: 1, words: 2302
	streams: 40, words: 3648
	streams: 2, words: 61323
	streams: 26, words: 3095
	streams: 2, words: 57827
	streams: 55, words: 11180
	streams: 2, words: 77366
	streams: 36, words: 7324
	streams: 4, words: 81938
	streams: 56, words: 11237
	streams: 2, words: 66102
	streams: 31, words: 5758
	streams: 6, words: 40350
	streams: 26, words: 3317
	streams: 1, words: 2429
	streams: 15, words: 889
	streams: 1, words: 2854
	streams: 16, words: 956
	streams: 1, words: 2815
	streams: 20, words: 2962
	streams: 2, words: 6584
	streams: 17, words: 2434
	streams: 3, words: 29629
	streams: 21, words: 3775
	streams: 2, words: 45132
	streams: 20, words: 4750
	streams: 3, words: 35416
	streams: 14, words: 1524
	streams: 2, words: 4888
	streams: 2, words: 1695
	streams: 17, words: 28793
	streams: 11, words: 1010
	streams: 10, words: 193520
	streams: 24, words: 4544
	streams: 3, words: 21427
	streams: 19, words: 4368
	streams: 7, words: 48159
	streams: 20, words: 4228
	streams: 3, words: 15915
	streams: 20, words: 2754
	streams: 6, words: 49337
	streams: 13, words: 3312
	streams: 3, words: 7989
	streams: 13, words: 2189
	streams: 1, words: 19012
	streams: 15, words: 3093
	streams: 2, words: 14840
	streams: 20, words: 5284
	streams: 2, words: 13318
	streams: 20, words: 5563
	streams: 6, words: 28074
	streams: 17, words: 4577
	streams: 8, words: 29222
	streams: 13, words: 1397
	streams: 1, words: 6995
	streams: 15, words: 2334
	streams: 1, words: 4562
	streams: 16, words: 4259
	streams: 4, words: 12869
	streams: 6, words: 1905
	streams: 1, words: 416
	streams: 1, words: 120
	streams: 3, words: 8354
	streams: 1, words: 1009
	streams: 2, words: 680
	streams: 8, words: 1051
	streams: 2, words: 1774
	streams: 27, words: 2973
	streams: 5, words: 14020
	streams: 19, words: 1944
	streams: 6, words: 15788
	streams: 15, words: 1430
	streams: 5, words: 13446
	streams: 16, words: 2299
	streams: 1, words: 13261
	streams: 13, words: 827
	streams: 1, words: 2880
	streams: 41, words: 6003
	streams: 1, words: 4849
	streams: 39, words: 5597
	streams: 35, words: 243610
	streams: 18, words: 2525
	streams: 16, words: 87906
	streams: 38, words: 4013
	streams: 14, words: 133277
	streams: 23, words: 659
	streams: 3, words: 20643
	streams: 25, words: 867
	streams: 3, words: 23559
	streams: 21, words: 2348
	streams: 2, words: 9594
	streams: 16, words: 1570
	streams: 1, words: 4613
	streams: 18, words: 3399
	streams: 9, words: 39240
	streams: 21, words: 3426
	streams: 15, words: 62200
	streams: 21, words: 3426
	streams: 15, words: 61254
	streams: 21, words: 3426
	streams: 9, words: 47733
	streams: 26, words: 4728
	streams: 6, words: 20317
	streams: 24, words: 4765
	streams: 8, words: 24837
	streams: 23, words: 4601
	streams: 1, words: 3071
