xmelab(64): 20.09-s007: (c) Copyright 1995-2020 Cadence Design Systems, Inc.
TOOL:	xmelab(64)	20.09-s007: Started on Sep 15, 2025 at 13:56:16 CEST
xmelab
    -64bit
    -relax
    -access +rwc
    -namemap_mixgen
    -messages
    -logfile elaborate.log
    -fault_dbg
    -fault_top Symbol_mapper_tb
    -fault_overwrite
    -fault_file ./fault_list
    -libname xil_defaultlib
    -libname secureip
    xil_defaultlib.Symbol_mapper_tb

xmelab: *N,FLTOVR: [FLT] An existing fault directory (fault_db) has been overwritten.
xmelab: *N,SPUNSP: -sparsearray is not supported with Fault Simulation. Disabling the default -sparsearray=100000 option.
xmelab: *W,ARCMRA: Elaborating the XIL_DEFAULTLIB.SYMBOL_MAPPER_TB:BEHAVIORAL, MRA (most recently analyzed) architecture.
	Elaborating the design hierarchy:
xmelab: *W,CUDEFB: default binding occurred for component instance (:Symbol_mapper_tb(Behavioral):uut) with design unit (XIL_DEFAULTLIB.SYMBOL_MAPPER:STRUCTURE).
xmelab: *W,CUDEFB: default binding occurred for component instance (:Symbol_mapper_tb(Behavioral):uut@Symbol_mapper(STRUCTURE):clk_IBUF_BUFG_inst) with design unit (UNISIM.BUFGCE:BUFGCE_V).
xmelab: *W,CUDEFB: default binding occurred for component instance (:Symbol_mapper_tb(Behavioral):uut@Symbol_mapper(STRUCTURE):clk_IBUF_inst) with design unit (UNISIM.IBUF:IBUF_V).
xmelab: *W,CUDEFB: default binding occurred for component instance (:Symbol_mapper_tb(Behavioral):uut@Symbol_mapper(STRUCTURE):\data_in_IBUF[0]_inst\) with design unit (UNISIM.IBUF:IBUF_V).
xmelab: *W,CUDEFB: default binding occurred for component instance (:Symbol_mapper_tb(Behavioral):uut@Symbol_mapper(STRUCTURE):\data_in_IBUF[1]_inst\) with design unit (UNISIM.IBUF:IBUF_V).
xmelab: *W,CUDEFB: default binding occurred for component instance (:Symbol_mapper_tb(Behavioral):uut@Symbol_mapper(STRUCTURE):\data_in_IBUF[2]_inst\) with design unit (UNISIM.IBUF:IBUF_V).
xmelab: *W,CUDEFB: default binding occurred for component instance (:Symbol_mapper_tb(Behavioral):uut@Symbol_mapper(STRUCTURE):\data_in_IBUF[3]_inst\) with design unit (UNISIM.IBUF:IBUF_V).
xmelab: *W,CUDEFB: default binding occurred for component instance (:Symbol_mapper_tb(Behavioral):uut@Symbol_mapper(STRUCTURE):\data_in_IBUF[4]_inst\) with design unit (UNISIM.IBUF:IBUF_V).
xmelab: *W,CUDEFB: default binding occurred for component instance (:Symbol_mapper_tb(Behavioral):uut@Symbol_mapper(STRUCTURE):\data_in_IBUF[5]_inst\) with design unit (UNISIM.IBUF:IBUF_V).
xmelab: *W,CUDEFB: default binding occurred for component instance (:Symbol_mapper_tb(Behavioral):uut@Symbol_mapper(STRUCTURE):data_in_last_IBUF_inst) with design unit (UNISIM.IBUF:IBUF_V).
xmelab: *W,CUDEFB: default binding occurred for component instance (:Symbol_mapper_tb(Behavioral):uut@Symbol_mapper(STRUCTURE):data_in_ready_IBUF_inst) with design unit (UNISIM.IBUF:IBUF_V).
xmelab: *W,CUDEFB: default binding occurred for component instance (:Symbol_mapper_tb(Behavioral):uut@Symbol_mapper(STRUCTURE):data_in_valid_IBUF_inst) with design unit (UNISIM.IBUF:IBUF_V).
xmelab: *W,CUDEFB: default binding occurred for component instance (:Symbol_mapper_tb(Behavioral):uut@Symbol_mapper(STRUCTURE):data_out_last_OBUF_inst) with design unit (UNISIM.OBUF:OBUF_V).
xmelab: *W,CUDEFB: default binding occurred for component instance (:Symbol_mapper_tb(Behavioral):uut@Symbol_mapper(STRUCTURE):data_out_last_i_1) with design unit (UNISIM.LUT3:LUT3_V).
xmelab: *W,CUDEFB: default binding occurred for component instance (:Symbol_mapper_tb(Behavioral):uut@Symbol_mapper(STRUCTURE):data_out_last_reg) with design unit (UNISIM.FDCE:FDCE_V).
xmelab: *W,CUDEFB: default binding occurred for component instance (:Symbol_mapper_tb(Behavioral):uut@Symbol_mapper(STRUCTURE):data_out_ready_OBUF_inst) with design unit (UNISIM.OBUF:OBUF_V).
xmelab: *W,CUDEFB: default binding occurred for component instance (:Symbol_mapper_tb(Behavioral):uut@Symbol_mapper(STRUCTURE):data_out_ready_reg) with design unit (UNISIM.FDCE:FDCE_V).
xmelab: *W,CUDEFB: default binding occurred for component instance (:Symbol_mapper_tb(Behavioral):uut@Symbol_mapper(STRUCTURE):data_out_valid_OBUF_inst) with design unit (UNISIM.OBUF:OBUF_V).
xmelab: *W,CUDEFB: default binding occurred for component instance (:Symbol_mapper_tb(Behavioral):uut@Symbol_mapper(STRUCTURE):data_out_valid_reg) with design unit (UNISIM.FDCE:FDCE_V).
xmelab: *W,CUDEFB: default binding occurred for component instance (:Symbol_mapper_tb(Behavioral):uut@Symbol_mapper(STRUCTURE):g0_b0) with design unit (UNISIM.LUT3:LUT3_V).
xmelab: *W,CUDEFB: default binding occurred for component instance (:Symbol_mapper_tb(Behavioral):uut@Symbol_mapper(STRUCTURE):\g0_b0__0\) with design unit (UNISIM.LUT4:LUT4_V).
xmelab: *W,CUDEFB: default binding occurred for component instance (:Symbol_mapper_tb(Behavioral):uut@Symbol_mapper(STRUCTURE):\g0_b0__1\) with design unit (UNISIM.LUT3:LUT3_V).
xmelab: *W,CUDEFB: default binding occurred for component instance (:Symbol_mapper_tb(Behavioral):uut@Symbol_mapper(STRUCTURE):\g0_b0__2\) with design unit (UNISIM.LUT2:LUT2_V).
xmelab: *W,CUDEFB: default binding occurred for component instance (:Symbol_mapper_tb(Behavioral):uut@Symbol_mapper(STRUCTURE):\g0_b0__3\) with design unit (UNISIM.LUT3:LUT3_V).
xmelab: *W,CUDEFB: default binding occurred for component instance (:Symbol_mapper_tb(Behavioral):uut@Symbol_mapper(STRUCTURE):\g0_b0__4\) with design unit (UNISIM.LUT4:LUT4_V).
xmelab: *W,CUDEFB: default binding occurred for component instance (:Symbol_mapper_tb(Behavioral):uut@Symbol_mapper(STRUCTURE):g0_b1) with design unit (UNISIM.LUT4:LUT4_V).
xmelab: *W,CUDEFB: default binding occurred for component instance (:Symbol_mapper_tb(Behavioral):uut@Symbol_mapper(STRUCTURE):g0_b10) with design unit (UNISIM.LUT4:LUT4_V).
xmelab: *W,CUDEFB: default binding occurred for component instance (:Symbol_mapper_tb(Behavioral):uut@Symbol_mapper(STRUCTURE):\g0_b10__0\) with design unit (UNISIM.LUT5:LUT5_V).
xmelab: *W,CUDEFB: default binding occurred for component instance (:Symbol_mapper_tb(Behavioral):uut@Symbol_mapper(STRUCTURE):\g0_b10__1\) with design unit (UNISIM.LUT4:LUT4_V).
xmelab: *W,CUDEFB: default binding occurred for component instance (:Symbol_mapper_tb(Behavioral):uut@Symbol_mapper(STRUCTURE):\g0_b10__2\) with design unit (UNISIM.LUT6:LUT6_V).
xmelab: *W,CUDEFB: default binding occurred for component instance (:Symbol_mapper_tb(Behavioral):uut@Symbol_mapper(STRUCTURE):\g0_b10__3\) with design unit (UNISIM.LUT4:LUT4_V).
xmelab: *W,CUDEFB: default binding occurred for component instance (:Symbol_mapper_tb(Behavioral):uut@Symbol_mapper(STRUCTURE):\g0_b10__4\) with design unit (UNISIM.LUT5:LUT5_V).
xmelab: *W,CUDEFB: default binding occurred for component instance (:Symbol_mapper_tb(Behavioral):uut@Symbol_mapper(STRUCTURE):g0_b11) with design unit (UNISIM.LUT6:LUT6_V).
xmelab: *W,CUDEFB: default binding occurred for component instance (:Symbol_mapper_tb(Behavioral):uut@Symbol_mapper(STRUCTURE):\g0_b1__0\) with design unit (UNISIM.LUT5:LUT5_V).
xmelab: *W,CUDEFB: default binding occurred for component instance (:Symbol_mapper_tb(Behavioral):uut@Symbol_mapper(STRUCTURE):\g0_b1__1\) with design unit (UNISIM.LUT4:LUT4_V).
xmelab: *W,CUDEFB: default binding occurred for component instance (:Symbol_mapper_tb(Behavioral):uut@Symbol_mapper(STRUCTURE):\g0_b1__2\) with design unit (UNISIM.LUT6:LUT6_V).
xmelab: *W,CUDEFB: default binding occurred for component instance (:Symbol_mapper_tb(Behavioral):uut@Symbol_mapper(STRUCTURE):\g0_b1__3\) with design unit (UNISIM.LUT4:LUT4_V).
xmelab: *W,CUDEFB: default binding occurred for component instance (:Symbol_mapper_tb(Behavioral):uut@Symbol_mapper(STRUCTURE):\g0_b1__4\) with design unit (UNISIM.LUT5:LUT5_V).
xmelab: *W,CUDEFB: default binding occurred for component instance (:Symbol_mapper_tb(Behavioral):uut@Symbol_mapper(STRUCTURE):g0_b2) with design unit (UNISIM.LUT4:LUT4_V).
xmelab: *W,CUDEFB: default binding occurred for component instance (:Symbol_mapper_tb(Behavioral):uut@Symbol_mapper(STRUCTURE):\g0_b2__0\) with design unit (UNISIM.LUT5:LUT5_V).
xmelab: *W,CUDEFB: default binding occurred for component instance (:Symbol_mapper_tb(Behavioral):uut@Symbol_mapper(STRUCTURE):\g0_b2__1\) with design unit (UNISIM.LUT4:LUT4_V).
xmelab: *W,CUDEFB: default binding occurred for component instance (:Symbol_mapper_tb(Behavioral):uut@Symbol_mapper(STRUCTURE):\g0_b2__2\) with design unit (UNISIM.LUT5:LUT5_V).
xmelab: *W,CUDEFB: default binding occurred for component instance (:Symbol_mapper_tb(Behavioral):uut@Symbol_mapper(STRUCTURE):g0_b3) with design unit (UNISIM.LUT4:LUT4_V).
xmelab: *W,CUDEFB: default binding occurred for component instance (:Symbol_mapper_tb(Behavioral):uut@Symbol_mapper(STRUCTURE):\g0_b3__0\) with design unit (UNISIM.LUT5:LUT5_V).
xmelab: *W,CUDEFB: default binding occurred for component instance (:Symbol_mapper_tb(Behavioral):uut@Symbol_mapper(STRUCTURE):\g0_b3__1\) with design unit (UNISIM.LUT4:LUT4_V).
xmelab: *W,CUDEFB: default binding occurred for component instance (:Symbol_mapper_tb(Behavioral):uut@Symbol_mapper(STRUCTURE):\g0_b3__2\) with design unit (UNISIM.LUT5:LUT5_V).
xmelab: *W,CUDEFB: default binding occurred for component instance (:Symbol_mapper_tb(Behavioral):uut@Symbol_mapper(STRUCTURE):g0_b4) with design unit (UNISIM.LUT4:LUT4_V).
xmelab: *W,CUDEFB: default binding occurred for component instance (:Symbol_mapper_tb(Behavioral):uut@Symbol_mapper(STRUCTURE):\g0_b4__0\) with design unit (UNISIM.LUT5:LUT5_V).
xmelab: *W,CUDEFB: default binding occurred for component instance (:Symbol_mapper_tb(Behavioral):uut@Symbol_mapper(STRUCTURE):\g0_b4__1\) with design unit (UNISIM.LUT4:LUT4_V).
xmelab: *W,CUDEFB: default binding occurred for component instance (:Symbol_mapper_tb(Behavioral):uut@Symbol_mapper(STRUCTURE):\g0_b4__2\) with design unit (UNISIM.LUT5:LUT5_V).
xmelab: *W,CUDEFB: default binding occurred for component instance (:Symbol_mapper_tb(Behavioral):uut@Symbol_mapper(STRUCTURE):g0_b5) with design unit (UNISIM.LUT3:LUT3_V).
xmelab: *W,CUDEFB: default binding occurred for component instance (:Symbol_mapper_tb(Behavioral):uut@Symbol_mapper(STRUCTURE):\g0_b5__0\) with design unit (UNISIM.LUT5:LUT5_V).
xmelab: *W,CUDEFB: default binding occurred for component instance (:Symbol_mapper_tb(Behavioral):uut@Symbol_mapper(STRUCTURE):\g0_b5__1\) with design unit (UNISIM.LUT3:LUT3_V).
xmelab: *W,CUDEFB: default binding occurred for component instance (:Symbol_mapper_tb(Behavioral):uut@Symbol_mapper(STRUCTURE):\g0_b5__2\) with design unit (UNISIM.LUT5:LUT5_V).
xmelab: *W,CUDEFB: default binding occurred for component instance (:Symbol_mapper_tb(Behavioral):uut@Symbol_mapper(STRUCTURE):g0_b6) with design unit (UNISIM.LUT4:LUT4_V).
xmelab: *W,CUDEFB: default binding occurred for component instance (:Symbol_mapper_tb(Behavioral):uut@Symbol_mapper(STRUCTURE):\g0_b6__0\) with design unit (UNISIM.LUT5:LUT5_V).
xmelab: *W,CUDEFB: default binding occurred for component instance (:Symbol_mapper_tb(Behavioral):uut@Symbol_mapper(STRUCTURE):\g0_b6__1\) with design unit (UNISIM.LUT4:LUT4_V).
xmelab: *W,CUDEFB: default binding occurred for component instance (:Symbol_mapper_tb(Behavioral):uut@Symbol_mapper(STRUCTURE):\g0_b6__2\) with design unit (UNISIM.LUT5:LUT5_V).
xmelab: *W,CUDEFB: default binding occurred for component instance (:Symbol_mapper_tb(Behavioral):uut@Symbol_mapper(STRUCTURE):g0_b7) with design unit (UNISIM.LUT4:LUT4_V).
xmelab: *W,CUDEFB: default binding occurred for component instance (:Symbol_mapper_tb(Behavioral):uut@Symbol_mapper(STRUCTURE):\g0_b7__0\) with design unit (UNISIM.LUT5:LUT5_V).
xmelab: *W,CUDEFB: default binding occurred for component instance (:Symbol_mapper_tb(Behavioral):uut@Symbol_mapper(STRUCTURE):\g0_b7__1\) with design unit (UNISIM.LUT4:LUT4_V).
xmelab: *W,CUDEFB: default binding occurred for component instance (:Symbol_mapper_tb(Behavioral):uut@Symbol_mapper(STRUCTURE):\g0_b7__2\) with design unit (UNISIM.LUT5:LUT5_V).
xmelab: *W,CUDEFB: default binding occurred for component instance (:Symbol_mapper_tb(Behavioral):uut@Symbol_mapper(STRUCTURE):\g0_b7__3\) with design unit (UNISIM.LUT4:LUT4_V).
xmelab: *W,CUDEFB: default binding occurred for component instance (:Symbol_mapper_tb(Behavioral):uut@Symbol_mapper(STRUCTURE):\g0_b7__4\) with design unit (UNISIM.LUT5:LUT5_V).
xmelab: *W,CUDEFB: default binding occurred for component instance (:Symbol_mapper_tb(Behavioral):uut@Symbol_mapper(STRUCTURE):\g0_b7__4_i_1\) with design unit (UNISIM.LUT2:LUT2_V).
xmelab: *W,CUDEFB: default binding occurred for component instance (:Symbol_mapper_tb(Behavioral):uut@Symbol_mapper(STRUCTURE):\g0_b7__5\) with design unit (UNISIM.LUT5:LUT5_V).
xmelab: *W,CUDEFB: default binding occurred for component instance (:Symbol_mapper_tb(Behavioral):uut@Symbol_mapper(STRUCTURE):\g0_b7__6\) with design unit (UNISIM.LUT5:LUT5_V).
xmelab: *W,CUDEFB: default binding occurred for component instance (:Symbol_mapper_tb(Behavioral):uut@Symbol_mapper(STRUCTURE):\g0_b7__7\) with design unit (UNISIM.LUT3:LUT3_V).
xmelab: *W,CUDEFB: default binding occurred for component instance (:Symbol_mapper_tb(Behavioral):uut@Symbol_mapper(STRUCTURE):\g0_b7__8\) with design unit (UNISIM.LUT3:LUT3_V).
xmelab: *W,CUDEFB: default binding occurred for component instance (:Symbol_mapper_tb(Behavioral):uut@Symbol_mapper(STRUCTURE):\g0_b7__9\) with design unit (UNISIM.LUT6:LUT6_V).
xmelab: *W,CUDEFB: default binding occurred for component instance (:Symbol_mapper_tb(Behavioral):uut@Symbol_mapper(STRUCTURE):g0_b8) with design unit (UNISIM.LUT4:LUT4_V).
xmelab: *W,CUDEFB: default binding occurred for component instance (:Symbol_mapper_tb(Behavioral):uut@Symbol_mapper(STRUCTURE):\g0_b8__0\) with design unit (UNISIM.LUT5:LUT5_V).
xmelab: *W,CUDEFB: default binding occurred for component instance (:Symbol_mapper_tb(Behavioral):uut@Symbol_mapper(STRUCTURE):\g0_b8__1\) with design unit (UNISIM.LUT4:LUT4_V).
xmelab: *W,CUDEFB: default binding occurred for component instance (:Symbol_mapper_tb(Behavioral):uut@Symbol_mapper(STRUCTURE):\g0_b8__2\) with design unit (UNISIM.LUT6:LUT6_V).
xmelab: *W,CUDEFB: default binding occurred for component instance (:Symbol_mapper_tb(Behavioral):uut@Symbol_mapper(STRUCTURE):\g0_b8__3\) with design unit (UNISIM.LUT4:LUT4_V).
xmelab: *W,CUDEFB: default binding occurred for component instance (:Symbol_mapper_tb(Behavioral):uut@Symbol_mapper(STRUCTURE):\g0_b8__4\) with design unit (UNISIM.LUT5:LUT5_V).
xmelab: *W,CUDEFB: default binding occurred for component instance (:Symbol_mapper_tb(Behavioral):uut@Symbol_mapper(STRUCTURE):g0_b9) with design unit (UNISIM.LUT4:LUT4_V).
xmelab: *W,CUDEFB: default binding occurred for component instance (:Symbol_mapper_tb(Behavioral):uut@Symbol_mapper(STRUCTURE):\g0_b9__0\) with design unit (UNISIM.LUT5:LUT5_V).
xmelab: *W,CUDEFB: default binding occurred for component instance (:Symbol_mapper_tb(Behavioral):uut@Symbol_mapper(STRUCTURE):\g0_b9__1\) with design unit (UNISIM.LUT3:LUT3_V).
xmelab: *W,CUDEFB: default binding occurred for component instance (:Symbol_mapper_tb(Behavioral):uut@Symbol_mapper(STRUCTURE):\g0_b9__2\) with design unit (UNISIM.LUT6:LUT6_V).
xmelab: *W,CUDEFB: default binding occurred for component instance (:Symbol_mapper_tb(Behavioral):uut@Symbol_mapper(STRUCTURE):\g0_b9__3\) with design unit (UNISIM.LUT4:LUT4_V).
xmelab: *W,CUDEFB: default binding occurred for component instance (:Symbol_mapper_tb(Behavioral):uut@Symbol_mapper(STRUCTURE):\g0_b9__4\) with design unit (UNISIM.LUT5:LUT5_V).
xmelab: *W,CUDEFB: default binding occurred for component instance (:Symbol_mapper_tb(Behavioral):uut@Symbol_mapper(STRUCTURE):\i_out[0]_i_1\) with design unit (UNISIM.LUT6:LUT6_V).
xmelab: *W,CUDEFB: default binding occurred for component instance (:Symbol_mapper_tb(Behavioral):uut@Symbol_mapper(STRUCTURE):\i_out[0]_i_3\) with design unit (UNISIM.LUT6:LUT6_V).
xmelab: *W,CUDEFB: default binding occurred for component instance (:Symbol_mapper_tb(Behavioral):uut@Symbol_mapper(STRUCTURE):\i_out[0]_i_4\) with design unit (UNISIM.LUT3:LUT3_V).
xmelab: *W,CUDEFB: default binding occurred for component instance (:Symbol_mapper_tb(Behavioral):uut@Symbol_mapper(STRUCTURE):\i_out[10]_i_1\) with design unit (UNISIM.LUT6:LUT6_V).
xmelab: *W,CUDEFB: default binding occurred for component instance (:Symbol_mapper_tb(Behavioral):uut@Symbol_mapper(STRUCTURE):\i_out[10]_i_3\) with design unit (UNISIM.LUT5:LUT5_V).
xmelab: *W,CUDEFB: default binding occurred for component instance (:Symbol_mapper_tb(Behavioral):uut@Symbol_mapper(STRUCTURE):\i_out[10]_i_4\) with design unit (UNISIM.LUT5:LUT5_V).
xmelab: *W,CUDEFB: default binding occurred for component instance (:Symbol_mapper_tb(Behavioral):uut@Symbol_mapper(STRUCTURE):\i_out[11]_i_1\) with design unit (UNISIM.LUT2:LUT2_V).
xmelab: *W,CUDEFB: default binding occurred for component instance (:Symbol_mapper_tb(Behavioral):uut@Symbol_mapper(STRUCTURE):\i_out[11]_i_3\) with design unit (UNISIM.LUT6:LUT6_V).
xmelab: *W,CUDEFB: default binding occurred for component instance (:Symbol_mapper_tb(Behavioral):uut@Symbol_mapper(STRUCTURE):\i_out[11]_i_4\) with design unit (UNISIM.LUT4:LUT4_V).
xmelab: *W,CUDEFB: default binding occurred for component instance (:Symbol_mapper_tb(Behavioral):uut@Symbol_mapper(STRUCTURE):\i_out[1]_i_1\) with design unit (UNISIM.LUT6:LUT6_V).
xmelab: *W,CUDEFB: default binding occurred for component instance (:Symbol_mapper_tb(Behavioral):uut@Symbol_mapper(STRUCTURE):\i_out[1]_i_3\) with design unit (UNISIM.LUT5:LUT5_V).
xmelab: *W,CUDEFB: default binding occurred for component instance (:Symbol_mapper_tb(Behavioral):uut@Symbol_mapper(STRUCTURE):\i_out[1]_i_4\) with design unit (UNISIM.LUT5:LUT5_V).
xmelab: *W,CUDEFB: default binding occurred for component instance (:Symbol_mapper_tb(Behavioral):uut@Symbol_mapper(STRUCTURE):\i_out[1]_i_5\) with design unit (UNISIM.LUT6:LUT6_V).
xmelab: *W,CUDEFB: default binding occurred for component instance (:Symbol_mapper_tb(Behavioral):uut@Symbol_mapper(STRUCTURE):\i_out[2]_i_1\) with design unit (UNISIM.LUT6:LUT6_V).
xmelab: *W,CUDEFB: default binding occurred for component instance (:Symbol_mapper_tb(Behavioral):uut@Symbol_mapper(STRUCTURE):\i_out[2]_i_3\) with design unit (UNISIM.LUT5:LUT5_V).
xmelab: *W,CUDEFB: default binding occurred for component instance (:Symbol_mapper_tb(Behavioral):uut@Symbol_mapper(STRUCTURE):\i_out[3]_i_2\) with design unit (UNISIM.LUT5:LUT5_V).
xmelab: *W,CUDEFB: default binding occurred for component instance (:Symbol_mapper_tb(Behavioral):uut@Symbol_mapper(STRUCTURE):\i_out[3]_i_3\) with design unit (UNISIM.LUT6:LUT6_V).
xmelab: *W,CUDEFB: default binding occurred for component instance (:Symbol_mapper_tb(Behavioral):uut@Symbol_mapper(STRUCTURE):\i_out[3]_i_4\) with design unit (UNISIM.LUT3:LUT3_V).
xmelab: *W,CUDEFB: default binding occurred for component instance (:Symbol_mapper_tb(Behavioral):uut@Symbol_mapper(STRUCTURE):\i_out[4]_i_1\) with design unit (UNISIM.LUT6:LUT6_V).
xmelab: *W,CUDEFB: default binding occurred for component instance (:Symbol_mapper_tb(Behavioral):uut@Symbol_mapper(STRUCTURE):\i_out[4]_i_3\) with design unit (UNISIM.LUT6:LUT6_V).
xmelab: *W,CUDEFB: default binding occurred for component instance (:Symbol_mapper_tb(Behavioral):uut@Symbol_mapper(STRUCTURE):\i_out[5]_i_1\) with design unit (UNISIM.LUT6:LUT6_V).
xmelab: *W,CUDEFB: default binding occurred for component instance (:Symbol_mapper_tb(Behavioral):uut@Symbol_mapper(STRUCTURE):\i_out[5]_i_3\) with design unit (UNISIM.LUT5:LUT5_V).
xmelab: *W,CUDEFB: default binding occurred for component instance (:Symbol_mapper_tb(Behavioral):uut@Symbol_mapper(STRUCTURE):\i_out[5]_i_4\) with design unit (UNISIM.LUT6:LUT6_V).
xmelab: *W,CUDEFB: default binding occurred for component instance (:Symbol_mapper_tb(Behavioral):uut@Symbol_mapper(STRUCTURE):\i_out[6]_i_1\) with design unit (UNISIM.LUT6:LUT6_V).
xmelab: *W,CUDEFB: default binding occurred for component instance (:Symbol_mapper_tb(Behavioral):uut@Symbol_mapper(STRUCTURE):\i_out[6]_i_3\) with design unit (UNISIM.LUT5:LUT5_V).
xmelab: *W,CUDEFB: default binding occurred for component instance (:Symbol_mapper_tb(Behavioral):uut@Symbol_mapper(STRUCTURE):\i_out[7]_i_1\) with design unit (UNISIM.LUT6:LUT6_V).
xmelab: *W,CUDEFB: default binding occurred for component instance (:Symbol_mapper_tb(Behavioral):uut@Symbol_mapper(STRUCTURE):\i_out[7]_i_3\) with design unit (UNISIM.LUT6:LUT6_V).
xmelab: *W,CUDEFB: default binding occurred for component instance (:Symbol_mapper_tb(Behavioral):uut@Symbol_mapper(STRUCTURE):\i_out[7]_i_4\) with design unit (UNISIM.LUT3:LUT3_V).
xmelab: *W,CUDEFB: default binding occurred for component instance (:Symbol_mapper_tb(Behavioral):uut@Symbol_mapper(STRUCTURE):\i_out[8]_i_1\) with design unit (UNISIM.LUT6:LUT6_V).
xmelab: *W,CUDEFB: default binding occurred for component instance (:Symbol_mapper_tb(Behavioral):uut@Symbol_mapper(STRUCTURE):\i_out[8]_i_3\) with design unit (UNISIM.LUT6:LUT6_V).
xmelab: *W,CUDEFB: default binding occurred for component instance (:Symbol_mapper_tb(Behavioral):uut@Symbol_mapper(STRUCTURE):\i_out[8]_i_4\) with design unit (UNISIM.LUT5:LUT5_V).
xmelab: *W,CUDEFB: default binding occurred for component instance (:Symbol_mapper_tb(Behavioral):uut@Symbol_mapper(STRUCTURE):\i_out[8]_i_5\) with design unit (UNISIM.LUT2:LUT2_V).
xmelab: *W,CUDEFB: default binding occurred for component instance (:Symbol_mapper_tb(Behavioral):uut@Symbol_mapper(STRUCTURE):\i_out[9]_i_1\) with design unit (UNISIM.LUT6:LUT6_V).
xmelab: *W,CUDEFB: default binding occurred for component instance (:Symbol_mapper_tb(Behavioral):uut@Symbol_mapper(STRUCTURE):\i_out[9]_i_3\) with design unit (UNISIM.LUT6:LUT6_V).
xmelab: *W,CUDEFB: default binding occurred for component instance (:Symbol_mapper_tb(Behavioral):uut@Symbol_mapper(STRUCTURE):\i_out[9]_i_4\) with design unit (UNISIM.LUT4:LUT4_V).
xmelab: *W,CUDEFB: default binding occurred for component instance (:Symbol_mapper_tb(Behavioral):uut@Symbol_mapper(STRUCTURE):\i_out_OBUF[0]_inst\) with design unit (UNISIM.OBUF:OBUF_V).
xmelab: *W,CUDEFB: default binding occurred for component instance (:Symbol_mapper_tb(Behavioral):uut@Symbol_mapper(STRUCTURE):\i_out_OBUF[10]_inst\) with design unit (UNISIM.OBUF:OBUF_V).
xmelab: *W,CUDEFB: default binding occurred for component instance (:Symbol_mapper_tb(Behavioral):uut@Symbol_mapper(STRUCTURE):\i_out_OBUF[11]_inst\) with design unit (UNISIM.OBUF:OBUF_V).
xmelab: *W,CUDEFB: default binding occurred for component instance (:Symbol_mapper_tb(Behavioral):uut@Symbol_mapper(STRUCTURE):\i_out_OBUF[1]_inst\) with design unit (UNISIM.OBUF:OBUF_V).
xmelab: *W,CUDEFB: default binding occurred for component instance (:Symbol_mapper_tb(Behavioral):uut@Symbol_mapper(STRUCTURE):\i_out_OBUF[2]_inst\) with design unit (UNISIM.OBUF:OBUF_V).
xmelab: *W,CUDEFB: default binding occurred for component instance (:Symbol_mapper_tb(Behavioral):uut@Symbol_mapper(STRUCTURE):\i_out_OBUF[3]_inst\) with design unit (UNISIM.OBUF:OBUF_V).
xmelab: *W,CUDEFB: default binding occurred for component instance (:Symbol_mapper_tb(Behavioral):uut@Symbol_mapper(STRUCTURE):\i_out_OBUF[4]_inst\) with design unit (UNISIM.OBUF:OBUF_V).
xmelab: *W,CUDEFB: default binding occurred for component instance (:Symbol_mapper_tb(Behavioral):uut@Symbol_mapper(STRUCTURE):\i_out_OBUF[5]_inst\) with design unit (UNISIM.OBUF:OBUF_V).
xmelab: *W,CUDEFB: default binding occurred for component instance (:Symbol_mapper_tb(Behavioral):uut@Symbol_mapper(STRUCTURE):\i_out_OBUF[6]_inst\) with design unit (UNISIM.OBUF:OBUF_V).
xmelab: *W,CUDEFB: default binding occurred for component instance (:Symbol_mapper_tb(Behavioral):uut@Symbol_mapper(STRUCTURE):\i_out_OBUF[7]_inst\) with design unit (UNISIM.OBUF:OBUF_V).
xmelab: *W,CUDEFB: default binding occurred for component instance (:Symbol_mapper_tb(Behavioral):uut@Symbol_mapper(STRUCTURE):\i_out_OBUF[8]_inst\) with design unit (UNISIM.OBUF:OBUF_V).
xmelab: *W,CUDEFB: default binding occurred for component instance (:Symbol_mapper_tb(Behavioral):uut@Symbol_mapper(STRUCTURE):\i_out_OBUF[9]_inst\) with design unit (UNISIM.OBUF:OBUF_V).
xmelab: *W,CUDEFB: default binding occurred for component instance (:Symbol_mapper_tb(Behavioral):uut@Symbol_mapper(STRUCTURE):\i_out_reg[0]\) with design unit (UNISIM.FDCE:FDCE_V).
xmelab: *W,CUDEFB: default binding occurred for component instance (:Symbol_mapper_tb(Behavioral):uut@Symbol_mapper(STRUCTURE):\i_out_reg[0]_i_2\) with design unit (UNISIM.MUXF7:MUXF7_V).
xmelab: *W,CUDEFB: default binding occurred for component instance (:Symbol_mapper_tb(Behavioral):uut@Symbol_mapper(STRUCTURE):\i_out_reg[10]\) with design unit (UNISIM.FDCE:FDCE_V).
xmelab: *W,CUDEFB: default binding occurred for component instance (:Symbol_mapper_tb(Behavioral):uut@Symbol_mapper(STRUCTURE):\i_out_reg[10]_i_2\) with design unit (UNISIM.MUXF7:MUXF7_V).
xmelab: *W,CUDEFB: default binding occurred for component instance (:Symbol_mapper_tb(Behavioral):uut@Symbol_mapper(STRUCTURE):\i_out_reg[11]\) with design unit (UNISIM.FDCE:FDCE_V).
xmelab: *W,CUDEFB: default binding occurred for component instance (:Symbol_mapper_tb(Behavioral):uut@Symbol_mapper(STRUCTURE):\i_out_reg[11]_i_2\) with design unit (UNISIM.MUXF7:MUXF7_V).
xmelab: *W,CUDEFB: default binding occurred for component instance (:Symbol_mapper_tb(Behavioral):uut@Symbol_mapper(STRUCTURE):\i_out_reg[1]\) with design unit (UNISIM.FDCE:FDCE_V).
xmelab: *W,CUDEFB: default binding occurred for component instance (:Symbol_mapper_tb(Behavioral):uut@Symbol_mapper(STRUCTURE):\i_out_reg[1]_i_2\) with design unit (UNISIM.MUXF7:MUXF7_V).
xmelab: *W,CUDEFB: default binding occurred for component instance (:Symbol_mapper_tb(Behavioral):uut@Symbol_mapper(STRUCTURE):\i_out_reg[2]\) with design unit (UNISIM.FDCE:FDCE_V).
xmelab: *W,CUDEFB: default binding occurred for component instance (:Symbol_mapper_tb(Behavioral):uut@Symbol_mapper(STRUCTURE):\i_out_reg[2]_i_2\) with design unit (UNISIM.MUXF7:MUXF7_V).
xmelab: *W,CUDEFB: default binding occurred for component instance (:Symbol_mapper_tb(Behavioral):uut@Symbol_mapper(STRUCTURE):\i_out_reg[3]\) with design unit (UNISIM.FDCE:FDCE_V).
xmelab: *W,CUDEFB: default binding occurred for component instance (:Symbol_mapper_tb(Behavioral):uut@Symbol_mapper(STRUCTURE):\i_out_reg[3]_i_1\) with design unit (UNISIM.MUXF7:MUXF7_V).
xmelab: *W,CUDEFB: default binding occurred for component instance (:Symbol_mapper_tb(Behavioral):uut@Symbol_mapper(STRUCTURE):\i_out_reg[4]\) with design unit (UNISIM.FDCE:FDCE_V).
xmelab: *W,CUDEFB: default binding occurred for component instance (:Symbol_mapper_tb(Behavioral):uut@Symbol_mapper(STRUCTURE):\i_out_reg[4]_i_2\) with design unit (UNISIM.MUXF7:MUXF7_V).
xmelab: *W,CUDEFB: default binding occurred for component instance (:Symbol_mapper_tb(Behavioral):uut@Symbol_mapper(STRUCTURE):\i_out_reg[5]\) with design unit (UNISIM.FDCE:FDCE_V).
xmelab: *W,CUDEFB: default binding occurred for component instance (:Symbol_mapper_tb(Behavioral):uut@Symbol_mapper(STRUCTURE):\i_out_reg[5]_i_2\) with design unit (UNISIM.MUXF7:MUXF7_V).
xmelab: *W,CUDEFB: default binding occurred for component instance (:Symbol_mapper_tb(Behavioral):uut@Symbol_mapper(STRUCTURE):\i_out_reg[6]\) with design unit (UNISIM.FDCE:FDCE_V).
xmelab: *W,CUDEFB: default binding occurred for component instance (:Symbol_mapper_tb(Behavioral):uut@Symbol_mapper(STRUCTURE):\i_out_reg[6]_i_2\) with design unit (UNISIM.MUXF7:MUXF7_V).
xmelab: *W,CUDEFB: default binding occurred for component instance (:Symbol_mapper_tb(Behavioral):uut@Symbol_mapper(STRUCTURE):\i_out_reg[7]\) with design unit (UNISIM.FDCE:FDCE_V).
xmelab: *W,CUDEFB: default binding occurred for component instance (:Symbol_mapper_tb(Behavioral):uut@Symbol_mapper(STRUCTURE):\i_out_reg[7]_i_2\) with design unit (UNISIM.MUXF7:MUXF7_V).
xmelab: *W,CUDEFB: default binding occurred for component instance (:Symbol_mapper_tb(Behavioral):uut@Symbol_mapper(STRUCTURE):\i_out_reg[8]\) with design unit (UNISIM.FDCE:FDCE_V).
xmelab: *W,CUDEFB: default binding occurred for component instance (:Symbol_mapper_tb(Behavioral):uut@Symbol_mapper(STRUCTURE):\i_out_reg[8]_i_2\) with design unit (UNISIM.MUXF7:MUXF7_V).
xmelab: *W,CUDEFB: default binding occurred for component instance (:Symbol_mapper_tb(Behavioral):uut@Symbol_mapper(STRUCTURE):\i_out_reg[9]\) with design unit (UNISIM.FDCE:FDCE_V).
xmelab: *W,CUDEFB: default binding occurred for component instance (:Symbol_mapper_tb(Behavioral):uut@Symbol_mapper(STRUCTURE):\i_out_reg[9]_i_2\) with design unit (UNISIM.MUXF7:MUXF7_V).
xmelab: *W,CUDEFB: default binding occurred for component instance (:Symbol_mapper_tb(Behavioral):uut@Symbol_mapper(STRUCTURE):\mod_type_IBUF[0]_inst\) with design unit (UNISIM.IBUF:IBUF_V).
xmelab: *W,CUDEFB: default binding occurred for component instance (:Symbol_mapper_tb(Behavioral):uut@Symbol_mapper(STRUCTURE):\mod_type_IBUF[1]_inst\) with design unit (UNISIM.IBUF:IBUF_V).
xmelab: *W,CUDEFB: default binding occurred for component instance (:Symbol_mapper_tb(Behavioral):uut@Symbol_mapper(STRUCTURE):\mod_type_IBUF[2]_inst\) with design unit (UNISIM.IBUF:IBUF_V).
xmelab: *W,CUDEFB: default binding occurred for component instance (:Symbol_mapper_tb(Behavioral):uut@Symbol_mapper(STRUCTURE):\q_out[0]_i_2\) with design unit (UNISIM.LUT6:LUT6_V).
xmelab: *W,CUDEFB: default binding occurred for component instance (:Symbol_mapper_tb(Behavioral):uut@Symbol_mapper(STRUCTURE):\q_out[0]_i_3\) with design unit (UNISIM.LUT6:LUT6_V).
xmelab: *W,CUDEFB: default binding occurred for component instance (:Symbol_mapper_tb(Behavioral):uut@Symbol_mapper(STRUCTURE):\q_out[10]_i_1\) with design unit (UNISIM.LUT6:LUT6_V).
xmelab: *W,CUDEFB: default binding occurred for component instance (:Symbol_mapper_tb(Behavioral):uut@Symbol_mapper(STRUCTURE):\q_out[10]_i_2\) with design unit (UNISIM.LUT6:LUT6_V).
xmelab: *W,CUDEFB: default binding occurred for component instance (:Symbol_mapper_tb(Behavioral):uut@Symbol_mapper(STRUCTURE):\q_out[10]_i_3\) with design unit (UNISIM.LUT6:LUT6_V).
xmelab: *W,CUDEFB: default binding occurred for component instance (:Symbol_mapper_tb(Behavioral):uut@Symbol_mapper(STRUCTURE):\q_out[11]_i_1\) with design unit (UNISIM.LUT6:LUT6_V).
xmelab: *W,CUDEFB: default binding occurred for component instance (:Symbol_mapper_tb(Behavioral):uut@Symbol_mapper(STRUCTURE):\q_out[11]_i_2\) with design unit (UNISIM.LUT6:LUT6_V).
xmelab: *W,CUDEFB: default binding occurred for component instance (:Symbol_mapper_tb(Behavioral):uut@Symbol_mapper(STRUCTURE):\q_out[1]_i_2\) with design unit (UNISIM.LUT5:LUT5_V).
xmelab: *W,CUDEFB: default binding occurred for component instance (:Symbol_mapper_tb(Behavioral):uut@Symbol_mapper(STRUCTURE):\q_out[1]_i_3\) with design unit (UNISIM.LUT5:LUT5_V).
xmelab: *W,CUDEFB: default binding occurred for component instance (:Symbol_mapper_tb(Behavioral):uut@Symbol_mapper(STRUCTURE):\q_out[1]_i_4\) with design unit (UNISIM.LUT5:LUT5_V).
xmelab: *W,CUDEFB: default binding occurred for component instance (:Symbol_mapper_tb(Behavioral):uut@Symbol_mapper(STRUCTURE):\q_out[2]_i_1\) with design unit (UNISIM.LUT5:LUT5_V).
xmelab: *W,CUDEFB: default binding occurred for component instance (:Symbol_mapper_tb(Behavioral):uut@Symbol_mapper(STRUCTURE):\q_out[2]_i_3\) with design unit (UNISIM.LUT5:LUT5_V).
xmelab: *W,CUDEFB: default binding occurred for component instance (:Symbol_mapper_tb(Behavioral):uut@Symbol_mapper(STRUCTURE):\q_out[2]_i_4\) with design unit (UNISIM.LUT6:LUT6_V).
xmelab: *W,CUDEFB: default binding occurred for component instance (:Symbol_mapper_tb(Behavioral):uut@Symbol_mapper(STRUCTURE):\q_out[3]_i_2\) with design unit (UNISIM.LUT6:LUT6_V).
xmelab: *W,CUDEFB: default binding occurred for component instance (:Symbol_mapper_tb(Behavioral):uut@Symbol_mapper(STRUCTURE):\q_out[4]_i_2\) with design unit (UNISIM.LUT6:LUT6_V).
xmelab: *W,CUDEFB: default binding occurred for component instance (:Symbol_mapper_tb(Behavioral):uut@Symbol_mapper(STRUCTURE):\q_out[4]_i_3\) with design unit (UNISIM.LUT6:LUT6_V).
xmelab: *W,CUDEFB: default binding occurred for component instance (:Symbol_mapper_tb(Behavioral):uut@Symbol_mapper(STRUCTURE):\q_out[5]_i_1\) with design unit (UNISIM.LUT6:LUT6_V).
xmelab: *W,CUDEFB: default binding occurred for component instance (:Symbol_mapper_tb(Behavioral):uut@Symbol_mapper(STRUCTURE):\q_out[5]_i_3\) with design unit (UNISIM.LUT5:LUT5_V).
xmelab: *W,CUDEFB: default binding occurred for component instance (:Symbol_mapper_tb(Behavioral):uut@Symbol_mapper(STRUCTURE):\q_out[5]_i_4\) with design unit (UNISIM.LUT2:LUT2_V).
xmelab: *W,CUDEFB: default binding occurred for component instance (:Symbol_mapper_tb(Behavioral):uut@Symbol_mapper(STRUCTURE):\q_out[6]_i_2\) with design unit (UNISIM.LUT6:LUT6_V).
xmelab: *W,CUDEFB: default binding occurred for component instance (:Symbol_mapper_tb(Behavioral):uut@Symbol_mapper(STRUCTURE):\q_out[6]_i_3\) with design unit (UNISIM.LUT6:LUT6_V).
xmelab: *W,CUDEFB: default binding occurred for component instance (:Symbol_mapper_tb(Behavioral):uut@Symbol_mapper(STRUCTURE):\q_out[7]_i_2\) with design unit (UNISIM.LUT6:LUT6_V).
xmelab: *W,CUDEFB: default binding occurred for component instance (:Symbol_mapper_tb(Behavioral):uut@Symbol_mapper(STRUCTURE):\q_out[8]_i_2\) with design unit (UNISIM.LUT6:LUT6_V).
xmelab: *W,CUDEFB: default binding occurred for component instance (:Symbol_mapper_tb(Behavioral):uut@Symbol_mapper(STRUCTURE):\q_out[8]_i_3\) with design unit (UNISIM.LUT6:LUT6_V).
xmelab: *W,CUDEFB: default binding occurred for component instance (:Symbol_mapper_tb(Behavioral):uut@Symbol_mapper(STRUCTURE):\q_out[9]_i_1\) with design unit (UNISIM.LUT6:LUT6_V).
xmelab: *W,CUDEFB: default binding occurred for component instance (:Symbol_mapper_tb(Behavioral):uut@Symbol_mapper(STRUCTURE):\q_out[9]_i_3\) with design unit (UNISIM.LUT5:LUT5_V).
xmelab: *W,CUDEFB: default binding occurred for component instance (:Symbol_mapper_tb(Behavioral):uut@Symbol_mapper(STRUCTURE):\q_out[9]_i_4\) with design unit (UNISIM.LUT2:LUT2_V).
xmelab: *W,CUDEFB: default binding occurred for component instance (:Symbol_mapper_tb(Behavioral):uut@Symbol_mapper(STRUCTURE):\q_out_OBUF[0]_inst\) with design unit (UNISIM.OBUF:OBUF_V).
xmelab: *W,CUDEFB: default binding occurred for component instance (:Symbol_mapper_tb(Behavioral):uut@Symbol_mapper(STRUCTURE):\q_out_OBUF[10]_inst\) with design unit (UNISIM.OBUF:OBUF_V).
xmelab: *W,CUDEFB: default binding occurred for component instance (:Symbol_mapper_tb(Behavioral):uut@Symbol_mapper(STRUCTURE):\q_out_OBUF[11]_inst\) with design unit (UNISIM.OBUF:OBUF_V).
xmelab: *W,CUDEFB: default binding occurred for component instance (:Symbol_mapper_tb(Behavioral):uut@Symbol_mapper(STRUCTURE):\q_out_OBUF[1]_inst\) with design unit (UNISIM.OBUF:OBUF_V).
xmelab: *W,CUDEFB: default binding occurred for component instance (:Symbol_mapper_tb(Behavioral):uut@Symbol_mapper(STRUCTURE):\q_out_OBUF[2]_inst\) with design unit (UNISIM.OBUF:OBUF_V).
xmelab: *W,CUDEFB: default binding occurred for component instance (:Symbol_mapper_tb(Behavioral):uut@Symbol_mapper(STRUCTURE):\q_out_OBUF[3]_inst\) with design unit (UNISIM.OBUF:OBUF_V).
xmelab: *W,CUDEFB: default binding occurred for component instance (:Symbol_mapper_tb(Behavioral):uut@Symbol_mapper(STRUCTURE):\q_out_OBUF[4]_inst\) with design unit (UNISIM.OBUF:OBUF_V).
xmelab: *W,CUDEFB: default binding occurred for component instance (:Symbol_mapper_tb(Behavioral):uut@Symbol_mapper(STRUCTURE):\q_out_OBUF[5]_inst\) with design unit (UNISIM.OBUF:OBUF_V).
xmelab: *W,CUDEFB: default binding occurred for component instance (:Symbol_mapper_tb(Behavioral):uut@Symbol_mapper(STRUCTURE):\q_out_OBUF[6]_inst\) with design unit (UNISIM.OBUF:OBUF_V).
xmelab: *W,CUDEFB: default binding occurred for component instance (:Symbol_mapper_tb(Behavioral):uut@Symbol_mapper(STRUCTURE):\q_out_OBUF[7]_inst\) with design unit (UNISIM.OBUF:OBUF_V).
xmelab: *W,CUDEFB: default binding occurred for component instance (:Symbol_mapper_tb(Behavioral):uut@Symbol_mapper(STRUCTURE):\q_out_OBUF[8]_inst\) with design unit (UNISIM.OBUF:OBUF_V).
xmelab: *W,CUDEFB: default binding occurred for component instance (:Symbol_mapper_tb(Behavioral):uut@Symbol_mapper(STRUCTURE):\q_out_OBUF[9]_inst\) with design unit (UNISIM.OBUF:OBUF_V).
xmelab: *W,CUDEFB: default binding occurred for component instance (:Symbol_mapper_tb(Behavioral):uut@Symbol_mapper(STRUCTURE):\q_out_reg[0]\) with design unit (UNISIM.FDCE:FDCE_V).
xmelab: *W,CUDEFB: default binding occurred for component instance (:Symbol_mapper_tb(Behavioral):uut@Symbol_mapper(STRUCTURE):\q_out_reg[0]_i_1\) with design unit (UNISIM.MUXF7:MUXF7_V).
xmelab: *W,CUDEFB: default binding occurred for component instance (:Symbol_mapper_tb(Behavioral):uut@Symbol_mapper(STRUCTURE):\q_out_reg[0]_i_4\) with design unit (UNISIM.MUXF7:MUXF7_V).
xmelab: *W,CUDEFB: default binding occurred for component instance (:Symbol_mapper_tb(Behavioral):uut@Symbol_mapper(STRUCTURE):\q_out_reg[10]\) with design unit (UNISIM.FDCE:FDCE_V).
xmelab: *W,CUDEFB: default binding occurred for component instance (:Symbol_mapper_tb(Behavioral):uut@Symbol_mapper(STRUCTURE):\q_out_reg[10]_i_4\) with design unit (UNISIM.MUXF7:MUXF7_V).
xmelab: *W,CUDEFB: default binding occurred for component instance (:Symbol_mapper_tb(Behavioral):uut@Symbol_mapper(STRUCTURE):\q_out_reg[11]\) with design unit (UNISIM.FDCE:FDCE_V).
xmelab: *W,CUDEFB: default binding occurred for component instance (:Symbol_mapper_tb(Behavioral):uut@Symbol_mapper(STRUCTURE):\q_out_reg[1]\) with design unit (UNISIM.FDCE:FDCE_V).
xmelab: *W,CUDEFB: default binding occurred for component instance (:Symbol_mapper_tb(Behavioral):uut@Symbol_mapper(STRUCTURE):\q_out_reg[1]_i_1\) with design unit (UNISIM.MUXF7:MUXF7_V).
xmelab: *W,CUDEFB: default binding occurred for component instance (:Symbol_mapper_tb(Behavioral):uut@Symbol_mapper(STRUCTURE):\q_out_reg[2]\) with design unit (UNISIM.FDCE:FDCE_V).
xmelab: *W,CUDEFB: default binding occurred for component instance (:Symbol_mapper_tb(Behavioral):uut@Symbol_mapper(STRUCTURE):\q_out_reg[2]_i_2\) with design unit (UNISIM.MUXF7:MUXF7_V).
xmelab: *W,CUDEFB: default binding occurred for component instance (:Symbol_mapper_tb(Behavioral):uut@Symbol_mapper(STRUCTURE):\q_out_reg[3]\) with design unit (UNISIM.FDCE:FDCE_V).
xmelab: *W,CUDEFB: default binding occurred for component instance (:Symbol_mapper_tb(Behavioral):uut@Symbol_mapper(STRUCTURE):\q_out_reg[3]_i_1\) with design unit (UNISIM.MUXF7:MUXF7_V).
xmelab: *W,CUDEFB: default binding occurred for component instance (:Symbol_mapper_tb(Behavioral):uut@Symbol_mapper(STRUCTURE):\q_out_reg[4]\) with design unit (UNISIM.FDCE:FDCE_V).
xmelab: *W,CUDEFB: default binding occurred for component instance (:Symbol_mapper_tb(Behavioral):uut@Symbol_mapper(STRUCTURE):\q_out_reg[4]_i_1\) with design unit (UNISIM.MUXF7:MUXF7_V).
xmelab: *W,CUDEFB: default binding occurred for component instance (:Symbol_mapper_tb(Behavioral):uut@Symbol_mapper(STRUCTURE):\q_out_reg[4]_i_4\) with design unit (UNISIM.MUXF7:MUXF7_V).
xmelab: *W,CUDEFB: default binding occurred for component instance (:Symbol_mapper_tb(Behavioral):uut@Symbol_mapper(STRUCTURE):\q_out_reg[5]\) with design unit (UNISIM.FDCE:FDCE_V).
xmelab: *W,CUDEFB: default binding occurred for component instance (:Symbol_mapper_tb(Behavioral):uut@Symbol_mapper(STRUCTURE):\q_out_reg[5]_i_2\) with design unit (UNISIM.MUXF7:MUXF7_V).
xmelab: *W,CUDEFB: default binding occurred for component instance (:Symbol_mapper_tb(Behavioral):uut@Symbol_mapper(STRUCTURE):\q_out_reg[6]\) with design unit (UNISIM.FDCE:FDCE_V).
xmelab: *W,CUDEFB: default binding occurred for component instance (:Symbol_mapper_tb(Behavioral):uut@Symbol_mapper(STRUCTURE):\q_out_reg[6]_i_1\) with design unit (UNISIM.MUXF7:MUXF7_V).
xmelab: *W,CUDEFB: default binding occurred for component instance (:Symbol_mapper_tb(Behavioral):uut@Symbol_mapper(STRUCTURE):\q_out_reg[6]_i_4\) with design unit (UNISIM.MUXF7:MUXF7_V).
xmelab: *W,CUDEFB: default binding occurred for component instance (:Symbol_mapper_tb(Behavioral):uut@Symbol_mapper(STRUCTURE):\q_out_reg[7]\) with design unit (UNISIM.FDCE:FDCE_V).
xmelab: *W,CUDEFB: default binding occurred for component instance (:Symbol_mapper_tb(Behavioral):uut@Symbol_mapper(STRUCTURE):\q_out_reg[7]_i_1\) with design unit (UNISIM.MUXF7:MUXF7_V).
xmelab: *W,CUDEFB: default binding occurred for component instance (:Symbol_mapper_tb(Behavioral):uut@Symbol_mapper(STRUCTURE):\q_out_reg[7]_i_3\) with design unit (UNISIM.MUXF7:MUXF7_V).
xmelab: *W,CUDEFB: default binding occurred for component instance (:Symbol_mapper_tb(Behavioral):uut@Symbol_mapper(STRUCTURE):\q_out_reg[8]\) with design unit (UNISIM.FDCE:FDCE_V).
xmelab: *W,CUDEFB: default binding occurred for component instance (:Symbol_mapper_tb(Behavioral):uut@Symbol_mapper(STRUCTURE):\q_out_reg[8]_i_1\) with design unit (UNISIM.MUXF7:MUXF7_V).
xmelab: *W,CUDEFB: default binding occurred for component instance (:Symbol_mapper_tb(Behavioral):uut@Symbol_mapper(STRUCTURE):\q_out_reg[8]_i_4\) with design unit (UNISIM.MUXF7:MUXF7_V).
xmelab: *W,CUDEFB: default binding occurred for component instance (:Symbol_mapper_tb(Behavioral):uut@Symbol_mapper(STRUCTURE):\q_out_reg[9]\) with design unit (UNISIM.FDCE:FDCE_V).
xmelab: *W,CUDEFB: default binding occurred for component instance (:Symbol_mapper_tb(Behavioral):uut@Symbol_mapper(STRUCTURE):\q_out_reg[9]_i_2\) with design unit (UNISIM.MUXF7:MUXF7_V).
xmelab: *W,CUDEFB: default binding occurred for component instance (:Symbol_mapper_tb(Behavioral):uut@Symbol_mapper(STRUCTURE):reset_IBUF_inst) with design unit (UNISIM.IBUF:IBUF_V).
xmelab: *W,FLTPROT: [FLT] Found protected module in the design. It is ignored for fault injection.
xmelab: *W,FLTPROT: [FLT] Found protected module in the design. It is ignored for fault injection.
xmelab: *W,FLTPROT: [FLT] Found protected module in the design. It is ignored for fault injection.
xmelab: *W,FLTPROT: [FLT] Found protected module in the design. It is ignored for fault injection.
xmelab: *W,FLTPROT: [FLT] Found protected module in the design. It is ignored for fault injection.
xmelab: *W,FLTPROT: [FLT] Found protected module in the design. It is ignored for fault injection.
xmelab: *W,FLTPROT: [FLT] Found protected module in the design. It is ignored for fault injection.
xmelab: *W,FLTPROT: [FLT] Found protected module in the design. It is ignored for fault injection.
xmelab: *W,FLTPROT: [FLT] Found protected module in the design. It is ignored for fault injection.
xmelab: *W,FLTPROT: [FLT] Found protected module in the design. It is ignored for fault injection.
xmelab: *W,FLTPROT: [FLT] Found protected module in the design. It is ignored for fault injection.
xmelab: *W,FLTPROT: [FLT] Found protected module in the design. It is ignored for fault injection.
xmelab: *W,FLTPROT: [FLT] Found protected module in the design. It is ignored for fault injection.
xmelab: *W,FLTPROT: [FLT] Found protected module in the design. It is ignored for fault injection.
xmelab: *W,FLTPROT: [FLT] Found protected module in the design. It is ignored for fault injection.
xmelab: *W,FLTPROT: [FLT] Found protected module in the design. It is ignored for fault injection.
xmelab: *W,FLTPROT: [FLT] Found protected module in the design. It is ignored for fault injection.
xmelab: *W,FLTPROT: [FLT] Found protected module in the design. It is ignored for fault injection.
xmelab: *W,FLTPROT: [FLT] Found protected module in the design. It is ignored for fault injection.
xmelab: *W,FLTPROT: [FLT] Found protected module in the design. It is ignored for fault injection.
xmelab: *W,FLTPROT: [FLT] Found protected module in the design. It is ignored for fault injection.
xmelab: *W,FLTPROT: [FLT] Found protected module in the design. It is ignored for fault injection.
xmelab: *W,FLTPROT: [FLT] Found protected module in the design. It is ignored for fault injection.
xmelab: *W,FLTPROT: [FLT] Found protected module in the design. It is ignored for fault injection.
xmelab: *W,FLTPROT: [FLT] Found protected module in the design. It is ignored for fault injection.
xmelab: *W,FLTPROT: [FLT] Found protected module in the design. It is ignored for fault injection.
xmelab: *W,FLTPROT: [FLT] Found protected module in the design. It is ignored for fault injection.
xmelab: *W,FLTPROT: [FLT] Found protected module in the design. It is ignored for fault injection.
xmelab: *W,FLTPROT: [FLT] Found protected module in the design. It is ignored for fault injection.
xmelab: *W,FLTPROT: [FLT] Found protected module in the design. It is ignored for fault injection.
xmelab: *W,FLTPROT: [FLT] Found protected module in the design. It is ignored for fault injection.
xmelab: *W,FLTPROT: [FLT] Found protected module in the design. It is ignored for fault injection.
xmelab: *W,FLTPROT: [FLT] Found protected module in the design. It is ignored for fault injection.
xmelab: *W,FLTPROT: [FLT] Found protected module in the design. It is ignored for fault injection.
xmelab: *W,FLTPROT: [FLT] Found protected module in the design. It is ignored for fault injection.
xmelab: *W,FLTPROT: [FLT] Found protected module in the design. It is ignored for fault injection.
xmelab: *W,FLTPROT: [FLT] Found protected module in the design. It is ignored for fault injection.
xmelab: *W,FLTPROT: [FLT] Found protected module in the design. It is ignored for fault injection.
xmelab: *W,FLTPROT: [FLT] Found protected module in the design. It is ignored for fault injection.
xmelab: *W,FLTPROT: [FLT] Found protected module in the design. It is ignored for fault injection.
xmelab: *W,FLTPROT: [FLT] Found protected module in the design. It is ignored for fault injection.
xmelab: *W,FLTPROT: [FLT] Found protected module in the design. It is ignored for fault injection.
xmelab: *W,FLTPROT: [FLT] Found protected module in the design. It is ignored for fault injection.
xmelab: *W,FLTPROT: [FLT] Found protected module in the design. It is ignored for fault injection.
xmelab: *W,FLTPROT: [FLT] Found protected module in the design. It is ignored for fault injection.
xmelab: *W,FLTPROT: [FLT] Found protected module in the design. It is ignored for fault injection.
xmelab: *W,FLTPROT: [FLT] Found protected module in the design. It is ignored for fault injection.
xmelab: *W,FLTPROT: [FLT] Found protected module in the design. It is ignored for fault injection.
xmelab: *W,FLTPROT: [FLT] Found protected module in the design. It is ignored for fault injection.
xmelab: *W,FLTPROT: [FLT] Found protected module in the design. It is ignored for fault injection.
xmelab: *W,FLTPROT: [FLT] Found protected module in the design. It is ignored for fault injection.
xmelab: *W,FLTPROT: [FLT] Found protected module in the design. It is ignored for fault injection.
xmelab: *W,FLTPROT: [FLT] Found protected module in the design. It is ignored for fault injection.
xmelab: *W,FLTPROT: [FLT] Found protected module in the design. It is ignored for fault injection.
xmelab: *W,FLTPROT: [FLT] Found protected module in the design. It is ignored for fault injection.
xmelab: *W,FLTPROT: [FLT] Found protected module in the design. It is ignored for fault injection.
xmelab: *W,FLTPROT: [FLT] Found protected module in the design. It is ignored for fault injection.
xmelab: *W,FLTPROT: [FLT] Found protected module in the design. It is ignored for fault injection.
xmelab: *W,FLTPROT: [FLT] Found protected module in the design. It is ignored for fault injection.
xmelab: *W,FLTPROT: [FLT] Found protected module in the design. It is ignored for fault injection.
xmelab: *W,FLTPROT: [FLT] Found protected module in the design. It is ignored for fault injection.
xmelab: *W,FLTPROT: [FLT] Found protected module in the design. It is ignored for fault injection.
xmelab: *W,FLTPROT: [FLT] Found protected module in the design. It is ignored for fault injection.
xmelab: *W,FLTPROT: [FLT] Found protected module in the design. It is ignored for fault injection.
xmelab: *W,FLTPROT: [FLT] Found protected module in the design. It is ignored for fault injection.
xmelab: *W,FLTPROT: [FLT] Found protected module in the design. It is ignored for fault injection.
xmelab: *W,FLTPROT: [FLT] Found protected module in the design. It is ignored for fault injection.
xmelab: *W,FLTPROT: [FLT] Found protected module in the design. It is ignored for fault injection.
xmelab: *W,FLTPROT: [FLT] Found protected module in the design. It is ignored for fault injection.
xmelab: *W,FLTPROT: [FLT] Found protected module in the design. It is ignored for fault injection.
xmelab: *W,FLTPROT: [FLT] Found protected module in the design. It is ignored for fault injection.
xmelab: *W,FLTPROT: [FLT] Found protected module in the design. It is ignored for fault injection.
xmelab: *W,FLTPROT: [FLT] Found protected module in the design. It is ignored for fault injection.
xmelab: *W,FLTPROT: [FLT] Found protected module in the design. It is ignored for fault injection.
xmelab: *W,FLTPROT: [FLT] Found protected module in the design. It is ignored for fault injection.
xmelab: *W,FLTPROT: [FLT] Found protected module in the design. It is ignored for fault injection.
xmelab: *W,FLTPROT: [FLT] Found protected module in the design. It is ignored for fault injection.
xmelab: *W,FLTPROT: [FLT] Found protected module in the design. It is ignored for fault injection.
xmelab: *W,FLTPROT: [FLT] Found protected module in the design. It is ignored for fault injection.
xmelab: *W,FLTPROT: [FLT] Found protected module in the design. It is ignored for fault injection.
xmelab: *W,FLTPROT: [FLT] Found protected module in the design. It is ignored for fault injection.
xmelab: *W,FLTPROT: [FLT] Found protected module in the design. It is ignored for fault injection.
xmelab: *W,FLTPROT: [FLT] Found protected module in the design. It is ignored for fault injection.
xmelab: *W,FLTPROT: [FLT] Found protected module in the design. It is ignored for fault injection.
xmelab: *W,FLTPROT: [FLT] Found protected module in the design. It is ignored for fault injection.
xmelab: *W,FLTPROT: [FLT] Found protected module in the design. It is ignored for fault injection.
xmelab: *W,FLTPROT: [FLT] Found protected module in the design. It is ignored for fault injection.
xmelab: *W,FLTPROT: [FLT] Found protected module in the design. It is ignored for fault injection.
xmelab: *W,FLTPROT: [FLT] Found protected module in the design. It is ignored for fault injection.
xmelab: *W,FLTPROT: [FLT] Found protected module in the design. It is ignored for fault injection.
xmelab: *W,FLTPROT: [FLT] Found protected module in the design. It is ignored for fault injection.
xmelab: *W,FLTPROT: [FLT] Found protected module in the design. It is ignored for fault injection.
xmelab: *W,FLTPROT: [FLT] Found protected module in the design. It is ignored for fault injection.
xmelab: *W,FLTPROT: [FLT] Found protected module in the design. It is ignored for fault injection.
xmelab: *W,FLTPROT: [FLT] Found protected module in the design. It is ignored for fault injection.
xmelab: *W,FLTPROT: [FLT] Found protected module in the design. It is ignored for fault injection.
xmelab: *W,FLTPROT: [FLT] Found protected module in the design. It is ignored for fault injection.
xmelab: *W,FLTPROT: [FLT] Found protected module in the design. It is ignored for fault injection.
xmelab: *W,FLTPROT: [FLT] Found protected module in the design. It is ignored for fault injection.
xmelab: *W,FLTPROT: [FLT] Found protected module in the design. It is ignored for fault injection.
xmelab: *W,FLTPROT: [FLT] Found protected module in the design. It is ignored for fault injection.
xmelab: *W,FLTPROT: [FLT] Found protected module in the design. It is ignored for fault injection.
xmelab: *W,FLTPROT: [FLT] Found protected module in the design. It is ignored for fault injection.
xmelab: *W,FLTPROT: [FLT] Found protected module in the design. It is ignored for fault injection.
xmelab: *W,FLTPROT: [FLT] Found protected module in the design. It is ignored for fault injection.
xmelab: *W,FLTPROT: [FLT] Found protected module in the design. It is ignored for fault injection.
xmelab: *W,FLTPROT: [FLT] Found protected module in the design. It is ignored for fault injection.
xmelab: *W,FLTPROT: [FLT] Found protected module in the design. It is ignored for fault injection.
xmelab: *W,FLTPROT: [FLT] Found protected module in the design. It is ignored for fault injection.
xmelab: *W,FLTPROT: [FLT] Found protected module in the design. It is ignored for fault injection.
xmelab: *W,FLTPROT: [FLT] Found protected module in the design. It is ignored for fault injection.
xmelab: *W,FLTPROT: [FLT] Found protected module in the design. It is ignored for fault injection.
xmelab: *W,FLTPROT: [FLT] Found protected module in the design. It is ignored for fault injection.
xmelab: *W,FLTPROT: [FLT] Found protected module in the design. It is ignored for fault injection.
xmelab: *W,FLTPROT: [FLT] Found protected module in the design. It is ignored for fault injection.
xmelab: *W,FLTPROT: [FLT] Found protected module in the design. It is ignored for fault injection.
xmelab: *W,FLTPROT: [FLT] Found protected module in the design. It is ignored for fault injection.
xmelab: *W,FLTPROT: [FLT] Found protected module in the design. It is ignored for fault injection.
xmelab: *W,FLTPROT: [FLT] Found protected module in the design. It is ignored for fault injection.
xmelab: *W,FLTPROT: [FLT] Found protected module in the design. It is ignored for fault injection.
xmelab: *W,FLTPROT: [FLT] Found protected module in the design. It is ignored for fault injection.
xmelab: *W,FLTPROT: [FLT] Found protected module in the design. It is ignored for fault injection.
xmelab: *W,FLTPROT: [FLT] Found protected module in the design. It is ignored for fault injection.
xmelab: *W,FLTPROT: [FLT] Found protected module in the design. It is ignored for fault injection.
xmelab: *W,FLTPROT: [FLT] Found protected module in the design. It is ignored for fault injection.
xmelab: *W,FLTPROT: [FLT] Found protected module in the design. It is ignored for fault injection.
xmelab: *W,FLTPROT: [FLT] Found protected module in the design. It is ignored for fault injection.
xmelab: *W,FLTPROT: [FLT] Found protected module in the design. It is ignored for fault injection.
xmelab: *W,FLTPROT: [FLT] Found protected module in the design. It is ignored for fault injection.
xmelab: *W,FLTPROT: [FLT] Found protected module in the design. It is ignored for fault injection.
xmelab: *W,FLTPROT: [FLT] Found protected module in the design. It is ignored for fault injection.
xmelab: *W,FLTPROT: [FLT] Found protected module in the design. It is ignored for fault injection.
xmelab: *W,FLTPROT: [FLT] Found protected module in the design. It is ignored for fault injection.
xmelab: *W,FLTPROT: [FLT] Found protected module in the design. It is ignored for fault injection.
xmelab: *W,FLTPROT: [FLT] Found protected module in the design. It is ignored for fault injection.
xmelab: *W,FLTPROT: [FLT] Found protected module in the design. It is ignored for fault injection.
xmelab: *W,FLTPROT: [FLT] Found protected module in the design. It is ignored for fault injection.
xmelab: *W,FLTPROT: [FLT] Found protected module in the design. It is ignored for fault injection.
xmelab: *W,FLTPROT: [FLT] Found protected module in the design. It is ignored for fault injection.
xmelab: *W,FLTPROT: [FLT] Found protected module in the design. It is ignored for fault injection.
xmelab: *W,FLTPROT: [FLT] Found protected module in the design. It is ignored for fault injection.
xmelab: *W,FLTPROT: [FLT] Found protected module in the design. It is ignored for fault injection.
xmelab: *W,FLTPROT: [FLT] Found protected module in the design. It is ignored for fault injection.
xmelab: *W,FLTPROT: [FLT] Found protected module in the design. It is ignored for fault injection.
xmelab: *W,FLTPROT: [FLT] Found protected module in the design. It is ignored for fault injection.
xmelab: *W,FLTPROT: [FLT] Found protected module in the design. It is ignored for fault injection.
xmelab: *W,FLTPROT: [FLT] Found protected module in the design. It is ignored for fault injection.
xmelab: *W,FLTPROT: [FLT] Found protected module in the design. It is ignored for fault injection.
xmelab: *W,FLTPROT: [FLT] Found protected module in the design. It is ignored for fault injection.
xmelab: *W,FLTPROT: [FLT] Found protected module in the design. It is ignored for fault injection.
xmelab: *W,FLTPROT: [FLT] Found protected module in the design. It is ignored for fault injection.
xmelab: *W,FLTPROT: [FLT] Found protected module in the design. It is ignored for fault injection.
xmelab: *W,FLTPROT: [FLT] Found protected module in the design. It is ignored for fault injection.
xmelab: *W,FLTPROT: [FLT] Found protected module in the design. It is ignored for fault injection.
xmelab: *W,FLTPROT: [FLT] Found protected module in the design. It is ignored for fault injection.
xmelab: *W,FLTPROT: [FLT] Found protected module in the design. It is ignored for fault injection.
xmelab: *W,FLTPROT: [FLT] Found protected module in the design. It is ignored for fault injection.
xmelab: *W,FLTPROT: [FLT] Found protected module in the design. It is ignored for fault injection.
xmelab: *W,FLTPROT: [FLT] Found protected module in the design. It is ignored for fault injection.
xmelab: *W,FLTPROT: [FLT] Found protected module in the design. It is ignored for fault injection.
xmelab: *W,FLTPROT: [FLT] Found protected module in the design. It is ignored for fault injection.
xmelab: *W,FLTPROT: [FLT] Found protected module in the design. It is ignored for fault injection.
xmelab: *W,FLTPROT: [FLT] Found protected module in the design. It is ignored for fault injection.
xmelab: *W,FLTPROT: [FLT] Found protected module in the design. It is ignored for fault injection.
xmelab: *W,FLTPROT: [FLT] Found protected module in the design. It is ignored for fault injection.
xmelab: *W,FLTPROT: [FLT] Found protected module in the design. It is ignored for fault injection.
xmelab: *W,FLTPROT: [FLT] Found protected module in the design. It is ignored for fault injection.
xmelab: *W,FLTPROT: [FLT] Found protected module in the design. It is ignored for fault injection.
xmelab: *W,FLTPROT: [FLT] Found protected module in the design. It is ignored for fault injection.
xmelab: *W,FLTPROT: [FLT] Found protected module in the design. It is ignored for fault injection.
xmelab: *W,FLTPROT: [FLT] Found protected module in the design. It is ignored for fault injection.
xmelab: *W,FLTPROT: [FLT] Found protected module in the design. It is ignored for fault injection.
xmelab: *W,FLTPROT: [FLT] Found protected module in the design. It is ignored for fault injection.
xmelab: *W,FLTPROT: [FLT] Found protected module in the design. It is ignored for fault injection.
xmelab: *W,FLTPROT: [FLT] Found protected module in the design. It is ignored for fault injection.
xmelab: *W,FLTPROT: [FLT] Found protected module in the design. It is ignored for fault injection.
xmelab: *W,FLTPROT: [FLT] Found protected module in the design. It is ignored for fault injection.
xmelab: *W,FLTPROT: [FLT] Found protected module in the design. It is ignored for fault injection.
xmelab: *W,FLTPROT: [FLT] Found protected module in the design. It is ignored for fault injection.
xmelab: *W,FLTPROT: [FLT] Found protected module in the design. It is ignored for fault injection.
xmelab: *W,FLTPROT: [FLT] Found protected module in the design. It is ignored for fault injection.
xmelab: *W,FLTPROT: [FLT] Found protected module in the design. It is ignored for fault injection.
xmelab: *W,FLTPROT: [FLT] Found protected module in the design. It is ignored for fault injection.
xmelab: *W,FLTPROT: [FLT] Found protected module in the design. It is ignored for fault injection.
xmelab: *W,FLTPROT: [FLT] Found protected module in the design. It is ignored for fault injection.
xmelab: *W,FLTPROT: [FLT] Found protected module in the design. It is ignored for fault injection.
xmelab: *W,FLTPROT: [FLT] Found protected module in the design. It is ignored for fault injection.
xmelab: *W,FLTPROT: [FLT] Found protected module in the design. It is ignored for fault injection.
xmelab: *W,FLTPROT: [FLT] Found protected module in the design. It is ignored for fault injection.
xmelab: *W,FLTPROT: [FLT] Found protected module in the design. It is ignored for fault injection.
xmelab: *W,FLTPROT: [FLT] Found protected module in the design. It is ignored for fault injection.
xmelab: *W,FLTPROT: [FLT] Found protected module in the design. It is ignored for fault injection.
xmelab: *W,FLTPROT: [FLT] Found protected module in the design. It is ignored for fault injection.
xmelab: *W,FLTPROT: [FLT] Found protected module in the design. It is ignored for fault injection.
xmelab: *W,FLTPROT: [FLT] Found protected module in the design. It is ignored for fault injection.
xmelab: *W,FLTPROT: [FLT] Found protected module in the design. It is ignored for fault injection.
xmelab: *W,FLTPROT: [FLT] Found protected module in the design. It is ignored for fault injection.
xmelab: *W,FLTPROT: [FLT] Found protected module in the design. It is ignored for fault injection.
xmelab: *W,FLTPROT: [FLT] Found protected module in the design. It is ignored for fault injection.
xmelab: *W,FLTPROT: [FLT] Found protected module in the design. It is ignored for fault injection.
xmelab: *W,FLTPROT: [FLT] Found protected module in the design. It is ignored for fault injection.
xmelab: *W,FLTPROT: [FLT] Found protected module in the design. It is ignored for fault injection.
xmelab: *W,FLTPROT: [FLT] Found protected module in the design. It is ignored for fault injection.
xmelab: *W,FLTPROT: [FLT] Found protected module in the design. It is ignored for fault injection.
xmelab: *W,FLTPROT: [FLT] Found protected module in the design. It is ignored for fault injection.
xmelab: *W,FLTPROT: [FLT] Found protected module in the design. It is ignored for fault injection.
xmelab: *W,FLTPROT: [FLT] Found protected module in the design. It is ignored for fault injection.
xmelab: *W,FLTPROT: [FLT] Found protected module in the design. It is ignored for fault injection.
xmelab: *W,FLTPROT: [FLT] Found protected module in the design. It is ignored for fault injection.
xmelab: *W,FLTPROT: [FLT] Found protected module in the design. It is ignored for fault injection.
xmelab: *W,FLTPROT: [FLT] Found protected module in the design. It is ignored for fault injection.
xmelab: *W,FLTPROT: [FLT] Found protected module in the design. It is ignored for fault injection.
xmelab: *W,FLTPROT: [FLT] Found protected module in the design. It is ignored for fault injection.
xmelab: *W,FLTPROT: [FLT] Found protected module in the design. It is ignored for fault injection.
xmelab: *W,FLTPROT: [FLT] Found protected module in the design. It is ignored for fault injection.
xmelab: *W,FLTPROT: [FLT] Found protected module in the design. It is ignored for fault injection.
xmelab: *W,FLTPROT: [FLT] Found protected module in the design. It is ignored for fault injection.
xmelab: *W,FLTPROT: [FLT] Found protected module in the design. It is ignored for fault injection.
xmelab: *W,FLTPROT: [FLT] Found protected module in the design. It is ignored for fault injection.
xmelab: *W,FLTPROT: [FLT] Found protected module in the design. It is ignored for fault injection.
xmelab: *N,FTUDPT: [FLT] Fault database data file is generated at /ihp/departments/D-SYA/work/miglioranza/Symbol_mapper/Symbol_mapper.sim/sim_1/behav/xcelium_FI/fault_db/db_scope/test_uxsrv026.ihp-ffo.de_21899751757937377779/xfs_126da621.ucd.
	Building instance specific data structures.
	Design hierarchy summary:
		             Instances  Unique
		Components:        226      12
		Default bindings:  224     213
		Processes:         336      32
		Signals:           413     231
	Writing initial simulation snapshot: XIL_DEFAULTLIB.SYMBOL_MAPPER_TB:BEHAVIORAL


####   Fault Instrumentation Information  ####

   Total number of faults instrumented: 1265
   Number of fault nodes excluded: 0
   Number of fault nodes ignored: 0
   Number of faultable nodes: 1265
   Number of Untestable faults: 5
       Number of SA0 faults: 0 [Prime: 0]
       Number of SA1 faults: 0 [Prime: 0]
       Number of SET faults: 1260 [Prime: 1260]
       Number of SEU faults: 0 [Prime: 0]

#### End of Fault Instrumentation Information ####


xmelab: *N,FTUMPT: [FLT] Fault database model file is generated at /ihp/departments/D-SYA/work/miglioranza/Symbol_mapper/Symbol_mapper.sim/sim_1/behav/xcelium_FI/fault_db/db_scope/xfs_126da621.ucm.
TOOL:	xmelab(64)	20.09-s007: Exiting on Sep 15, 2025 at 13:56:17 CEST  (total: 00:00:01)
