xmsim(64): 20.09-s007: (c) Copyright 1995-2020 Cadence Design Systems, Inc.
xcelium> fs_strobe {UUT:q_out[0]} -stop_on none 
xcelium> fs_strobe {UUT:q_out[1]} -stop_on none
xcelium> fs_strobe {UUT:q_out[2]} -stop_on none
xcelium> fs_strobe {UUT:q_out[3]} -stop_on none
xcelium> fs_strobe {UUT:q_out[4]} -stop_on none
xcelium> fs_strobe {UUT:q_out[5]} -stop_on none
xcelium> fs_strobe {UUT:q_out[6]} -stop_on none
xcelium> fs_strobe {UUT:q_out[7]} -stop_on none
xcelium> fs_strobe {UUT:q_out[8]} -stop_on none
xcelium> fs_strobe {UUT:q_out[9]} -stop_on none
xcelium> fs_strobe {UUT:q_out[10]} -stop_on none
xcelium> fs_strobe {UUT:q_out[11]} -stop_on none
xcelium> fs_strobe {UUT:i_out[0]} -stop_on none
xcelium> fs_strobe {UUT:i_out[1]} -stop_on none
xcelium> fs_strobe {UUT:i_out[2]} -stop_on none
xcelium> fs_strobe {UUT:i_out[3]} -stop_on none
xcelium> fs_strobe {UUT:i_out[4]} -stop_on none
xcelium> fs_strobe {UUT:i_out[5]} -stop_on none
xcelium> fs_strobe {UUT:i_out[6]} -stop_on none
xcelium> fs_strobe {UUT:i_out[7]} -stop_on none
xcelium> fs_strobe {UUT:i_out[8]} -stop_on none
xcelium> fs_strobe {UUT:i_out[9]} -stop_on none
xcelium> fs_strobe {UUT:i_out[10]} -stop_on none
xcelium> fs_strobe {UUT:i_out[11]} -stop_on none
xcelium> set pack_assert_off {numeric_std std_logic_arith}
numeric_std std_logic_arith
xcelium> 
xcelium> database -open waves -into waves.shm -default
Created default SHM database waves
xcelium> catch {probe -create -shm -all -variables -depth 1 -waveform} msg
0
xcelium> 
xcelium> run 2000ns
REPORT/NOTE (time 20 NS) from process :stimuli_process (architecture xil_defaultlib.Symbol_mapper_tb:Behavioral)
Start of simulation
REPORT/NOTE (time 962600 PS) from process :stimuli_process (architecture xil_defaultlib.Symbol_mapper_tb:Behavioral)
End of Simulation
std.env.finish invoked from Symbol_mapper_tb.vhd, line: 574, pos: 10
Simulation complete via std.env.finish(1) at time 962600 PS + 0
xcelium> exit
xmsim: *W,INTEMGR: Failed to open the VMANAGER Library: /linux64/vm/libngen64.so: cannot open shared object file: No such file or directory.
