xfr: 20.09-s007: (c) Copyright 1995-2020 Cadence Design Systems, Inc.
The fault report is written to file './fault_db/xfr_merge.out'


Fault Injection Summary:
    Multiplicity: 1
    Total number of faults: 1265/1265 (total/prime)
    Number of fault runs: 6
    Number of faults injected: 6
        SA0(6), SA1(0), SEU(0), SET(0)
    Expected finish time: 1650ns
        ON_TIME(6), DELAYED(0), PREMATURE(0), TIMEOUT(0), STOPPED(0), UNKNOWN(0)


Stuck-At (0/1) Fault Table
			 Total #	 Prime #
Untestable		      5		      5
Detected		      1		      1
Potentially_detected	      0		      0
Undetected		      5		      5
Unobserved_detected	      0		      0
Unobserved_undetected	      0		      0
Dangerous_detected	      0		      0
Dangerous_undetected	      0		      0
Not_injected		   1254		   1254
Total			   1265		   1265


