xmvhdl(64): 20.09-s007: (c) Copyright 1995-2020 Cadence Design Systems, Inc.
/ihp/ihpusr/xilinx/vivado2021.2/Vivado/2021.2/data/ip/xilinx/lte_pucch_receiver_v2_0/hdl/lte_pucch_receiver_v2_0_vh_rfs.vhd:
xmvhdl_p: *W,WARIPR: warning within protected source code.
xmvhdl_p: *W,WARIPR: warning within protected source code.
xmvhdl_p: *W,WARIPR: warning within protected source code.
	errors: 0, warnings: 3
	streams: 9, words: 6873
	streams: 18, words: 43144
	streams: 4, words: 16461
	streams: 5, words: 6198
	streams: 3, words: 27194
	streams: 4, words: 11886
	streams: 1, words: 8
	streams: 1, words: 158
	streams: 3, words: 720
	streams: 6, words: 4259
	streams: 25, words: 6343
	streams: 3, words: 16075
	streams: 17, words: 4404
	streams: 1, words: 4225
	streams: 19, words: 3426
	streams: 2, words: 8642
	streams: 30, words: 3890
	streams: 2, words: 14680
	streams: 11, words: 2164
	streams: 1, words: 3284
	streams: 11, words: 2164
	streams: 2, words: 3455
	streams: 17, words: 4067
	streams: 1, words: 1479
	streams: 16, words: 3997
	streams: 1, words: 1144
	streams: 17, words: 4038
	streams: 1, words: 1173
	streams: 19, words: 3862
	streams: 1, words: 436
	streams: 27, words: 4364
	streams: 5, words: 18622
	streams: 34, words: 5493
	streams: 5, words: 19522
	streams: 14, words: 2176
	streams: 1, words: 3539
	streams: 14, words: 2324
	streams: 1, words: 3167
	streams: 19, words: 5914
	streams: 2, words: 7044
	streams: 15, words: 3369
	streams: 2, words: 4668
	streams: 16, words: 3540
	streams: 2, words: 7608
	streams: 16, words: 4206
	streams: 2, words: 12602
	streams: 15, words: 3239
	streams: 2, words: 12314
	streams: 11, words: 1378
	streams: 1, words: 2561
	streams: 22, words: 3158
	streams: 15, words: 59919
	streams: 21, words: 2362
	streams: 5, words: 19044
	streams: 29, words: 4664
	streams: 26, words: 89773
	streams: 18, words: 199
	streams: 1, words: 800
	streams: 16, words: 2495
	streams: 9, words: 27947
	streams: 34, words: 5018
	streams: 17, words: 70330
	streams: 30, words: 4696
	streams: 3, words: 20989
	streams: 22, words: 2294
	streams: 2, words: 6681
	streams: 22, words: 1623
	streams: 3, words: 10246
	streams: 36, words: 3205
	streams: 4, words: 9878
	streams: 29, words: 3378
	streams: 10, words: 39356
	streams: 13, words: 1679
	streams: 4, words: 20410
	streams: 14, words: 940
	streams: 2, words: 3797
	streams: 7, words: 1474
	streams: 3, words: 7554
	streams: 11, words: 2231
	streams: 2, words: 6064
	streams: 20, words: 2219
	streams: 4, words: 9252
	streams: 28, words: 8265
	streams: 3, words: 17741
	streams: 9, words: 1969
	streams: 1, words: 3958
	streams: 12, words: 1689
	streams: 2, words: 7354
	streams: 10, words: 2147
	streams: 2, words: 3420
	streams: 17, words: 2596
	streams: 1, words: 1776
	streams: 16, words: 2592
	streams: 2, words: 7298
	streams: 16, words: 1595
	streams: 27, words: 84238
	streams: 25, words: 1947
	streams: 8, words: 34003
	streams: 26, words: 4334
	streams: 4, words: 4691
	streams: 1, words: 8
	streams: 26, words: 2203
	streams: 1, words: 1972
