xmvhdl(64): 20.09-s007: (c) Copyright 1995-2020 Cadence Design Systems, Inc.
/ihp/ihpusr/xilinx/vivado2021.2/Vivado/2021.2/data/ip/xilinx/lte_ul_channel_decoder_v4_0/hdl/lte_ul_channel_decoder_v4_0_vh_rfs.vhd:
xmvhdl_p: *W,WARIPR: warning within protected source code.
	errors: 0, warnings: 1
	streams: 32, words: 15384
	streams: 226, words: 270983
	streams: 4, words: 14576
	streams: 42, words: 62859
	streams: 1, words: 8
	streams: 23, words: 56766
	streams: 3, words: 225
	streams: 1, words: 423
	streams: 30, words: 3848
	streams: 2, words: 17094
	streams: 5, words: 215
	streams: 1, words: 3213
	streams: 4, words: 87
	streams: 1, words: 638
	streams: 6, words: 1035
	streams: 1, words: 1335
	streams: 6, words: 239
	streams: 1, words: 3222
	streams: 9, words: 2059
	streams: 1, words: 3869
	streams: 9, words: 2059
	streams: 1, words: 3869
	streams: 9, words: 2059
	streams: 1, words: 3869
	streams: 15, words: 4326
	streams: 1, words: 3508
	streams: 17, words: 4490
	streams: 2, words: 10796
	streams: 21, words: 3525
	streams: 2, words: 14792
	streams: 18, words: 3365
	streams: 2, words: 3681
	streams: 10, words: 2135
	streams: 1, words: 4150
	streams: 14, words: 2981
	streams: 1, words: 6856
	streams: 16, words: 3811
	streams: 1, words: 8740
	streams: 14, words: 1581
	streams: 1, words: 5170
	streams: 12, words: 1547
	streams: 1, words: 5882
	streams: 16, words: 3717
	streams: 1, words: 6600
	streams: 26, words: 5216
	streams: 2, words: 15099
	streams: 11, words: 1299
	streams: 3, words: 2790
	streams: 25, words: 3668
	streams: 2, words: 7043
	streams: 26, words: 3676
	streams: 2, words: 6974
	streams: 30, words: 3825
	streams: 2, words: 6424
	streams: 33, words: 6165
	streams: 1, words: 12407
	streams: 17, words: 2266
	streams: 2, words: 16450
	streams: 41, words: 3802
	streams: 4, words: 20797
	streams: 1, words: 3776
	streams: 1, words: 158
	streams: 1, words: 8
	streams: 3, words: 4103
	streams: 1, words: 1619
	streams: 3, words: 3500
	streams: 22, words: 2289
	streams: 2, words: 4234
	streams: 15, words: 4418
	streams: 2, words: 6725
	streams: 10, words: 2294
	streams: 3, words: 7872
	streams: 23, words: 3566
	streams: 8, words: 43400
	streams: 25, words: 4071
	streams: 6, words: 23623
	streams: 34, words: 8852
	streams: 2, words: 7590
	streams: 25, words: 7283
	streams: 2, words: 11019
	streams: 23, words: 3586
	streams: 11, words: 59696
	streams: 20, words: 3002
	streams: 6, words: 18127
	streams: 10, words: 2294
	streams: 2, words: 2167
	streams: 23, words: 3566
	streams: 6, words: 37703
	streams: 25, words: 4071
	streams: 6, words: 23614
	streams: 39, words: 10312
	streams: 2, words: 7568
	streams: 21, words: 5023
	streams: 2, words: 6515
	streams: 23, words: 3586
	streams: 11, words: 54179
	streams: 20, words: 3002
	streams: 6, words: 18127
	streams: 1, words: 1855
	streams: 1, words: 158
	streams: 11, words: 1154
	streams: 1, words: 1937
	streams: 13, words: 3300
	streams: 3, words: 5265
	streams: 11, words: 2483
	streams: 3, words: 7968
	streams: 15, words: 1472
	streams: 1, words: 3962
	streams: 16, words: 1483
	streams: 1, words: 4120
	streams: 14, words: 4461
	streams: 1, words: 3855
	streams: 12, words: 2967
	streams: 3, words: 10545
	streams: 17, words: 1373
	streams: 17, words: 33866
	streams: 18, words: 1452
	streams: 9, words: 23312
	streams: 18, words: 1452
	streams: 9, words: 23636
	streams: 20, words: 1882
	streams: 5, words: 17778
	streams: 1, words: 2148
	streams: 7, words: 20043
	streams: 6, words: 1203
	streams: 1, words: 3876
	streams: 23, words: 2931
	streams: 5, words: 15863
	streams: 21, words: 3355
	streams: 9, words: 38232
	streams: 10, words: 1916
	streams: 4, words: 14078
	streams: 12, words: 2265
	streams: 3, words: 20028
	streams: 14, words: 3556
	streams: 3, words: 42680
	streams: 15, words: 2118
	streams: 4, words: 22042
	streams: 21, words: 2038
	streams: 7, words: 35497
	streams: 18, words: 2388
	streams: 1, words: 631
	streams: 21, words: 1715
	streams: 9, words: 21360
	streams: 2, words: 2274
	streams: 3, words: 869
	streams: 10, words: 1758
	streams: 1, words: 11008
	streams: 20, words: 6255
	streams: 1, words: 6911
	streams: 18, words: 4908
	streams: 4, words: 23092
	streams: 21, words: 5195
	streams: 6, words: 31778
	streams: 15, words: 1142
	streams: 11, words: 34843
	streams: 1, words: 779
	streams: 5, words: 6542
	streams: 14, words: 1455
	streams: 4, words: 9598
	streams: 22, words: 2706
	streams: 8, words: 36000
	streams: 20, words: 2642
	streams: 2, words: 3914
	streams: 21, words: 1245
	streams: 4, words: 10815
	streams: 22, words: 1627
	streams: 4, words: 9446
	streams: 32, words: 3302
	streams: 12, words: 23791
	streams: 20, words: 2314
	streams: 1, words: 1680
	streams: 12, words: 1718
	streams: 1, words: 1663
	streams: 37, words: 3600
	streams: 8, words: 37578
	streams: 25, words: 3875
	streams: 4, words: 11178
	streams: 15, words: 955
	streams: 2, words: 3805
	streams: 27, words: 2445
	streams: 9, words: 37236
	streams: 19, words: 1261
	streams: 5, words: 11983
	streams: 47, words: 2770
	streams: 21, words: 51505
	streams: 52, words: 3118
	streams: 2, words: 3499
	streams: 1, words: 8
	streams: 3, words: 1694
	streams: 14, words: 1091
	streams: 4, words: 8353
	streams: 24, words: 3197
	streams: 4, words: 11108
	streams: 33, words: 3310
	streams: 7, words: 23483
	streams: 20, words: 1735
	streams: 4, words: 6945
	streams: 21, words: 1898
	streams: 4, words: 9222
	streams: 36, words: 3411
	streams: 7, words: 22093
	streams: 27, words: 2320
	streams: 6, words: 18498
	streams: 26, words: 1536
	streams: 8, words: 15175
	streams: 27, words: 1570
	streams: 2, words: 2331
	streams: 1, words: 8
	streams: 3, words: 1290
	streams: 14, words: 1091
	streams: 4, words: 8350
	streams: 19, words: 1322
	streams: 5, words: 14546
	streams: 22, words: 1978
	streams: 4, words: 3751
	streams: 23, words: 1354
	streams: 6, words: 9609
	streams: 25, words: 1412
	streams: 2, words: 2233
	streams: 1, words: 8
	streams: 3, words: 1290
	streams: 14, words: 1091
	streams: 4, words: 8350
	streams: 19, words: 1322
	streams: 5, words: 14248
	streams: 22, words: 1978
	streams: 4, words: 3751
	streams: 23, words: 1354
	streams: 6, words: 10008
	streams: 25, words: 1412
	streams: 2, words: 2233
	streams: 2, words: 18673
	streams: 11, words: 56204
	streams: 14, words: 1091
	streams: 4, words: 8347
	streams: 45, words: 3174
	streams: 14, words: 53838
	streams: 44, words: 4439
	streams: 4, words: 28782
	streams: 12, words: 1517
	streams: 3, words: 12051
	streams: 48, words: 3668
	streams: 5, words: 8841
	streams: 15, words: 5510
	streams: 4, words: 16123
	streams: 14, words: 4746
	streams: 3, words: 47091
	streams: 12, words: 4208
	streams: 2, words: 8042
	streams: 39, words: 7247
	streams: 6, words: 29736
	streams: 12, words: 1904
	streams: 2, words: 3920
	streams: 13, words: 5425
	streams: 3, words: 6002
	streams: 29, words: 12337
	streams: 11, words: 55907
	streams: 38, words: 6553
	streams: 8, words: 47578
	streams: 27, words: 9623
	streams: 2, words: 14589
	streams: 21, words: 6166
	streams: 2, words: 7334
	streams: 27, words: 6568
	streams: 4, words: 21031
	streams: 27, words: 6568
	streams: 4, words: 22601
	streams: 15, words: 4138
	streams: 7, words: 38334
	streams: 9, words: 3122
	streams: 1, words: 10495
	streams: 11, words: 2579
	streams: 3, words: 15231
	streams: 23, words: 3843
	streams: 7, words: 18205
	streams: 27, words: 3529
	streams: 4, words: 16849
	streams: 23, words: 3305
	streams: 7, words: 17936
	streams: 27, words: 3529
	streams: 4, words: 15773
	streams: 23, words: 3305
	streams: 7, words: 17936
	streams: 27, words: 3529
	streams: 4, words: 15773
	streams: 23, words: 3305
	streams: 7, words: 17936
	streams: 27, words: 3529
	streams: 4, words: 15773
	streams: 151, words: 10662
	streams: 23, words: 63689
	streams: 1, words: 8
	streams: 3, words: 9429
	streams: 214, words: 13772
	streams: 8, words: 21629
	streams: 212, words: 31671
	streams: 6, words: 25877
	streams: 1, words: 8
	streams: 212, words: 29531
	streams: 1, words: 23638
