xfr: 20.09-s007: (c) Copyright 1995-2020 Cadence Design Systems, Inc.
The fault report is written to file './fault_db/xfr_merge.out'


Fault Injection Summary:
    Multiplicity: 1
    Total number of faults: 5515/5515 (total/prime)
    Number of fault runs: 879
    Number of faults injected: 879
        SA0(0), SA1(0), SEU(879), SET(0)
    Expected finish time: 1us
        ON_TIME(879), DELAYED(0), PREMATURE(0), TIMEOUT(0), STOPPED(0), UNKNOWN(0)


SEU Fault Table
			 Total #	 Prime #
Detected		    330		    330
Potentially_detected	      0		      0
Undetected		    549		    549
Unobserved_detected	      0		      0
Unobserved_undetected	      0		      0
Dangerous_detected	      0		      0
Dangerous_undetected	      0		      0
Total			    879		    879


SEU Fault Summary Table
Untestable		     24		     24
Injected_faults		    879		    879
Not_injected		   4612		   4612
Total			   5515		   5515


