xmvlog(64): 20.09-s007: (c) Copyright 1995-2020 Cadence Design Systems, Inc.
DEFINE axis_switch_v1_1_25  /home/miglioranza/project_1.xpr/project_1/project_1.cache/compile_simlib/xcelium/axis_switch_v1_1_25
|
xmvlog: *W,DLCPTH (./cds.lib,2): cds.lib Invalid path '/home/miglioranza/project_1.xpr/project_1/project_1.cache/compile_simlib/xcelium/axis_switch_v1_1_25' (cds.lib command ignored).
DEFINE axi_emc_v3_0_25  /home/miglioranza/project_1.xpr/project_1/project_1.cache/compile_simlib/xcelium/axi_emc_v3_0_25
|
xmvlog: *W,DLCPTH (./cds.lib,3): cds.lib Invalid path '/home/miglioranza/project_1.xpr/project_1/project_1.cache/compile_simlib/xcelium/axi_emc_v3_0_25' (cds.lib command ignored).
DEFINE axis_dwidth_converter_v1_1_24  /home/miglioranza/project_1.xpr/project_1/project_1.cache/compile_simlib/xcelium/axis_dwidth_converter_v1_1_24
|
xmvlog: *W,DLCPTH (./cds.lib,4): cds.lib Invalid path '/home/miglioranza/project_1.xpr/project_1/project_1.cache/compile_simlib/xcelium/axis_dwidth_converter_v1_1_24' (cds.lib command ignored).
DEFINE axi_mm2s_mapper_v1_1_24  /home/miglioranza/project_1.xpr/project_1/project_1.cache/compile_simlib/xcelium/axi_mm2s_mapper_v1_1_24
|
xmvlog: *W,DLCPTH (./cds.lib,5): cds.lib Invalid path '/home/miglioranza/project_1.xpr/project_1/project_1.cache/compile_simlib/xcelium/axi_mm2s_mapper_v1_1_24' (cds.lib command ignored).
DEFINE axi_mcdma_v1_1_6  /home/miglioranza/project_1.xpr/project_1/project_1.cache/compile_simlib/xcelium/axi_mcdma_v1_1_6
|
xmvlog: *W,DLCPTH (./cds.lib,6): cds.lib Invalid path '/home/miglioranza/project_1.xpr/project_1/project_1.cache/compile_simlib/xcelium/axi_mcdma_v1_1_6' (cds.lib command ignored).
DEFINE icap_arb_v1_0_0  /home/miglioranza/project_1.xpr/project_1/project_1.cache/compile_simlib/xcelium/icap_arb_v1_0_0
|
xmvlog: *W,DLCPTH (./cds.lib,7): cds.lib Invalid path '/home/miglioranza/project_1.xpr/project_1/project_1.cache/compile_simlib/xcelium/icap_arb_v1_0_0' (cds.lib command ignored).
DEFINE axis_accelerator_adapter_v2_1_16  /home/miglioranza/project_1.xpr/project_1/project_1.cache/compile_simlib/xcelium/axis_accelerator_adapter_v2_1_16
|
xmvlog: *W,DLCPTH (./cds.lib,8): cds.lib Invalid path '/home/miglioranza/project_1.xpr/project_1/project_1.cache/compile_simlib/xcelium/axis_accelerator_adapter_v2_1_16' (cds.lib command ignored).
DEFINE tcc_decoder_3gppmm_v2_0_22  /home/miglioranza/project_1.xpr/project_1/project_1.cache/compile_simlib/xcelium/tcc_decoder_3gppmm_v2_0_22
|
xmvlog: *W,DLCPTH (./cds.lib,9): cds.lib Invalid path '/home/miglioranza/project_1.xpr/project_1/project_1.cache/compile_simlib/xcelium/tcc_decoder_3gppmm_v2_0_22' (cds.lib command ignored).
DEFINE axis_broadcaster_v1_1_24  /home/miglioranza/project_1.xpr/project_1/project_1.cache/compile_simlib/xcelium/axis_broadcaster_v1_1_24
|
xmvlog: *W,DLCPTH (./cds.lib,10): cds.lib Invalid path '/home/miglioranza/project_1.xpr/project_1/project_1.cache/compile_simlib/xcelium/axis_broadcaster_v1_1_24' (cds.lib command ignored).
DEFINE axi_apb_bridge_v3_0_17  /home/miglioranza/project_1.xpr/project_1/project_1.cache/compile_simlib/xcelium/axi_apb_bridge_v3_0_17
|
xmvlog: *W,DLCPTH (./cds.lib,11): cds.lib Invalid path '/home/miglioranza/project_1.xpr/project_1/project_1.cache/compile_simlib/xcelium/axi_apb_bridge_v3_0_17' (cds.lib command ignored).
DEFINE g709_rs_encoder_v2_2_7  /home/miglioranza/project_1.xpr/project_1/project_1.cache/compile_simlib/xcelium/g709_rs_encoder_v2_2_7
|
xmvlog: *W,DLCPTH (./cds.lib,12): cds.lib Invalid path '/home/miglioranza/project_1.xpr/project_1/project_1.cache/compile_simlib/xcelium/g709_rs_encoder_v2_2_7' (cds.lib command ignored).
DEFINE g709_rs_decoder_v2_2_9  /home/miglioranza/project_1.xpr/project_1/project_1.cache/compile_simlib/xcelium/g709_rs_decoder_v2_2_9
|
xmvlog: *W,DLCPTH (./cds.lib,13): cds.lib Invalid path '/home/miglioranza/project_1.xpr/project_1/project_1.cache/compile_simlib/xcelium/g709_rs_decoder_v2_2_9' (cds.lib command ignored).
DEFINE g709_fec_v2_4_4  /home/miglioranza/project_1.xpr/project_1/project_1.cache/compile_simlib/xcelium/g709_fec_v2_4_4
|
xmvlog: *W,DLCPTH (./cds.lib,14): cds.lib Invalid path '/home/miglioranza/project_1.xpr/project_1/project_1.cache/compile_simlib/xcelium/g709_fec_v2_4_4' (cds.lib command ignored).
DEFINE v_tc_v6_2_3  /home/miglioranza/project_1.xpr/project_1/project_1.cache/compile_simlib/xcelium/v_tc_v6_2_3
|
xmvlog: *W,DLCPTH (./cds.lib,15): cds.lib Invalid path '/home/miglioranza/project_1.xpr/project_1/project_1.cache/compile_simlib/xcelium/v_tc_v6_2_3' (cds.lib command ignored).
DEFINE v_dp_axi4s_vid_out_v1_0_3  /home/miglioranza/project_1.xpr/project_1/project_1.cache/compile_simlib/xcelium/v_dp_axi4s_vid_out_v1_0_3
|
xmvlog: *W,DLCPTH (./cds.lib,16): cds.lib Invalid path '/home/miglioranza/project_1.xpr/project_1/project_1.cache/compile_simlib/xcelium/v_dp_axi4s_vid_out_v1_0_3' (cds.lib command ignored).
DEFINE axi_quad_spi_v3_2_24  /home/miglioranza/project_1.xpr/project_1/project_1.cache/compile_simlib/xcelium/axi_quad_spi_v3_2_24
|
xmvlog: *W,DLCPTH (./cds.lib,17): cds.lib Invalid path '/home/miglioranza/project_1.xpr/project_1/project_1.cache/compile_simlib/xcelium/axi_quad_spi_v3_2_24' (cds.lib command ignored).
DEFINE sd_fec_v1_1_8  /home/miglioranza/project_1.xpr/project_1/project_1.cache/compile_simlib/xcelium/sd_fec_v1_1_8
|
xmvlog: *W,DLCPTH (./cds.lib,18): cds.lib Invalid path '/home/miglioranza/project_1.xpr/project_1/project_1.cache/compile_simlib/xcelium/sd_fec_v1_1_8' (cds.lib command ignored).
DEFINE lte_3gpp_channel_estimator_v2_0_19  /home/miglioranza/project_1.xpr/project_1/project_1.cache/compile_simlib/xcelium/lte_3gpp_channel_estimator_v2_0_19
|
xmvlog: *W,DLCPTH (./cds.lib,19): cds.lib Invalid path '/home/miglioranza/project_1.xpr/project_1/project_1.cache/compile_simlib/xcelium/lte_3gpp_channel_estimator_v2_0_19' (cds.lib command ignored).
DEFINE audio_formatter_v1_0_7  /home/miglioranza/project_1.xpr/project_1/project_1.cache/compile_simlib/xcelium/audio_formatter_v1_0_7
|
xmvlog: *W,DLCPTH (./cds.lib,20): cds.lib Invalid path '/home/miglioranza/project_1.xpr/project_1/project_1.cache/compile_simlib/xcelium/audio_formatter_v1_0_7' (cds.lib command ignored).
DEFINE axi_firewall_v1_1_4  /home/miglioranza/project_1.xpr/project_1/project_1.cache/compile_simlib/xcelium/axi_firewall_v1_1_4
|
xmvlog: *W,DLCPTH (./cds.lib,21): cds.lib Invalid path '/home/miglioranza/project_1.xpr/project_1/project_1.cache/compile_simlib/xcelium/axi_firewall_v1_1_4' (cds.lib command ignored).
DEFINE axi_sg_v4_1_14  /home/miglioranza/project_1.xpr/project_1/project_1.cache/compile_simlib/xcelium/axi_sg_v4_1_14
|
xmvlog: *W,DLCPTH (./cds.lib,22): cds.lib Invalid path '/home/miglioranza/project_1.xpr/project_1/project_1.cache/compile_simlib/xcelium/axi_sg_v4_1_14' (cds.lib command ignored).
DEFINE axi_dma_v7_1_26  /home/miglioranza/project_1.xpr/project_1/project_1.cache/compile_simlib/xcelium/axi_dma_v7_1_26
|
xmvlog: *W,DLCPTH (./cds.lib,23): cds.lib Invalid path '/home/miglioranza/project_1.xpr/project_1/project_1.cache/compile_simlib/xcelium/axi_dma_v7_1_26' (cds.lib command ignored).
DEFINE tsn_temac_v1_0_6  /home/miglioranza/project_1.xpr/project_1/project_1.cache/compile_simlib/xcelium/tsn_temac_v1_0_6
|
xmvlog: *W,DLCPTH (./cds.lib,24): cds.lib Invalid path '/home/miglioranza/project_1.xpr/project_1/project_1.cache/compile_simlib/xcelium/tsn_temac_v1_0_6' (cds.lib command ignored).
DEFINE fc32_rs_fec_v1_0_20  /home/miglioranza/project_1.xpr/project_1/project_1.cache/compile_simlib/xcelium/fc32_rs_fec_v1_0_20
|
xmvlog: *W,DLCPTH (./cds.lib,25): cds.lib Invalid path '/home/miglioranza/project_1.xpr/project_1/project_1.cache/compile_simlib/xcelium/fc32_rs_fec_v1_0_20' (cds.lib command ignored).
DEFINE ieee802d3_400g_rs_fec_v2_0_6  /home/miglioranza/project_1.xpr/project_1/project_1.cache/compile_simlib/xcelium/ieee802d3_400g_rs_fec_v2_0_6
|
xmvlog: *W,DLCPTH (./cds.lib,26): cds.lib Invalid path '/home/miglioranza/project_1.xpr/project_1/project_1.cache/compile_simlib/xcelium/ieee802d3_400g_rs_fec_v2_0_6' (cds.lib command ignored).
DEFINE displayport_v8_1_4  /home/miglioranza/project_1.xpr/project_1/project_1.cache/compile_simlib/xcelium/displayport_v8_1_4
|
xmvlog: *W,DLCPTH (./cds.lib,27): cds.lib Invalid path '/home/miglioranza/project_1.xpr/project_1/project_1.cache/compile_simlib/xcelium/displayport_v8_1_4' (cds.lib command ignored).
DEFINE displayport_v9_0_4  /home/miglioranza/project_1.xpr/project_1/project_1.cache/compile_simlib/xcelium/displayport_v9_0_4
|
xmvlog: *W,DLCPTH (./cds.lib,28): cds.lib Invalid path '/home/miglioranza/project_1.xpr/project_1/project_1.cache/compile_simlib/xcelium/displayport_v9_0_4' (cds.lib command ignored).
DEFINE quadsgmii_v3_5_5  /home/miglioranza/project_1.xpr/project_1/project_1.cache/compile_simlib/xcelium/quadsgmii_v3_5_5
|
xmvlog: *W,DLCPTH (./cds.lib,29): cds.lib Invalid path '/home/miglioranza/project_1.xpr/project_1/project_1.cache/compile_simlib/xcelium/quadsgmii_v3_5_5' (cds.lib command ignored).
DEFINE displayport_v7_0_0  /home/miglioranza/project_1.xpr/project_1/project_1.cache/compile_simlib/xcelium/displayport_v7_0_0
|
xmvlog: *W,DLCPTH (./cds.lib,30): cds.lib Invalid path '/home/miglioranza/project_1.xpr/project_1/project_1.cache/compile_simlib/xcelium/displayport_v7_0_0' (cds.lib command ignored).
DEFINE ieee802d3_25g_rs_fec_v1_0_22  /home/miglioranza/project_1.xpr/project_1/project_1.cache/compile_simlib/xcelium/ieee802d3_25g_rs_fec_v1_0_22
|
xmvlog: *W,DLCPTH (./cds.lib,31): cds.lib Invalid path '/home/miglioranza/project_1.xpr/project_1/project_1.cache/compile_simlib/xcelium/ieee802d3_25g_rs_fec_v1_0_22' (cds.lib command ignored).
DEFINE axi_epc_v2_0_28  /home/miglioranza/project_1.xpr/project_1/project_1.cache/compile_simlib/xcelium/axi_epc_v2_0_28
|
xmvlog: *W,DLCPTH (./cds.lib,32): cds.lib Invalid path '/home/miglioranza/project_1.xpr/project_1/project_1.cache/compile_simlib/xcelium/axi_epc_v2_0_28' (cds.lib command ignored).
DEFINE switch_core_top_v1_0_10  /home/miglioranza/project_1.xpr/project_1/project_1.cache/compile_simlib/xcelium/switch_core_top_v1_0_10
|
xmvlog: *W,DLCPTH (./cds.lib,33): cds.lib Invalid path '/home/miglioranza/project_1.xpr/project_1/project_1.cache/compile_simlib/xcelium/switch_core_top_v1_0_10' (cds.lib command ignored).
DEFINE soft_ecc_proxy_v1_0_1  /home/miglioranza/project_1.xpr/project_1/project_1.cache/compile_simlib/xcelium/soft_ecc_proxy_v1_0_1
|
xmvlog: *W,DLCPTH (./cds.lib,34): cds.lib Invalid path '/home/miglioranza/project_1.xpr/project_1/project_1.cache/compile_simlib/xcelium/soft_ecc_proxy_v1_0_1' (cds.lib command ignored).
DEFINE axi_timebase_wdt_v3_0_17  /home/miglioranza/project_1.xpr/project_1/project_1.cache/compile_simlib/xcelium/axi_timebase_wdt_v3_0_17
|
xmvlog: *W,DLCPTH (./cds.lib,35): cds.lib Invalid path '/home/miglioranza/project_1.xpr/project_1/project_1.cache/compile_simlib/xcelium/axi_timebase_wdt_v3_0_17' (cds.lib command ignored).
DEFINE tri_mode_ethernet_mac_v9_0_20  /home/miglioranza/project_1.xpr/project_1/project_1.cache/compile_simlib/xcelium/tri_mode_ethernet_mac_v9_0_20
|
xmvlog: *W,DLCPTH (./cds.lib,36): cds.lib Invalid path '/home/miglioranza/project_1.xpr/project_1/project_1.cache/compile_simlib/xcelium/tri_mode_ethernet_mac_v9_0_20' (cds.lib command ignored).
DEFINE axi_cdma_v4_1_25  /home/miglioranza/project_1.xpr/project_1/project_1.cache/compile_simlib/xcelium/axi_cdma_v4_1_25
|
xmvlog: *W,DLCPTH (./cds.lib,37): cds.lib Invalid path '/home/miglioranza/project_1.xpr/project_1/project_1.cache/compile_simlib/xcelium/axi_cdma_v4_1_25' (cds.lib command ignored).
DEFINE v_vid_gt_bridge_v1_0_4  /home/miglioranza/project_1.xpr/project_1/project_1.cache/compile_simlib/xcelium/v_vid_gt_bridge_v1_0_4
|
xmvlog: *W,DLCPTH (./cds.lib,38): cds.lib Invalid path '/home/miglioranza/project_1.xpr/project_1/project_1.cache/compile_simlib/xcelium/v_vid_gt_bridge_v1_0_4' (cds.lib command ignored).
DEFINE axi_ethernetlite_v3_0_24  /home/miglioranza/project_1.xpr/project_1/project_1.cache/compile_simlib/xcelium/axi_ethernetlite_v3_0_24
|
xmvlog: *W,DLCPTH (./cds.lib,39): cds.lib Invalid path '/home/miglioranza/project_1.xpr/project_1/project_1.cache/compile_simlib/xcelium/axi_ethernetlite_v3_0_24' (cds.lib command ignored).
DEFINE axi_dwidth_converter_v2_1_25  /home/miglioranza/project_1.xpr/project_1/project_1.cache/compile_simlib/xcelium/axi_dwidth_converter_v2_1_25
|
xmvlog: *W,DLCPTH (./cds.lib,40): cds.lib Invalid path '/home/miglioranza/project_1.xpr/project_1/project_1.cache/compile_simlib/xcelium/axi_dwidth_converter_v2_1_25' (cds.lib command ignored).
DEFINE axi_mmu_v2_1_23  /home/miglioranza/project_1.xpr/project_1/project_1.cache/compile_simlib/xcelium/axi_mmu_v2_1_23
|
xmvlog: *W,DLCPTH (./cds.lib,41): cds.lib Invalid path '/home/miglioranza/project_1.xpr/project_1/project_1.cache/compile_simlib/xcelium/axi_mmu_v2_1_23' (cds.lib command ignored).
DEFINE xfft_v9_1_7  /home/miglioranza/project_1.xpr/project_1/project_1.cache/compile_simlib/xcelium/xfft_v9_1_7
|
xmvlog: *W,DLCPTH (./cds.lib,42): cds.lib Invalid path '/home/miglioranza/project_1.xpr/project_1/project_1.cache/compile_simlib/xcelium/xfft_v9_1_7' (cds.lib command ignored).
DEFINE c_accum_v12_0_14  /home/miglioranza/project_1.xpr/project_1/project_1.cache/compile_simlib/xcelium/c_accum_v12_0_14
|
xmvlog: *W,DLCPTH (./cds.lib,43): cds.lib Invalid path '/home/miglioranza/project_1.xpr/project_1/project_1.cache/compile_simlib/xcelium/c_accum_v12_0_14' (cds.lib command ignored).
DEFINE tcc_encoder_3gpp_v5_0_17  /home/miglioranza/project_1.xpr/project_1/project_1.cache/compile_simlib/xcelium/tcc_encoder_3gpp_v5_0_17
|
xmvlog: *W,DLCPTH (./cds.lib,44): cds.lib Invalid path '/home/miglioranza/project_1.xpr/project_1/project_1.cache/compile_simlib/xcelium/tcc_encoder_3gpp_v5_0_17' (cds.lib command ignored).
DEFINE polar_v1_0_9  /home/miglioranza/project_1.xpr/project_1/project_1.cache/compile_simlib/xcelium/polar_v1_0_9
|
xmvlog: *W,DLCPTH (./cds.lib,45): cds.lib Invalid path '/home/miglioranza/project_1.xpr/project_1/project_1.cache/compile_simlib/xcelium/polar_v1_0_9' (cds.lib command ignored).
DEFINE xdfe_common_v1_0_0  /home/miglioranza/project_1.xpr/project_1/project_1.cache/compile_simlib/xcelium/xdfe_common_v1_0_0
|
xmvlog: *W,DLCPTH (./cds.lib,46): cds.lib Invalid path '/home/miglioranza/project_1.xpr/project_1/project_1.cache/compile_simlib/xcelium/xdfe_common_v1_0_0' (cds.lib command ignored).
DEFINE xdfe_equalizer_v1_0_1  /home/miglioranza/project_1.xpr/project_1/project_1.cache/compile_simlib/xcelium/xdfe_equalizer_v1_0_1
|
xmvlog: *W,DLCPTH (./cds.lib,47): cds.lib Invalid path '/home/miglioranza/project_1.xpr/project_1/project_1.cache/compile_simlib/xcelium/xdfe_equalizer_v1_0_1' (cds.lib command ignored).
DEFINE ieee802d3_rs_fec_v2_0_14  /home/miglioranza/project_1.xpr/project_1/project_1.cache/compile_simlib/xcelium/ieee802d3_rs_fec_v2_0_14
|
xmvlog: *W,DLCPTH (./cds.lib,48): cds.lib Invalid path '/home/miglioranza/project_1.xpr/project_1/project_1.cache/compile_simlib/xcelium/ieee802d3_rs_fec_v2_0_14' (cds.lib command ignored).
DEFINE etrnic_v1_1_4  /home/miglioranza/project_1.xpr/project_1/project_1.cache/compile_simlib/xcelium/etrnic_v1_1_4
|
xmvlog: *W,DLCPTH (./cds.lib,49): cds.lib Invalid path '/home/miglioranza/project_1.xpr/project_1/project_1.cache/compile_simlib/xcelium/etrnic_v1_1_4' (cds.lib command ignored).
DEFINE rs_encoder_v9_0_16  /home/miglioranza/project_1.xpr/project_1/project_1.cache/compile_simlib/xcelium/rs_encoder_v9_0_16
|
xmvlog: *W,DLCPTH (./cds.lib,50): cds.lib Invalid path '/home/miglioranza/project_1.xpr/project_1/project_1.cache/compile_simlib/xcelium/rs_encoder_v9_0_16' (cds.lib command ignored).
DEFINE viterbi_v9_1_12  /home/miglioranza/project_1.xpr/project_1/project_1.cache/compile_simlib/xcelium/viterbi_v9_1_12
|
xmvlog: *W,DLCPTH (./cds.lib,51): cds.lib Invalid path '/home/miglioranza/project_1.xpr/project_1/project_1.cache/compile_simlib/xcelium/viterbi_v9_1_12' (cds.lib command ignored).
DEFINE shell_utils_addr_remap_v1_0_4  /home/miglioranza/project_1.xpr/project_1/project_1.cache/compile_simlib/xcelium/shell_utils_addr_remap_v1_0_4
|
xmvlog: *W,DLCPTH (./cds.lib,52): cds.lib Invalid path '/home/miglioranza/project_1.xpr/project_1/project_1.cache/compile_simlib/xcelium/shell_utils_addr_remap_v1_0_4' (cds.lib command ignored).
DEFINE xdfe_cc_mixer_v1_0_1  /home/miglioranza/project_1.xpr/project_1/project_1.cache/compile_simlib/xcelium/xdfe_cc_mixer_v1_0_1
|
xmvlog: *W,DLCPTH (./cds.lib,53): cds.lib Invalid path '/home/miglioranza/project_1.xpr/project_1/project_1.cache/compile_simlib/xcelium/xdfe_cc_mixer_v1_0_1' (cds.lib command ignored).
DEFINE ieee802d3_50g_rs_fec_v1_0_18  /home/miglioranza/project_1.xpr/project_1/project_1.cache/compile_simlib/xcelium/ieee802d3_50g_rs_fec_v1_0_18
|
xmvlog: *W,DLCPTH (./cds.lib,54): cds.lib Invalid path '/home/miglioranza/project_1.xpr/project_1/project_1.cache/compile_simlib/xcelium/ieee802d3_50g_rs_fec_v1_0_18' (cds.lib command ignored).
DEFINE flexo_100g_rs_fec_v1_0_20  /home/miglioranza/project_1.xpr/project_1/project_1.cache/compile_simlib/xcelium/flexo_100g_rs_fec_v1_0_20
|
xmvlog: *W,DLCPTH (./cds.lib,55): cds.lib Invalid path '/home/miglioranza/project_1.xpr/project_1/project_1.cache/compile_simlib/xcelium/flexo_100g_rs_fec_v1_0_20' (cds.lib command ignored).
DEFINE vby1hs_v1_0_1  /home/miglioranza/project_1.xpr/project_1/project_1.cache/compile_simlib/xcelium/vby1hs_v1_0_1
|
xmvlog: *W,DLCPTH (./cds.lib,56): cds.lib Invalid path '/home/miglioranza/project_1.xpr/project_1/project_1.cache/compile_simlib/xcelium/vby1hs_v1_0_1' (cds.lib command ignored).
DEFINE axi_usb2_device_v5_0_26  /home/miglioranza/project_1.xpr/project_1/project_1.cache/compile_simlib/xcelium/axi_usb2_device_v5_0_26
|
xmvlog: *W,DLCPTH (./cds.lib,57): cds.lib Invalid path '/home/miglioranza/project_1.xpr/project_1/project_1.cache/compile_simlib/xcelium/axi_usb2_device_v5_0_26' (cds.lib command ignored).
DEFINE axis_data_fifo_v2_0_7  /home/miglioranza/project_1.xpr/project_1/project_1.cache/compile_simlib/xcelium/axis_data_fifo_v2_0_7
|
xmvlog: *W,DLCPTH (./cds.lib,58): cds.lib Invalid path '/home/miglioranza/project_1.xpr/project_1/project_1.cache/compile_simlib/xcelium/axis_data_fifo_v2_0_7' (cds.lib command ignored).
DEFINE axis_combiner_v1_1_23  /home/miglioranza/project_1.xpr/project_1/project_1.cache/compile_simlib/xcelium/axis_combiner_v1_1_23
|
xmvlog: *W,DLCPTH (./cds.lib,59): cds.lib Invalid path '/home/miglioranza/project_1.xpr/project_1/project_1.cache/compile_simlib/xcelium/axis_combiner_v1_1_23' (cds.lib command ignored).
DEFINE convolution_v9_0_15  /home/miglioranza/project_1.xpr/project_1/project_1.cache/compile_simlib/xcelium/convolution_v9_0_15
|
xmvlog: *W,DLCPTH (./cds.lib,60): cds.lib Invalid path '/home/miglioranza/project_1.xpr/project_1/project_1.cache/compile_simlib/xcelium/convolution_v9_0_15' (cds.lib command ignored).
DEFINE lte_fft_v2_1_5  /home/miglioranza/project_1.xpr/project_1/project_1.cache/compile_simlib/xcelium/lte_fft_v2_1_5
|
xmvlog: *W,DLCPTH (./cds.lib,61): cds.lib Invalid path '/home/miglioranza/project_1.xpr/project_1/project_1.cache/compile_simlib/xcelium/lte_fft_v2_1_5' (cds.lib command ignored).
DEFINE v_frmbuf_rd_v2_3_0  /home/miglioranza/project_1.xpr/project_1/project_1.cache/compile_simlib/xcelium/v_frmbuf_rd_v2_3_0
|
xmvlog: *W,DLCPTH (./cds.lib,62): cds.lib Invalid path '/home/miglioranza/project_1.xpr/project_1/project_1.cache/compile_simlib/xcelium/v_frmbuf_rd_v2_3_0' (cds.lib command ignored).
DEFINE axi_uart16550_v2_0_27  /home/miglioranza/project_1.xpr/project_1/project_1.cache/compile_simlib/xcelium/axi_uart16550_v2_0_27
|
xmvlog: *W,DLCPTH (./cds.lib,63): cds.lib Invalid path '/home/miglioranza/project_1.xpr/project_1/project_1.cache/compile_simlib/xcelium/axi_uart16550_v2_0_27' (cds.lib command ignored).
DEFINE dsp_macro_v1_0_2  /home/miglioranza/project_1.xpr/project_1/project_1.cache/compile_simlib/xcelium/dsp_macro_v1_0_2
|
xmvlog: *W,DLCPTH (./cds.lib,64): cds.lib Invalid path '/home/miglioranza/project_1.xpr/project_1/project_1.cache/compile_simlib/xcelium/dsp_macro_v1_0_2' (cds.lib command ignored).
DEFINE tmr_comparator_v1_0_4  /home/miglioranza/project_1.xpr/project_1/project_1.cache/compile_simlib/xcelium/tmr_comparator_v1_0_4
|
xmvlog: *W,DLCPTH (./cds.lib,65): cds.lib Invalid path '/home/miglioranza/project_1.xpr/project_1/project_1.cache/compile_simlib/xcelium/tmr_comparator_v1_0_4' (cds.lib command ignored).
DEFINE axi_bram_ctrl_v4_0_14  /home/miglioranza/project_1.xpr/project_1/project_1.cache/compile_simlib/xcelium/axi_bram_ctrl_v4_0_14
|
xmvlog: *W,DLCPTH (./cds.lib,66): cds.lib Invalid path '/home/miglioranza/project_1.xpr/project_1/project_1.cache/compile_simlib/xcelium/axi_bram_ctrl_v4_0_14' (cds.lib command ignored).
DEFINE dfx_axi_shutdown_manager_v1_0_0  /home/miglioranza/project_1.xpr/project_1/project_1.cache/compile_simlib/xcelium/dfx_axi_shutdown_manager_v1_0_0
|
xmvlog: *W,DLCPTH (./cds.lib,67): cds.lib Invalid path '/home/miglioranza/project_1.xpr/project_1/project_1.cache/compile_simlib/xcelium/dfx_axi_shutdown_manager_v1_0_0' (cds.lib command ignored).
DEFINE axis_clock_converter_v1_1_26  /home/miglioranza/project_1.xpr/project_1/project_1.cache/compile_simlib/xcelium/axis_clock_converter_v1_1_26
|
xmvlog: *W,DLCPTH (./cds.lib,68): cds.lib Invalid path '/home/miglioranza/project_1.xpr/project_1/project_1.cache/compile_simlib/xcelium/axis_clock_converter_v1_1_26' (cds.lib command ignored).
DEFINE axi_sideband_util_v1_0_9  /home/miglioranza/project_1.xpr/project_1/project_1.cache/compile_simlib/xcelium/axi_sideband_util_v1_0_9
|
xmvlog: *W,DLCPTH (./cds.lib,69): cds.lib Invalid path '/home/miglioranza/project_1.xpr/project_1/project_1.cache/compile_simlib/xcelium/axi_sideband_util_v1_0_9' (cds.lib command ignored).
DEFINE axi_firewall_v1_2_0  /home/miglioranza/project_1.xpr/project_1/project_1.cache/compile_simlib/xcelium/axi_firewall_v1_2_0
|
xmvlog: *W,DLCPTH (./cds.lib,70): cds.lib Invalid path '/home/miglioranza/project_1.xpr/project_1/project_1.cache/compile_simlib/xcelium/axi_firewall_v1_2_0' (cds.lib command ignored).
DEFINE axi_master_burst_v2_0_7  /home/miglioranza/project_1.xpr/project_1/project_1.cache/compile_simlib/xcelium/axi_master_burst_v2_0_7
|
xmvlog: *W,DLCPTH (./cds.lib,71): cds.lib Invalid path '/home/miglioranza/project_1.xpr/project_1/project_1.cache/compile_simlib/xcelium/axi_master_burst_v2_0_7' (cds.lib command ignored).
DEFINE axi_tft_v2_0_24  /home/miglioranza/project_1.xpr/project_1/project_1.cache/compile_simlib/xcelium/axi_tft_v2_0_24
|
xmvlog: *W,DLCPTH (./cds.lib,72): cds.lib Invalid path '/home/miglioranza/project_1.xpr/project_1/project_1.cache/compile_simlib/xcelium/axi_tft_v2_0_24' (cds.lib command ignored).
DEFINE ernic_v3_1_1  /home/miglioranza/project_1.xpr/project_1/project_1.cache/compile_simlib/xcelium/ernic_v3_1_1
|
xmvlog: *W,DLCPTH (./cds.lib,73): cds.lib Invalid path '/home/miglioranza/project_1.xpr/project_1/project_1.cache/compile_simlib/xcelium/ernic_v3_1_1' (cds.lib command ignored).
DEFINE axi_gpio_v2_0_27  /home/miglioranza/project_1.xpr/project_1/project_1.cache/compile_simlib/xcelium/axi_gpio_v2_0_27
|
xmvlog: *W,DLCPTH (./cds.lib,74): cds.lib Invalid path '/home/miglioranza/project_1.xpr/project_1/project_1.cache/compile_simlib/xcelium/axi_gpio_v2_0_27' (cds.lib command ignored).
DEFINE xsdbs_v1_0_2  /home/miglioranza/project_1.xpr/project_1/project_1.cache/compile_simlib/xcelium/xsdbs_v1_0_2
|
xmvlog: *W,DLCPTH (./cds.lib,75): cds.lib Invalid path '/home/miglioranza/project_1.xpr/project_1/project_1.cache/compile_simlib/xcelium/xsdbs_v1_0_2' (cds.lib command ignored).
DEFINE tcc_encoder_3gpplte_v4_0_16  /home/miglioranza/project_1.xpr/project_1/project_1.cache/compile_simlib/xcelium/tcc_encoder_3gpplte_v4_0_16
|
xmvlog: *W,DLCPTH (./cds.lib,76): cds.lib Invalid path '/home/miglioranza/project_1.xpr/project_1/project_1.cache/compile_simlib/xcelium/tcc_encoder_3gpplte_v4_0_16' (cds.lib command ignored).
DEFINE mailbox_v2_1_15  /home/miglioranza/project_1.xpr/project_1/project_1.cache/compile_simlib/xcelium/mailbox_v2_1_15
|
xmvlog: *W,DLCPTH (./cds.lib,77): cds.lib Invalid path '/home/miglioranza/project_1.xpr/project_1/project_1.cache/compile_simlib/xcelium/mailbox_v2_1_15' (cds.lib command ignored).
DEFINE ats_switch_v1_0_4  /home/miglioranza/project_1.xpr/project_1/project_1.cache/compile_simlib/xcelium/ats_switch_v1_0_4
|
xmvlog: *W,DLCPTH (./cds.lib,78): cds.lib Invalid path '/home/miglioranza/project_1.xpr/project_1/project_1.cache/compile_simlib/xcelium/ats_switch_v1_0_4' (cds.lib command ignored).
DEFINE lte_3gpp_mimo_encoder_v4_0_16  /home/miglioranza/project_1.xpr/project_1/project_1.cache/compile_simlib/xcelium/lte_3gpp_mimo_encoder_v4_0_16
|
xmvlog: *W,DLCPTH (./cds.lib,79): cds.lib Invalid path '/home/miglioranza/project_1.xpr/project_1/project_1.cache/compile_simlib/xcelium/lte_3gpp_mimo_encoder_v4_0_16' (cds.lib command ignored).
DEFINE axi_memory_init_v1_0_6  /home/miglioranza/project_1.xpr/project_1/project_1.cache/compile_simlib/xcelium/axi_memory_init_v1_0_6
|
xmvlog: *W,DLCPTH (./cds.lib,80): cds.lib Invalid path '/home/miglioranza/project_1.xpr/project_1/project_1.cache/compile_simlib/xcelium/axi_memory_init_v1_0_6' (cds.lib command ignored).
DEFINE xdfe_cc_filter_v1_0_1  /home/miglioranza/project_1.xpr/project_1/project_1.cache/compile_simlib/xcelium/xdfe_cc_filter_v1_0_1
|
xmvlog: *W,DLCPTH (./cds.lib,81): cds.lib Invalid path '/home/miglioranza/project_1.xpr/project_1/project_1.cache/compile_simlib/xcelium/xdfe_cc_filter_v1_0_1' (cds.lib command ignored).
DEFINE axi_uartlite_v2_0_29  /home/miglioranza/project_1.xpr/project_1/project_1.cache/compile_simlib/xcelium/axi_uartlite_v2_0_29
|
xmvlog: *W,DLCPTH (./cds.lib,82): cds.lib Invalid path '/home/miglioranza/project_1.xpr/project_1/project_1.cache/compile_simlib/xcelium/axi_uartlite_v2_0_29' (cds.lib command ignored).
DEFINE v_vid_sdi_tx_bridge_v2_0_0  /home/miglioranza/project_1.xpr/project_1/project_1.cache/compile_simlib/xcelium/v_vid_sdi_tx_bridge_v2_0_0
|
xmvlog: *W,DLCPTH (./cds.lib,83): cds.lib Invalid path '/home/miglioranza/project_1.xpr/project_1/project_1.cache/compile_simlib/xcelium/v_vid_sdi_tx_bridge_v2_0_0' (cds.lib command ignored).
DEFINE canfd_v3_0_4  /home/miglioranza/project_1.xpr/project_1/project_1.cache/compile_simlib/xcelium/canfd_v3_0_4
|
xmvlog: *W,DLCPTH (./cds.lib,84): cds.lib Invalid path '/home/miglioranza/project_1.xpr/project_1/project_1.cache/compile_simlib/xcelium/canfd_v3_0_4' (cds.lib command ignored).
DEFINE ieee802d3_200g_rs_fec_v2_0_4  /home/miglioranza/project_1.xpr/project_1/project_1.cache/compile_simlib/xcelium/ieee802d3_200g_rs_fec_v2_0_4
|
xmvlog: *W,DLCPTH (./cds.lib,85): cds.lib Invalid path '/home/miglioranza/project_1.xpr/project_1/project_1.cache/compile_simlib/xcelium/ieee802d3_200g_rs_fec_v2_0_4' (cds.lib command ignored).
DEFINE pr_decoupler_v1_0_10  /home/miglioranza/project_1.xpr/project_1/project_1.cache/compile_simlib/xcelium/pr_decoupler_v1_0_10
|
xmvlog: *W,DLCPTH (./cds.lib,86): cds.lib Invalid path '/home/miglioranza/project_1.xpr/project_1/project_1.cache/compile_simlib/xcelium/pr_decoupler_v1_0_10' (cds.lib command ignored).
DEFINE axi_interconnect_v1_7_19  /home/miglioranza/project_1.xpr/project_1/project_1.cache/compile_simlib/xcelium/axi_interconnect_v1_7_19
|
xmvlog: *W,DLCPTH (./cds.lib,87): cds.lib Invalid path '/home/miglioranza/project_1.xpr/project_1/project_1.cache/compile_simlib/xcelium/axi_interconnect_v1_7_19' (cds.lib command ignored).
DEFINE v_hdmi_tx1_v1_0_2  /home/miglioranza/project_1.xpr/project_1/project_1.cache/compile_simlib/xcelium/v_hdmi_tx1_v1_0_2
|
xmvlog: *W,DLCPTH (./cds.lib,88): cds.lib Invalid path '/home/miglioranza/project_1.xpr/project_1/project_1.cache/compile_simlib/xcelium/v_hdmi_tx1_v1_0_2' (cds.lib command ignored).
DEFINE dfx_bitstream_monitor_v1_0_1  /home/miglioranza/project_1.xpr/project_1/project_1.cache/compile_simlib/xcelium/dfx_bitstream_monitor_v1_0_1
|
xmvlog: *W,DLCPTH (./cds.lib,89): cds.lib Invalid path '/home/miglioranza/project_1.xpr/project_1/project_1.cache/compile_simlib/xcelium/dfx_bitstream_monitor_v1_0_1' (cds.lib command ignored).
DEFINE cic_compiler_v4_0_15  /home/miglioranza/project_1.xpr/project_1/project_1.cache/compile_simlib/xcelium/cic_compiler_v4_0_15
|
xmvlog: *W,DLCPTH (./cds.lib,90): cds.lib Invalid path '/home/miglioranza/project_1.xpr/project_1/project_1.cache/compile_simlib/xcelium/cic_compiler_v4_0_15' (cds.lib command ignored).
DEFINE lte_3gpp_mimo_decoder_v3_0_17  /home/miglioranza/project_1.xpr/project_1/project_1.cache/compile_simlib/xcelium/lte_3gpp_mimo_decoder_v3_0_17
|
xmvlog: *W,DLCPTH (./cds.lib,91): cds.lib Invalid path '/home/miglioranza/project_1.xpr/project_1/project_1.cache/compile_simlib/xcelium/lte_3gpp_mimo_decoder_v3_0_17' (cds.lib command ignored).
DEFINE v_dual_splitter_v1_0_9  /home/miglioranza/project_1.xpr/project_1/project_1.cache/compile_simlib/xcelium/v_dual_splitter_v1_0_9
|
xmvlog: *W,DLCPTH (./cds.lib,92): cds.lib Invalid path '/home/miglioranza/project_1.xpr/project_1/project_1.cache/compile_simlib/xcelium/v_dual_splitter_v1_0_9' (cds.lib command ignored).
DEFINE lte_dl_channel_encoder_v4_0_3  /home/miglioranza/project_1.xpr/project_1/project_1.cache/compile_simlib/xcelium/lte_dl_channel_encoder_v4_0_3
|
xmvlog: *W,DLCPTH (./cds.lib,93): cds.lib Invalid path '/home/miglioranza/project_1.xpr/project_1/project_1.cache/compile_simlib/xcelium/lte_dl_channel_encoder_v4_0_3' (cds.lib command ignored).
DEFINE dft_v4_2_2  /home/miglioranza/project_1.xpr/project_1/project_1.cache/compile_simlib/xcelium/dft_v4_2_2
|
xmvlog: *W,DLCPTH (./cds.lib,94): cds.lib Invalid path '/home/miglioranza/project_1.xpr/project_1/project_1.cache/compile_simlib/xcelium/dft_v4_2_2' (cds.lib command ignored).
DEFINE mdm_v3_2_22  /home/miglioranza/project_1.xpr/project_1/project_1.cache/compile_simlib/xcelium/mdm_v3_2_22
|
xmvlog: *W,DLCPTH (./cds.lib,95): cds.lib Invalid path '/home/miglioranza/project_1.xpr/project_1/project_1.cache/compile_simlib/xcelium/mdm_v3_2_22' (cds.lib command ignored).
DEFINE bs_switch_v1_0_0  /home/miglioranza/project_1.xpr/project_1/project_1.cache/compile_simlib/xcelium/bs_switch_v1_0_0
|
xmvlog: *W,DLCPTH (./cds.lib,96): cds.lib Invalid path '/home/miglioranza/project_1.xpr/project_1/project_1.cache/compile_simlib/xcelium/bs_switch_v1_0_0' (cds.lib command ignored).
DEFINE axi4svideo_bridge_v1_0_13  /home/miglioranza/project_1.xpr/project_1/project_1.cache/compile_simlib/xcelium/axi4svideo_bridge_v1_0_13
|
xmvlog: *W,DLCPTH (./cds.lib,97): cds.lib Invalid path '/home/miglioranza/project_1.xpr/project_1/project_1.cache/compile_simlib/xcelium/axi4svideo_bridge_v1_0_13' (cds.lib command ignored).
DEFINE axis_interconnect_v1_1_19  /home/miglioranza/project_1.xpr/project_1/project_1.cache/compile_simlib/xcelium/axis_interconnect_v1_1_19
|
xmvlog: *W,DLCPTH (./cds.lib,98): cds.lib Invalid path '/home/miglioranza/project_1.xpr/project_1/project_1.cache/compile_simlib/xcelium/axis_interconnect_v1_1_19' (cds.lib command ignored).
DEFINE xdfe_fft_v1_0_1  /home/miglioranza/project_1.xpr/project_1/project_1.cache/compile_simlib/xcelium/xdfe_fft_v1_0_1
|
xmvlog: *W,DLCPTH (./cds.lib,99): cds.lib Invalid path '/home/miglioranza/project_1.xpr/project_1/project_1.cache/compile_simlib/xcelium/xdfe_fft_v1_0_1' (cds.lib command ignored).
DEFINE xdfe_nr_prach_v1_0_1  /home/miglioranza/project_1.xpr/project_1/project_1.cache/compile_simlib/xcelium/xdfe_nr_prach_v1_0_1
|
xmvlog: *W,DLCPTH (./cds.lib,100): cds.lib Invalid path '/home/miglioranza/project_1.xpr/project_1/project_1.cache/compile_simlib/xcelium/xdfe_nr_prach_v1_0_1' (cds.lib command ignored).
DEFINE axis_data_fifo_v1_1_26  /home/miglioranza/project_1.xpr/project_1/project_1.cache/compile_simlib/xcelium/axis_data_fifo_v1_1_26
|
xmvlog: *W,DLCPTH (./cds.lib,101): cds.lib Invalid path '/home/miglioranza/project_1.xpr/project_1/project_1.cache/compile_simlib/xcelium/axis_data_fifo_v1_1_26' (cds.lib command ignored).
DEFINE axis_ila_intf_v1_0_0  /home/miglioranza/project_1.xpr/project_1/project_1.cache/compile_simlib/xcelium/axis_ila_intf_v1_0_0
|
xmvlog: *W,DLCPTH (./cds.lib,102): cds.lib Invalid path '/home/miglioranza/project_1.xpr/project_1/project_1.cache/compile_simlib/xcelium/axis_ila_intf_v1_0_0' (cds.lib command ignored).
DEFINE tmr_sem_v1_0_20  /home/miglioranza/project_1.xpr/project_1/project_1.cache/compile_simlib/xcelium/tmr_sem_v1_0_20
|
xmvlog: *W,DLCPTH (./cds.lib,103): cds.lib Invalid path '/home/miglioranza/project_1.xpr/project_1/project_1.cache/compile_simlib/xcelium/tmr_sem_v1_0_20' (cds.lib command ignored).
DEFINE videoaxi4s_bridge_v1_0_5  /home/miglioranza/project_1.xpr/project_1/project_1.cache/compile_simlib/xcelium/videoaxi4s_bridge_v1_0_5
|
xmvlog: *W,DLCPTH (./cds.lib,104): cds.lib Invalid path '/home/miglioranza/project_1.xpr/project_1/project_1.cache/compile_simlib/xcelium/videoaxi4s_bridge_v1_0_5' (cds.lib command ignored).
DEFINE v_hdmi_rx1_v1_0_2  /home/miglioranza/project_1.xpr/project_1/project_1.cache/compile_simlib/xcelium/v_hdmi_rx1_v1_0_2
|
xmvlog: *W,DLCPTH (./cds.lib,105): cds.lib Invalid path '/home/miglioranza/project_1.xpr/project_1/project_1.cache/compile_simlib/xcelium/v_hdmi_rx1_v1_0_2' (cds.lib command ignored).
DEFINE dbg_intf  /home/miglioranza/project_1.xpr/project_1/project_1.cache/compile_simlib/xcelium/dbg_intf
|
xmvlog: *W,DLCPTH (./cds.lib,106): cds.lib Invalid path '/home/miglioranza/project_1.xpr/project_1/project_1.cache/compile_simlib/xcelium/dbg_intf' (cds.lib command ignored).
file: /ihp/ihpusr/xilinx/vivado2021.2/Vivado/2021.2/data/ip/xilinx/versal_cips_ps_vip_v1_0/hdl/versal_cips_ps_vip_v1_0_vl_rfs.sv
	module versal_cips_ps_vip_v1_0_3.bd_0cac_s00mmu_0
		errors: 0, warnings: 0
	module versal_cips_ps_vip_v1_0_3.bd_0d4c_s00mmu_0
		errors: 0, warnings: 0
	module versal_cips_ps_vip_v1_0_3.bd_0dbc_s00mmu_0
		errors: 0, warnings: 0
	module versal_cips_ps_vip_v1_0_3.bd_cc0d_s00mmu_0
		errors: 0, warnings: 0
	module versal_cips_ps_vip_v1_0_3.bd_ccfd_s00mmu_0
		errors: 0, warnings: 0
	module versal_cips_ps_vip_v1_0_3.bd_cd1d_s00mmu_0
		errors: 0, warnings: 0
	module versal_cips_ps_vip_v1_0_3.bd_cded_s00mmu_0
		errors: 0, warnings: 0
	module versal_cips_ps_vip_v1_0_3.bd_0cac_s00tr_0
		errors: 0, warnings: 0
	module versal_cips_ps_vip_v1_0_3.bd_0d4c_s00tr_0
		errors: 0, warnings: 0
	module versal_cips_ps_vip_v1_0_3.bd_0dbc_s00tr_0
		errors: 0, warnings: 0
	module versal_cips_ps_vip_v1_0_3.bd_cc0d_s00tr_0
		errors: 0, warnings: 0
	module versal_cips_ps_vip_v1_0_3.bd_ccfd_s00tr_0
		errors: 0, warnings: 0
	module versal_cips_ps_vip_v1_0_3.bd_cd1d_s00tr_0
		errors: 0, warnings: 0
	module versal_cips_ps_vip_v1_0_3.bd_cded_s00tr_0
		errors: 0, warnings: 0
	module versal_cips_ps_vip_v1_0_3.bd_0cac_s00sic_0
		errors: 0, warnings: 0
	module versal_cips_ps_vip_v1_0_3.bd_0d4c_s00sic_0
		errors: 0, warnings: 0
	module versal_cips_ps_vip_v1_0_3.bd_0dbc_s00sic_0
		errors: 0, warnings: 0
	module versal_cips_ps_vip_v1_0_3.bd_cc0d_s00sic_0
		errors: 0, warnings: 0
	module versal_cips_ps_vip_v1_0_3.bd_ccfd_s00sic_0
		errors: 0, warnings: 0
	module versal_cips_ps_vip_v1_0_3.bd_cd1d_s00sic_0
		errors: 0, warnings: 0
	module versal_cips_ps_vip_v1_0_3.bd_cded_s00sic_0
		errors: 0, warnings: 0
	module versal_cips_ps_vip_v1_0_3.bd_0cac_s00a2s_0
		errors: 0, warnings: 0
	module versal_cips_ps_vip_v1_0_3.bd_0d4c_s00a2s_0
		errors: 0, warnings: 0
	module versal_cips_ps_vip_v1_0_3.bd_0dbc_s00a2s_0
		errors: 0, warnings: 0
	module versal_cips_ps_vip_v1_0_3.bd_cc0d_s00a2s_0
		errors: 0, warnings: 0
	module versal_cips_ps_vip_v1_0_3.bd_ccfd_s00a2s_0
		errors: 0, warnings: 0
	module versal_cips_ps_vip_v1_0_3.bd_cd1d_s00a2s_0
		errors: 0, warnings: 0
	module versal_cips_ps_vip_v1_0_3.bd_cded_s00a2s_0
		errors: 0, warnings: 0
	module versal_cips_ps_vip_v1_0_3.bd_0cac_sawn_0
		errors: 0, warnings: 0
	module versal_cips_ps_vip_v1_0_3.bd_0d4c_sawn_0
		errors: 0, warnings: 0
	module versal_cips_ps_vip_v1_0_3.bd_0dbc_sawn_0
		errors: 0, warnings: 0
	module versal_cips_ps_vip_v1_0_3.bd_cc0d_sawn_0
		errors: 0, warnings: 0
	module versal_cips_ps_vip_v1_0_3.bd_ccfd_sawn_0
		errors: 0, warnings: 0
	module versal_cips_ps_vip_v1_0_3.bd_cd1d_sawn_0
		errors: 0, warnings: 0
	module versal_cips_ps_vip_v1_0_3.bd_cded_sawn_0
		errors: 0, warnings: 0
	module versal_cips_ps_vip_v1_0_3.bd_0cac_sarn_0
		errors: 0, warnings: 0
	module versal_cips_ps_vip_v1_0_3.bd_0d4c_sarn_0
		errors: 0, warnings: 0
	module versal_cips_ps_vip_v1_0_3.bd_0dbc_sarn_0
		errors: 0, warnings: 0
	module versal_cips_ps_vip_v1_0_3.bd_cc0d_sarn_0
		errors: 0, warnings: 0
	module versal_cips_ps_vip_v1_0_3.bd_ccfd_sarn_0
		errors: 0, warnings: 0
	module versal_cips_ps_vip_v1_0_3.bd_cd1d_sarn_0
		errors: 0, warnings: 0
	module versal_cips_ps_vip_v1_0_3.bd_cded_sarn_0
		errors: 0, warnings: 0
	module versal_cips_ps_vip_v1_0_3.bd_0cac_swn_0
		errors: 0, warnings: 0
	module versal_cips_ps_vip_v1_0_3.bd_0d4c_swn_0
		errors: 0, warnings: 0
	module versal_cips_ps_vip_v1_0_3.bd_0dbc_swn_0
		errors: 0, warnings: 0
	module versal_cips_ps_vip_v1_0_3.bd_cc0d_swn_0
		errors: 0, warnings: 0
	module versal_cips_ps_vip_v1_0_3.bd_ccfd_swn_0
		errors: 0, warnings: 0
	module versal_cips_ps_vip_v1_0_3.bd_cd1d_swn_0
		errors: 0, warnings: 0
	module versal_cips_ps_vip_v1_0_3.bd_cded_swn_0
		errors: 0, warnings: 0
	module versal_cips_ps_vip_v1_0_3.bd_0cac_srn_0
		errors: 0, warnings: 0
	module versal_cips_ps_vip_v1_0_3.bd_0d4c_srn_0
		errors: 0, warnings: 0
	module versal_cips_ps_vip_v1_0_3.bd_0dbc_srn_0
		errors: 0, warnings: 0
	module versal_cips_ps_vip_v1_0_3.bd_cc0d_srn_0
		errors: 0, warnings: 0
	module versal_cips_ps_vip_v1_0_3.bd_ccfd_srn_0
		errors: 0, warnings: 0
	module versal_cips_ps_vip_v1_0_3.bd_cd1d_srn_0
		errors: 0, warnings: 0
	module versal_cips_ps_vip_v1_0_3.bd_cded_srn_0
		errors: 0, warnings: 0
	module versal_cips_ps_vip_v1_0_3.bd_0cac_sbn_0
		errors: 0, warnings: 0
	module versal_cips_ps_vip_v1_0_3.bd_0d4c_sbn_0
		errors: 0, warnings: 0
	module versal_cips_ps_vip_v1_0_3.bd_0dbc_sbn_0
		errors: 0, warnings: 0
	module versal_cips_ps_vip_v1_0_3.bd_cc0d_sbn_0
		errors: 0, warnings: 0
	module versal_cips_ps_vip_v1_0_3.bd_ccfd_sbn_0
		errors: 0, warnings: 0
	module versal_cips_ps_vip_v1_0_3.bd_cd1d_sbn_0
		errors: 0, warnings: 0
	module versal_cips_ps_vip_v1_0_3.bd_cded_sbn_0
		errors: 0, warnings: 0
	module versal_cips_ps_vip_v1_0_3.bd_0dbc_arsw_0
		errors: 0, warnings: 0
	module versal_cips_ps_vip_v1_0_3.bd_0dbc_awsw_0
		errors: 0, warnings: 0
	module versal_cips_ps_vip_v1_0_3.bd_0dbc_bsw_0
		errors: 0, warnings: 0
	module versal_cips_ps_vip_v1_0_3.bd_0dbc_rsw_0
		errors: 0, warnings: 0
	module versal_cips_ps_vip_v1_0_3.bd_0dbc_wsw_0
		errors: 0, warnings: 0
	module versal_cips_ps_vip_v1_0_3.bd_0dbc_m00awn_0
		errors: 0, warnings: 0
	module versal_cips_ps_vip_v1_0_3.bd_0dbc_m01awn_0
		errors: 0, warnings: 0
	module versal_cips_ps_vip_v1_0_3.bd_0dbc_m02awn_0
		errors: 0, warnings: 0
	module versal_cips_ps_vip_v1_0_3.bd_0dbc_m03awn_0
		errors: 0, warnings: 0
	module versal_cips_ps_vip_v1_0_3.bd_0dbc_m04awn_0
		errors: 0, warnings: 0
	module versal_cips_ps_vip_v1_0_3.bd_0dbc_m05awn_0
		errors: 0, warnings: 0
	module versal_cips_ps_vip_v1_0_3.bd_0dbc_m06awn_0
		errors: 0, warnings: 0
	module versal_cips_ps_vip_v1_0_3.bd_0dbc_m07awn_0
		errors: 0, warnings: 0
	module versal_cips_ps_vip_v1_0_3.bd_0dbc_m08awn_0
		errors: 0, warnings: 0
	module versal_cips_ps_vip_v1_0_3.bd_0dbc_m09awn_0
		errors: 0, warnings: 0
	module versal_cips_ps_vip_v1_0_3.bd_0dbc_m10awn_0
		errors: 0, warnings: 0
	module versal_cips_ps_vip_v1_0_3.bd_0dbc_m11awn_0
		errors: 0, warnings: 0
	module versal_cips_ps_vip_v1_0_3.bd_0dbc_m12awn_0
		errors: 0, warnings: 0
	module versal_cips_ps_vip_v1_0_3.bd_0dbc_m13awn_0
		errors: 0, warnings: 0
	module versal_cips_ps_vip_v1_0_3.bd_0dbc_m00arn_0
		errors: 0, warnings: 0
	module versal_cips_ps_vip_v1_0_3.bd_0dbc_m01arn_0
		errors: 0, warnings: 0
	module versal_cips_ps_vip_v1_0_3.bd_0dbc_m02arn_0
		errors: 0, warnings: 0
	module versal_cips_ps_vip_v1_0_3.bd_0dbc_m03arn_0
		errors: 0, warnings: 0
	module versal_cips_ps_vip_v1_0_3.bd_0dbc_m04arn_0
		errors: 0, warnings: 0
	module versal_cips_ps_vip_v1_0_3.bd_0dbc_m05arn_0
		errors: 0, warnings: 0
	module versal_cips_ps_vip_v1_0_3.bd_0dbc_m06arn_0
		errors: 0, warnings: 0
	module versal_cips_ps_vip_v1_0_3.bd_0dbc_m07arn_0
		errors: 0, warnings: 0
	module versal_cips_ps_vip_v1_0_3.bd_0dbc_m08arn_0
		errors: 0, warnings: 0
	module versal_cips_ps_vip_v1_0_3.bd_0dbc_m09arn_0
		errors: 0, warnings: 0
	module versal_cips_ps_vip_v1_0_3.bd_0dbc_m10arn_0
		errors: 0, warnings: 0
	module versal_cips_ps_vip_v1_0_3.bd_0dbc_m11arn_0
		errors: 0, warnings: 0
	module versal_cips_ps_vip_v1_0_3.bd_0dbc_m12arn_0
		errors: 0, warnings: 0
	module versal_cips_ps_vip_v1_0_3.bd_0dbc_m13arn_0
		errors: 0, warnings: 0
	module versal_cips_ps_vip_v1_0_3.bd_0dbc_m00wn_0
		errors: 0, warnings: 0
	module versal_cips_ps_vip_v1_0_3.bd_0dbc_m01wn_0
		errors: 0, warnings: 0
	module versal_cips_ps_vip_v1_0_3.bd_0dbc_m02wn_0
		errors: 0, warnings: 0
	module versal_cips_ps_vip_v1_0_3.bd_0dbc_m03wn_0
		errors: 0, warnings: 0
	module versal_cips_ps_vip_v1_0_3.bd_0dbc_m04wn_0
		errors: 0, warnings: 0
	module versal_cips_ps_vip_v1_0_3.bd_0dbc_m05wn_0
		errors: 0, warnings: 0
	module versal_cips_ps_vip_v1_0_3.bd_0dbc_m06wn_0
		errors: 0, warnings: 0
	module versal_cips_ps_vip_v1_0_3.bd_0dbc_m07wn_0
		errors: 0, warnings: 0
	module versal_cips_ps_vip_v1_0_3.bd_0dbc_m08wn_0
		errors: 0, warnings: 0
	module versal_cips_ps_vip_v1_0_3.bd_0dbc_m09wn_0
		errors: 0, warnings: 0
	module versal_cips_ps_vip_v1_0_3.bd_0dbc_m10wn_0
		errors: 0, warnings: 0
	module versal_cips_ps_vip_v1_0_3.bd_0dbc_m11wn_0
		errors: 0, warnings: 0
	module versal_cips_ps_vip_v1_0_3.bd_0dbc_m12wn_0
		errors: 0, warnings: 0
	module versal_cips_ps_vip_v1_0_3.bd_0dbc_m13wn_0
		errors: 0, warnings: 0
	module versal_cips_ps_vip_v1_0_3.bd_0dbc_m00rn_0
		errors: 0, warnings: 0
	module versal_cips_ps_vip_v1_0_3.bd_0dbc_m01rn_0
		errors: 0, warnings: 0
	module versal_cips_ps_vip_v1_0_3.bd_0dbc_m02rn_0
		errors: 0, warnings: 0
	module versal_cips_ps_vip_v1_0_3.bd_0dbc_m03rn_0
		errors: 0, warnings: 0
	module versal_cips_ps_vip_v1_0_3.bd_0dbc_m04rn_0
		errors: 0, warnings: 0
	module versal_cips_ps_vip_v1_0_3.bd_0dbc_m05rn_0
		errors: 0, warnings: 0
	module versal_cips_ps_vip_v1_0_3.bd_0dbc_m06rn_0
		errors: 0, warnings: 0
	module versal_cips_ps_vip_v1_0_3.bd_0dbc_m07rn_0
		errors: 0, warnings: 0
	module versal_cips_ps_vip_v1_0_3.bd_0dbc_m08rn_0
		errors: 0, warnings: 0
	module versal_cips_ps_vip_v1_0_3.bd_0dbc_m09rn_0
		errors: 0, warnings: 0
	module versal_cips_ps_vip_v1_0_3.bd_0dbc_m10rn_0
		errors: 0, warnings: 0
	module versal_cips_ps_vip_v1_0_3.bd_0dbc_m11rn_0
		errors: 0, warnings: 0
	module versal_cips_ps_vip_v1_0_3.bd_0dbc_m12rn_0
		errors: 0, warnings: 0
	module versal_cips_ps_vip_v1_0_3.bd_0dbc_m13rn_0
		errors: 0, warnings: 0
	module versal_cips_ps_vip_v1_0_3.bd_0dbc_m00bn_0
		errors: 0, warnings: 0
	module versal_cips_ps_vip_v1_0_3.bd_0dbc_m01bn_0
		errors: 0, warnings: 0
	module versal_cips_ps_vip_v1_0_3.bd_0dbc_m02bn_0
		errors: 0, warnings: 0
	module versal_cips_ps_vip_v1_0_3.bd_0dbc_m03bn_0
		errors: 0, warnings: 0
	module versal_cips_ps_vip_v1_0_3.bd_0dbc_m04bn_0
		errors: 0, warnings: 0
	module versal_cips_ps_vip_v1_0_3.bd_0dbc_m05bn_0
		errors: 0, warnings: 0
	module versal_cips_ps_vip_v1_0_3.bd_0dbc_m06bn_0
		errors: 0, warnings: 0
	module versal_cips_ps_vip_v1_0_3.bd_0dbc_m07bn_0
		errors: 0, warnings: 0
	module versal_cips_ps_vip_v1_0_3.bd_0dbc_m08bn_0
		errors: 0, warnings: 0
	module versal_cips_ps_vip_v1_0_3.bd_0dbc_m09bn_0
		errors: 0, warnings: 0
	module versal_cips_ps_vip_v1_0_3.bd_0dbc_m10bn_0
		errors: 0, warnings: 0
	module versal_cips_ps_vip_v1_0_3.bd_0dbc_m11bn_0
		errors: 0, warnings: 0
	module versal_cips_ps_vip_v1_0_3.bd_0dbc_m12bn_0
		errors: 0, warnings: 0
	module versal_cips_ps_vip_v1_0_3.bd_0dbc_m13bn_0
		errors: 0, warnings: 0
	module versal_cips_ps_vip_v1_0_3.bd_0cac_m00s2a_0
		errors: 0, warnings: 0
	module versal_cips_ps_vip_v1_0_3.bd_0d4c_m00s2a_0
		errors: 0, warnings: 0
	module versal_cips_ps_vip_v1_0_3.bd_0dbc_m00s2a_0
		errors: 0, warnings: 0
	module versal_cips_ps_vip_v1_0_3.bd_0dbc_m01s2a_0
		errors: 0, warnings: 0
	module versal_cips_ps_vip_v1_0_3.bd_0dbc_m02s2a_0
		errors: 0, warnings: 0
	module versal_cips_ps_vip_v1_0_3.bd_0dbc_m03s2a_0
		errors: 0, warnings: 0
	module versal_cips_ps_vip_v1_0_3.bd_0dbc_m04s2a_0
		errors: 0, warnings: 0
	module versal_cips_ps_vip_v1_0_3.bd_0dbc_m05s2a_0
		errors: 0, warnings: 0
	module versal_cips_ps_vip_v1_0_3.bd_0dbc_m06s2a_0
		errors: 0, warnings: 0
	module versal_cips_ps_vip_v1_0_3.bd_0dbc_m07s2a_0
		errors: 0, warnings: 0
	module versal_cips_ps_vip_v1_0_3.bd_0dbc_m08s2a_0
		errors: 0, warnings: 0
	module versal_cips_ps_vip_v1_0_3.bd_0dbc_m09s2a_0
		errors: 0, warnings: 0
	module versal_cips_ps_vip_v1_0_3.bd_0dbc_m10s2a_0
		errors: 0, warnings: 0
	module versal_cips_ps_vip_v1_0_3.bd_0dbc_m11s2a_0
		errors: 0, warnings: 0
	module versal_cips_ps_vip_v1_0_3.bd_0dbc_m12s2a_0
		errors: 0, warnings: 0
	module versal_cips_ps_vip_v1_0_3.bd_0dbc_m13s2a_0
		errors: 0, warnings: 0
	module versal_cips_ps_vip_v1_0_3.bd_cc0d_m00s2a_0
		errors: 0, warnings: 0
	module versal_cips_ps_vip_v1_0_3.bd_ccfd_m00s2a_0
		errors: 0, warnings: 0
	module versal_cips_ps_vip_v1_0_3.bd_cd1d_m00s2a_0
		errors: 0, warnings: 0
	module versal_cips_ps_vip_v1_0_3.bd_cded_m00s2a_0
		errors: 0, warnings: 0
	module versal_cips_ps_vip_v1_0_3.bd_0cac_m00e_0
		errors: 0, warnings: 0
	module versal_cips_ps_vip_v1_0_3.bd_0d4c_m00e_0
		errors: 0, warnings: 0
	module versal_cips_ps_vip_v1_0_3.bd_0dbc_m00e_0
		errors: 0, warnings: 0
	module versal_cips_ps_vip_v1_0_3.bd_0dbc_m01e_0
		errors: 0, warnings: 0
	module versal_cips_ps_vip_v1_0_3.bd_0dbc_m02e_0
		errors: 0, warnings: 0
	module versal_cips_ps_vip_v1_0_3.bd_0dbc_m03e_0
		errors: 0, warnings: 0
	module versal_cips_ps_vip_v1_0_3.bd_0dbc_m04e_0
		errors: 0, warnings: 0
	module versal_cips_ps_vip_v1_0_3.bd_0dbc_m05e_0
		errors: 0, warnings: 0
	module versal_cips_ps_vip_v1_0_3.bd_0dbc_m06e_0
		errors: 0, warnings: 0
	module versal_cips_ps_vip_v1_0_3.bd_0dbc_m07e_0
		errors: 0, warnings: 0
	module versal_cips_ps_vip_v1_0_3.bd_0dbc_m08e_0
		errors: 0, warnings: 0
	module versal_cips_ps_vip_v1_0_3.bd_0dbc_m09e_0
		errors: 0, warnings: 0
	module versal_cips_ps_vip_v1_0_3.bd_0dbc_m10e_0
		errors: 0, warnings: 0
	module versal_cips_ps_vip_v1_0_3.bd_0dbc_m11e_0
		errors: 0, warnings: 0
	module versal_cips_ps_vip_v1_0_3.bd_0dbc_m12e_0
		errors: 0, warnings: 0
	module versal_cips_ps_vip_v1_0_3.bd_0dbc_m13e_0
		errors: 0, warnings: 0
	module versal_cips_ps_vip_v1_0_3.bd_cc0d_m00e_0
		errors: 0, warnings: 0
	module versal_cips_ps_vip_v1_0_3.bd_ccfd_m00e_0
		errors: 0, warnings: 0
	module versal_cips_ps_vip_v1_0_3.bd_cd1d_m00e_0
		errors: 0, warnings: 0
	module versal_cips_ps_vip_v1_0_3.bd_cded_m00e_0
		errors: 0, warnings: 0
	module versal_cips_ps_vip_v1_0_3.bd_0cac
		errors: 0, warnings: 0
	module versal_cips_ps_vip_v1_0_3.clk_map_imp_FWO6G6
		errors: 0, warnings: 0
	module versal_cips_ps_vip_v1_0_3.m00_exit_pipeline_imp_1HTNED9
		errors: 0, warnings: 0
	module versal_cips_ps_vip_v1_0_3.s00_entry_pipeline_imp_IJGHVI
		errors: 0, warnings: 0
	module versal_cips_ps_vip_v1_0_3.s00_nodes_imp_O97M1W
		errors: 0, warnings: 0
	module versal_cips_ps_vip_v1_0_3.bd_0d4c
		errors: 0, warnings: 0
	module versal_cips_ps_vip_v1_0_3.clk_map_imp_1XVKIEQ
		errors: 0, warnings: 0
	module versal_cips_ps_vip_v1_0_3.m00_exit_pipeline_imp_YNWMH
		errors: 0, warnings: 0
	module versal_cips_ps_vip_v1_0_3.s00_entry_pipeline_imp_ZLQJMY
		errors: 0, warnings: 0
	module versal_cips_ps_vip_v1_0_3.s00_nodes_imp_15LEI28
		errors: 0, warnings: 0
	module versal_cips_ps_vip_v1_0_3.bd_0dbc
		errors: 0, warnings: 0
	module versal_cips_ps_vip_v1_0_3.clk_map_imp_6FVISG
		errors: 0, warnings: 0
	module versal_cips_ps_vip_v1_0_3.m00_exit_pipeline_imp_1UHAQ7V
		errors: 0, warnings: 0
	module versal_cips_ps_vip_v1_0_3.m00_nodes_imp_1H6LEZB
		errors: 0, warnings: 0
	module versal_cips_ps_vip_v1_0_3.m01_exit_pipeline_imp_1X05AM3
		errors: 0, warnings: 0
	module versal_cips_ps_vip_v1_0_3.m01_nodes_imp_9LZAE9
		errors: 0, warnings: 0
	module versal_cips_ps_vip_v1_0_3.m02_exit_pipeline_imp_1HROFY3
		errors: 0, warnings: 0
	module versal_cips_ps_vip_v1_0_3.m02_nodes_imp_QAIOCA
		errors: 0, warnings: 0
	module versal_cips_ps_vip_v1_0_3.m03_exit_pipeline_imp_1NMDFGB
		errors: 0, warnings: 0
	module versal_cips_ps_vip_v1_0_3.m03_nodes_imp_1IBTZNW
		errors: 0, warnings: 0
	module versal_cips_ps_vip_v1_0_3.m04_exit_pipeline_imp_1DQ62BF
		errors: 0, warnings: 0
	module versal_cips_ps_vip_v1_0_3.m04_nodes_imp_1A258UK
		errors: 0, warnings: 0
	module versal_cips_ps_vip_v1_0_3.m05_exit_pipeline_imp_19ISH6J
		errors: 0, warnings: 0
	module versal_cips_ps_vip_v1_0_3.m05_nodes_imp_GDXY0Q
		errors: 0, warnings: 0
	module versal_cips_ps_vip_v1_0_3.m06_exit_pipeline_imp_17OBFEJ
		errors: 0, warnings: 0
	module versal_cips_ps_vip_v1_0_3.m06_nodes_imp_JTINXD
		errors: 0, warnings: 0
	module versal_cips_ps_vip_v1_0_3.m07_exit_pipeline_imp_12CYR97
		errors: 0, warnings: 0
	module versal_cips_ps_vip_v1_0_3.m07_nodes_imp_1OLC72V
		errors: 0, warnings: 0
	module versal_cips_ps_vip_v1_0_3.m08_exit_pipeline_imp_O3KBI3
		errors: 0, warnings: 0
	module versal_cips_ps_vip_v1_0_3.m08_nodes_imp_1340KDD
		errors: 0, warnings: 0
	module versal_cips_ps_vip_v1_0_3.m09_exit_pipeline_imp_IAQRCR
		errors: 0, warnings: 0
	module versal_cips_ps_vip_v1_0_3.m09_nodes_imp_4ZKAQF
		errors: 0, warnings: 0
	module versal_cips_ps_vip_v1_0_3.m10_exit_pipeline_imp_WFU8RZ
		errors: 0, warnings: 0
	module versal_cips_ps_vip_v1_0_3.m10_nodes_imp_1RBYM7
		errors: 0, warnings: 0
	module versal_cips_ps_vip_v1_0_3.m11_exit_pipeline_imp_ROGENJ
		errors: 0, warnings: 0
	module versal_cips_ps_vip_v1_0_3.m11_nodes_imp_173PQX5
		errors: 0, warnings: 0
	module versal_cips_ps_vip_v1_0_3.m12_exit_pipeline_imp_P69RVZ
		errors: 0, warnings: 0
	module versal_cips_ps_vip_v1_0_3.m12_nodes_imp_1S5NJ9U
		errors: 0, warnings: 0
	module versal_cips_ps_vip_v1_0_3.m13_exit_pipeline_imp_LIV0RZ
		errors: 0, warnings: 0
	module versal_cips_ps_vip_v1_0_3.m13_nodes_imp_XWQCRO
		errors: 0, warnings: 0
	module versal_cips_ps_vip_v1_0_3.s00_entry_pipeline_imp_U5O1TK
		errors: 0, warnings: 0
	module versal_cips_ps_vip_v1_0_3.s00_nodes_imp_XKZS4I
		errors: 0, warnings: 0
	module versal_cips_ps_vip_v1_0_3.switchboards_imp_59QIBA
		errors: 0, warnings: 0
	module versal_cips_ps_vip_v1_0_3.bd_cc0d
		errors: 0, warnings: 0
	module versal_cips_ps_vip_v1_0_3.clk_map_imp_1PD3E58
		errors: 0, warnings: 0
	module versal_cips_ps_vip_v1_0_3.m00_exit_pipeline_imp_AEVB7R
		errors: 0, warnings: 0
	module versal_cips_ps_vip_v1_0_3.s00_entry_pipeline_imp_1A8XJES
		errors: 0, warnings: 0
	module versal_cips_ps_vip_v1_0_3.s00_nodes_imp_1DOVVKU
		errors: 0, warnings: 0
	module versal_cips_ps_vip_v1_0_3.bd_ccfd
		errors: 0, warnings: 0
	module versal_cips_ps_vip_v1_0_3.clk_map_imp_DTAW0E
		errors: 0, warnings: 0
	module versal_cips_ps_vip_v1_0_3.m00_exit_pipeline_imp_1JVQC0L
		errors: 0, warnings: 0
	module versal_cips_ps_vip_v1_0_3.s00_entry_pipeline_imp_KM9RO6
		errors: 0, warnings: 0
	module versal_cips_ps_vip_v1_0_3.s00_nodes_imp_QMK5L8
		errors: 0, warnings: 0
	module versal_cips_ps_vip_v1_0_3.bd_cd1d
		errors: 0, warnings: 0
	module versal_cips_ps_vip_v1_0_3.clk_map_imp_1HOOL20
		errors: 0, warnings: 0
	module versal_cips_ps_vip_v1_0_3.m00_exit_pipeline_imp_G1M5OJ
		errors: 0, warnings: 0
	module versal_cips_ps_vip_v1_0_3.s00_entry_pipeline_imp_1FVO18G
		errors: 0, warnings: 0
	module versal_cips_ps_vip_v1_0_3.s00_nodes_imp_1CMN42I
		errors: 0, warnings: 0
	module versal_cips_ps_vip_v1_0_3.bd_cded
		errors: 0, warnings: 0
	module versal_cips_ps_vip_v1_0_3.clk_map_imp_8SBQ2W
		errors: 0, warnings: 0
	module versal_cips_ps_vip_v1_0_3.m00_exit_pipeline_imp_1S3K64Z
		errors: 0, warnings: 0
	module versal_cips_ps_vip_v1_0_3.s00_entry_pipeline_imp_RSNTW0
		errors: 0, warnings: 0
	module versal_cips_ps_vip_v1_0_3.s00_nodes_imp_VIIT56
		errors: 0, warnings: 0
	module versal_cips_ps_vip_v1_0_3.bd_0cac_one_0
		errors: 0, warnings: 0
	module versal_cips_ps_vip_v1_0_3.bd_0d4c_one_0
		errors: 0, warnings: 0
	module versal_cips_ps_vip_v1_0_3.bd_0dbc_one_0
		errors: 0, warnings: 0
	module versal_cips_ps_vip_v1_0_3.bd_cc0d_one_0
		errors: 0, warnings: 0
	module versal_cips_ps_vip_v1_0_3.bd_ccfd_one_0
		errors: 0, warnings: 0
	module versal_cips_ps_vip_v1_0_3.bd_cd1d_one_0
		errors: 0, warnings: 0
	module versal_cips_ps_vip_v1_0_3.bd_cded_one_0
		errors: 0, warnings: 0
	module versal_cips_ps_vip_v1_0_3.design_2_smartconnect_1_0
		errors: 0, warnings: 0
	module versal_cips_ps_vip_v1_0_3.design_2_smartconnect_2_0
		errors: 0, warnings: 0
	module versal_cips_ps_vip_v1_0_3.design_2_smartconnect_3_0
		errors: 0, warnings: 0
	module versal_cips_ps_vip_v1_0_3.design_2_smartconnect_4_0
		errors: 0, warnings: 0
	module versal_cips_ps_vip_v1_0_3.design_2_smartconnect_5_0
		errors: 0, warnings: 0
	module versal_cips_ps_vip_v1_0_3.design_2_smartconnect_6_0
		errors: 0, warnings: 0
	module versal_cips_ps_vip_v1_0_3.design_2_smartconnect_7_0
		errors: 0, warnings: 0
	module versal_cips_ps_vip_v1_0_3.design_2
		errors: 0, warnings: 0
	module versal_cips_ps_vip_v1_0_3.versal_cips_ps_vip_v1_0_3_reg_map
		errors: 0, warnings: 0
	module versal_cips_ps_vip_v1_0_3.versal_cips_ps_vip_v1_0_3_ocm_mem
		errors: 0, warnings: 0
	module versal_cips_ps_vip_v1_0_3.versal_cips_ps_vip_v1_0_3_regc
		errors: 0, warnings: 0
	module versal_cips_ps_vip_v1_0_3.versal_cips_ps_vip_v1_0_3_ocmc
		errors: 0, warnings: 0
	module versal_cips_ps_vip_v1_0_3.versal_cips_ps_vip_v1_0_3_gen_reset
		errors: 0, warnings: 0
	module versal_cips_ps_vip_v1_0_3.versal_cips_ps_vip_v1_0_3_gen_clock
		errors: 0, warnings: 0
	module versal_cips_ps_vip_v1_0_3.versal_cips_ps_vip_v1_0_3_axi_slave
		errors: 0, warnings: 0
	module versal_cips_ps_vip_v1_0_3.versal_cips_ps_vip_v1_0_3_axi_master
		errors: 0, warnings: 0
	module versal_cips_ps_vip_v1_0_3.versal_cips_ps_vip_cci_address_decode
		errors: 0, warnings: 0
	module versal_cips_ps_vip_v1_0_3.mux_design
		errors: 0, warnings: 0
	module versal_cips_ps_vip_v1_0_3.versal_cips_ps_vip_v1_0_3
		errors: 0, warnings: 0
	Total errors/warnings found outside modules and primitives:
		errors: 0, warnings: 105
