xmvhdl(64): 20.09-s007: (c) Copyright 1995-2020 Cadence Design Systems, Inc.
/ihp/ihpusr/xilinx/vivado2021.2/Vivado/2021.2/data/ip/xilinx/axi_master_burst_v2_0/hdl/axi_master_burst_v2_0_vh_rfs.vhd:
	errors: 0, warnings: 0
AXI_MASTER_BURST_V2_0_7.AXI_MASTER_BURST_WR_DEMUX (entity):
	streams: 13, words: 3027
AXI_MASTER_BURST_V2_0_7.AXI_MASTER_BURST_WR_DEMUX:IMPLEMENTATION (architecture):
	streams: 3, words: 56769
AXI_MASTER_BURST_V2_0_7.AXI_MASTER_BURST_STRB_GEN (entity):
	streams: 11, words: 3001
AXI_MASTER_BURST_V2_0_7.AXI_MASTER_BURST_STRB_GEN:IMPLEMENTATION (architecture):
	streams: 1, words: 11845
AXI_MASTER_BURST_V2_0_7.AXI_MASTER_BURST_RDMUX (entity):
	streams: 13, words: 2955
AXI_MASTER_BURST_V2_0_7.AXI_MASTER_BURST_RDMUX:IMPLEMENTATION (architecture):
	streams: 3, words: 15318
AXI_MASTER_BURST_V2_0_7.AXI_MASTER_BURST_FIFO (entity):
	streams: 22, words: 2425
AXI_MASTER_BURST_V2_0_7.AXI_MASTER_BURST_FIFO:IMP (architecture):
	streams: 2, words: 7116
AXI_MASTER_BURST_V2_0_7.AXI_MASTER_BURST_WR_STATUS_CNTL (entity):
	streams: 39, words: 3774
AXI_MASTER_BURST_V2_0_7.AXI_MASTER_BURST_WR_STATUS_CNTL:IMPLEMENTATION (architecture):
	streams: 5, words: 24461
AXI_MASTER_BURST_V2_0_7.AXI_MASTER_BURST_WRDATA_CNTL (entity):
	streams: 80, words: 12017
AXI_MASTER_BURST_V2_0_7.AXI_MASTER_BURST_WRDATA_CNTL:IMPLEMENTATION (architecture):
	streams: 5, words: 29226
AXI_MASTER_BURST_V2_0_7.AXI_MASTER_BURST_STBS_SET (entity):
	streams: 7, words: 1298
AXI_MASTER_BURST_V2_0_7.AXI_MASTER_BURST_STBS_SET:IMPLEMENTATION (architecture):
	streams: 3, words: 10322
AXI_MASTER_BURST_V2_0_7.AXI_MASTER_BURST_SKID_BUF (entity):
	streams: 20, words: 3877
AXI_MASTER_BURST_V2_0_7.AXI_MASTER_BURST_SKID_BUF:IMPLEMENTATION (architecture):
	streams: 1, words: 8498
AXI_MASTER_BURST_V2_0_7.AXI_MASTER_BURST_SKID2MM_BUF (entity):
	streams: 25, words: 4938
AXI_MASTER_BURST_V2_0_7.AXI_MASTER_BURST_SKID2MM_BUF:IMPLEMENTATION (architecture):
	streams: 2, words: 11475
AXI_MASTER_BURST_V2_0_7.AXI_MASTER_BURST_RD_STATUS_CNTL (entity):
	streams: 23, words: 2142
AXI_MASTER_BURST_V2_0_7.AXI_MASTER_BURST_RD_STATUS_CNTL:IMPLEMENTATION (architecture):
	streams: 1, words: 3818
AXI_MASTER_BURST_V2_0_7.AXI_MASTER_BURST_RDDATA_CNTL (entity):
	streams: 77, words: 12521
AXI_MASTER_BURST_V2_0_7.AXI_MASTER_BURST_RDDATA_CNTL:IMPLEMENTATION (architecture):
	streams: 4, words: 26573
AXI_MASTER_BURST_V2_0_7.AXI_MASTER_BURST_PCC (entity):
	streams: 74, words: 13834
AXI_MASTER_BURST_V2_0_7.AXI_MASTER_BURST_PCC:IMPLEMENTATION (architecture):
	streams: 7, words: 48030
AXI_MASTER_BURST_V2_0_7.AXI_MASTER_BURST_FIRST_STB_OFFSET (entity):
	streams: 9, words: 1991
AXI_MASTER_BURST_V2_0_7.AXI_MASTER_BURST_FIRST_STB_OFFSET:IMPLEMENTATION (architecture):
	streams: 4, words: 15306
AXI_MASTER_BURST_V2_0_7.AXI_MASTER_BURST_ADDR_CNTL (entity):
	streams: 53, words: 6303
AXI_MASTER_BURST_V2_0_7.AXI_MASTER_BURST_ADDR_CNTL:IMPLEMENTATION (architecture):
	streams: 2, words: 11996
AXI_MASTER_BURST_V2_0_7.AXI_MASTER_BURST_WR_LLINK (entity):
	streams: 28, words: 3944
AXI_MASTER_BURST_V2_0_7.AXI_MASTER_BURST_WR_LLINK:IMPLEMENTATION (architecture):
	streams: 1, words: 1353
AXI_MASTER_BURST_V2_0_7.AXI_MASTER_BURST_RESET (entity):
	streams: 7, words: 111
AXI_MASTER_BURST_V2_0_7.AXI_MASTER_BURST_RESET:IMPLEMENTATION (architecture):
	streams: 1, words: 2164
AXI_MASTER_BURST_V2_0_7.AXI_MASTER_BURST_RD_WR_CNTLR (entity):
	streams: 111, words: 17359
AXI_MASTER_BURST_V2_0_7.AXI_MASTER_BURST_RD_WR_CNTLR:IMPLEMENTATION (architecture):
	streams: 13, words: 86809
AXI_MASTER_BURST_V2_0_7.AXI_MASTER_BURST_RD_LLINK (entity):
	streams: 28, words: 3944
AXI_MASTER_BURST_V2_0_7.AXI_MASTER_BURST_RD_LLINK:IMPLEMENTATION (architecture):
	streams: 1, words: 1353
AXI_MASTER_BURST_V2_0_7.AXI_MASTER_BURST_CMD_STATUS (entity):
	streams: 47, words: 6260
AXI_MASTER_BURST_V2_0_7.AXI_MASTER_BURST_CMD_STATUS:IMPLEMENTATION (architecture):
	streams: 4, words: 19307
AXI_MASTER_BURST_V2_0_7.AXI_MASTER_BURST (entity):
	streams: 99, words: 15245
AXI_MASTER_BURST_V2_0_7.AXI_MASTER_BURST:IMPLEMENTATION (architecture):
	streams: 6, words: 40209
